  _______   _                      ____                          _   
 |__   __| (_)                    |  _ \                        | |  
    | |     _   _ __ ___     ___  | |_) |   ___     ___    ___  | |_ 
    | |    | | | '_ ` _ \   / _ \ |  _ <   / _ \   / _ \  / __| | __|
    | |    | | | | | | | | |  __/ | |_) | | (_) | | (_) | \__ \ | |_ 
    |_|    |_| |_| |_| |_|  \___| |____/   \___/   \___/  |___/  \__|
                                                                     
Teams members : Dimitrios Mangiras, Apostolos Stefanidis
Advisor    : Georgios Dimitrakopoulos
University    : Electrical and Computer Engineering of Democritus University of Thrace in Xanthi, Greece

tau file: matrix_mult_slow/matrix_mult_slow.tau2019
sdc file: matrix_mult_slow/matrix_mult_slow.sdc
output verilog file: matrix_mult_slow/results/matrix_mult_slow.out.v
output spef file: matrix_mult_slow/results/matrix_mult_slow.out.spef
output file: matrix_mult_slow/results/matrix_mult_slow.output
verilog file: matrix_mult_slow.v
spef file: matrix_mult_slow.spef
lib file 0: ../libs/contest.lib
Design name: matrix_mult_slow
Path name: matrix_mult_slow/

Parsing LIB file [matrix_mult_slow/../libs/contest.lib][+] 
[+]  Done (runtime: 0.069731 seconds memory: +23 MB)
Parsed lib 0
Parsing VERILOG file [matrix_mult_slow/matrix_mult_slow.v][+] 
[+]  Done (runtime: 0.808244 seconds memory: +70 MB)
Parsing SDC file [matrix_mult_slow/matrix_mult_slow.sdc][+] 
[+]  Done (runtime: 0.013939 seconds memory: +1 MB)
Parsed SDC file successfully
Parsing SPEF file [matrix_mult_slow/matrix_mult_slow.spef][+] 
[+]  Done (runtime: 1e-05 seconds memory: +0 MB)
Parsed SPEF file successfully
[+] Initializing Scenario service
[+] Initializing Scenario service Done (runtime: 0.023692 seconds memory: +7 MB)
[+] Initializing RoutingEstimator service
[+] Initializing RoutingEstimator service Done (runtime: 0.002301 seconds memory: +0 MB)
[+] Initializing Timer service
[+] Initializing Timer service Done (runtime: 0.043504 seconds memory: +102 MB)
[+] Initializing Scenario Vector service
[+] Initializing Scenario Vector service Done (runtime: 0.015332 seconds memory: +8 MB)
[+] Initializing Timer Vector service
[+] Initializing Timer Vector service Done (runtime: 0.042931 seconds memory: +102 MB)
[+] Initializing Model Vector service
[+] Initializing Model Vector service Done (runtime: 4e-06 seconds memory: +0 MB)
[+] Initializing Model service
[+] Initializing Model service Done (runtime: 1e-06 seconds memory: +0 MB)
[+] Building RCTree from SPEF file
[+] Building RCTree from SPEF file Done (runtime: 3e-06 seconds memory: +0 MB)
Started: Fri Mar 22 06:35:02 2024

BEGIN_ECO
insert_gate TIMEBOOST_cell_6766 in01f04
insert_net TIMEBOOST_net_1155
disconnect_pin FE_OFC11312_n_73355:o
connect_pin FE_OFC11312_n_73355:o TIMEBOOST_net_1155
connect_pin TIMEBOOST_cell_6766:a TIMEBOOST_net_1155
connect_pin TIMEBOOST_cell_6766:o FE_OFN11312_n_73355
insert_gate TIMEBOOST_cell_6767 in01f04
insert_net TIMEBOOST_net_1156
disconnect_pin FE_OFC11312_n_73355:o
connect_pin FE_OFC11312_n_73355:o TIMEBOOST_net_1156
connect_pin TIMEBOOST_cell_6767:a TIMEBOOST_net_1156
connect_pin TIMEBOOST_cell_6767:o TIMEBOOST_net_1155
insert_gate TIMEBOOST_cell_11388 in01s03
insert_net TIMEBOOST_net_2529
disconnect_pin rst
connect_pin rst TIMEBOOST_net_2529
connect_pin TIMEBOOST_cell_11388:a TIMEBOOST_net_2529
connect_pin TIMEBOOST_cell_11388:o rst
insert_gate TIMEBOOST_cell_11389 in01s03
insert_net TIMEBOOST_net_2530
disconnect_pin rst
connect_pin rst TIMEBOOST_net_2530
connect_pin TIMEBOOST_cell_11389:a TIMEBOOST_net_2530
connect_pin TIMEBOOST_cell_11389:o TIMEBOOST_net_2529
insert_gate TIMEBOOST_cell_11390 in01s03
insert_net TIMEBOOST_net_2531
disconnect_pin rst
connect_pin rst TIMEBOOST_net_2531
connect_pin TIMEBOOST_cell_11390:a TIMEBOOST_net_2531
connect_pin TIMEBOOST_cell_11390:o TIMEBOOST_net_2530
insert_gate TIMEBOOST_cell_11391 in01s03
insert_net TIMEBOOST_net_2532
disconnect_pin rst
connect_pin rst TIMEBOOST_net_2532
connect_pin TIMEBOOST_cell_11391:a TIMEBOOST_net_2532
connect_pin TIMEBOOST_cell_11391:o TIMEBOOST_net_2531
insert_gate TIMEBOOST_cell_11392 in01s01
insert_net TIMEBOOST_net_2533
disconnect_pin b_2_8_15
connect_pin b_2_8_15 TIMEBOOST_net_2533
connect_pin TIMEBOOST_cell_11392:a TIMEBOOST_net_2533
connect_pin TIMEBOOST_cell_11392:o b_2_8_15
insert_gate TIMEBOOST_cell_11393 in01s01
insert_net TIMEBOOST_net_2534
disconnect_pin b_2_8_15
connect_pin b_2_8_15 TIMEBOOST_net_2534
connect_pin TIMEBOOST_cell_11393:a TIMEBOOST_net_2534
connect_pin TIMEBOOST_cell_11393:o TIMEBOOST_net_2533
insert_gate TIMEBOOST_cell_11394 in01s01
insert_net TIMEBOOST_net_2535
disconnect_pin b_2_4_15
connect_pin b_2_4_15 TIMEBOOST_net_2535
connect_pin TIMEBOOST_cell_11394:a TIMEBOOST_net_2535
connect_pin TIMEBOOST_cell_11394:o b_2_4_15
insert_gate TIMEBOOST_cell_11395 in01s01
insert_net TIMEBOOST_net_2536
disconnect_pin b_2_4_15
connect_pin b_2_4_15 TIMEBOOST_net_2536
connect_pin TIMEBOOST_cell_11395:a TIMEBOOST_net_2536
connect_pin TIMEBOOST_cell_11395:o TIMEBOOST_net_2535
insert_gate TIMEBOOST_cell_11396 in01s01
insert_net TIMEBOOST_net_2537
disconnect_pin b_2_4_15
connect_pin b_2_4_15 TIMEBOOST_net_2537
connect_pin TIMEBOOST_cell_11396:a TIMEBOOST_net_2537
connect_pin TIMEBOOST_cell_11396:o TIMEBOOST_net_2536
insert_gate TIMEBOOST_cell_11397 in01s01
insert_net TIMEBOOST_net_2538
disconnect_pin b_2_4_15
connect_pin b_2_4_15 TIMEBOOST_net_2538
connect_pin TIMEBOOST_cell_11397:a TIMEBOOST_net_2538
connect_pin TIMEBOOST_cell_11397:o TIMEBOOST_net_2537
insert_gate TIMEBOOST_cell_11398 in01s03
insert_net TIMEBOOST_net_2539
disconnect_pin g1045859:b
connect_pin g1045859:b TIMEBOOST_net_2539
connect_pin TIMEBOOST_cell_11398:a b_2_4_8
connect_pin TIMEBOOST_cell_11398:o TIMEBOOST_net_2539
insert_gate TIMEBOOST_cell_11399 in01s03
insert_net TIMEBOOST_net_2540
disconnect_pin g1045859:b
connect_pin g1045859:b TIMEBOOST_net_2540
connect_pin TIMEBOOST_cell_11399:a TIMEBOOST_net_2539
connect_pin TIMEBOOST_cell_11399:o TIMEBOOST_net_2540
insert_gate TIMEBOOST_cell_11400 in01s02
insert_net TIMEBOOST_net_2541
disconnect_pin g1122233:b
connect_pin g1122233:b TIMEBOOST_net_2541
connect_pin TIMEBOOST_cell_11400:a b_7_6_7
connect_pin TIMEBOOST_cell_11400:o TIMEBOOST_net_2541
insert_gate TIMEBOOST_cell_11401 in01s02
insert_net TIMEBOOST_net_2542
disconnect_pin g1122233:b
connect_pin g1122233:b TIMEBOOST_net_2542
connect_pin TIMEBOOST_cell_11401:a TIMEBOOST_net_2541
connect_pin TIMEBOOST_cell_11401:o TIMEBOOST_net_2542
insert_gate TIMEBOOST_cell_11402 in01s02
insert_net TIMEBOOST_net_2543
disconnect_pin g1046876:b
connect_pin g1046876:b TIMEBOOST_net_2543
connect_pin TIMEBOOST_cell_11402:a b_6_4_7
connect_pin TIMEBOOST_cell_11402:o TIMEBOOST_net_2543
insert_gate TIMEBOOST_cell_11403 in01s02
insert_net TIMEBOOST_net_2544
disconnect_pin g1046876:b
connect_pin g1046876:b TIMEBOOST_net_2544
connect_pin TIMEBOOST_cell_11403:a TIMEBOOST_net_2543
connect_pin TIMEBOOST_cell_11403:o TIMEBOOST_net_2544
insert_gate TIMEBOOST_cell_11404 in01s02
insert_net TIMEBOOST_net_2545
disconnect_pin g1046876:b
connect_pin g1046876:b TIMEBOOST_net_2545
connect_pin TIMEBOOST_cell_11404:a TIMEBOOST_net_2544
connect_pin TIMEBOOST_cell_11404:o TIMEBOOST_net_2545
insert_gate TIMEBOOST_cell_11405 in01s02
insert_net TIMEBOOST_net_2546
disconnect_pin g1046876:b
connect_pin g1046876:b TIMEBOOST_net_2546
connect_pin TIMEBOOST_cell_11405:a TIMEBOOST_net_2545
connect_pin TIMEBOOST_cell_11405:o TIMEBOOST_net_2546
insert_gate TIMEBOOST_cell_11406 in01s01
insert_net TIMEBOOST_net_2547
disconnect_pin g1046309:b
connect_pin g1046309:b TIMEBOOST_net_2547
connect_pin TIMEBOOST_cell_11406:a b_2_4_7
connect_pin TIMEBOOST_cell_11406:o TIMEBOOST_net_2547
insert_gate TIMEBOOST_cell_11407 in01s01
insert_net TIMEBOOST_net_2548
disconnect_pin g1046309:b
connect_pin g1046309:b TIMEBOOST_net_2548
connect_pin TIMEBOOST_cell_11407:a TIMEBOOST_net_2547
connect_pin TIMEBOOST_cell_11407:o TIMEBOOST_net_2548
insert_gate TIMEBOOST_cell_11408 in01s01
insert_net TIMEBOOST_net_2549
disconnect_pin b_2_7_15
connect_pin b_2_7_15 TIMEBOOST_net_2549
connect_pin TIMEBOOST_cell_11408:a TIMEBOOST_net_2549
connect_pin TIMEBOOST_cell_11408:o b_2_7_15
insert_gate TIMEBOOST_cell_11409 in01s01
insert_net TIMEBOOST_net_2550
disconnect_pin b_2_7_15
connect_pin b_2_7_15 TIMEBOOST_net_2550
connect_pin TIMEBOOST_cell_11409:a TIMEBOOST_net_2550
connect_pin TIMEBOOST_cell_11409:o TIMEBOOST_net_2549
insert_gate TIMEBOOST_cell_11410 in01s01
insert_net TIMEBOOST_net_2551
disconnect_pin b_2_7_15
connect_pin b_2_7_15 TIMEBOOST_net_2551
connect_pin TIMEBOOST_cell_11410:a TIMEBOOST_net_2551
connect_pin TIMEBOOST_cell_11410:o TIMEBOOST_net_2550
insert_gate TIMEBOOST_cell_11411 in01s01
insert_net TIMEBOOST_net_2552
disconnect_pin b_2_7_15
connect_pin b_2_7_15 TIMEBOOST_net_2552
connect_pin TIMEBOOST_cell_11411:a TIMEBOOST_net_2552
connect_pin TIMEBOOST_cell_11411:o TIMEBOOST_net_2551
insert_gate TIMEBOOST_cell_11412 in01s01
insert_net TIMEBOOST_net_2553
disconnect_pin b_2_0_15
connect_pin b_2_0_15 TIMEBOOST_net_2553
connect_pin TIMEBOOST_cell_11412:a TIMEBOOST_net_2553
connect_pin TIMEBOOST_cell_11412:o b_2_0_15
insert_gate TIMEBOOST_cell_11413 in01s01
insert_net TIMEBOOST_net_2554
disconnect_pin b_2_0_15
connect_pin b_2_0_15 TIMEBOOST_net_2554
connect_pin TIMEBOOST_cell_11413:a TIMEBOOST_net_2554
connect_pin TIMEBOOST_cell_11413:o TIMEBOOST_net_2553
insert_gate TIMEBOOST_cell_11414 in01s01
insert_net TIMEBOOST_net_2555
disconnect_pin b_2_1_15
connect_pin b_2_1_15 TIMEBOOST_net_2555
connect_pin TIMEBOOST_cell_11414:a TIMEBOOST_net_2555
connect_pin TIMEBOOST_cell_11414:o b_2_1_15
insert_gate TIMEBOOST_cell_11415 in01s01
insert_net TIMEBOOST_net_2556
disconnect_pin b_2_1_15
connect_pin b_2_1_15 TIMEBOOST_net_2556
connect_pin TIMEBOOST_cell_11415:a TIMEBOOST_net_2556
connect_pin TIMEBOOST_cell_11415:o TIMEBOOST_net_2555
insert_gate TIMEBOOST_cell_11416 in01s01
insert_net TIMEBOOST_net_2557
disconnect_pin b_2_1_15
connect_pin b_2_1_15 TIMEBOOST_net_2557
connect_pin TIMEBOOST_cell_11416:a TIMEBOOST_net_2557
connect_pin TIMEBOOST_cell_11416:o TIMEBOOST_net_2556
insert_gate TIMEBOOST_cell_11417 in01s01
insert_net TIMEBOOST_net_2558
disconnect_pin b_2_1_15
connect_pin b_2_1_15 TIMEBOOST_net_2558
connect_pin TIMEBOOST_cell_11417:a TIMEBOOST_net_2558
connect_pin TIMEBOOST_cell_11417:o TIMEBOOST_net_2557
insert_gate TIMEBOOST_cell_11418 in01s01
insert_net TIMEBOOST_net_2559
disconnect_pin g1043012:b
connect_pin g1043012:b TIMEBOOST_net_2559
connect_pin TIMEBOOST_cell_11418:a b_2_9_0
connect_pin TIMEBOOST_cell_11418:o TIMEBOOST_net_2559
insert_gate TIMEBOOST_cell_11419 in01s01
insert_net TIMEBOOST_net_2560
disconnect_pin g1043012:b
connect_pin g1043012:b TIMEBOOST_net_2560
connect_pin TIMEBOOST_cell_11419:a TIMEBOOST_net_2559
connect_pin TIMEBOOST_cell_11419:o TIMEBOOST_net_2560
insert_gate TIMEBOOST_cell_11420 in01s01
insert_net TIMEBOOST_net_2561
disconnect_pin g1046689:b
connect_pin g1046689:b TIMEBOOST_net_2561
connect_pin TIMEBOOST_cell_11420:a b_2_4_5
connect_pin TIMEBOOST_cell_11420:o TIMEBOOST_net_2561
insert_gate TIMEBOOST_cell_11421 in01s01
insert_net TIMEBOOST_net_2562
disconnect_pin g1046689:b
connect_pin g1046689:b TIMEBOOST_net_2562
connect_pin TIMEBOOST_cell_11421:a TIMEBOOST_net_2561
connect_pin TIMEBOOST_cell_11421:o TIMEBOOST_net_2562
insert_gate TIMEBOOST_cell_11422 in01s01
insert_net TIMEBOOST_net_2563
disconnect_pin g1046689:b
connect_pin g1046689:b TIMEBOOST_net_2563
connect_pin TIMEBOOST_cell_11422:a TIMEBOOST_net_2562
connect_pin TIMEBOOST_cell_11422:o TIMEBOOST_net_2563
insert_gate TIMEBOOST_cell_11423 in01s01
insert_net TIMEBOOST_net_2564
disconnect_pin g1046689:b
connect_pin g1046689:b TIMEBOOST_net_2564
connect_pin TIMEBOOST_cell_11423:a TIMEBOOST_net_2563
connect_pin TIMEBOOST_cell_11423:o TIMEBOOST_net_2564
insert_gate TIMEBOOST_cell_11424 in01s02
insert_net TIMEBOOST_net_2565
disconnect_pin FE_RC_5447_0:c
connect_pin FE_RC_5447_0:c TIMEBOOST_net_2565
connect_pin TIMEBOOST_cell_11424:a n_27935
connect_pin TIMEBOOST_cell_11424:o TIMEBOOST_net_2565
insert_gate TIMEBOOST_cell_11425 in01s02
insert_net TIMEBOOST_net_2566
disconnect_pin FE_RC_5447_0:c
connect_pin FE_RC_5447_0:c TIMEBOOST_net_2566
connect_pin TIMEBOOST_cell_11425:a TIMEBOOST_net_2565
connect_pin TIMEBOOST_cell_11425:o TIMEBOOST_net_2566
insert_gate TIMEBOOST_cell_11426 in01s01
insert_net TIMEBOOST_net_2567
disconnect_pin delay_switch_ln34_0_unr0_unr0_stage2_stallmux_q_reg_15_:o
connect_pin delay_switch_ln34_0_unr0_unr0_stage2_stallmux_q_reg_15_:o TIMEBOOST_net_2567
connect_pin TIMEBOOST_cell_11426:a TIMEBOOST_net_2567
connect_pin TIMEBOOST_cell_11426:o delay_switch_ln34_0_unr0_unr0_stage2_stallmux_q_15_
insert_gate TIMEBOOST_cell_11427 in01s01
insert_net TIMEBOOST_net_2568
disconnect_pin delay_switch_ln34_0_unr0_unr0_stage2_stallmux_q_reg_15_:o
connect_pin delay_switch_ln34_0_unr0_unr0_stage2_stallmux_q_reg_15_:o TIMEBOOST_net_2568
connect_pin TIMEBOOST_cell_11427:a TIMEBOOST_net_2568
connect_pin TIMEBOOST_cell_11427:o TIMEBOOST_net_2567
insert_gate TIMEBOOST_cell_11428 in01s01
insert_net TIMEBOOST_net_2569
disconnect_pin g1048975:a
connect_pin g1048975:a TIMEBOOST_net_2569
connect_pin TIMEBOOST_cell_11428:a b_6_4_3
connect_pin TIMEBOOST_cell_11428:o TIMEBOOST_net_2569
insert_gate TIMEBOOST_cell_11429 in01s01
insert_net TIMEBOOST_net_2570
disconnect_pin g1048975:a
connect_pin g1048975:a TIMEBOOST_net_2570
connect_pin TIMEBOOST_cell_11429:a TIMEBOOST_net_2569
connect_pin TIMEBOOST_cell_11429:o TIMEBOOST_net_2570
insert_gate TIMEBOOST_cell_11430 in01s01
insert_net TIMEBOOST_net_2571
disconnect_pin g1045566:b
connect_pin g1045566:b TIMEBOOST_net_2571
connect_pin TIMEBOOST_cell_11430:a b_2_4_8
connect_pin TIMEBOOST_cell_11430:o TIMEBOOST_net_2571
insert_gate TIMEBOOST_cell_11431 in01s01
insert_net TIMEBOOST_net_2572
disconnect_pin g1045566:b
connect_pin g1045566:b TIMEBOOST_net_2572
connect_pin TIMEBOOST_cell_11431:a TIMEBOOST_net_2571
connect_pin TIMEBOOST_cell_11431:o TIMEBOOST_net_2572
insert_gate TIMEBOOST_cell_11432 in01s01
insert_net TIMEBOOST_net_2573
disconnect_pin g1049280:a
connect_pin g1049280:a TIMEBOOST_net_2573
connect_pin TIMEBOOST_cell_11432:a b_2_4_3
connect_pin TIMEBOOST_cell_11432:o TIMEBOOST_net_2573
insert_gate TIMEBOOST_cell_11433 in01s01
insert_net TIMEBOOST_net_2574
disconnect_pin g1049280:a
connect_pin g1049280:a TIMEBOOST_net_2574
connect_pin TIMEBOOST_cell_11433:a TIMEBOOST_net_2573
connect_pin TIMEBOOST_cell_11433:o TIMEBOOST_net_2574
insert_gate TIMEBOOST_cell_11434 in01s01
insert_net TIMEBOOST_net_2575
disconnect_pin g1044473:b
connect_pin g1044473:b TIMEBOOST_net_2575
connect_pin TIMEBOOST_cell_11434:a b_2_4_11
connect_pin TIMEBOOST_cell_11434:o TIMEBOOST_net_2575
insert_gate TIMEBOOST_cell_11435 in01s01
insert_net TIMEBOOST_net_2576
disconnect_pin g1044473:b
connect_pin g1044473:b TIMEBOOST_net_2576
connect_pin TIMEBOOST_cell_11435:a TIMEBOOST_net_2575
connect_pin TIMEBOOST_cell_11435:o TIMEBOOST_net_2576
insert_gate TIMEBOOST_cell_11436 in01s01
insert_net TIMEBOOST_net_2577
disconnect_pin g1044473:b
connect_pin g1044473:b TIMEBOOST_net_2577
connect_pin TIMEBOOST_cell_11436:a TIMEBOOST_net_2576
connect_pin TIMEBOOST_cell_11436:o TIMEBOOST_net_2577
insert_gate TIMEBOOST_cell_11437 in01s01
insert_net TIMEBOOST_net_2578
disconnect_pin g1044473:b
connect_pin g1044473:b TIMEBOOST_net_2578
connect_pin TIMEBOOST_cell_11437:a TIMEBOOST_net_2577
connect_pin TIMEBOOST_cell_11437:o TIMEBOOST_net_2578
insert_gate TIMEBOOST_cell_11438 in01s01
insert_net TIMEBOOST_net_2579
disconnect_pin g1044041:b
connect_pin g1044041:b TIMEBOOST_net_2579
connect_pin TIMEBOOST_cell_11438:a b_2_4_12
connect_pin TIMEBOOST_cell_11438:o TIMEBOOST_net_2579
insert_gate TIMEBOOST_cell_11439 in01s01
insert_net TIMEBOOST_net_2580
disconnect_pin g1044041:b
connect_pin g1044041:b TIMEBOOST_net_2580
connect_pin TIMEBOOST_cell_11439:a TIMEBOOST_net_2579
connect_pin TIMEBOOST_cell_11439:o TIMEBOOST_net_2580
insert_gate TIMEBOOST_cell_11440 in01s01
insert_net TIMEBOOST_net_2581
disconnect_pin g1044041:b
connect_pin g1044041:b TIMEBOOST_net_2581
connect_pin TIMEBOOST_cell_11440:a TIMEBOOST_net_2580
connect_pin TIMEBOOST_cell_11440:o TIMEBOOST_net_2581
insert_gate TIMEBOOST_cell_11441 in01s01
insert_net TIMEBOOST_net_2582
disconnect_pin g1044041:b
connect_pin g1044041:b TIMEBOOST_net_2582
connect_pin TIMEBOOST_cell_11441:a TIMEBOOST_net_2581
connect_pin TIMEBOOST_cell_11441:o TIMEBOOST_net_2582
insert_gate TIMEBOOST_cell_11442 in01s01
insert_net TIMEBOOST_net_2583
disconnect_pin g1043975:b
connect_pin g1043975:b TIMEBOOST_net_2583
connect_pin TIMEBOOST_cell_11442:a b_2_4_14
connect_pin TIMEBOOST_cell_11442:o TIMEBOOST_net_2583
insert_gate TIMEBOOST_cell_11443 in01s01
insert_net TIMEBOOST_net_2584
disconnect_pin g1043975:b
connect_pin g1043975:b TIMEBOOST_net_2584
connect_pin TIMEBOOST_cell_11443:a TIMEBOOST_net_2583
connect_pin TIMEBOOST_cell_11443:o TIMEBOOST_net_2584
insert_gate TIMEBOOST_cell_11444 in01s01
insert_net TIMEBOOST_net_2585
disconnect_pin g1043975:b
connect_pin g1043975:b TIMEBOOST_net_2585
connect_pin TIMEBOOST_cell_11444:a TIMEBOOST_net_2584
connect_pin TIMEBOOST_cell_11444:o TIMEBOOST_net_2585
insert_gate TIMEBOOST_cell_11445 in01s01
insert_net TIMEBOOST_net_2586
disconnect_pin g1043975:b
connect_pin g1043975:b TIMEBOOST_net_2586
connect_pin TIMEBOOST_cell_11445:a TIMEBOOST_net_2585
connect_pin TIMEBOOST_cell_11445:o TIMEBOOST_net_2586
insert_gate TIMEBOOST_cell_11446 in01s01
insert_net TIMEBOOST_net_2587
disconnect_pin g1042357:b
connect_pin g1042357:b TIMEBOOST_net_2587
connect_pin TIMEBOOST_cell_11446:a b_2_4_13
connect_pin TIMEBOOST_cell_11446:o TIMEBOOST_net_2587
insert_gate TIMEBOOST_cell_11447 in01s01
insert_net TIMEBOOST_net_2588
disconnect_pin g1042357:b
connect_pin g1042357:b TIMEBOOST_net_2588
connect_pin TIMEBOOST_cell_11447:a TIMEBOOST_net_2587
connect_pin TIMEBOOST_cell_11447:o TIMEBOOST_net_2588
insert_gate TIMEBOOST_cell_11448 in01s01
insert_net TIMEBOOST_net_2589
disconnect_pin g1042357:b
connect_pin g1042357:b TIMEBOOST_net_2589
connect_pin TIMEBOOST_cell_11448:a TIMEBOOST_net_2588
connect_pin TIMEBOOST_cell_11448:o TIMEBOOST_net_2589
insert_gate TIMEBOOST_cell_11449 in01s01
insert_net TIMEBOOST_net_2590
disconnect_pin g1042357:b
connect_pin g1042357:b TIMEBOOST_net_2590
connect_pin TIMEBOOST_cell_11449:a TIMEBOOST_net_2589
connect_pin TIMEBOOST_cell_11449:o TIMEBOOST_net_2590
insert_gate TIMEBOOST_cell_11450 in01s02
insert_net TIMEBOOST_net_2591
disconnect_pin g1002687:c
connect_pin g1002687:c TIMEBOOST_net_2591
connect_pin TIMEBOOST_cell_11450:a FE_OFN48_n_13069
connect_pin TIMEBOOST_cell_11450:o TIMEBOOST_net_2591
insert_gate TIMEBOOST_cell_11451 in01s02
insert_net TIMEBOOST_net_2592
disconnect_pin g1002687:c
connect_pin g1002687:c TIMEBOOST_net_2592
connect_pin TIMEBOOST_cell_11451:a TIMEBOOST_net_2591
connect_pin TIMEBOOST_cell_11451:o TIMEBOOST_net_2592
insert_gate TIMEBOOST_cell_11452 in01s01
insert_net TIMEBOOST_net_2593
disconnect_pin g1044037:b
connect_pin g1044037:b TIMEBOOST_net_2593
connect_pin TIMEBOOST_cell_11452:a b_1_4_0
connect_pin TIMEBOOST_cell_11452:o TIMEBOOST_net_2593
insert_gate TIMEBOOST_cell_11453 in01s01
insert_net TIMEBOOST_net_2594
disconnect_pin g1044037:b
connect_pin g1044037:b TIMEBOOST_net_2594
connect_pin TIMEBOOST_cell_11453:a TIMEBOOST_net_2593
connect_pin TIMEBOOST_cell_11453:o TIMEBOOST_net_2594
insert_gate TIMEBOOST_cell_11454 in01s02
insert_net TIMEBOOST_net_2595
disconnect_pin g1002816:c
connect_pin g1002816:c TIMEBOOST_net_2595
connect_pin TIMEBOOST_cell_11454:a FE_OFN48_n_13069
connect_pin TIMEBOOST_cell_11454:o TIMEBOOST_net_2595
insert_gate TIMEBOOST_cell_11455 in01s02
insert_net TIMEBOOST_net_2596
disconnect_pin g1002816:c
connect_pin g1002816:c TIMEBOOST_net_2596
connect_pin TIMEBOOST_cell_11455:a TIMEBOOST_net_2595
connect_pin TIMEBOOST_cell_11455:o TIMEBOOST_net_2596
insert_gate TIMEBOOST_cell_11456 in01s06
insert_net TIMEBOOST_net_2597
disconnect_pin g1046313:a
connect_pin g1046313:a TIMEBOOST_net_2597
connect_pin TIMEBOOST_cell_11456:a b_2_4_7
connect_pin TIMEBOOST_cell_11456:o TIMEBOOST_net_2597
insert_gate TIMEBOOST_cell_11457 in01s06
insert_net TIMEBOOST_net_2598
disconnect_pin g1046313:a
connect_pin g1046313:a TIMEBOOST_net_2598
connect_pin TIMEBOOST_cell_11457:a TIMEBOOST_net_2597
connect_pin TIMEBOOST_cell_11457:o TIMEBOOST_net_2598
insert_gate TIMEBOOST_cell_11458 in01s01
insert_net TIMEBOOST_net_2599
disconnect_pin b_4_4_15
connect_pin b_4_4_15 TIMEBOOST_net_2599
connect_pin TIMEBOOST_cell_11458:a TIMEBOOST_net_2599
connect_pin TIMEBOOST_cell_11458:o b_4_4_15
insert_gate TIMEBOOST_cell_11459 in01s01
insert_net TIMEBOOST_net_2600
disconnect_pin b_4_4_15
connect_pin b_4_4_15 TIMEBOOST_net_2600
connect_pin TIMEBOOST_cell_11459:a TIMEBOOST_net_2600
connect_pin TIMEBOOST_cell_11459:o TIMEBOOST_net_2599
insert_gate TIMEBOOST_cell_38015 in01s01
insert_net TIMEBOOST_net_11796
disconnect_pin c_3_4_reg_14_:d
connect_pin c_3_4_reg_14_:d TIMEBOOST_net_11796
connect_pin TIMEBOOST_cell_38015:a n_43991
connect_pin TIMEBOOST_cell_38015:o TIMEBOOST_net_11796
insert_gate TIMEBOOST_cell_38016 in01s01
insert_net TIMEBOOST_net_11797
disconnect_pin c_3_4_reg_14_:d
connect_pin c_3_4_reg_14_:d TIMEBOOST_net_11797
connect_pin TIMEBOOST_cell_38016:a TIMEBOOST_net_11796
connect_pin TIMEBOOST_cell_38016:o TIMEBOOST_net_11797
insert_gate TIMEBOOST_cell_38017 in01s01
insert_net TIMEBOOST_net_11798
disconnect_pin c_3_8_reg_12_:d
connect_pin c_3_8_reg_12_:d TIMEBOOST_net_11798
connect_pin TIMEBOOST_cell_38017:a n_42595
connect_pin TIMEBOOST_cell_38017:o TIMEBOOST_net_11798
insert_gate TIMEBOOST_cell_38018 in01s01
insert_net TIMEBOOST_net_11799
disconnect_pin c_3_8_reg_12_:d
connect_pin c_3_8_reg_12_:d TIMEBOOST_net_11799
connect_pin TIMEBOOST_cell_38018:a TIMEBOOST_net_11798
connect_pin TIMEBOOST_cell_38018:o TIMEBOOST_net_11799
insert_gate TIMEBOOST_cell_38019 in01s01
insert_net TIMEBOOST_net_11800
disconnect_pin c_3_8_reg_13_:d
connect_pin c_3_8_reg_13_:d TIMEBOOST_net_11800
connect_pin TIMEBOOST_cell_38019:a n_42912
connect_pin TIMEBOOST_cell_38019:o TIMEBOOST_net_11800
insert_gate TIMEBOOST_cell_38020 in01s01
insert_net TIMEBOOST_net_11801
disconnect_pin c_3_8_reg_13_:d
connect_pin c_3_8_reg_13_:d TIMEBOOST_net_11801
connect_pin TIMEBOOST_cell_38020:a TIMEBOOST_net_11800
connect_pin TIMEBOOST_cell_38020:o TIMEBOOST_net_11801
insert_gate TIMEBOOST_cell_38021 in01s01
insert_net TIMEBOOST_net_11802
disconnect_pin c_4_0_reg_15_:d
connect_pin c_4_0_reg_15_:d TIMEBOOST_net_11802
connect_pin TIMEBOOST_cell_38021:a n_43988
connect_pin TIMEBOOST_cell_38021:o TIMEBOOST_net_11802
insert_gate TIMEBOOST_cell_38022 in01s01
insert_net TIMEBOOST_net_11803
disconnect_pin c_4_0_reg_15_:d
connect_pin c_4_0_reg_15_:d TIMEBOOST_net_11803
connect_pin TIMEBOOST_cell_38022:a TIMEBOOST_net_11802
connect_pin TIMEBOOST_cell_38022:o TIMEBOOST_net_11803
insert_gate TIMEBOOST_cell_38023 in01s01
insert_net TIMEBOOST_net_11804
disconnect_pin c_4_4_reg_13_:d
connect_pin c_4_4_reg_13_:d TIMEBOOST_net_11804
connect_pin TIMEBOOST_cell_38023:a n_43894
connect_pin TIMEBOOST_cell_38023:o TIMEBOOST_net_11804
insert_gate TIMEBOOST_cell_38024 in01s01
insert_net TIMEBOOST_net_11805
disconnect_pin c_4_4_reg_13_:d
connect_pin c_4_4_reg_13_:d TIMEBOOST_net_11805
connect_pin TIMEBOOST_cell_38024:a TIMEBOOST_net_11804
connect_pin TIMEBOOST_cell_38024:o TIMEBOOST_net_11805
insert_gate TIMEBOOST_cell_38025 in01s01
insert_net TIMEBOOST_net_11806
disconnect_pin c_4_9_reg_12_:d
connect_pin c_4_9_reg_12_:d TIMEBOOST_net_11806
connect_pin TIMEBOOST_cell_38025:a n_43161
connect_pin TIMEBOOST_cell_38025:o TIMEBOOST_net_11806
insert_gate TIMEBOOST_cell_38026 in01s01
insert_net TIMEBOOST_net_11807
disconnect_pin c_4_9_reg_12_:d
connect_pin c_4_9_reg_12_:d TIMEBOOST_net_11807
connect_pin TIMEBOOST_cell_38026:a TIMEBOOST_net_11806
connect_pin TIMEBOOST_cell_38026:o TIMEBOOST_net_11807
insert_gate TIMEBOOST_cell_38027 in01s01
insert_net TIMEBOOST_net_11808
disconnect_pin c_6_4_reg_13_:d
connect_pin c_6_4_reg_13_:d TIMEBOOST_net_11808
connect_pin TIMEBOOST_cell_38027:a n_43886
connect_pin TIMEBOOST_cell_38027:o TIMEBOOST_net_11808
insert_gate TIMEBOOST_cell_38028 in01s01
insert_net TIMEBOOST_net_11809
disconnect_pin c_6_4_reg_13_:d
connect_pin c_6_4_reg_13_:d TIMEBOOST_net_11809
connect_pin TIMEBOOST_cell_38028:a TIMEBOOST_net_11808
connect_pin TIMEBOOST_cell_38028:o TIMEBOOST_net_11809
insert_gate TIMEBOOST_cell_38029 in01s01
insert_net TIMEBOOST_net_11810
disconnect_pin c_6_4_reg_14_:d
connect_pin c_6_4_reg_14_:d TIMEBOOST_net_11810
connect_pin TIMEBOOST_cell_38029:a n_43979
connect_pin TIMEBOOST_cell_38029:o TIMEBOOST_net_11810
insert_gate TIMEBOOST_cell_38030 in01s01
insert_net TIMEBOOST_net_11811
disconnect_pin c_6_4_reg_14_:d
connect_pin c_6_4_reg_14_:d TIMEBOOST_net_11811
connect_pin TIMEBOOST_cell_38030:a TIMEBOOST_net_11810
connect_pin TIMEBOOST_cell_38030:o TIMEBOOST_net_11811
insert_gate TIMEBOOST_cell_38031 in01s01
insert_net TIMEBOOST_net_11812
disconnect_pin c_6_6_reg_15_:d
connect_pin c_6_6_reg_15_:d TIMEBOOST_net_11812
connect_pin TIMEBOOST_cell_38031:a n_43932
connect_pin TIMEBOOST_cell_38031:o TIMEBOOST_net_11812
insert_gate TIMEBOOST_cell_38032 in01s01
insert_net TIMEBOOST_net_11813
disconnect_pin c_6_6_reg_15_:d
connect_pin c_6_6_reg_15_:d TIMEBOOST_net_11813
connect_pin TIMEBOOST_cell_38032:a TIMEBOOST_net_11812
connect_pin TIMEBOOST_cell_38032:o TIMEBOOST_net_11813
insert_gate TIMEBOOST_cell_38033 in01s01
insert_net TIMEBOOST_net_11814
disconnect_pin c_6_8_reg_12_:d
connect_pin c_6_8_reg_12_:d TIMEBOOST_net_11814
connect_pin TIMEBOOST_cell_38033:a n_42571
connect_pin TIMEBOOST_cell_38033:o TIMEBOOST_net_11814
insert_gate TIMEBOOST_cell_38034 in01s01
insert_net TIMEBOOST_net_11815
disconnect_pin c_6_8_reg_12_:d
connect_pin c_6_8_reg_12_:d TIMEBOOST_net_11815
connect_pin TIMEBOOST_cell_38034:a TIMEBOOST_net_11814
connect_pin TIMEBOOST_cell_38034:o TIMEBOOST_net_11815
insert_gate TIMEBOOST_cell_38035 in01s01
insert_net TIMEBOOST_net_11816
disconnect_pin c_6_8_reg_15_:d
connect_pin c_6_8_reg_15_:d TIMEBOOST_net_11816
connect_pin TIMEBOOST_cell_38035:a n_43764
connect_pin TIMEBOOST_cell_38035:o TIMEBOOST_net_11816
insert_gate TIMEBOOST_cell_38036 in01s01
insert_net TIMEBOOST_net_11817
disconnect_pin c_6_8_reg_15_:d
connect_pin c_6_8_reg_15_:d TIMEBOOST_net_11817
connect_pin TIMEBOOST_cell_38036:a TIMEBOOST_net_11816
connect_pin TIMEBOOST_cell_38036:o TIMEBOOST_net_11817
insert_gate TIMEBOOST_cell_38037 in01s01
insert_net TIMEBOOST_net_11818
disconnect_pin c_6_9_reg_12_:d
connect_pin c_6_9_reg_12_:d TIMEBOOST_net_11818
connect_pin TIMEBOOST_cell_38037:a n_43151
connect_pin TIMEBOOST_cell_38037:o TIMEBOOST_net_11818
insert_gate TIMEBOOST_cell_38038 in01s01
insert_net TIMEBOOST_net_11819
disconnect_pin c_6_9_reg_12_:d
connect_pin c_6_9_reg_12_:d TIMEBOOST_net_11819
connect_pin TIMEBOOST_cell_38038:a TIMEBOOST_net_11818
connect_pin TIMEBOOST_cell_38038:o TIMEBOOST_net_11819
insert_gate TIMEBOOST_cell_38039 in01s01
insert_net TIMEBOOST_net_11820
disconnect_pin c_6_9_reg_13_:d
connect_pin c_6_9_reg_13_:d TIMEBOOST_net_11820
connect_pin TIMEBOOST_cell_38039:a n_43371
connect_pin TIMEBOOST_cell_38039:o TIMEBOOST_net_11820
insert_gate TIMEBOOST_cell_38040 in01s01
insert_net TIMEBOOST_net_11821
disconnect_pin c_6_9_reg_13_:d
connect_pin c_6_9_reg_13_:d TIMEBOOST_net_11821
connect_pin TIMEBOOST_cell_38040:a TIMEBOOST_net_11820
connect_pin TIMEBOOST_cell_38040:o TIMEBOOST_net_11821
insert_gate TIMEBOOST_cell_38041 in01s01
insert_net TIMEBOOST_net_11822
disconnect_pin c_6_9_reg_14_:d
connect_pin c_6_9_reg_14_:d TIMEBOOST_net_11822
connect_pin TIMEBOOST_cell_38041:a n_43557
connect_pin TIMEBOOST_cell_38041:o TIMEBOOST_net_11822
insert_gate TIMEBOOST_cell_38042 in01s01
insert_net TIMEBOOST_net_11823
disconnect_pin c_6_9_reg_14_:d
connect_pin c_6_9_reg_14_:d TIMEBOOST_net_11823
connect_pin TIMEBOOST_cell_38042:a TIMEBOOST_net_11822
connect_pin TIMEBOOST_cell_38042:o TIMEBOOST_net_11823
insert_gate TIMEBOOST_cell_38043 in01s01
insert_net TIMEBOOST_net_11824
disconnect_pin c_7_5_reg_15_:d
connect_pin c_7_5_reg_15_:d TIMEBOOST_net_11824
connect_pin TIMEBOOST_cell_38043:a n_43929
connect_pin TIMEBOOST_cell_38043:o TIMEBOOST_net_11824
insert_gate TIMEBOOST_cell_38044 in01s01
insert_net TIMEBOOST_net_11825
disconnect_pin c_7_5_reg_15_:d
connect_pin c_7_5_reg_15_:d TIMEBOOST_net_11825
connect_pin TIMEBOOST_cell_38044:a TIMEBOOST_net_11824
connect_pin TIMEBOOST_cell_38044:o TIMEBOOST_net_11825
insert_gate TIMEBOOST_cell_38045 in01s01
insert_net TIMEBOOST_net_11826
disconnect_pin delay_add_ln34_unr2_unr6_stage2_stallmux_q_reg_15_:d
connect_pin delay_add_ln34_unr2_unr6_stage2_stallmux_q_reg_15_:d TIMEBOOST_net_11826
connect_pin TIMEBOOST_cell_38045:a n_32538
connect_pin TIMEBOOST_cell_38045:o TIMEBOOST_net_11826
insert_gate TIMEBOOST_cell_38046 in01s01
insert_net TIMEBOOST_net_11827
disconnect_pin delay_add_ln34_unr2_unr6_stage2_stallmux_q_reg_15_:d
connect_pin delay_add_ln34_unr2_unr6_stage2_stallmux_q_reg_15_:d TIMEBOOST_net_11827
connect_pin TIMEBOOST_cell_38046:a TIMEBOOST_net_11826
connect_pin TIMEBOOST_cell_38046:o TIMEBOOST_net_11827
insert_gate TIMEBOOST_cell_38047 in01s01
insert_net TIMEBOOST_net_11828
disconnect_pin delay_add_ln34_unr2_unr7_stage2_stallmux_q_reg_15_:d
connect_pin delay_add_ln34_unr2_unr7_stage2_stallmux_q_reg_15_:d TIMEBOOST_net_11828
connect_pin TIMEBOOST_cell_38047:a n_42600
connect_pin TIMEBOOST_cell_38047:o TIMEBOOST_net_11828
insert_gate TIMEBOOST_cell_38048 in01s01
insert_net TIMEBOOST_net_11829
disconnect_pin delay_add_ln34_unr2_unr7_stage2_stallmux_q_reg_15_:d
connect_pin delay_add_ln34_unr2_unr7_stage2_stallmux_q_reg_15_:d TIMEBOOST_net_11829
connect_pin TIMEBOOST_cell_38048:a TIMEBOOST_net_11828
connect_pin TIMEBOOST_cell_38048:o TIMEBOOST_net_11829
insert_gate TIMEBOOST_cell_38049 in01s01
insert_net TIMEBOOST_net_11830
disconnect_pin delay_add_ln34_unr2_unr8_stage2_stallmux_q_reg_15_:d
connect_pin delay_add_ln34_unr2_unr8_stage2_stallmux_q_reg_15_:d TIMEBOOST_net_11830
connect_pin TIMEBOOST_cell_38049:a n_138843
connect_pin TIMEBOOST_cell_38049:o TIMEBOOST_net_11830
insert_gate TIMEBOOST_cell_38050 in01s01
insert_net TIMEBOOST_net_11831
disconnect_pin delay_add_ln34_unr2_unr8_stage2_stallmux_q_reg_15_:d
connect_pin delay_add_ln34_unr2_unr8_stage2_stallmux_q_reg_15_:d TIMEBOOST_net_11831
connect_pin TIMEBOOST_cell_38050:a TIMEBOOST_net_11830
connect_pin TIMEBOOST_cell_38050:o TIMEBOOST_net_11831
insert_gate TIMEBOOST_cell_38051 in01s01
insert_net TIMEBOOST_net_11832
disconnect_pin delay_add_ln34_unr2_unr9_stage2_stallmux_q_reg_15_:d
connect_pin delay_add_ln34_unr2_unr9_stage2_stallmux_q_reg_15_:d TIMEBOOST_net_11832
connect_pin TIMEBOOST_cell_38051:a n_39736
connect_pin TIMEBOOST_cell_38051:o TIMEBOOST_net_11832
insert_gate TIMEBOOST_cell_38052 in01s01
insert_net TIMEBOOST_net_11833
disconnect_pin delay_add_ln34_unr2_unr9_stage2_stallmux_q_reg_15_:d
connect_pin delay_add_ln34_unr2_unr9_stage2_stallmux_q_reg_15_:d TIMEBOOST_net_11833
connect_pin TIMEBOOST_cell_38052:a TIMEBOOST_net_11832
connect_pin TIMEBOOST_cell_38052:o TIMEBOOST_net_11833
insert_gate TIMEBOOST_cell_38053 in01s01
insert_net TIMEBOOST_net_11834
disconnect_pin delay_mul_ln34_unr3_unr0_stage2_stallmux_q_reg_15_:d
connect_pin delay_mul_ln34_unr3_unr0_stage2_stallmux_q_reg_15_:d TIMEBOOST_net_11834
connect_pin TIMEBOOST_cell_38053:a n_138798
connect_pin TIMEBOOST_cell_38053:o TIMEBOOST_net_11834
insert_gate TIMEBOOST_cell_38054 in01s01
insert_net TIMEBOOST_net_11835
disconnect_pin delay_mul_ln34_unr3_unr0_stage2_stallmux_q_reg_15_:d
connect_pin delay_mul_ln34_unr3_unr0_stage2_stallmux_q_reg_15_:d TIMEBOOST_net_11835
connect_pin TIMEBOOST_cell_38054:a TIMEBOOST_net_11834
connect_pin TIMEBOOST_cell_38054:o TIMEBOOST_net_11835
insert_gate TIMEBOOST_cell_38055 in01s01
insert_net TIMEBOOST_net_11836
disconnect_pin delay_mul_ln34_unr4_unr5_stage2_stallmux_q_reg_15_:d
connect_pin delay_mul_ln34_unr4_unr5_stage2_stallmux_q_reg_15_:d TIMEBOOST_net_11836
connect_pin TIMEBOOST_cell_38055:a n_39707
connect_pin TIMEBOOST_cell_38055:o TIMEBOOST_net_11836
insert_gate TIMEBOOST_cell_38056 in01s01
insert_net TIMEBOOST_net_11837
disconnect_pin delay_mul_ln34_unr4_unr5_stage2_stallmux_q_reg_15_:d
connect_pin delay_mul_ln34_unr4_unr5_stage2_stallmux_q_reg_15_:d TIMEBOOST_net_11837
connect_pin TIMEBOOST_cell_38056:a TIMEBOOST_net_11836
connect_pin TIMEBOOST_cell_38056:o TIMEBOOST_net_11837
insert_gate TIMEBOOST_cell_38057 in01s01
insert_net TIMEBOOST_net_11838
disconnect_pin delay_mul_ln34_unr4_unr7_stage2_stallmux_q_reg_15_:d
connect_pin delay_mul_ln34_unr4_unr7_stage2_stallmux_q_reg_15_:d TIMEBOOST_net_11838
connect_pin TIMEBOOST_cell_38057:a n_37022
connect_pin TIMEBOOST_cell_38057:o TIMEBOOST_net_11838
insert_gate TIMEBOOST_cell_38058 in01s01
insert_net TIMEBOOST_net_11839
disconnect_pin delay_mul_ln34_unr4_unr7_stage2_stallmux_q_reg_15_:d
connect_pin delay_mul_ln34_unr4_unr7_stage2_stallmux_q_reg_15_:d TIMEBOOST_net_11839
connect_pin TIMEBOOST_cell_38058:a TIMEBOOST_net_11838
connect_pin TIMEBOOST_cell_38058:o TIMEBOOST_net_11839
insert_gate TIMEBOOST_cell_38059 in01s01
insert_net TIMEBOOST_net_11840
disconnect_pin delay_mul_ln34_unr5_unr1_stage2_stallmux_q_reg_15_:d
connect_pin delay_mul_ln34_unr5_unr1_stage2_stallmux_q_reg_15_:d TIMEBOOST_net_11840
connect_pin TIMEBOOST_cell_38059:a n_138802
connect_pin TIMEBOOST_cell_38059:o TIMEBOOST_net_11840
insert_gate TIMEBOOST_cell_38060 in01s01
insert_net TIMEBOOST_net_11841
disconnect_pin delay_mul_ln34_unr5_unr1_stage2_stallmux_q_reg_15_:d
connect_pin delay_mul_ln34_unr5_unr1_stage2_stallmux_q_reg_15_:d TIMEBOOST_net_11841
connect_pin TIMEBOOST_cell_38060:a TIMEBOOST_net_11840
connect_pin TIMEBOOST_cell_38060:o TIMEBOOST_net_11841
insert_gate TIMEBOOST_cell_38061 in01s01
insert_net TIMEBOOST_net_11842
disconnect_pin delay_mul_ln34_unr5_unr2_stage2_stallmux_q_reg_15_:d
connect_pin delay_mul_ln34_unr5_unr2_stage2_stallmux_q_reg_15_:d TIMEBOOST_net_11842
connect_pin TIMEBOOST_cell_38061:a n_138807
connect_pin TIMEBOOST_cell_38061:o TIMEBOOST_net_11842
insert_gate TIMEBOOST_cell_38062 in01s01
insert_net TIMEBOOST_net_11843
disconnect_pin delay_mul_ln34_unr5_unr2_stage2_stallmux_q_reg_15_:d
connect_pin delay_mul_ln34_unr5_unr2_stage2_stallmux_q_reg_15_:d TIMEBOOST_net_11843
connect_pin TIMEBOOST_cell_38062:a TIMEBOOST_net_11842
connect_pin TIMEBOOST_cell_38062:o TIMEBOOST_net_11843
insert_gate TIMEBOOST_cell_38063 in01s01
insert_net TIMEBOOST_net_11844
disconnect_pin delay_mul_ln34_unr5_unr3_stage2_stallmux_q_reg_15_:d
connect_pin delay_mul_ln34_unr5_unr3_stage2_stallmux_q_reg_15_:d TIMEBOOST_net_11844
connect_pin TIMEBOOST_cell_38063:a n_138812
connect_pin TIMEBOOST_cell_38063:o TIMEBOOST_net_11844
insert_gate TIMEBOOST_cell_38064 in01s01
insert_net TIMEBOOST_net_11845
disconnect_pin delay_mul_ln34_unr5_unr3_stage2_stallmux_q_reg_15_:d
connect_pin delay_mul_ln34_unr5_unr3_stage2_stallmux_q_reg_15_:d TIMEBOOST_net_11845
connect_pin TIMEBOOST_cell_38064:a TIMEBOOST_net_11844
connect_pin TIMEBOOST_cell_38064:o TIMEBOOST_net_11845
insert_gate TIMEBOOST_cell_38065 in01s01
insert_net TIMEBOOST_net_11846
disconnect_pin delay_mul_ln34_unr5_unr4_stage2_stallmux_q_reg_15_:d
connect_pin delay_mul_ln34_unr5_unr4_stage2_stallmux_q_reg_15_:d TIMEBOOST_net_11846
connect_pin TIMEBOOST_cell_38065:a n_138818
connect_pin TIMEBOOST_cell_38065:o TIMEBOOST_net_11846
insert_gate TIMEBOOST_cell_38066 in01s01
insert_net TIMEBOOST_net_11847
disconnect_pin delay_mul_ln34_unr5_unr4_stage2_stallmux_q_reg_15_:d
connect_pin delay_mul_ln34_unr5_unr4_stage2_stallmux_q_reg_15_:d TIMEBOOST_net_11847
connect_pin TIMEBOOST_cell_38066:a TIMEBOOST_net_11846
connect_pin TIMEBOOST_cell_38066:o TIMEBOOST_net_11847
insert_gate TIMEBOOST_cell_38067 in01s01
insert_net TIMEBOOST_net_11848
disconnect_pin delay_mul_ln34_unr6_unr2_stage2_stallmux_q_reg_15_:d
connect_pin delay_mul_ln34_unr6_unr2_stage2_stallmux_q_reg_15_:d TIMEBOOST_net_11848
connect_pin TIMEBOOST_cell_38067:a n_38400
connect_pin TIMEBOOST_cell_38067:o TIMEBOOST_net_11848
insert_gate TIMEBOOST_cell_38068 in01s01
insert_net TIMEBOOST_net_11849
disconnect_pin delay_mul_ln34_unr6_unr2_stage2_stallmux_q_reg_15_:d
connect_pin delay_mul_ln34_unr6_unr2_stage2_stallmux_q_reg_15_:d TIMEBOOST_net_11849
connect_pin TIMEBOOST_cell_38068:a TIMEBOOST_net_11848
connect_pin TIMEBOOST_cell_38068:o TIMEBOOST_net_11849
insert_gate TIMEBOOST_cell_38069 in01s01
insert_net TIMEBOOST_net_11850
disconnect_pin delay_mul_ln34_unr6_unr6_stage2_stallmux_q_reg_15_:d
connect_pin delay_mul_ln34_unr6_unr6_stage2_stallmux_q_reg_15_:d TIMEBOOST_net_11850
connect_pin TIMEBOOST_cell_38069:a n_138828
connect_pin TIMEBOOST_cell_38069:o TIMEBOOST_net_11850
insert_gate TIMEBOOST_cell_38070 in01s01
insert_net TIMEBOOST_net_11851
disconnect_pin delay_mul_ln34_unr6_unr6_stage2_stallmux_q_reg_15_:d
connect_pin delay_mul_ln34_unr6_unr6_stage2_stallmux_q_reg_15_:d TIMEBOOST_net_11851
connect_pin TIMEBOOST_cell_38070:a TIMEBOOST_net_11850
connect_pin TIMEBOOST_cell_38070:o TIMEBOOST_net_11851
insert_gate TIMEBOOST_cell_38071 in01s01
insert_net TIMEBOOST_net_11852
disconnect_pin delay_mul_ln34_unr9_unr3_stage2_stallmux_q_reg_4_:d
connect_pin delay_mul_ln34_unr9_unr3_stage2_stallmux_q_reg_4_:d TIMEBOOST_net_11852
connect_pin TIMEBOOST_cell_38071:a delay_mul_ln34_unr9_unr3_stage2_stallmux_z_4_
connect_pin TIMEBOOST_cell_38071:o TIMEBOOST_net_11852
insert_gate TIMEBOOST_cell_38072 in01s01
insert_net TIMEBOOST_net_11853
disconnect_pin delay_mul_ln34_unr9_unr3_stage2_stallmux_q_reg_4_:d
connect_pin delay_mul_ln34_unr9_unr3_stage2_stallmux_q_reg_4_:d TIMEBOOST_net_11853
connect_pin TIMEBOOST_cell_38072:a TIMEBOOST_net_11852
connect_pin TIMEBOOST_cell_38072:o TIMEBOOST_net_11853
insert_gate TIMEBOOST_cell_38073 in01s01
insert_net TIMEBOOST_net_11854
disconnect_pin delay_mul_ln34_unr9_unr7_stage2_stallmux_q_reg_0_:d
connect_pin delay_mul_ln34_unr9_unr7_stage2_stallmux_q_reg_0_:d TIMEBOOST_net_11854
connect_pin TIMEBOOST_cell_38073:a n_138774
connect_pin TIMEBOOST_cell_38073:o TIMEBOOST_net_11854
insert_gate TIMEBOOST_cell_38074 in01s01
insert_net TIMEBOOST_net_11855
disconnect_pin delay_mul_ln34_unr9_unr7_stage2_stallmux_q_reg_0_:d
connect_pin delay_mul_ln34_unr9_unr7_stage2_stallmux_q_reg_0_:d TIMEBOOST_net_11855
connect_pin TIMEBOOST_cell_38074:a TIMEBOOST_net_11854
connect_pin TIMEBOOST_cell_38074:o TIMEBOOST_net_11855
[+] Writing Verilog File ...
[+] Writing Verilog File ... Done (runtime: 0.120599 seconds memory: +0 MB)
[+] Writing SPEF File
[+] Writing SPEF File Done (runtime: 0.00199 seconds memory: +0 MB)

Total duration: 518.585 seconds