  _______   _                      ____                          _   
 |__   __| (_)                    |  _ \                        | |  
    | |     _   _ __ ___     ___  | |_) |   ___     ___    ___  | |_ 
    | |    | | | '_ ` _ \   / _ \ |  _ <   / _ \   / _ \  / __| | __|
    | |    | | | | | | | | |  __/ | |_) | | (_) | | (_) | \__ \ | |_ 
    |_|    |_| |_| |_| |_|  \___| |____/   \___/   \___/  |___/  \__|
                                                                     
Teams members : Dimitrios Mangiras, Apostolos Stefanidis
Advisor    : Georgios Dimitrakopoulos
University    : Electrical and Computer Engineering of Democritus University of Thrace in Xanthi, Greece

tau file: edit_dist_slow/edit_dist_slow.tau2019
sdc file: edit_dist_slow/edit_dist_slow.sdc
output verilog file: edit_dist_slow/results/edit_dist_slow.out.v
output spef file: edit_dist_slow/results/edit_dist_slow.out.spef
output file: edit_dist_slow/results/edit_dist_slow.output
verilog file: edit_dist_slow.v
spef file: edit_dist_slow.spef
lib file 0: ../libs/contest.lib
Design name: edit_dist_slow
Path name: edit_dist_slow/

Parsing LIB file [edit_dist_slow/../libs/contest.lib][+] 
[+]  Done (runtime: 0.069512 seconds memory: +22 MB)
Parsed lib 0
Parsing VERILOG file [edit_dist_slow/edit_dist_slow.v][+] 
[+]  Done (runtime: 0.93787 seconds memory: +64 MB)
Parsing SDC file [edit_dist_slow/edit_dist_slow.sdc][+] 
[+]  Done (runtime: 0.00893 seconds memory: +1 MB)
Parsed SDC file successfully
Parsing SPEF file [edit_dist_slow/edit_dist_slow.spef][+] 
[+]  Done (runtime: 1e-05 seconds memory: +0 MB)
Parsed SPEF file successfully
[+] Initializing Scenario service
[+] Initializing Scenario service Done (runtime: 0.01943 seconds memory: +7 MB)
[+] Initializing RoutingEstimator service
[+] Initializing RoutingEstimator service Done (runtime: 0.001934 seconds memory: +0 MB)
[+] Initializing Timer service
[+] Initializing Timer service Done (runtime: 0.038291 seconds memory: +83 MB)
[+] Initializing Scenario Vector service
[+] Initializing Scenario Vector service Done (runtime: 0.011497 seconds memory: +7 MB)
[+] Initializing Timer Vector service
[+] Initializing Timer Vector service Done (runtime: 0.038273 seconds memory: +83 MB)
[+] Initializing Model Vector service
[+] Initializing Model Vector service Done (runtime: 5e-06 seconds memory: +0 MB)
[+] Initializing Model service
[+] Initializing Model service Done (runtime: 2e-06 seconds memory: +0 MB)
[+] Building RCTree from SPEF file
[+] Building RCTree from SPEF file Done (runtime: 2e-06 seconds memory: +0 MB)
Started: Fri Mar 22 00:41:57 2024

BEGIN_ECO
insert_gate TIMEBOOST_cell_0 in01m04
insert_net TIMEBOOST_net_0
disconnect_pin g2300608:o
connect_pin g2300608:o TIMEBOOST_net_0
connect_pin TIMEBOOST_cell_0:a TIMEBOOST_net_0
connect_pin TIMEBOOST_cell_0:o n_35885
insert_gate TIMEBOOST_cell_1 in01m04
insert_net TIMEBOOST_net_1
disconnect_pin g2300608:o
connect_pin g2300608:o TIMEBOOST_net_1
connect_pin TIMEBOOST_cell_1:a TIMEBOOST_net_1
connect_pin TIMEBOOST_cell_1:o TIMEBOOST_net_0
insert_gate TIMEBOOST_cell_2 in01m04
insert_net TIMEBOOST_net_2
disconnect_pin g2301980:o
connect_pin g2301980:o TIMEBOOST_net_2
connect_pin TIMEBOOST_cell_2:a TIMEBOOST_net_2
connect_pin TIMEBOOST_cell_2:o n_35160
insert_gate TIMEBOOST_cell_3 in01m04
insert_net TIMEBOOST_net_3
disconnect_pin g2301980:o
connect_pin g2301980:o TIMEBOOST_net_3
connect_pin TIMEBOOST_cell_3:a TIMEBOOST_net_3
connect_pin TIMEBOOST_cell_3:o TIMEBOOST_net_2
insert_gate TIMEBOOST_cell_4 in01f04
insert_net TIMEBOOST_net_4
disconnect_pin g2302150:o
connect_pin g2302150:o TIMEBOOST_net_4
connect_pin TIMEBOOST_cell_4:a TIMEBOOST_net_4
connect_pin TIMEBOOST_cell_4:o n_35068
insert_gate TIMEBOOST_cell_5 in01f04
insert_net TIMEBOOST_net_5
disconnect_pin g2302150:o
connect_pin g2302150:o TIMEBOOST_net_5
connect_pin TIMEBOOST_cell_5:a TIMEBOOST_net_5
connect_pin TIMEBOOST_cell_5:o TIMEBOOST_net_4
insert_gate TIMEBOOST_cell_6 in01f04
insert_net TIMEBOOST_net_6
disconnect_pin FE_OFC42602_n_35919:o
connect_pin FE_OFC42602_n_35919:o TIMEBOOST_net_6
connect_pin TIMEBOOST_cell_6:a TIMEBOOST_net_6
connect_pin TIMEBOOST_cell_6:o FE_OFN42602_n_35919
insert_gate TIMEBOOST_cell_7 in01f04
insert_net TIMEBOOST_net_7
disconnect_pin FE_OFC42602_n_35919:o
connect_pin FE_OFC42602_n_35919:o TIMEBOOST_net_7
connect_pin TIMEBOOST_cell_7:a TIMEBOOST_net_7
connect_pin TIMEBOOST_cell_7:o TIMEBOOST_net_6
insert_gate TIMEBOOST_cell_5189 in01f04
insert_net TIMEBOOST_net_1738
disconnect_pin FE_OFC42127_n_34451:o
connect_pin FE_OFC42127_n_34451:o TIMEBOOST_net_1738
connect_pin TIMEBOOST_cell_5189:a TIMEBOOST_net_1738
connect_pin TIMEBOOST_cell_5189:o FE_OFN42127_n_34451
insert_gate TIMEBOOST_cell_5190 in01f04
insert_net TIMEBOOST_net_1739
disconnect_pin FE_OFC42127_n_34451:o
connect_pin FE_OFC42127_n_34451:o TIMEBOOST_net_1739
connect_pin TIMEBOOST_cell_5190:a TIMEBOOST_net_1739
connect_pin TIMEBOOST_cell_5190:o TIMEBOOST_net_1738
insert_gate TIMEBOOST_cell_5191 in01f08
insert_net TIMEBOOST_net_1740
disconnect_pin FE_OFC42686_n_40031:o
connect_pin FE_OFC42686_n_40031:o TIMEBOOST_net_1740
connect_pin TIMEBOOST_cell_5191:a TIMEBOOST_net_1740
connect_pin TIMEBOOST_cell_5191:o FE_OFN42686_n_40031
insert_gate TIMEBOOST_cell_5192 in01f08
insert_net TIMEBOOST_net_1741
disconnect_pin FE_OFC42686_n_40031:o
connect_pin FE_OFC42686_n_40031:o TIMEBOOST_net_1741
connect_pin TIMEBOOST_cell_5192:a TIMEBOOST_net_1741
connect_pin TIMEBOOST_cell_5192:o TIMEBOOST_net_1740
insert_gate TIMEBOOST_cell_6844 in01f10
insert_net TIMEBOOST_net_2318
disconnect_pin FE_OCPC46106_FE_OFN42755_n_39952:o
connect_pin FE_OCPC46106_FE_OFN42755_n_39952:o TIMEBOOST_net_2318
connect_pin TIMEBOOST_cell_6844:a TIMEBOOST_net_2318
connect_pin TIMEBOOST_cell_6844:o FE_OCPN46106_FE_OFN42755_n_39952
insert_gate TIMEBOOST_cell_6845 in01f10
insert_net TIMEBOOST_net_2319
disconnect_pin FE_OCPC46106_FE_OFN42755_n_39952:o
connect_pin FE_OCPC46106_FE_OFN42755_n_39952:o TIMEBOOST_net_2319
connect_pin TIMEBOOST_cell_6845:a TIMEBOOST_net_2319
connect_pin TIMEBOOST_cell_6845:o TIMEBOOST_net_2318
insert_gate TIMEBOOST_cell_6846 in01f10
insert_net TIMEBOOST_net_2320
disconnect_pin g2300516:o
connect_pin g2300516:o TIMEBOOST_net_2320
connect_pin TIMEBOOST_cell_6846:a TIMEBOOST_net_2320
connect_pin TIMEBOOST_cell_6846:o n_35908
insert_gate TIMEBOOST_cell_6847 in01f10
insert_net TIMEBOOST_net_2321
disconnect_pin g2300516:o
connect_pin g2300516:o TIMEBOOST_net_2321
connect_pin TIMEBOOST_cell_6847:a TIMEBOOST_net_2321
connect_pin TIMEBOOST_cell_6847:o TIMEBOOST_net_2320
insert_gate TIMEBOOST_cell_6848 in01f04
insert_net TIMEBOOST_net_2322
disconnect_pin g1866668:o
connect_pin g1866668:o TIMEBOOST_net_2322
connect_pin TIMEBOOST_cell_6848:a TIMEBOOST_net_2322
connect_pin TIMEBOOST_cell_6848:o g2_q20_11_
insert_gate TIMEBOOST_cell_6849 in01f04
insert_net TIMEBOOST_net_2323
disconnect_pin g1866668:o
connect_pin g1866668:o TIMEBOOST_net_2323
connect_pin TIMEBOOST_cell_6849:a TIMEBOOST_net_2323
connect_pin TIMEBOOST_cell_6849:o TIMEBOOST_net_2322
insert_gate TIMEBOOST_cell_6850 in01f04
insert_net TIMEBOOST_net_2324
disconnect_pin g2132643:o
connect_pin g2132643:o TIMEBOOST_net_2324
connect_pin TIMEBOOST_cell_6850:a TIMEBOOST_net_2324
connect_pin TIMEBOOST_cell_6850:o n_11519
insert_gate TIMEBOOST_cell_6851 in01f04
insert_net TIMEBOOST_net_2325
disconnect_pin g2132643:o
connect_pin g2132643:o TIMEBOOST_net_2325
connect_pin TIMEBOOST_cell_6851:a TIMEBOOST_net_2325
connect_pin TIMEBOOST_cell_6851:o TIMEBOOST_net_2324
insert_gate TIMEBOOST_cell_6852 in01f04
insert_net TIMEBOOST_net_2326
disconnect_pin g2132342:o
connect_pin g2132342:o TIMEBOOST_net_2326
connect_pin TIMEBOOST_cell_6852:a TIMEBOOST_net_2326
connect_pin TIMEBOOST_cell_6852:o n_11821
insert_gate TIMEBOOST_cell_6853 in01f04
insert_net TIMEBOOST_net_2327
disconnect_pin g2132342:o
connect_pin g2132342:o TIMEBOOST_net_2327
connect_pin TIMEBOOST_cell_6853:a TIMEBOOST_net_2327
connect_pin TIMEBOOST_cell_6853:o TIMEBOOST_net_2326
insert_gate TIMEBOOST_cell_6854 in01f04
insert_net TIMEBOOST_net_2328
disconnect_pin g2132130:o
connect_pin g2132130:o TIMEBOOST_net_2328
connect_pin TIMEBOOST_cell_6854:a TIMEBOOST_net_2328
connect_pin TIMEBOOST_cell_6854:o n_12031
insert_gate TIMEBOOST_cell_6855 in01f04
insert_net TIMEBOOST_net_2329
disconnect_pin g2132130:o
connect_pin g2132130:o TIMEBOOST_net_2329
connect_pin TIMEBOOST_cell_6855:a TIMEBOOST_net_2329
connect_pin TIMEBOOST_cell_6855:o TIMEBOOST_net_2328
insert_gate TIMEBOOST_cell_6856 in01f02
insert_net TIMEBOOST_net_2330
disconnect_pin g1896984:o
connect_pin g1896984:o TIMEBOOST_net_2330
connect_pin TIMEBOOST_cell_6856:a TIMEBOOST_net_2330
connect_pin TIMEBOOST_cell_6856:o n_31971
insert_gate TIMEBOOST_cell_6857 in01f02
insert_net TIMEBOOST_net_2331
disconnect_pin g1896984:o
connect_pin g1896984:o TIMEBOOST_net_2331
connect_pin TIMEBOOST_cell_6857:a TIMEBOOST_net_2331
connect_pin TIMEBOOST_cell_6857:o TIMEBOOST_net_2330
insert_gate TIMEBOOST_cell_9607 in01f04
insert_net TIMEBOOST_net_3321
disconnect_pin g2302217:o
connect_pin g2302217:o TIMEBOOST_net_3321
connect_pin TIMEBOOST_cell_9607:a TIMEBOOST_net_3321
connect_pin TIMEBOOST_cell_9607:o n_35047
insert_gate TIMEBOOST_cell_9608 in01f04
insert_net TIMEBOOST_net_3322
disconnect_pin g2302217:o
connect_pin g2302217:o TIMEBOOST_net_3322
connect_pin TIMEBOOST_cell_9608:a TIMEBOOST_net_3322
connect_pin TIMEBOOST_cell_9608:o TIMEBOOST_net_3321
insert_gate TIMEBOOST_cell_9609 in01f10
insert_net TIMEBOOST_net_3323
disconnect_pin g2300517:o
connect_pin g2300517:o TIMEBOOST_net_3323
connect_pin TIMEBOOST_cell_9609:a TIMEBOOST_net_3323
connect_pin TIMEBOOST_cell_9609:o n_35907
insert_gate TIMEBOOST_cell_9610 in01f10
insert_net TIMEBOOST_net_3324
disconnect_pin g2300517:o
connect_pin g2300517:o TIMEBOOST_net_3324
connect_pin TIMEBOOST_cell_9610:a TIMEBOOST_net_3324
connect_pin TIMEBOOST_cell_9610:o TIMEBOOST_net_3323
insert_gate TIMEBOOST_cell_9611 in01f10
insert_net TIMEBOOST_net_3325
disconnect_pin g2300550:o
connect_pin g2300550:o TIMEBOOST_net_3325
connect_pin TIMEBOOST_cell_9611:a TIMEBOOST_net_3325
connect_pin TIMEBOOST_cell_9611:o n_35900
insert_gate TIMEBOOST_cell_9612 in01f10
insert_net TIMEBOOST_net_3326
disconnect_pin g2300550:o
connect_pin g2300550:o TIMEBOOST_net_3326
connect_pin TIMEBOOST_cell_9612:a TIMEBOOST_net_3326
connect_pin TIMEBOOST_cell_9612:o TIMEBOOST_net_3325
insert_gate TIMEBOOST_cell_9613 in01f08
insert_net TIMEBOOST_net_3327
disconnect_pin FE_OFC41496_n_23035:o
connect_pin FE_OFC41496_n_23035:o TIMEBOOST_net_3327
connect_pin TIMEBOOST_cell_9613:a TIMEBOOST_net_3327
connect_pin TIMEBOOST_cell_9613:o FE_OFN41496_n_23035
insert_gate TIMEBOOST_cell_9614 in01f08
insert_net TIMEBOOST_net_3328
disconnect_pin FE_OFC41496_n_23035:o
connect_pin FE_OFC41496_n_23035:o TIMEBOOST_net_3328
connect_pin TIMEBOOST_cell_9614:a TIMEBOOST_net_3328
connect_pin TIMEBOOST_cell_9614:o TIMEBOOST_net_3327
insert_gate TIMEBOOST_cell_9615 in01f04
insert_net TIMEBOOST_net_3329
disconnect_pin g1896667:o
connect_pin g1896667:o TIMEBOOST_net_3329
connect_pin TIMEBOOST_cell_9615:a TIMEBOOST_net_3329
connect_pin TIMEBOOST_cell_9615:o n_32132
insert_gate TIMEBOOST_cell_9616 in01f04
insert_net TIMEBOOST_net_3330
disconnect_pin g1896667:o
connect_pin g1896667:o TIMEBOOST_net_3330
connect_pin TIMEBOOST_cell_9616:a TIMEBOOST_net_3330
connect_pin TIMEBOOST_cell_9616:o TIMEBOOST_net_3329
insert_gate TIMEBOOST_cell_9617 in01f04
insert_net TIMEBOOST_net_3331
disconnect_pin g1897172:o
connect_pin g1897172:o TIMEBOOST_net_3331
connect_pin TIMEBOOST_cell_9617:a TIMEBOOST_net_3331
connect_pin TIMEBOOST_cell_9617:o n_31875
insert_gate TIMEBOOST_cell_9618 in01f04
insert_net TIMEBOOST_net_3332
disconnect_pin g1897172:o
connect_pin g1897172:o TIMEBOOST_net_3332
connect_pin TIMEBOOST_cell_9618:a TIMEBOOST_net_3332
connect_pin TIMEBOOST_cell_9618:o TIMEBOOST_net_3331
insert_gate TIMEBOOST_cell_9619 in01f04
insert_net TIMEBOOST_net_3333
disconnect_pin g2131604:o
connect_pin g2131604:o TIMEBOOST_net_3333
connect_pin TIMEBOOST_cell_9619:a TIMEBOOST_net_3333
connect_pin TIMEBOOST_cell_9619:o n_12556
insert_gate TIMEBOOST_cell_9620 in01f04
insert_net TIMEBOOST_net_3334
disconnect_pin g2131604:o
connect_pin g2131604:o TIMEBOOST_net_3334
connect_pin TIMEBOOST_cell_9620:a TIMEBOOST_net_3334
connect_pin TIMEBOOST_cell_9620:o TIMEBOOST_net_3333
insert_gate TIMEBOOST_cell_9621 in01f04
insert_net TIMEBOOST_net_3335
disconnect_pin g1874740:o
connect_pin g1874740:o TIMEBOOST_net_3335
connect_pin TIMEBOOST_cell_9621:a TIMEBOOST_net_3335
connect_pin TIMEBOOST_cell_9621:o n_28840
insert_gate TIMEBOOST_cell_9622 in01f04
insert_net TIMEBOOST_net_3336
disconnect_pin g1874740:o
connect_pin g1874740:o TIMEBOOST_net_3336
connect_pin TIMEBOOST_cell_9622:a TIMEBOOST_net_3336
connect_pin TIMEBOOST_cell_9622:o TIMEBOOST_net_3335
insert_gate TIMEBOOST_cell_9623 in01f04
insert_net TIMEBOOST_net_3337
disconnect_pin g1896730:o
connect_pin g1896730:o TIMEBOOST_net_3337
connect_pin TIMEBOOST_cell_9623:a TIMEBOOST_net_3337
connect_pin TIMEBOOST_cell_9623:o n_32100
insert_gate TIMEBOOST_cell_9624 in01f04
insert_net TIMEBOOST_net_3338
disconnect_pin g1896730:o
connect_pin g1896730:o TIMEBOOST_net_3338
connect_pin TIMEBOOST_cell_9624:a TIMEBOOST_net_3338
connect_pin TIMEBOOST_cell_9624:o TIMEBOOST_net_3337
insert_gate TIMEBOOST_cell_9625 in01f04
insert_net TIMEBOOST_net_3339
disconnect_pin g1896899:o
connect_pin g1896899:o TIMEBOOST_net_3339
connect_pin TIMEBOOST_cell_9625:a TIMEBOOST_net_3339
connect_pin TIMEBOOST_cell_9625:o n_32014
insert_gate TIMEBOOST_cell_9626 in01f04
insert_net TIMEBOOST_net_3340
disconnect_pin g1896899:o
connect_pin g1896899:o TIMEBOOST_net_3340
connect_pin TIMEBOOST_cell_9626:a TIMEBOOST_net_3340
connect_pin TIMEBOOST_cell_9626:o TIMEBOOST_net_3339
insert_gate TIMEBOOST_cell_9627 in01f04
insert_net TIMEBOOST_net_3341
disconnect_pin g2131880:o
connect_pin g2131880:o TIMEBOOST_net_3341
connect_pin TIMEBOOST_cell_9627:a TIMEBOOST_net_3341
connect_pin TIMEBOOST_cell_9627:o n_12281
insert_gate TIMEBOOST_cell_9628 in01f04
insert_net TIMEBOOST_net_3342
disconnect_pin g2131880:o
connect_pin g2131880:o TIMEBOOST_net_3342
connect_pin TIMEBOOST_cell_9628:a TIMEBOOST_net_3342
connect_pin TIMEBOOST_cell_9628:o TIMEBOOST_net_3341
insert_gate TIMEBOOST_cell_9629 in01f04
insert_net TIMEBOOST_net_3343
disconnect_pin g2145331:o
connect_pin g2145331:o TIMEBOOST_net_3343
connect_pin TIMEBOOST_cell_9629:a TIMEBOOST_net_3343
connect_pin TIMEBOOST_cell_9629:o n_3728
insert_gate TIMEBOOST_cell_9630 in01f04
insert_net TIMEBOOST_net_3344
disconnect_pin g2145331:o
connect_pin g2145331:o TIMEBOOST_net_3344
connect_pin TIMEBOOST_cell_9630:a TIMEBOOST_net_3344
connect_pin TIMEBOOST_cell_9630:o TIMEBOOST_net_3343
insert_gate TIMEBOOST_cell_9631 in01f04
insert_net TIMEBOOST_net_3345
disconnect_pin g2145060:o
connect_pin g2145060:o TIMEBOOST_net_3345
connect_pin TIMEBOOST_cell_9631:a TIMEBOOST_net_3345
connect_pin TIMEBOOST_cell_9631:o n_4000
insert_gate TIMEBOOST_cell_9632 in01f04
insert_net TIMEBOOST_net_3346
disconnect_pin g2145060:o
connect_pin g2145060:o TIMEBOOST_net_3346
connect_pin TIMEBOOST_cell_9632:a TIMEBOOST_net_3346
connect_pin TIMEBOOST_cell_9632:o TIMEBOOST_net_3345
insert_gate TIMEBOOST_cell_9633 in01f04
insert_net TIMEBOOST_net_3347
disconnect_pin g2132295:o
connect_pin g2132295:o TIMEBOOST_net_3347
connect_pin TIMEBOOST_cell_9633:a TIMEBOOST_net_3347
connect_pin TIMEBOOST_cell_9633:o n_11868
insert_gate TIMEBOOST_cell_9634 in01f04
insert_net TIMEBOOST_net_3348
disconnect_pin g2132295:o
connect_pin g2132295:o TIMEBOOST_net_3348
connect_pin TIMEBOOST_cell_9634:a TIMEBOOST_net_3348
connect_pin TIMEBOOST_cell_9634:o TIMEBOOST_net_3347
insert_gate TIMEBOOST_cell_9635 in01f04
insert_net TIMEBOOST_net_3349
disconnect_pin g2145076:o
connect_pin g2145076:o TIMEBOOST_net_3349
connect_pin TIMEBOOST_cell_9635:a TIMEBOOST_net_3349
connect_pin TIMEBOOST_cell_9635:o n_3983
insert_gate TIMEBOOST_cell_9636 in01f04
insert_net TIMEBOOST_net_3350
disconnect_pin g2145076:o
connect_pin g2145076:o TIMEBOOST_net_3350
connect_pin TIMEBOOST_cell_9636:a TIMEBOOST_net_3350
connect_pin TIMEBOOST_cell_9636:o TIMEBOOST_net_3349
insert_gate TIMEBOOST_cell_9637 in01f04
insert_net TIMEBOOST_net_3351
disconnect_pin g2144472:o
connect_pin g2144472:o TIMEBOOST_net_3351
connect_pin TIMEBOOST_cell_9637:a TIMEBOOST_net_3351
connect_pin TIMEBOOST_cell_9637:o n_4587
insert_gate TIMEBOOST_cell_9638 in01f04
insert_net TIMEBOOST_net_3352
disconnect_pin g2144472:o
connect_pin g2144472:o TIMEBOOST_net_3352
connect_pin TIMEBOOST_cell_9638:a TIMEBOOST_net_3352
connect_pin TIMEBOOST_cell_9638:o TIMEBOOST_net_3351
insert_gate TIMEBOOST_cell_9639 in01f04
insert_net TIMEBOOST_net_3353
disconnect_pin g1897134:o
connect_pin g1897134:o TIMEBOOST_net_3353
connect_pin TIMEBOOST_cell_9639:a TIMEBOOST_net_3353
connect_pin TIMEBOOST_cell_9639:o n_31894
insert_gate TIMEBOOST_cell_9640 in01f04
insert_net TIMEBOOST_net_3354
disconnect_pin g1897134:o
connect_pin g1897134:o TIMEBOOST_net_3354
connect_pin TIMEBOOST_cell_9640:a TIMEBOOST_net_3354
connect_pin TIMEBOOST_cell_9640:o TIMEBOOST_net_3353
insert_gate TIMEBOOST_cell_9641 in01f10
insert_net TIMEBOOST_net_3355
disconnect_pin g2145433:o
connect_pin g2145433:o TIMEBOOST_net_3355
connect_pin TIMEBOOST_cell_9641:a TIMEBOOST_net_3355
connect_pin TIMEBOOST_cell_9641:o n_3626
insert_gate TIMEBOOST_cell_9642 in01f10
insert_net TIMEBOOST_net_3356
disconnect_pin g2145433:o
connect_pin g2145433:o TIMEBOOST_net_3356
connect_pin TIMEBOOST_cell_9642:a TIMEBOOST_net_3356
connect_pin TIMEBOOST_cell_9642:o TIMEBOOST_net_3355
insert_gate TIMEBOOST_cell_9643 in01f04
insert_net TIMEBOOST_net_3357
disconnect_pin g1886794:o
connect_pin g1886794:o TIMEBOOST_net_3357
connect_pin TIMEBOOST_cell_9643:a TIMEBOOST_net_3357
connect_pin TIMEBOOST_cell_9643:o n_21797
insert_gate TIMEBOOST_cell_9644 in01f04
insert_net TIMEBOOST_net_3358
disconnect_pin g1886794:o
connect_pin g1886794:o TIMEBOOST_net_3358
connect_pin TIMEBOOST_cell_9644:a TIMEBOOST_net_3358
connect_pin TIMEBOOST_cell_9644:o TIMEBOOST_net_3357
insert_gate TIMEBOOST_cell_9645 in01s02
insert_net TIMEBOOST_net_3359
disconnect_pin g2133903:b
connect_pin g2133903:b TIMEBOOST_net_3359
connect_pin TIMEBOOST_cell_9645:a FE_OFN28646_n_22005
connect_pin TIMEBOOST_cell_9645:o TIMEBOOST_net_3359
insert_gate TIMEBOOST_cell_9646 in01s02
insert_net TIMEBOOST_net_3360
disconnect_pin g2133903:b
connect_pin g2133903:b TIMEBOOST_net_3360
connect_pin TIMEBOOST_cell_9646:a TIMEBOOST_net_3359
connect_pin TIMEBOOST_cell_9646:o TIMEBOOST_net_3360
insert_gate TIMEBOOST_cell_9647 in01s02
insert_net TIMEBOOST_net_3361
disconnect_pin g2133885:b
connect_pin g2133885:b TIMEBOOST_net_3361
connect_pin TIMEBOOST_cell_9647:a FE_OFN28672_n_21982
connect_pin TIMEBOOST_cell_9647:o TIMEBOOST_net_3361
insert_gate TIMEBOOST_cell_9648 in01s02
insert_net TIMEBOOST_net_3362
disconnect_pin g2133885:b
connect_pin g2133885:b TIMEBOOST_net_3362
connect_pin TIMEBOOST_cell_9648:a TIMEBOOST_net_3361
connect_pin TIMEBOOST_cell_9648:o TIMEBOOST_net_3362
insert_gate TIMEBOOST_cell_9649 in01s02
insert_net TIMEBOOST_net_3363
disconnect_pin g2125253:b
connect_pin g2125253:b TIMEBOOST_net_3363
connect_pin TIMEBOOST_cell_9649:a FE_OFN28775_n_7402
connect_pin TIMEBOOST_cell_9649:o TIMEBOOST_net_3363
insert_gate TIMEBOOST_cell_9650 in01s02
insert_net TIMEBOOST_net_3364
disconnect_pin g2125253:b
connect_pin g2125253:b TIMEBOOST_net_3364
connect_pin TIMEBOOST_cell_9650:a TIMEBOOST_net_3363
connect_pin TIMEBOOST_cell_9650:o TIMEBOOST_net_3364
insert_gate TIMEBOOST_cell_9651 in01s01
insert_net TIMEBOOST_net_3365
disconnect_pin g2123811:b
connect_pin g2123811:b TIMEBOOST_net_3365
connect_pin TIMEBOOST_cell_9651:a FE_OFN28921_n_5978
connect_pin TIMEBOOST_cell_9651:o TIMEBOOST_net_3365
insert_gate TIMEBOOST_cell_9652 in01s01
insert_net TIMEBOOST_net_3366
disconnect_pin g2123811:b
connect_pin g2123811:b TIMEBOOST_net_3366
connect_pin TIMEBOOST_cell_9652:a TIMEBOOST_net_3365
connect_pin TIMEBOOST_cell_9652:o TIMEBOOST_net_3366
insert_gate TIMEBOOST_cell_9653 in01s02
insert_net TIMEBOOST_net_3367
disconnect_pin g2125233:b
connect_pin g2125233:b TIMEBOOST_net_3367
connect_pin TIMEBOOST_cell_9653:a FE_OFN29065_n_5382
connect_pin TIMEBOOST_cell_9653:o TIMEBOOST_net_3367
insert_gate TIMEBOOST_cell_9654 in01s02
insert_net TIMEBOOST_net_3368
disconnect_pin g2125233:b
connect_pin g2125233:b TIMEBOOST_net_3368
connect_pin TIMEBOOST_cell_9654:a TIMEBOOST_net_3367
connect_pin TIMEBOOST_cell_9654:o TIMEBOOST_net_3368
insert_gate TIMEBOOST_cell_9655 in01s02
insert_net TIMEBOOST_net_3369
disconnect_pin g2133482:b
connect_pin g2133482:b TIMEBOOST_net_3369
connect_pin TIMEBOOST_cell_9655:a FE_OFN29859_n_22016
connect_pin TIMEBOOST_cell_9655:o TIMEBOOST_net_3369
insert_gate TIMEBOOST_cell_9656 in01s02
insert_net TIMEBOOST_net_3370
disconnect_pin g2133482:b
connect_pin g2133482:b TIMEBOOST_net_3370
connect_pin TIMEBOOST_cell_9656:a TIMEBOOST_net_3369
connect_pin TIMEBOOST_cell_9656:o TIMEBOOST_net_3370
insert_gate TIMEBOOST_cell_9657 in01s02
insert_net TIMEBOOST_net_3371
disconnect_pin g2133902:b
connect_pin g2133902:b TIMEBOOST_net_3371
connect_pin TIMEBOOST_cell_9657:a FE_OFN29861_n_21998
connect_pin TIMEBOOST_cell_9657:o TIMEBOOST_net_3371
insert_gate TIMEBOOST_cell_9658 in01s02
insert_net TIMEBOOST_net_3372
disconnect_pin g2133902:b
connect_pin g2133902:b TIMEBOOST_net_3372
connect_pin TIMEBOOST_cell_9658:a TIMEBOOST_net_3371
connect_pin TIMEBOOST_cell_9658:o TIMEBOOST_net_3372
insert_gate TIMEBOOST_cell_9659 in01s02
insert_net TIMEBOOST_net_3373
disconnect_pin g2133893:b
connect_pin g2133893:b TIMEBOOST_net_3373
connect_pin TIMEBOOST_cell_9659:a FE_OFN29871_n_21987
connect_pin TIMEBOOST_cell_9659:o TIMEBOOST_net_3373
insert_gate TIMEBOOST_cell_9660 in01s02
insert_net TIMEBOOST_net_3374
disconnect_pin g2133893:b
connect_pin g2133893:b TIMEBOOST_net_3374
connect_pin TIMEBOOST_cell_9660:a TIMEBOOST_net_3373
connect_pin TIMEBOOST_cell_9660:o TIMEBOOST_net_3374
insert_gate TIMEBOOST_cell_9661 in01s02
insert_net TIMEBOOST_net_3375
disconnect_pin g2133886:b
connect_pin g2133886:b TIMEBOOST_net_3375
connect_pin TIMEBOOST_cell_9661:a FE_OFN29879_n_21979
connect_pin TIMEBOOST_cell_9661:o TIMEBOOST_net_3375
insert_gate TIMEBOOST_cell_9662 in01s02
insert_net TIMEBOOST_net_3376
disconnect_pin g2133886:b
connect_pin g2133886:b TIMEBOOST_net_3376
connect_pin TIMEBOOST_cell_9662:a TIMEBOOST_net_3375
connect_pin TIMEBOOST_cell_9662:o TIMEBOOST_net_3376
insert_gate TIMEBOOST_cell_9663 in01s02
insert_net TIMEBOOST_net_3377
disconnect_pin g2133481:b
connect_pin g2133481:b TIMEBOOST_net_3377
connect_pin TIMEBOOST_cell_9663:a FE_OFN29883_n_21976
connect_pin TIMEBOOST_cell_9663:o TIMEBOOST_net_3377
insert_gate TIMEBOOST_cell_9664 in01s02
insert_net TIMEBOOST_net_3378
disconnect_pin g2133481:b
connect_pin g2133481:b TIMEBOOST_net_3378
connect_pin TIMEBOOST_cell_9664:a TIMEBOOST_net_3377
connect_pin TIMEBOOST_cell_9664:o TIMEBOOST_net_3378
insert_gate TIMEBOOST_cell_9665 in01s02
insert_net TIMEBOOST_net_3379
disconnect_pin g1900082:b
connect_pin g1900082:b TIMEBOOST_net_3379
connect_pin TIMEBOOST_cell_9665:a n_62443
connect_pin TIMEBOOST_cell_9665:o TIMEBOOST_net_3379
insert_gate TIMEBOOST_cell_9666 in01s02
insert_net TIMEBOOST_net_3380
disconnect_pin g1900082:b
connect_pin g1900082:b TIMEBOOST_net_3380
connect_pin TIMEBOOST_cell_9666:a TIMEBOOST_net_3379
connect_pin TIMEBOOST_cell_9666:o TIMEBOOST_net_3380
insert_gate TIMEBOOST_cell_9667 in01s02
insert_net TIMEBOOST_net_3381
disconnect_pin g1881695:b
connect_pin g1881695:b TIMEBOOST_net_3381
connect_pin TIMEBOOST_cell_9667:a n_62268
connect_pin TIMEBOOST_cell_9667:o TIMEBOOST_net_3381
insert_gate TIMEBOOST_cell_9668 in01s02
insert_net TIMEBOOST_net_3382
disconnect_pin g1881695:b
connect_pin g1881695:b TIMEBOOST_net_3382
connect_pin TIMEBOOST_cell_9668:a TIMEBOOST_net_3381
connect_pin TIMEBOOST_cell_9668:o TIMEBOOST_net_3382
insert_gate TIMEBOOST_cell_9669 in01s02
insert_net TIMEBOOST_net_3383
disconnect_pin TIMEBOOST_cell_255:b
connect_pin TIMEBOOST_cell_255:b TIMEBOOST_net_3383
connect_pin TIMEBOOST_cell_9669:a FE_OFN39878_ternarymux_ln49_unr1_z_11_
connect_pin TIMEBOOST_cell_9669:o TIMEBOOST_net_3383
insert_gate TIMEBOOST_cell_9670 in01s02
insert_net TIMEBOOST_net_3384
disconnect_pin TIMEBOOST_cell_255:b
connect_pin TIMEBOOST_cell_255:b TIMEBOOST_net_3384
connect_pin TIMEBOOST_cell_9670:a TIMEBOOST_net_3383
connect_pin TIMEBOOST_cell_9670:o TIMEBOOST_net_3384
insert_gate TIMEBOOST_cell_9671 in01s01
insert_net TIMEBOOST_net_3385
disconnect_pin g1886002:a
connect_pin g1886002:a TIMEBOOST_net_3385
connect_pin TIMEBOOST_cell_9671:a mux_g_ln477_q_9_
connect_pin TIMEBOOST_cell_9671:o TIMEBOOST_net_3385
insert_gate TIMEBOOST_cell_9672 in01s01
insert_net TIMEBOOST_net_3386
disconnect_pin g1886002:a
connect_pin g1886002:a TIMEBOOST_net_3386
connect_pin TIMEBOOST_cell_9672:a TIMEBOOST_net_3385
connect_pin TIMEBOOST_cell_9672:o TIMEBOOST_net_3386
insert_gate TIMEBOOST_cell_9673 in01s01
insert_net TIMEBOOST_net_3387
disconnect_pin g1886000:a
connect_pin g1886000:a TIMEBOOST_net_3387
connect_pin TIMEBOOST_cell_9673:a mux_g_ln477_q_8_
connect_pin TIMEBOOST_cell_9673:o TIMEBOOST_net_3387
insert_gate TIMEBOOST_cell_9674 in01s01
insert_net TIMEBOOST_net_3388
disconnect_pin g1886000:a
connect_pin g1886000:a TIMEBOOST_net_3388
connect_pin TIMEBOOST_cell_9674:a TIMEBOOST_net_3387
connect_pin TIMEBOOST_cell_9674:o TIMEBOOST_net_3388
insert_gate TIMEBOOST_cell_9675 in01s02
insert_net TIMEBOOST_net_3389
disconnect_pin g2135602:c
connect_pin g2135602:c TIMEBOOST_net_3389
connect_pin TIMEBOOST_cell_9675:a ternarymux_ln49_unr18_z_4__4398127
connect_pin TIMEBOOST_cell_9675:o TIMEBOOST_net_3389
insert_gate TIMEBOOST_cell_9676 in01s02
insert_net TIMEBOOST_net_3390
disconnect_pin g2135602:c
connect_pin g2135602:c TIMEBOOST_net_3390
connect_pin TIMEBOOST_cell_9676:a TIMEBOOST_net_3389
connect_pin TIMEBOOST_cell_9676:o TIMEBOOST_net_3390
insert_gate TIMEBOOST_cell_9677 in01s02
insert_net TIMEBOOST_net_3391
disconnect_pin g2135653:c
connect_pin g2135653:c TIMEBOOST_net_3391
connect_pin TIMEBOOST_cell_9677:a ternarymux_ln49_unr28_z_1__4397968
connect_pin TIMEBOOST_cell_9677:o TIMEBOOST_net_3391
insert_gate TIMEBOOST_cell_9678 in01s02
insert_net TIMEBOOST_net_3392
disconnect_pin g2135653:c
connect_pin g2135653:c TIMEBOOST_net_3392
connect_pin TIMEBOOST_cell_9678:a TIMEBOOST_net_3391
connect_pin TIMEBOOST_cell_9678:o TIMEBOOST_net_3392
insert_gate TIMEBOOST_cell_9679 in01s01
insert_net TIMEBOOST_net_3393
disconnect_pin g1885997:a
connect_pin g1885997:a TIMEBOOST_net_3393
connect_pin TIMEBOOST_cell_9679:a mux_g_ln477_q_10_
connect_pin TIMEBOOST_cell_9679:o TIMEBOOST_net_3393
insert_gate TIMEBOOST_cell_9680 in01s01
insert_net TIMEBOOST_net_3394
disconnect_pin g1885997:a
connect_pin g1885997:a TIMEBOOST_net_3394
connect_pin TIMEBOOST_cell_9680:a TIMEBOOST_net_3393
connect_pin TIMEBOOST_cell_9680:o TIMEBOOST_net_3394
insert_gate TIMEBOOST_cell_9681 in01s02
insert_net TIMEBOOST_net_3395
disconnect_pin g2299609:a
connect_pin g2299609:a TIMEBOOST_net_3395
connect_pin TIMEBOOST_cell_9681:a mux_g_ln477_q_736_
connect_pin TIMEBOOST_cell_9681:o TIMEBOOST_net_3395
insert_gate TIMEBOOST_cell_9682 in01s02
insert_net TIMEBOOST_net_3396
disconnect_pin g2299609:a
connect_pin g2299609:a TIMEBOOST_net_3396
connect_pin TIMEBOOST_cell_9682:a TIMEBOOST_net_3395
connect_pin TIMEBOOST_cell_9682:o TIMEBOOST_net_3396
insert_gate TIMEBOOST_cell_9683 in01s02
insert_net TIMEBOOST_net_3397
disconnect_pin g1900064:b
connect_pin g1900064:b TIMEBOOST_net_3397
connect_pin TIMEBOOST_cell_9683:a n_62499
connect_pin TIMEBOOST_cell_9683:o TIMEBOOST_net_3397
insert_gate TIMEBOOST_cell_9684 in01s02
insert_net TIMEBOOST_net_3398
disconnect_pin g1900064:b
connect_pin g1900064:b TIMEBOOST_net_3398
connect_pin TIMEBOOST_cell_9684:a TIMEBOOST_net_3397
connect_pin TIMEBOOST_cell_9684:o TIMEBOOST_net_3398
insert_gate TIMEBOOST_cell_9685 in01s02
insert_net TIMEBOOST_net_3399
disconnect_pin g2123704:c
connect_pin g2123704:c TIMEBOOST_net_3399
connect_pin TIMEBOOST_cell_9685:a n_9342
connect_pin TIMEBOOST_cell_9685:o TIMEBOOST_net_3399
insert_gate TIMEBOOST_cell_9686 in01s02
insert_net TIMEBOOST_net_3400
disconnect_pin g2123704:c
connect_pin g2123704:c TIMEBOOST_net_3400
connect_pin TIMEBOOST_cell_9686:a TIMEBOOST_net_3399
connect_pin TIMEBOOST_cell_9686:o TIMEBOOST_net_3400
insert_gate TIMEBOOST_cell_9687 in01s02
insert_net TIMEBOOST_net_3401
disconnect_pin g2124743:b
connect_pin g2124743:b TIMEBOOST_net_3401
connect_pin TIMEBOOST_cell_9687:a n_9920
connect_pin TIMEBOOST_cell_9687:o TIMEBOOST_net_3401
insert_gate TIMEBOOST_cell_9688 in01s02
insert_net TIMEBOOST_net_3402
disconnect_pin g2124743:b
connect_pin g2124743:b TIMEBOOST_net_3402
connect_pin TIMEBOOST_cell_9688:a TIMEBOOST_net_3401
connect_pin TIMEBOOST_cell_9688:o TIMEBOOST_net_3402
insert_gate TIMEBOOST_cell_9689 in01s02
insert_net TIMEBOOST_net_3403
disconnect_pin g2286934:d
connect_pin g2286934:d TIMEBOOST_net_3403
connect_pin TIMEBOOST_cell_9689:a mux_g_ln477_q_376_
connect_pin TIMEBOOST_cell_9689:o TIMEBOOST_net_3403
insert_gate TIMEBOOST_cell_9690 in01s02
insert_net TIMEBOOST_net_3404
disconnect_pin g2286934:d
connect_pin g2286934:d TIMEBOOST_net_3404
connect_pin TIMEBOOST_cell_9690:a TIMEBOOST_net_3403
connect_pin TIMEBOOST_cell_9690:o TIMEBOOST_net_3404
insert_gate TIMEBOOST_cell_9691 in01s02
insert_net TIMEBOOST_net_3405
disconnect_pin g2286925:b
connect_pin g2286925:b TIMEBOOST_net_3405
connect_pin TIMEBOOST_cell_9691:a memread_edit_dist_g2_ln254_unr31_q_6_
connect_pin TIMEBOOST_cell_9691:o TIMEBOOST_net_3405
insert_gate TIMEBOOST_cell_9692 in01s02
insert_net TIMEBOOST_net_3406
disconnect_pin g2286925:b
connect_pin g2286925:b TIMEBOOST_net_3406
connect_pin TIMEBOOST_cell_9692:a TIMEBOOST_net_3405
connect_pin TIMEBOOST_cell_9692:o TIMEBOOST_net_3406
insert_gate TIMEBOOST_cell_9693 in01s02
insert_net TIMEBOOST_net_3407
disconnect_pin g2286925:d
connect_pin g2286925:d TIMEBOOST_net_3407
connect_pin TIMEBOOST_cell_9693:a mux_g_ln477_q_378_
connect_pin TIMEBOOST_cell_9693:o TIMEBOOST_net_3407
insert_gate TIMEBOOST_cell_9694 in01s02
insert_net TIMEBOOST_net_3408
disconnect_pin g2286925:d
connect_pin g2286925:d TIMEBOOST_net_3408
connect_pin TIMEBOOST_cell_9694:a TIMEBOOST_net_3407
connect_pin TIMEBOOST_cell_9694:o TIMEBOOST_net_3408
insert_gate TIMEBOOST_cell_9695 in01s03
insert_net TIMEBOOST_net_3409
disconnect_pin mux_g_ln477_q_reg_215_:o
connect_pin mux_g_ln477_q_reg_215_:o TIMEBOOST_net_3409
connect_pin TIMEBOOST_cell_9695:a TIMEBOOST_net_3409
connect_pin TIMEBOOST_cell_9695:o mux_g_ln477_q_215_
insert_gate TIMEBOOST_cell_9696 in01s03
insert_net TIMEBOOST_net_3410
disconnect_pin mux_g_ln477_q_reg_215_:o
connect_pin mux_g_ln477_q_reg_215_:o TIMEBOOST_net_3410
connect_pin TIMEBOOST_cell_9696:a TIMEBOOST_net_3410
connect_pin TIMEBOOST_cell_9696:o TIMEBOOST_net_3409
insert_gate TIMEBOOST_cell_9697 in01s03
insert_net TIMEBOOST_net_3411
disconnect_pin memread_edit_dist_g2_ln254_unr4_q_reg_11_:o
connect_pin memread_edit_dist_g2_ln254_unr4_q_reg_11_:o TIMEBOOST_net_3411
connect_pin TIMEBOOST_cell_9697:a TIMEBOOST_net_3411
connect_pin TIMEBOOST_cell_9697:o memread_edit_dist_g2_ln254_unr4_q_11_
insert_gate TIMEBOOST_cell_9698 in01s03
insert_net TIMEBOOST_net_3412
disconnect_pin memread_edit_dist_g2_ln254_unr4_q_reg_11_:o
connect_pin memread_edit_dist_g2_ln254_unr4_q_reg_11_:o TIMEBOOST_net_3412
connect_pin TIMEBOOST_cell_9698:a TIMEBOOST_net_3412
connect_pin TIMEBOOST_cell_9698:o TIMEBOOST_net_3411
insert_gate TIMEBOOST_cell_9699 in01s03
insert_net TIMEBOOST_net_3413
disconnect_pin memread_edit_dist_g2_ln254_unr104_q_reg_8_:o
connect_pin memread_edit_dist_g2_ln254_unr104_q_reg_8_:o TIMEBOOST_net_3413
connect_pin TIMEBOOST_cell_9699:a TIMEBOOST_net_3413
connect_pin TIMEBOOST_cell_9699:o memread_edit_dist_g2_ln254_unr104_q_8_
insert_gate TIMEBOOST_cell_9700 in01s03
insert_net TIMEBOOST_net_3414
disconnect_pin memread_edit_dist_g2_ln254_unr104_q_reg_8_:o
connect_pin memread_edit_dist_g2_ln254_unr104_q_reg_8_:o TIMEBOOST_net_3414
connect_pin TIMEBOOST_cell_9700:a TIMEBOOST_net_3414
connect_pin TIMEBOOST_cell_9700:o TIMEBOOST_net_3413
insert_gate TIMEBOOST_cell_9701 in01s04
insert_net TIMEBOOST_net_3415
disconnect_pin g2300040:c
connect_pin g2300040:c TIMEBOOST_net_3415
connect_pin TIMEBOOST_cell_9701:a mux_g_ln477_q_724_
connect_pin TIMEBOOST_cell_9701:o TIMEBOOST_net_3415
insert_gate TIMEBOOST_cell_9702 in01s04
insert_net TIMEBOOST_net_3416
disconnect_pin g2300040:c
connect_pin g2300040:c TIMEBOOST_net_3416
connect_pin TIMEBOOST_cell_9702:a TIMEBOOST_net_3415
connect_pin TIMEBOOST_cell_9702:o TIMEBOOST_net_3416
insert_gate TIMEBOOST_cell_9703 in01s04
insert_net TIMEBOOST_net_3417
disconnect_pin g2300414:a
connect_pin g2300414:a TIMEBOOST_net_3417
connect_pin TIMEBOOST_cell_9703:a mux_g_ln477_q_1180_
connect_pin TIMEBOOST_cell_9703:o TIMEBOOST_net_3417
insert_gate TIMEBOOST_cell_9704 in01s04
insert_net TIMEBOOST_net_3418
disconnect_pin g2300414:a
connect_pin g2300414:a TIMEBOOST_net_3418
connect_pin TIMEBOOST_cell_9704:a TIMEBOOST_net_3417
connect_pin TIMEBOOST_cell_9704:o TIMEBOOST_net_3418
insert_gate TIMEBOOST_cell_9705 in01s01
insert_net TIMEBOOST_net_3419
disconnect_pin TIMEBOOST_cell_9679:a
connect_pin TIMEBOOST_cell_9679:a TIMEBOOST_net_3419
connect_pin TIMEBOOST_cell_9705:a mux_g_ln477_q_10_
connect_pin TIMEBOOST_cell_9705:o TIMEBOOST_net_3419
insert_gate TIMEBOOST_cell_9706 in01s01
insert_net TIMEBOOST_net_3420
disconnect_pin TIMEBOOST_cell_9679:a
connect_pin TIMEBOOST_cell_9679:a TIMEBOOST_net_3420
connect_pin TIMEBOOST_cell_9706:a TIMEBOOST_net_3419
connect_pin TIMEBOOST_cell_9706:o TIMEBOOST_net_3420
insert_gate TIMEBOOST_cell_9707 in01s01
insert_net TIMEBOOST_net_3421
disconnect_pin TIMEBOOST_cell_9679:a
connect_pin TIMEBOOST_cell_9679:a TIMEBOOST_net_3421
connect_pin TIMEBOOST_cell_9707:a TIMEBOOST_net_3420
connect_pin TIMEBOOST_cell_9707:o TIMEBOOST_net_3421
insert_gate TIMEBOOST_cell_9708 in01s01
insert_net TIMEBOOST_net_3422
disconnect_pin TIMEBOOST_cell_9679:a
connect_pin TIMEBOOST_cell_9679:a TIMEBOOST_net_3422
connect_pin TIMEBOOST_cell_9708:a TIMEBOOST_net_3421
connect_pin TIMEBOOST_cell_9708:o TIMEBOOST_net_3422
insert_gate TIMEBOOST_cell_9709 in01s02
insert_net TIMEBOOST_net_3423
disconnect_pin TIMEBOOST_cell_9681:a
connect_pin TIMEBOOST_cell_9681:a TIMEBOOST_net_3423
connect_pin TIMEBOOST_cell_9709:a mux_g_ln477_q_736_
connect_pin TIMEBOOST_cell_9709:o TIMEBOOST_net_3423
insert_gate TIMEBOOST_cell_9710 in01s02
insert_net TIMEBOOST_net_3424
disconnect_pin TIMEBOOST_cell_9681:a
connect_pin TIMEBOOST_cell_9681:a TIMEBOOST_net_3424
connect_pin TIMEBOOST_cell_9710:a TIMEBOOST_net_3423
connect_pin TIMEBOOST_cell_9710:o TIMEBOOST_net_3424
insert_gate TIMEBOOST_cell_9711 in01s02
insert_net TIMEBOOST_net_3425
disconnect_pin TIMEBOOST_cell_9681:a
connect_pin TIMEBOOST_cell_9681:a TIMEBOOST_net_3425
connect_pin TIMEBOOST_cell_9711:a TIMEBOOST_net_3424
connect_pin TIMEBOOST_cell_9711:o TIMEBOOST_net_3425
insert_gate TIMEBOOST_cell_9712 in01s02
insert_net TIMEBOOST_net_3426
disconnect_pin TIMEBOOST_cell_9681:a
connect_pin TIMEBOOST_cell_9681:a TIMEBOOST_net_3426
connect_pin TIMEBOOST_cell_9712:a TIMEBOOST_net_3425
connect_pin TIMEBOOST_cell_9712:o TIMEBOOST_net_3426
insert_gate TIMEBOOST_cell_9713 in01s03
insert_net TIMEBOOST_net_3427
disconnect_pin memread_edit_dist_g2_ln254_unr17_q_reg_11_:o
connect_pin memread_edit_dist_g2_ln254_unr17_q_reg_11_:o TIMEBOOST_net_3427
connect_pin TIMEBOOST_cell_9713:a TIMEBOOST_net_3427
connect_pin TIMEBOOST_cell_9713:o memread_edit_dist_g2_ln254_unr17_q_11_
insert_gate TIMEBOOST_cell_9714 in01s03
insert_net TIMEBOOST_net_3428
disconnect_pin memread_edit_dist_g2_ln254_unr17_q_reg_11_:o
connect_pin memread_edit_dist_g2_ln254_unr17_q_reg_11_:o TIMEBOOST_net_3428
connect_pin TIMEBOOST_cell_9714:a TIMEBOOST_net_3428
connect_pin TIMEBOOST_cell_9714:o TIMEBOOST_net_3427
insert_gate TIMEBOOST_cell_9715 in01s02
insert_net TIMEBOOST_net_3429
disconnect_pin TIMEBOOST_cell_9689:a
connect_pin TIMEBOOST_cell_9689:a TIMEBOOST_net_3429
connect_pin TIMEBOOST_cell_9715:a mux_g_ln477_q_376_
connect_pin TIMEBOOST_cell_9715:o TIMEBOOST_net_3429
insert_gate TIMEBOOST_cell_9716 in01s02
insert_net TIMEBOOST_net_3430
disconnect_pin TIMEBOOST_cell_9689:a
connect_pin TIMEBOOST_cell_9689:a TIMEBOOST_net_3430
connect_pin TIMEBOOST_cell_9716:a TIMEBOOST_net_3429
connect_pin TIMEBOOST_cell_9716:o TIMEBOOST_net_3430
insert_gate TIMEBOOST_cell_9717 in01s02
insert_net TIMEBOOST_net_3431
disconnect_pin TIMEBOOST_cell_9689:a
connect_pin TIMEBOOST_cell_9689:a TIMEBOOST_net_3431
connect_pin TIMEBOOST_cell_9717:a TIMEBOOST_net_3430
connect_pin TIMEBOOST_cell_9717:o TIMEBOOST_net_3431
insert_gate TIMEBOOST_cell_9718 in01s02
insert_net TIMEBOOST_net_3432
disconnect_pin TIMEBOOST_cell_9689:a
connect_pin TIMEBOOST_cell_9689:a TIMEBOOST_net_3432
connect_pin TIMEBOOST_cell_9718:a TIMEBOOST_net_3431
connect_pin TIMEBOOST_cell_9718:o TIMEBOOST_net_3432
insert_gate TIMEBOOST_cell_9719 in01s01
insert_net TIMEBOOST_net_3433
disconnect_pin TIMEBOOST_cell_9671:a
connect_pin TIMEBOOST_cell_9671:a TIMEBOOST_net_3433
connect_pin TIMEBOOST_cell_9719:a mux_g_ln477_q_9_
connect_pin TIMEBOOST_cell_9719:o TIMEBOOST_net_3433
insert_gate TIMEBOOST_cell_9720 in01s01
insert_net TIMEBOOST_net_3434
disconnect_pin TIMEBOOST_cell_9671:a
connect_pin TIMEBOOST_cell_9671:a TIMEBOOST_net_3434
connect_pin TIMEBOOST_cell_9720:a TIMEBOOST_net_3433
connect_pin TIMEBOOST_cell_9720:o TIMEBOOST_net_3434
insert_gate TIMEBOOST_cell_9721 in01s02
insert_net TIMEBOOST_net_3435
disconnect_pin TIMEBOOST_cell_9691:a
connect_pin TIMEBOOST_cell_9691:a TIMEBOOST_net_3435
connect_pin TIMEBOOST_cell_9721:a memread_edit_dist_g2_ln254_unr31_q_6_
connect_pin TIMEBOOST_cell_9721:o TIMEBOOST_net_3435
insert_gate TIMEBOOST_cell_9722 in01s02
insert_net TIMEBOOST_net_3436
disconnect_pin TIMEBOOST_cell_9691:a
connect_pin TIMEBOOST_cell_9691:a TIMEBOOST_net_3436
connect_pin TIMEBOOST_cell_9722:a TIMEBOOST_net_3435
connect_pin TIMEBOOST_cell_9722:o TIMEBOOST_net_3436
insert_gate TIMEBOOST_cell_9723 in01s02
insert_net TIMEBOOST_net_3437
disconnect_pin TIMEBOOST_cell_9691:a
connect_pin TIMEBOOST_cell_9691:a TIMEBOOST_net_3437
connect_pin TIMEBOOST_cell_9723:a TIMEBOOST_net_3436
connect_pin TIMEBOOST_cell_9723:o TIMEBOOST_net_3437
insert_gate TIMEBOOST_cell_9724 in01s02
insert_net TIMEBOOST_net_3438
disconnect_pin TIMEBOOST_cell_9691:a
connect_pin TIMEBOOST_cell_9691:a TIMEBOOST_net_3438
connect_pin TIMEBOOST_cell_9724:a TIMEBOOST_net_3437
connect_pin TIMEBOOST_cell_9724:o TIMEBOOST_net_3438
insert_gate TIMEBOOST_cell_9725 in01s02
insert_net TIMEBOOST_net_3439
disconnect_pin TIMEBOOST_cell_9693:a
connect_pin TIMEBOOST_cell_9693:a TIMEBOOST_net_3439
connect_pin TIMEBOOST_cell_9725:a mux_g_ln477_q_378_
connect_pin TIMEBOOST_cell_9725:o TIMEBOOST_net_3439
insert_gate TIMEBOOST_cell_9726 in01s02
insert_net TIMEBOOST_net_3440
disconnect_pin TIMEBOOST_cell_9693:a
connect_pin TIMEBOOST_cell_9693:a TIMEBOOST_net_3440
connect_pin TIMEBOOST_cell_9726:a TIMEBOOST_net_3439
connect_pin TIMEBOOST_cell_9726:o TIMEBOOST_net_3440
insert_gate TIMEBOOST_cell_9727 in01s02
insert_net TIMEBOOST_net_3441
disconnect_pin TIMEBOOST_cell_9693:a
connect_pin TIMEBOOST_cell_9693:a TIMEBOOST_net_3441
connect_pin TIMEBOOST_cell_9727:a TIMEBOOST_net_3440
connect_pin TIMEBOOST_cell_9727:o TIMEBOOST_net_3441
insert_gate TIMEBOOST_cell_9728 in01s02
insert_net TIMEBOOST_net_3442
disconnect_pin TIMEBOOST_cell_9693:a
connect_pin TIMEBOOST_cell_9693:a TIMEBOOST_net_3442
connect_pin TIMEBOOST_cell_9728:a TIMEBOOST_net_3441
connect_pin TIMEBOOST_cell_9728:o TIMEBOOST_net_3442
insert_gate TIMEBOOST_cell_9729 in01s02
insert_net TIMEBOOST_net_3443
disconnect_pin TIMEBOOST_cell_9693:a
connect_pin TIMEBOOST_cell_9693:a TIMEBOOST_net_3443
connect_pin TIMEBOOST_cell_9729:a TIMEBOOST_net_3442
connect_pin TIMEBOOST_cell_9729:o TIMEBOOST_net_3443
insert_gate TIMEBOOST_cell_9730 in01s02
insert_net TIMEBOOST_net_3444
disconnect_pin TIMEBOOST_cell_9693:a
connect_pin TIMEBOOST_cell_9693:a TIMEBOOST_net_3444
connect_pin TIMEBOOST_cell_9730:a TIMEBOOST_net_3443
connect_pin TIMEBOOST_cell_9730:o TIMEBOOST_net_3444
insert_gate TIMEBOOST_cell_9731 in01s02
insert_net TIMEBOOST_net_3445
disconnect_pin g2139578:a
connect_pin g2139578:a TIMEBOOST_net_3445
connect_pin TIMEBOOST_cell_9731:a memread_edit_dist_g2_ln254_unr93_q_3_
connect_pin TIMEBOOST_cell_9731:o TIMEBOOST_net_3445
insert_gate TIMEBOOST_cell_9732 in01s02
insert_net TIMEBOOST_net_3446
disconnect_pin g2139578:a
connect_pin g2139578:a TIMEBOOST_net_3446
connect_pin TIMEBOOST_cell_9732:a TIMEBOOST_net_3445
connect_pin TIMEBOOST_cell_9732:o TIMEBOOST_net_3446
insert_gate TIMEBOOST_cell_9733 in01s02
insert_net TIMEBOOST_net_3447
disconnect_pin g2141568:c
connect_pin g2141568:c TIMEBOOST_net_3447
connect_pin TIMEBOOST_cell_9733:a mux_g_ln477_q_1384_
connect_pin TIMEBOOST_cell_9733:o TIMEBOOST_net_3447
insert_gate TIMEBOOST_cell_9734 in01s02
insert_net TIMEBOOST_net_3448
disconnect_pin g2141568:c
connect_pin g2141568:c TIMEBOOST_net_3448
connect_pin TIMEBOOST_cell_9734:a TIMEBOOST_net_3447
connect_pin TIMEBOOST_cell_9734:o TIMEBOOST_net_3448
insert_gate TIMEBOOST_cell_9735 in01s03
insert_net TIMEBOOST_net_3449
disconnect_pin mux_g_ln477_q_reg_59_:o
connect_pin mux_g_ln477_q_reg_59_:o TIMEBOOST_net_3449
connect_pin TIMEBOOST_cell_9735:a TIMEBOOST_net_3449
connect_pin TIMEBOOST_cell_9735:o mux_g_ln477_q_59_
insert_gate TIMEBOOST_cell_9736 in01s03
insert_net TIMEBOOST_net_3450
disconnect_pin mux_g_ln477_q_reg_59_:o
connect_pin mux_g_ln477_q_reg_59_:o TIMEBOOST_net_3450
connect_pin TIMEBOOST_cell_9736:a TIMEBOOST_net_3450
connect_pin TIMEBOOST_cell_9736:o TIMEBOOST_net_3449
insert_gate TIMEBOOST_cell_9737 in01s02
insert_net TIMEBOOST_net_3451
disconnect_pin g2139578:c
connect_pin g2139578:c TIMEBOOST_net_3451
connect_pin TIMEBOOST_cell_9737:a mux_g_ln477_q_1119_
connect_pin TIMEBOOST_cell_9737:o TIMEBOOST_net_3451
insert_gate TIMEBOOST_cell_9738 in01s02
insert_net TIMEBOOST_net_3452
disconnect_pin g2139578:c
connect_pin g2139578:c TIMEBOOST_net_3452
connect_pin TIMEBOOST_cell_9738:a TIMEBOOST_net_3451
connect_pin TIMEBOOST_cell_9738:o TIMEBOOST_net_3452
insert_gate TIMEBOOST_cell_9739 in01s02
insert_net TIMEBOOST_net_3453
disconnect_pin g2140555:c
connect_pin g2140555:c TIMEBOOST_net_3453
connect_pin TIMEBOOST_cell_9739:a mux_g_ln477_q_1256_
connect_pin TIMEBOOST_cell_9739:o TIMEBOOST_net_3453
insert_gate TIMEBOOST_cell_9740 in01s02
insert_net TIMEBOOST_net_3454
disconnect_pin g2140555:c
connect_pin g2140555:c TIMEBOOST_net_3454
connect_pin TIMEBOOST_cell_9740:a TIMEBOOST_net_3453
connect_pin TIMEBOOST_cell_9740:o TIMEBOOST_net_3454
insert_gate TIMEBOOST_cell_9741 in01s01
insert_net TIMEBOOST_net_3455
disconnect_pin TIMEBOOST_cell_9673:a
connect_pin TIMEBOOST_cell_9673:a TIMEBOOST_net_3455
connect_pin TIMEBOOST_cell_9741:a mux_g_ln477_q_8_
connect_pin TIMEBOOST_cell_9741:o TIMEBOOST_net_3455
insert_gate TIMEBOOST_cell_9742 in01s01
insert_net TIMEBOOST_net_3456
disconnect_pin TIMEBOOST_cell_9673:a
connect_pin TIMEBOOST_cell_9673:a TIMEBOOST_net_3456
connect_pin TIMEBOOST_cell_9742:a TIMEBOOST_net_3455
connect_pin TIMEBOOST_cell_9742:o TIMEBOOST_net_3456
insert_gate TIMEBOOST_cell_9743 in01s01
insert_net TIMEBOOST_net_3457
disconnect_pin TIMEBOOST_cell_9673:a
connect_pin TIMEBOOST_cell_9673:a TIMEBOOST_net_3457
connect_pin TIMEBOOST_cell_9743:a TIMEBOOST_net_3456
connect_pin TIMEBOOST_cell_9743:o TIMEBOOST_net_3457
insert_gate TIMEBOOST_cell_9744 in01s01
insert_net TIMEBOOST_net_3458
disconnect_pin TIMEBOOST_cell_9673:a
connect_pin TIMEBOOST_cell_9673:a TIMEBOOST_net_3458
connect_pin TIMEBOOST_cell_9744:a TIMEBOOST_net_3457
connect_pin TIMEBOOST_cell_9744:o TIMEBOOST_net_3458
insert_gate TIMEBOOST_cell_9745 in01s02
insert_net TIMEBOOST_net_3459
disconnect_pin g2298680:a
connect_pin g2298680:a TIMEBOOST_net_3459
connect_pin TIMEBOOST_cell_9745:a mux_g_ln477_q_448_
connect_pin TIMEBOOST_cell_9745:o TIMEBOOST_net_3459
insert_gate TIMEBOOST_cell_9746 in01s02
insert_net TIMEBOOST_net_3460
disconnect_pin g2298680:a
connect_pin g2298680:a TIMEBOOST_net_3460
connect_pin TIMEBOOST_cell_9746:a TIMEBOOST_net_3459
connect_pin TIMEBOOST_cell_9746:o TIMEBOOST_net_3460
insert_gate TIMEBOOST_cell_9747 in01s02
insert_net TIMEBOOST_net_3461
disconnect_pin g2298680:c
connect_pin g2298680:c TIMEBOOST_net_3461
connect_pin TIMEBOOST_cell_9747:a memread_edit_dist_g2_ln254_unr37_q_4_
connect_pin TIMEBOOST_cell_9747:o TIMEBOOST_net_3461
insert_gate TIMEBOOST_cell_9748 in01s02
insert_net TIMEBOOST_net_3462
disconnect_pin g2298680:c
connect_pin g2298680:c TIMEBOOST_net_3462
connect_pin TIMEBOOST_cell_9748:a TIMEBOOST_net_3461
connect_pin TIMEBOOST_cell_9748:o TIMEBOOST_net_3462
insert_gate TIMEBOOST_cell_12860 in01s01
insert_net TIMEBOOST_net_4530
disconnect_pin g2_m_reg_104__5_:d
connect_pin g2_m_reg_104__5_:d TIMEBOOST_net_4530
connect_pin TIMEBOOST_cell_12860:a n_20322
connect_pin TIMEBOOST_cell_12860:o TIMEBOOST_net_4530
insert_gate TIMEBOOST_cell_12861 in01s01
insert_net TIMEBOOST_net_4531
disconnect_pin g2_m_reg_104__5_:d
connect_pin g2_m_reg_104__5_:d TIMEBOOST_net_4531
connect_pin TIMEBOOST_cell_12861:a TIMEBOOST_net_4530
connect_pin TIMEBOOST_cell_12861:o TIMEBOOST_net_4531
insert_gate TIMEBOOST_cell_12862 in01s01
insert_net TIMEBOOST_net_4532
disconnect_pin g2_m_reg_119__11_:d
connect_pin g2_m_reg_119__11_:d TIMEBOOST_net_4532
connect_pin TIMEBOOST_cell_12862:a n_20582
connect_pin TIMEBOOST_cell_12862:o TIMEBOOST_net_4532
insert_gate TIMEBOOST_cell_12863 in01s01
insert_net TIMEBOOST_net_4533
disconnect_pin g2_m_reg_119__11_:d
connect_pin g2_m_reg_119__11_:d TIMEBOOST_net_4533
connect_pin TIMEBOOST_cell_12863:a TIMEBOOST_net_4532
connect_pin TIMEBOOST_cell_12863:o TIMEBOOST_net_4533
insert_gate TIMEBOOST_cell_12864 in01s01
insert_net TIMEBOOST_net_4534
disconnect_pin g2_m_reg_31__10_:d
connect_pin g2_m_reg_31__10_:d TIMEBOOST_net_4534
connect_pin TIMEBOOST_cell_12864:a n_61081
connect_pin TIMEBOOST_cell_12864:o TIMEBOOST_net_4534
insert_gate TIMEBOOST_cell_12865 in01s01
insert_net TIMEBOOST_net_4535
disconnect_pin g2_m_reg_31__10_:d
connect_pin g2_m_reg_31__10_:d TIMEBOOST_net_4535
connect_pin TIMEBOOST_cell_12865:a TIMEBOOST_net_4534
connect_pin TIMEBOOST_cell_12865:o TIMEBOOST_net_4535
insert_gate TIMEBOOST_cell_12866 in01s01
insert_net TIMEBOOST_net_4536
disconnect_pin g2_m_reg_31__11_:d
connect_pin g2_m_reg_31__11_:d TIMEBOOST_net_4536
connect_pin TIMEBOOST_cell_12866:a n_61080
connect_pin TIMEBOOST_cell_12866:o TIMEBOOST_net_4536
insert_gate TIMEBOOST_cell_12867 in01s01
insert_net TIMEBOOST_net_4537
disconnect_pin g2_m_reg_31__11_:d
connect_pin g2_m_reg_31__11_:d TIMEBOOST_net_4537
connect_pin TIMEBOOST_cell_12867:a TIMEBOOST_net_4536
connect_pin TIMEBOOST_cell_12867:o TIMEBOOST_net_4537
insert_gate TIMEBOOST_cell_12868 in01s01
insert_net TIMEBOOST_net_4538
disconnect_pin g2_m_reg_31__8_:d
connect_pin g2_m_reg_31__8_:d TIMEBOOST_net_4538
connect_pin TIMEBOOST_cell_12868:a n_61079
connect_pin TIMEBOOST_cell_12868:o TIMEBOOST_net_4538
insert_gate TIMEBOOST_cell_12869 in01s01
insert_net TIMEBOOST_net_4539
disconnect_pin g2_m_reg_31__8_:d
connect_pin g2_m_reg_31__8_:d TIMEBOOST_net_4539
connect_pin TIMEBOOST_cell_12869:a TIMEBOOST_net_4538
connect_pin TIMEBOOST_cell_12869:o TIMEBOOST_net_4539
insert_gate TIMEBOOST_cell_12870 in01s01
insert_net TIMEBOOST_net_4540
disconnect_pin g2_m_reg_31__9_:d
connect_pin g2_m_reg_31__9_:d TIMEBOOST_net_4540
connect_pin TIMEBOOST_cell_12870:a n_61078
connect_pin TIMEBOOST_cell_12870:o TIMEBOOST_net_4540
insert_gate TIMEBOOST_cell_12871 in01s01
insert_net TIMEBOOST_net_4541
disconnect_pin g2_m_reg_31__9_:d
connect_pin g2_m_reg_31__9_:d TIMEBOOST_net_4541
connect_pin TIMEBOOST_cell_12871:a TIMEBOOST_net_4540
connect_pin TIMEBOOST_cell_12871:o TIMEBOOST_net_4541
insert_gate TIMEBOOST_cell_12872 in01s01
insert_net TIMEBOOST_net_4542
disconnect_pin g2_m_reg_40__4_:d
connect_pin g2_m_reg_40__4_:d TIMEBOOST_net_4542
connect_pin TIMEBOOST_cell_12872:a n_61113
connect_pin TIMEBOOST_cell_12872:o TIMEBOOST_net_4542
insert_gate TIMEBOOST_cell_12873 in01s01
insert_net TIMEBOOST_net_4543
disconnect_pin g2_m_reg_40__4_:d
connect_pin g2_m_reg_40__4_:d TIMEBOOST_net_4543
connect_pin TIMEBOOST_cell_12873:a TIMEBOOST_net_4542
connect_pin TIMEBOOST_cell_12873:o TIMEBOOST_net_4543
insert_gate TIMEBOOST_cell_12874 in01s01
insert_net TIMEBOOST_net_4544
disconnect_pin g2_m_reg_50__9_:d
connect_pin g2_m_reg_50__9_:d TIMEBOOST_net_4544
connect_pin TIMEBOOST_cell_12874:a n_20076
connect_pin TIMEBOOST_cell_12874:o TIMEBOOST_net_4544
insert_gate TIMEBOOST_cell_12875 in01s01
insert_net TIMEBOOST_net_4545
disconnect_pin g2_m_reg_50__9_:d
connect_pin g2_m_reg_50__9_:d TIMEBOOST_net_4545
connect_pin TIMEBOOST_cell_12875:a TIMEBOOST_net_4544
connect_pin TIMEBOOST_cell_12875:o TIMEBOOST_net_4545
insert_gate TIMEBOOST_cell_12876 in01s01
insert_net TIMEBOOST_net_4546
disconnect_pin g2_m_reg_57__9_:d
connect_pin g2_m_reg_57__9_:d TIMEBOOST_net_4546
connect_pin TIMEBOOST_cell_12876:a n_20053
connect_pin TIMEBOOST_cell_12876:o TIMEBOOST_net_4546
insert_gate TIMEBOOST_cell_12877 in01s01
insert_net TIMEBOOST_net_4547
disconnect_pin g2_m_reg_57__9_:d
connect_pin g2_m_reg_57__9_:d TIMEBOOST_net_4547
connect_pin TIMEBOOST_cell_12877:a TIMEBOOST_net_4546
connect_pin TIMEBOOST_cell_12877:o TIMEBOOST_net_4547
insert_gate TIMEBOOST_cell_12878 in01s01
insert_net TIMEBOOST_net_4548
disconnect_pin g2_m_reg_62__3_:d
connect_pin g2_m_reg_62__3_:d TIMEBOOST_net_4548
connect_pin TIMEBOOST_cell_12878:a n_61955
connect_pin TIMEBOOST_cell_12878:o TIMEBOOST_net_4548
insert_gate TIMEBOOST_cell_12879 in01s01
insert_net TIMEBOOST_net_4549
disconnect_pin g2_m_reg_62__3_:d
connect_pin g2_m_reg_62__3_:d TIMEBOOST_net_4549
connect_pin TIMEBOOST_cell_12879:a TIMEBOOST_net_4548
connect_pin TIMEBOOST_cell_12879:o TIMEBOOST_net_4549
insert_gate TIMEBOOST_cell_12880 in01s01
insert_net TIMEBOOST_net_4550
disconnect_pin g2_m_reg_95__10_:d
connect_pin g2_m_reg_95__10_:d TIMEBOOST_net_4550
connect_pin TIMEBOOST_cell_12880:a n_19425
connect_pin TIMEBOOST_cell_12880:o TIMEBOOST_net_4550
insert_gate TIMEBOOST_cell_12881 in01s01
insert_net TIMEBOOST_net_4551
disconnect_pin g2_m_reg_95__10_:d
connect_pin g2_m_reg_95__10_:d TIMEBOOST_net_4551
connect_pin TIMEBOOST_cell_12881:a TIMEBOOST_net_4550
connect_pin TIMEBOOST_cell_12881:o TIMEBOOST_net_4551
insert_gate TIMEBOOST_cell_12882 in01s01
insert_net TIMEBOOST_net_4552
disconnect_pin g2_m_reg_98__0_:d
connect_pin g2_m_reg_98__0_:d TIMEBOOST_net_4552
connect_pin TIMEBOOST_cell_12882:a n_61833
connect_pin TIMEBOOST_cell_12882:o TIMEBOOST_net_4552
insert_gate TIMEBOOST_cell_12883 in01s01
insert_net TIMEBOOST_net_4553
disconnect_pin g2_m_reg_98__0_:d
connect_pin g2_m_reg_98__0_:d TIMEBOOST_net_4553
connect_pin TIMEBOOST_cell_12883:a TIMEBOOST_net_4552
connect_pin TIMEBOOST_cell_12883:o TIMEBOOST_net_4553
[+] Writing Verilog File ...
[+] Writing Verilog File ... Done (runtime: 0.113006 seconds memory: +0 MB)
[+] Writing SPEF File
[+] Writing SPEF File Done (runtime: 0.002475 seconds memory: +0 MB)

Total duration: 793.355 seconds