  _______   _                      ____                          _   
 |__   __| (_)                    |  _ \                        | |  
    | |     _   _ __ ___     ___  | |_) |   ___     ___    ___  | |_ 
    | |    | | | '_ ` _ \   / _ \ |  _ <   / _ \   / _ \  / __| | __|
    | |    | | | | | | | | |  __/ | |_) | | (_) | | (_) | \__ \ | |_ 
    |_|    |_| |_| |_| |_|  \___| |____/   \___/   \___/  |___/  \__|
                                                                     
Teams members : Dimitrios Mangiras, Apostolos Stefanidis
Advisor    : Georgios Dimitrakopoulos
University    : Electrical and Computer Engineering of Democritus University of Thrace in Xanthi, Greece

tau file: pci_bridge32_fast/pci_bridge32_fast.tau2019
sdc file: pci_bridge32_fast/pci_bridge32_fast.sdc
output verilog file: pci_bridge32_fast/results/pci_bridge32_fast.out.v
output spef file: pci_bridge32_fast/results/pci_bridge32_fast.out.spef
output file: pci_bridge32_fast/results/pci_bridge32_fast.output
verilog file: pci_bridge32_fast.v
spef file: pci_bridge32_fast.spef
lib file 0: ../libs/contest.lib
Design name: pci_bridge32_fast
Path name: pci_bridge32_fast/

Parsing LIB file [pci_bridge32_fast/../libs/contest.lib][+] 
[+]  Done (runtime: 0.074426 seconds memory: +23 MB)
Parsed lib 0
Parsing VERILOG file [pci_bridge32_fast/pci_bridge32_fast.v][+] 
[+]  Done (runtime: 0.284286 seconds memory: +6 MB)
Parsing SDC file [pci_bridge32_fast/pci_bridge32_fast.sdc][+] 
[+]  Done (runtime: 0.000502 seconds memory: +1 MB)
Parsed SDC file successfully
Parsing SPEF file [pci_bridge32_fast/pci_bridge32_fast.spef][+] 
[+]  Done (runtime: 7e-06 seconds memory: +0 MB)
Parsed SPEF file successfully
[+] Initializing Scenario service
[+] Initializing Scenario service Done (runtime: 0.003541 seconds memory: +6 MB)
[+] Initializing RoutingEstimator service
[+] Initializing RoutingEstimator service Done (runtime: 0.00043 seconds memory: +0 MB)
[+] Initializing Timer service
[+] Initializing Timer service Done (runtime: 0.008572 seconds memory: +20 MB)
[+] Initializing Scenario Vector service
[+] Initializing Scenario Vector service Done (runtime: 0.00343 seconds memory: +6 MB)
[+] Initializing Timer Vector service
[+] Initializing Timer Vector service Done (runtime: 0.008749 seconds memory: +19 MB)
[+] Initializing Model Vector service
[+] Initializing Model Vector service Done (runtime: 4e-06 seconds memory: +0 MB)
[+] Initializing Model service
[+] Initializing Model service Done (runtime: 2e-06 seconds memory: +0 MB)
[+] Building RCTree from SPEF file
[+] Building RCTree from SPEF file Done (runtime: 2e-06 seconds memory: +0 MB)
Started: Tue Mar 26 14:56:49 2024

BEGIN_ECO
insert_gate TIMEBOOST_cell_0 in01f04
insert_net TIMEBOOST_net_0
disconnect_pin FE_OFC1094_g64577_p:o
connect_pin FE_OFC1094_g64577_p:o TIMEBOOST_net_0
connect_pin TIMEBOOST_cell_0:a TIMEBOOST_net_0
connect_pin TIMEBOOST_cell_0:o FE_OFN1094_g64577_p
insert_gate TIMEBOOST_cell_1 in01f04
insert_net TIMEBOOST_net_1
disconnect_pin FE_OFC1094_g64577_p:o
connect_pin FE_OFC1094_g64577_p:o TIMEBOOST_net_1
connect_pin TIMEBOOST_cell_1:a TIMEBOOST_net_1
connect_pin TIMEBOOST_cell_1:o TIMEBOOST_net_0
insert_gate TIMEBOOST_cell_2 in01f04
insert_net TIMEBOOST_net_2
disconnect_pin FE_OFC1061_n_16720:o
connect_pin FE_OFC1061_n_16720:o TIMEBOOST_net_2
connect_pin TIMEBOOST_cell_2:a TIMEBOOST_net_2
connect_pin TIMEBOOST_cell_2:o FE_OFN1061_n_16720
insert_gate TIMEBOOST_cell_3 in01f04
insert_net TIMEBOOST_net_3
disconnect_pin FE_OFC1061_n_16720:o
connect_pin FE_OFC1061_n_16720:o TIMEBOOST_net_3
connect_pin TIMEBOOST_cell_3:a TIMEBOOST_net_3
connect_pin TIMEBOOST_cell_3:o TIMEBOOST_net_2
insert_gate TIMEBOOST_cell_4 in01f06
insert_net TIMEBOOST_net_4
disconnect_pin FE_OCPC1845_n_16427:o
connect_pin FE_OCPC1845_n_16427:o TIMEBOOST_net_4
connect_pin TIMEBOOST_cell_4:a TIMEBOOST_net_4
connect_pin TIMEBOOST_cell_4:o FE_OCPN1845_n_16427
insert_gate TIMEBOOST_cell_5 in01f06
insert_net TIMEBOOST_net_5
disconnect_pin FE_OCPC1845_n_16427:o
connect_pin FE_OCPC1845_n_16427:o TIMEBOOST_net_5
connect_pin TIMEBOOST_cell_5:a TIMEBOOST_net_5
connect_pin TIMEBOOST_cell_5:o TIMEBOOST_net_4
insert_gate TIMEBOOST_cell_8834 in01s02
insert_net TIMEBOOST_net_971
disconnect_pin TIMEBOOST_cell_439:a
connect_pin TIMEBOOST_cell_439:a TIMEBOOST_net_971
connect_pin TIMEBOOST_cell_8834:a conf_wb_err_addr_in_951
connect_pin TIMEBOOST_cell_8834:o TIMEBOOST_net_971
insert_gate TIMEBOOST_cell_8835 in01s02
insert_net TIMEBOOST_net_972
disconnect_pin TIMEBOOST_cell_439:a
connect_pin TIMEBOOST_cell_439:a TIMEBOOST_net_972
connect_pin TIMEBOOST_cell_8835:a TIMEBOOST_net_971
connect_pin TIMEBOOST_cell_8835:o TIMEBOOST_net_972
insert_gate TIMEBOOST_cell_8836 in01s02
insert_net TIMEBOOST_net_973
disconnect_pin TIMEBOOST_cell_829:a
connect_pin TIMEBOOST_cell_829:a TIMEBOOST_net_973
connect_pin TIMEBOOST_cell_8836:a conf_wb_err_addr_in_953
connect_pin TIMEBOOST_cell_8836:o TIMEBOOST_net_973
insert_gate TIMEBOOST_cell_8837 in01s02
insert_net TIMEBOOST_net_974
disconnect_pin TIMEBOOST_cell_829:a
connect_pin TIMEBOOST_cell_829:a TIMEBOOST_net_974
connect_pin TIMEBOOST_cell_8837:a TIMEBOOST_net_973
connect_pin TIMEBOOST_cell_8837:o TIMEBOOST_net_974
insert_gate TIMEBOOST_cell_8838 in01s02
insert_net TIMEBOOST_net_975
disconnect_pin TIMEBOOST_cell_440:a
connect_pin TIMEBOOST_cell_440:a TIMEBOOST_net_975
connect_pin TIMEBOOST_cell_8838:a conf_wb_err_addr_in_954
connect_pin TIMEBOOST_cell_8838:o TIMEBOOST_net_975
insert_gate TIMEBOOST_cell_8839 in01s02
insert_net TIMEBOOST_net_976
disconnect_pin TIMEBOOST_cell_440:a
connect_pin TIMEBOOST_cell_440:a TIMEBOOST_net_976
connect_pin TIMEBOOST_cell_8839:a TIMEBOOST_net_975
connect_pin TIMEBOOST_cell_8839:o TIMEBOOST_net_976
insert_gate TIMEBOOST_cell_8840 in01s02
insert_net TIMEBOOST_net_977
disconnect_pin TIMEBOOST_cell_7040:a
connect_pin TIMEBOOST_cell_7040:a TIMEBOOST_net_977
connect_pin TIMEBOOST_cell_8840:a conf_wb_err_addr_in_958
connect_pin TIMEBOOST_cell_8840:o TIMEBOOST_net_977
insert_gate TIMEBOOST_cell_8841 in01s02
insert_net TIMEBOOST_net_978
disconnect_pin TIMEBOOST_cell_7040:a
connect_pin TIMEBOOST_cell_7040:a TIMEBOOST_net_978
connect_pin TIMEBOOST_cell_8841:a TIMEBOOST_net_977
connect_pin TIMEBOOST_cell_8841:o TIMEBOOST_net_978
insert_gate TIMEBOOST_cell_8842 in01s02
insert_net TIMEBOOST_net_979
disconnect_pin TIMEBOOST_cell_7058:a
connect_pin TIMEBOOST_cell_7058:a TIMEBOOST_net_979
connect_pin TIMEBOOST_cell_8842:a conf_wb_err_addr_in_946
connect_pin TIMEBOOST_cell_8842:o TIMEBOOST_net_979
insert_gate TIMEBOOST_cell_8843 in01s02
insert_net TIMEBOOST_net_980
disconnect_pin TIMEBOOST_cell_7058:a
connect_pin TIMEBOOST_cell_7058:a TIMEBOOST_net_980
connect_pin TIMEBOOST_cell_8843:a TIMEBOOST_net_979
connect_pin TIMEBOOST_cell_8843:o TIMEBOOST_net_980
insert_gate TIMEBOOST_cell_8844 in01s02
insert_net TIMEBOOST_net_981
disconnect_pin TIMEBOOST_cell_7362:a
connect_pin TIMEBOOST_cell_7362:a TIMEBOOST_net_981
connect_pin TIMEBOOST_cell_8844:a wishbone_slave_unit_fifos_wbw_fifo_ctrl_rgrey_next_0_
connect_pin TIMEBOOST_cell_8844:o TIMEBOOST_net_981
insert_gate TIMEBOOST_cell_8845 in01s02
insert_net TIMEBOOST_net_982
disconnect_pin TIMEBOOST_cell_7362:a
connect_pin TIMEBOOST_cell_7362:a TIMEBOOST_net_982
connect_pin TIMEBOOST_cell_8845:a TIMEBOOST_net_981
connect_pin TIMEBOOST_cell_8845:o TIMEBOOST_net_982
insert_gate TIMEBOOST_cell_8846 in01s02
insert_net TIMEBOOST_net_983
disconnect_pin TIMEBOOST_cell_7364:a
connect_pin TIMEBOOST_cell_7364:a TIMEBOOST_net_983
connect_pin TIMEBOOST_cell_8846:a wishbone_slave_unit_fifos_wbw_fifo_ctrl_rgrey_next_2_
connect_pin TIMEBOOST_cell_8846:o TIMEBOOST_net_983
insert_gate TIMEBOOST_cell_8847 in01s02
insert_net TIMEBOOST_net_984
disconnect_pin TIMEBOOST_cell_7364:a
connect_pin TIMEBOOST_cell_7364:a TIMEBOOST_net_984
connect_pin TIMEBOOST_cell_8847:a TIMEBOOST_net_983
connect_pin TIMEBOOST_cell_8847:o TIMEBOOST_net_984
insert_gate TIMEBOOST_cell_8848 in01s02
insert_net TIMEBOOST_net_985
disconnect_pin TIMEBOOST_cell_6532:a
connect_pin TIMEBOOST_cell_6532:a TIMEBOOST_net_985
connect_pin TIMEBOOST_cell_8848:a pci_target_unit_fifos_pcir_fifo_ctrl_wgrey_next_1_
connect_pin TIMEBOOST_cell_8848:o TIMEBOOST_net_985
insert_gate TIMEBOOST_cell_8849 in01s02
insert_net TIMEBOOST_net_986
disconnect_pin TIMEBOOST_cell_6532:a
connect_pin TIMEBOOST_cell_6532:a TIMEBOOST_net_986
connect_pin TIMEBOOST_cell_8849:a TIMEBOOST_net_985
connect_pin TIMEBOOST_cell_8849:o TIMEBOOST_net_986
insert_gate TIMEBOOST_cell_8850 in01s02
insert_net TIMEBOOST_net_987
disconnect_pin TIMEBOOST_cell_6533:a
connect_pin TIMEBOOST_cell_6533:a TIMEBOOST_net_987
connect_pin TIMEBOOST_cell_8850:a pci_target_unit_fifos_pcir_fifo_ctrl_wgrey_next_0_
connect_pin TIMEBOOST_cell_8850:o TIMEBOOST_net_987
insert_gate TIMEBOOST_cell_8851 in01s02
insert_net TIMEBOOST_net_988
disconnect_pin TIMEBOOST_cell_6533:a
connect_pin TIMEBOOST_cell_6533:a TIMEBOOST_net_988
connect_pin TIMEBOOST_cell_8851:a TIMEBOOST_net_987
connect_pin TIMEBOOST_cell_8851:o TIMEBOOST_net_988
insert_gate TIMEBOOST_cell_8852 in01s02
insert_net TIMEBOOST_net_989
disconnect_pin TIMEBOOST_cell_6534:a
connect_pin TIMEBOOST_cell_6534:a TIMEBOOST_net_989
connect_pin TIMEBOOST_cell_8852:a pci_target_unit_fifos_pcir_fifo_ctrl_wgrey_next_2_
connect_pin TIMEBOOST_cell_8852:o TIMEBOOST_net_989
insert_gate TIMEBOOST_cell_8853 in01s02
insert_net TIMEBOOST_net_990
disconnect_pin TIMEBOOST_cell_6534:a
connect_pin TIMEBOOST_cell_6534:a TIMEBOOST_net_990
connect_pin TIMEBOOST_cell_8853:a TIMEBOOST_net_989
connect_pin TIMEBOOST_cell_8853:o TIMEBOOST_net_990
insert_gate TIMEBOOST_cell_8854 in01s02
insert_net TIMEBOOST_net_991
disconnect_pin TIMEBOOST_cell_7363:a
connect_pin TIMEBOOST_cell_7363:a TIMEBOOST_net_991
connect_pin TIMEBOOST_cell_8854:a wishbone_slave_unit_fifos_wbw_fifo_ctrl_rgrey_next_1_
connect_pin TIMEBOOST_cell_8854:o TIMEBOOST_net_991
insert_gate TIMEBOOST_cell_8855 in01s02
insert_net TIMEBOOST_net_992
disconnect_pin TIMEBOOST_cell_7363:a
connect_pin TIMEBOOST_cell_7363:a TIMEBOOST_net_992
connect_pin TIMEBOOST_cell_8855:a TIMEBOOST_net_991
connect_pin TIMEBOOST_cell_8855:o TIMEBOOST_net_992
insert_gate TIMEBOOST_cell_8856 in01s02
insert_net TIMEBOOST_net_993
disconnect_pin TIMEBOOST_cell_7365:a
connect_pin TIMEBOOST_cell_7365:a TIMEBOOST_net_993
connect_pin TIMEBOOST_cell_8856:a wishbone_slave_unit_fifos_wbw_fifo_ctrl_rgrey_next_3_
connect_pin TIMEBOOST_cell_8856:o TIMEBOOST_net_993
insert_gate TIMEBOOST_cell_8857 in01s02
insert_net TIMEBOOST_net_994
disconnect_pin TIMEBOOST_cell_7365:a
connect_pin TIMEBOOST_cell_7365:a TIMEBOOST_net_994
connect_pin TIMEBOOST_cell_8857:a TIMEBOOST_net_993
connect_pin TIMEBOOST_cell_8857:o TIMEBOOST_net_994
insert_gate TIMEBOOST_cell_8858 in01s02
insert_net TIMEBOOST_net_995
disconnect_pin TIMEBOOST_cell_8549:b
connect_pin TIMEBOOST_cell_8549:b TIMEBOOST_net_995
connect_pin TIMEBOOST_cell_8858:a pci_target_unit_fifos_pciw_fifo_ctrl_rgrey_addr_2_
connect_pin TIMEBOOST_cell_8858:o TIMEBOOST_net_995
insert_gate TIMEBOOST_cell_8859 in01s02
insert_net TIMEBOOST_net_996
disconnect_pin TIMEBOOST_cell_8549:b
connect_pin TIMEBOOST_cell_8549:b TIMEBOOST_net_996
connect_pin TIMEBOOST_cell_8859:a TIMEBOOST_net_995
connect_pin TIMEBOOST_cell_8859:o TIMEBOOST_net_996
insert_gate TIMEBOOST_cell_15782 in01f02
insert_net TIMEBOOST_net_3147
disconnect_pin g62289_u0:o
connect_pin g62289_u0:o TIMEBOOST_net_3147
connect_pin TIMEBOOST_cell_15782:a TIMEBOOST_net_3147
connect_pin TIMEBOOST_cell_15782:o n_7608
insert_gate TIMEBOOST_cell_15783 in01f02
insert_net TIMEBOOST_net_3148
disconnect_pin g62289_u0:o
connect_pin g62289_u0:o TIMEBOOST_net_3148
connect_pin TIMEBOOST_cell_15783:a TIMEBOOST_net_3148
connect_pin TIMEBOOST_cell_15783:o TIMEBOOST_net_3147
insert_gate TIMEBOOST_cell_22638 in01s02
insert_net TIMEBOOST_net_6576
disconnect_pin wbs_dat_i_9_
connect_pin wbs_dat_i_9_ TIMEBOOST_net_6576
connect_pin TIMEBOOST_cell_22638:a TIMEBOOST_net_6576
connect_pin TIMEBOOST_cell_22638:o wbs_dat_i_9_
insert_gate TIMEBOOST_cell_22639 in01s02
insert_net TIMEBOOST_net_6577
disconnect_pin wbs_dat_i_9_
connect_pin wbs_dat_i_9_ TIMEBOOST_net_6577
connect_pin TIMEBOOST_cell_22639:a TIMEBOOST_net_6577
connect_pin TIMEBOOST_cell_22639:o TIMEBOOST_net_6576
insert_gate TIMEBOOST_cell_22640 in01s02
insert_net TIMEBOOST_net_6578
disconnect_pin wbs_dat_i_20_
connect_pin wbs_dat_i_20_ TIMEBOOST_net_6578
connect_pin TIMEBOOST_cell_22640:a TIMEBOOST_net_6578
connect_pin TIMEBOOST_cell_22640:o wbs_dat_i_20_
insert_gate TIMEBOOST_cell_22641 in01s02
insert_net TIMEBOOST_net_6579
disconnect_pin wbs_dat_i_20_
connect_pin wbs_dat_i_20_ TIMEBOOST_net_6579
connect_pin TIMEBOOST_cell_22641:a TIMEBOOST_net_6579
connect_pin TIMEBOOST_cell_22641:o TIMEBOOST_net_6578
insert_gate TIMEBOOST_cell_22642 in01s02
insert_net TIMEBOOST_net_6580
disconnect_pin wbs_dat_i_1_
connect_pin wbs_dat_i_1_ TIMEBOOST_net_6580
connect_pin TIMEBOOST_cell_22642:a TIMEBOOST_net_6580
connect_pin TIMEBOOST_cell_22642:o wbs_dat_i_1_
insert_gate TIMEBOOST_cell_22643 in01s02
insert_net TIMEBOOST_net_6581
disconnect_pin wbs_dat_i_1_
connect_pin wbs_dat_i_1_ TIMEBOOST_net_6581
connect_pin TIMEBOOST_cell_22643:a TIMEBOOST_net_6581
connect_pin TIMEBOOST_cell_22643:o TIMEBOOST_net_6580
insert_gate TIMEBOOST_cell_32820 in01f02
insert_net TIMEBOOST_net_10321
disconnect_pin g63229_u0:o
connect_pin g63229_u0:o TIMEBOOST_net_10321
connect_pin TIMEBOOST_cell_32820:a TIMEBOOST_net_10321
connect_pin TIMEBOOST_cell_32820:o n_3157
insert_gate TIMEBOOST_cell_32821 in01f02
insert_net TIMEBOOST_net_10322
disconnect_pin g63229_u0:o
connect_pin g63229_u0:o TIMEBOOST_net_10322
connect_pin TIMEBOOST_cell_32821:a TIMEBOOST_net_10322
connect_pin TIMEBOOST_cell_32821:o TIMEBOOST_net_10321
insert_gate TIMEBOOST_cell_32822 in01s03
insert_net TIMEBOOST_net_10323
disconnect_pin TIMEBOOST_cell_32326:a
connect_pin TIMEBOOST_cell_32326:a TIMEBOOST_net_10323
connect_pin TIMEBOOST_cell_32822:a parchk_pci_cbe_en_in
connect_pin TIMEBOOST_cell_32822:o TIMEBOOST_net_10323
insert_gate TIMEBOOST_cell_32823 in01s03
insert_net TIMEBOOST_net_10324
disconnect_pin TIMEBOOST_cell_32326:a
connect_pin TIMEBOOST_cell_32326:a TIMEBOOST_net_10324
connect_pin TIMEBOOST_cell_32823:a TIMEBOOST_net_10323
connect_pin TIMEBOOST_cell_32823:o TIMEBOOST_net_10324
insert_gate TIMEBOOST_cell_32824 in01s01
insert_net TIMEBOOST_net_10325
disconnect_pin g67607_u0:o
connect_pin g67607_u0:o TIMEBOOST_net_10325
connect_pin TIMEBOOST_cell_32824:a TIMEBOOST_net_10325
connect_pin TIMEBOOST_cell_32824:o n_1064
insert_gate TIMEBOOST_cell_32825 in01s01
insert_net TIMEBOOST_net_10326
disconnect_pin g67607_u0:o
connect_pin g67607_u0:o TIMEBOOST_net_10326
connect_pin TIMEBOOST_cell_32825:a TIMEBOOST_net_10326
connect_pin TIMEBOOST_cell_32825:o TIMEBOOST_net_10325
insert_gate TIMEBOOST_cell_32826 in01s02
insert_net TIMEBOOST_net_10327
disconnect_pin wbs_dat_i_5_
connect_pin wbs_dat_i_5_ TIMEBOOST_net_10327
connect_pin TIMEBOOST_cell_32826:a TIMEBOOST_net_10327
connect_pin TIMEBOOST_cell_32826:o wbs_dat_i_5_
insert_gate TIMEBOOST_cell_32827 in01s02
insert_net TIMEBOOST_net_10328
disconnect_pin wbs_dat_i_5_
connect_pin wbs_dat_i_5_ TIMEBOOST_net_10328
connect_pin TIMEBOOST_cell_32827:a TIMEBOOST_net_10328
connect_pin TIMEBOOST_cell_32827:o TIMEBOOST_net_10327
insert_gate TIMEBOOST_cell_32828 in01s02
insert_net TIMEBOOST_net_10329
disconnect_pin wbs_dat_i_22_
connect_pin wbs_dat_i_22_ TIMEBOOST_net_10329
connect_pin TIMEBOOST_cell_32828:a TIMEBOOST_net_10329
connect_pin TIMEBOOST_cell_32828:o wbs_dat_i_22_
insert_gate TIMEBOOST_cell_32829 in01s02
insert_net TIMEBOOST_net_10330
disconnect_pin wbs_dat_i_22_
connect_pin wbs_dat_i_22_ TIMEBOOST_net_10330
connect_pin TIMEBOOST_cell_32829:a TIMEBOOST_net_10330
connect_pin TIMEBOOST_cell_32829:o TIMEBOOST_net_10329
insert_gate TIMEBOOST_cell_32830 in01s02
insert_net TIMEBOOST_net_10331
disconnect_pin wbs_dat_i_10_
connect_pin wbs_dat_i_10_ TIMEBOOST_net_10331
connect_pin TIMEBOOST_cell_32830:a TIMEBOOST_net_10331
connect_pin TIMEBOOST_cell_32830:o wbs_dat_i_10_
insert_gate TIMEBOOST_cell_32831 in01s02
insert_net TIMEBOOST_net_10332
disconnect_pin wbs_dat_i_10_
connect_pin wbs_dat_i_10_ TIMEBOOST_net_10332
connect_pin TIMEBOOST_cell_32831:a TIMEBOOST_net_10332
connect_pin TIMEBOOST_cell_32831:o TIMEBOOST_net_10331
insert_gate TIMEBOOST_cell_32832 in01s02
insert_net TIMEBOOST_net_10333
disconnect_pin wbs_dat_i_13_
connect_pin wbs_dat_i_13_ TIMEBOOST_net_10333
connect_pin TIMEBOOST_cell_32832:a TIMEBOOST_net_10333
connect_pin TIMEBOOST_cell_32832:o wbs_dat_i_13_
insert_gate TIMEBOOST_cell_32833 in01s02
insert_net TIMEBOOST_net_10334
disconnect_pin wbs_dat_i_13_
connect_pin wbs_dat_i_13_ TIMEBOOST_net_10334
connect_pin TIMEBOOST_cell_32833:a TIMEBOOST_net_10334
connect_pin TIMEBOOST_cell_32833:o TIMEBOOST_net_10333
insert_gate TIMEBOOST_cell_32834 in01s02
insert_net TIMEBOOST_net_10335
disconnect_pin wbs_dat_i_16_
connect_pin wbs_dat_i_16_ TIMEBOOST_net_10335
connect_pin TIMEBOOST_cell_32834:a TIMEBOOST_net_10335
connect_pin TIMEBOOST_cell_32834:o wbs_dat_i_16_
insert_gate TIMEBOOST_cell_32835 in01s02
insert_net TIMEBOOST_net_10336
disconnect_pin wbs_dat_i_16_
connect_pin wbs_dat_i_16_ TIMEBOOST_net_10336
connect_pin TIMEBOOST_cell_32835:a TIMEBOOST_net_10336
connect_pin TIMEBOOST_cell_32835:o TIMEBOOST_net_10335
insert_gate TIMEBOOST_cell_32836 in01s02
insert_net TIMEBOOST_net_10337
disconnect_pin wbs_dat_i_24_
connect_pin wbs_dat_i_24_ TIMEBOOST_net_10337
connect_pin TIMEBOOST_cell_32836:a TIMEBOOST_net_10337
connect_pin TIMEBOOST_cell_32836:o wbs_dat_i_24_
insert_gate TIMEBOOST_cell_32837 in01s02
insert_net TIMEBOOST_net_10338
disconnect_pin wbs_dat_i_24_
connect_pin wbs_dat_i_24_ TIMEBOOST_net_10338
connect_pin TIMEBOOST_cell_32837:a TIMEBOOST_net_10338
connect_pin TIMEBOOST_cell_32837:o TIMEBOOST_net_10337
insert_gate TIMEBOOST_cell_32838 in01s02
insert_net TIMEBOOST_net_10339
disconnect_pin wbs_dat_i_4_
connect_pin wbs_dat_i_4_ TIMEBOOST_net_10339
connect_pin TIMEBOOST_cell_32838:a TIMEBOOST_net_10339
connect_pin TIMEBOOST_cell_32838:o wbs_dat_i_4_
insert_gate TIMEBOOST_cell_32839 in01s02
insert_net TIMEBOOST_net_10340
disconnect_pin wbs_dat_i_4_
connect_pin wbs_dat_i_4_ TIMEBOOST_net_10340
connect_pin TIMEBOOST_cell_32839:a TIMEBOOST_net_10340
connect_pin TIMEBOOST_cell_32839:o TIMEBOOST_net_10339
insert_gate TIMEBOOST_cell_32840 in01s02
insert_net TIMEBOOST_net_10341
disconnect_pin wbs_dat_i_26_
connect_pin wbs_dat_i_26_ TIMEBOOST_net_10341
connect_pin TIMEBOOST_cell_32840:a TIMEBOOST_net_10341
connect_pin TIMEBOOST_cell_32840:o wbs_dat_i_26_
insert_gate TIMEBOOST_cell_32841 in01s02
insert_net TIMEBOOST_net_10342
disconnect_pin wbs_dat_i_26_
connect_pin wbs_dat_i_26_ TIMEBOOST_net_10342
connect_pin TIMEBOOST_cell_32841:a TIMEBOOST_net_10342
connect_pin TIMEBOOST_cell_32841:o TIMEBOOST_net_10341
insert_gate TIMEBOOST_cell_32842 in01s02
insert_net TIMEBOOST_net_10343
disconnect_pin wbs_dat_i_2_
connect_pin wbs_dat_i_2_ TIMEBOOST_net_10343
connect_pin TIMEBOOST_cell_32842:a TIMEBOOST_net_10343
connect_pin TIMEBOOST_cell_32842:o wbs_dat_i_2_
insert_gate TIMEBOOST_cell_32843 in01s02
insert_net TIMEBOOST_net_10344
disconnect_pin wbs_dat_i_2_
connect_pin wbs_dat_i_2_ TIMEBOOST_net_10344
connect_pin TIMEBOOST_cell_32843:a TIMEBOOST_net_10344
connect_pin TIMEBOOST_cell_32843:o TIMEBOOST_net_10343
insert_gate TIMEBOOST_cell_32844 in01s02
insert_net TIMEBOOST_net_10345
disconnect_pin wbs_dat_i_25_
connect_pin wbs_dat_i_25_ TIMEBOOST_net_10345
connect_pin TIMEBOOST_cell_32844:a TIMEBOOST_net_10345
connect_pin TIMEBOOST_cell_32844:o wbs_dat_i_25_
insert_gate TIMEBOOST_cell_32845 in01s02
insert_net TIMEBOOST_net_10346
disconnect_pin wbs_dat_i_25_
connect_pin wbs_dat_i_25_ TIMEBOOST_net_10346
connect_pin TIMEBOOST_cell_32845:a TIMEBOOST_net_10346
connect_pin TIMEBOOST_cell_32845:o TIMEBOOST_net_10345
insert_gate TIMEBOOST_cell_32846 in01s02
insert_net TIMEBOOST_net_10347
disconnect_pin wbs_dat_i_6_
connect_pin wbs_dat_i_6_ TIMEBOOST_net_10347
connect_pin TIMEBOOST_cell_32846:a TIMEBOOST_net_10347
connect_pin TIMEBOOST_cell_32846:o wbs_dat_i_6_
insert_gate TIMEBOOST_cell_32847 in01s02
insert_net TIMEBOOST_net_10348
disconnect_pin wbs_dat_i_6_
connect_pin wbs_dat_i_6_ TIMEBOOST_net_10348
connect_pin TIMEBOOST_cell_32847:a TIMEBOOST_net_10348
connect_pin TIMEBOOST_cell_32847:o TIMEBOOST_net_10347
insert_gate TIMEBOOST_cell_32848 in01s02
insert_net TIMEBOOST_net_10349
disconnect_pin wbs_dat_i_18_
connect_pin wbs_dat_i_18_ TIMEBOOST_net_10349
connect_pin TIMEBOOST_cell_32848:a TIMEBOOST_net_10349
connect_pin TIMEBOOST_cell_32848:o wbs_dat_i_18_
insert_gate TIMEBOOST_cell_32849 in01s02
insert_net TIMEBOOST_net_10350
disconnect_pin wbs_dat_i_18_
connect_pin wbs_dat_i_18_ TIMEBOOST_net_10350
connect_pin TIMEBOOST_cell_32849:a TIMEBOOST_net_10350
connect_pin TIMEBOOST_cell_32849:o TIMEBOOST_net_10349
insert_gate TIMEBOOST_cell_32850 in01s02
insert_net TIMEBOOST_net_10351
disconnect_pin wbs_dat_i_22_
connect_pin wbs_dat_i_22_ TIMEBOOST_net_10351
connect_pin TIMEBOOST_cell_32850:a TIMEBOOST_net_10351
connect_pin TIMEBOOST_cell_32850:o TIMEBOOST_net_10330
insert_gate TIMEBOOST_cell_32851 in01s02
insert_net TIMEBOOST_net_10352
disconnect_pin wbs_dat_i_22_
connect_pin wbs_dat_i_22_ TIMEBOOST_net_10352
connect_pin TIMEBOOST_cell_32851:a TIMEBOOST_net_10352
connect_pin TIMEBOOST_cell_32851:o TIMEBOOST_net_10351
insert_gate TIMEBOOST_cell_32852 in01s02
insert_net TIMEBOOST_net_10353
disconnect_pin wbs_dat_i_13_
connect_pin wbs_dat_i_13_ TIMEBOOST_net_10353
connect_pin TIMEBOOST_cell_32852:a TIMEBOOST_net_10353
connect_pin TIMEBOOST_cell_32852:o TIMEBOOST_net_10334
insert_gate TIMEBOOST_cell_32853 in01s02
insert_net TIMEBOOST_net_10354
disconnect_pin wbs_dat_i_13_
connect_pin wbs_dat_i_13_ TIMEBOOST_net_10354
connect_pin TIMEBOOST_cell_32853:a TIMEBOOST_net_10354
connect_pin TIMEBOOST_cell_32853:o TIMEBOOST_net_10353
insert_gate TIMEBOOST_cell_32854 in01s01
insert_net TIMEBOOST_net_10355
disconnect_pin g67607_u0:o
connect_pin g67607_u0:o TIMEBOOST_net_10355
connect_pin TIMEBOOST_cell_32854:a TIMEBOOST_net_10355
connect_pin TIMEBOOST_cell_32854:o TIMEBOOST_net_10326
insert_gate TIMEBOOST_cell_32855 in01s01
insert_net TIMEBOOST_net_10356
disconnect_pin g67607_u0:o
connect_pin g67607_u0:o TIMEBOOST_net_10356
connect_pin TIMEBOOST_cell_32855:a TIMEBOOST_net_10356
connect_pin TIMEBOOST_cell_32855:o TIMEBOOST_net_10355
insert_gate TIMEBOOST_cell_45863 in01s02
insert_net TIMEBOOST_net_15170
disconnect_pin pci_target_unit_del_sync_comp_sync_sync_data_out_reg_0__u0:o
connect_pin pci_target_unit_del_sync_comp_sync_sync_data_out_reg_0__u0:o TIMEBOOST_net_15170
connect_pin TIMEBOOST_cell_45863:a TIMEBOOST_net_15170
connect_pin TIMEBOOST_cell_45863:o pci_target_unit_del_sync_sync_req_comp_pending
insert_gate TIMEBOOST_cell_45864 in01s02
insert_net TIMEBOOST_net_15171
disconnect_pin pci_target_unit_del_sync_comp_sync_sync_data_out_reg_0__u0:o
connect_pin pci_target_unit_del_sync_comp_sync_sync_data_out_reg_0__u0:o TIMEBOOST_net_15171
connect_pin TIMEBOOST_cell_45864:a TIMEBOOST_net_15171
connect_pin TIMEBOOST_cell_45864:o TIMEBOOST_net_15170
insert_gate TIMEBOOST_cell_45865 in01s02
insert_net TIMEBOOST_net_15172
disconnect_pin wishbone_slave_unit_del_sync_comp_sync_sync_data_out_reg_0__u0:o
connect_pin wishbone_slave_unit_del_sync_comp_sync_sync_data_out_reg_0__u0:o TIMEBOOST_net_15172
connect_pin TIMEBOOST_cell_45865:a TIMEBOOST_net_15172
connect_pin TIMEBOOST_cell_45865:o wishbone_slave_unit_del_sync_sync_req_comp_pending
insert_gate TIMEBOOST_cell_45866 in01s02
insert_net TIMEBOOST_net_15173
disconnect_pin wishbone_slave_unit_del_sync_comp_sync_sync_data_out_reg_0__u0:o
connect_pin wishbone_slave_unit_del_sync_comp_sync_sync_data_out_reg_0__u0:o TIMEBOOST_net_15173
connect_pin TIMEBOOST_cell_45866:a TIMEBOOST_net_15173
connect_pin TIMEBOOST_cell_45866:o TIMEBOOST_net_15172
insert_gate TIMEBOOST_cell_45867 in01s01
insert_net TIMEBOOST_net_15174
disconnect_pin configuration_rst_inactive_sync_reg_u0:d
connect_pin configuration_rst_inactive_sync_reg_u0:d TIMEBOOST_net_15174
connect_pin TIMEBOOST_cell_45867:a pci_rst_oe_o
connect_pin TIMEBOOST_cell_45867:o TIMEBOOST_net_15174
insert_gate TIMEBOOST_cell_45868 in01s01
insert_net TIMEBOOST_net_15175
disconnect_pin configuration_rst_inactive_sync_reg_u0:d
connect_pin configuration_rst_inactive_sync_reg_u0:d TIMEBOOST_net_15175
connect_pin TIMEBOOST_cell_45868:a TIMEBOOST_net_15174
connect_pin TIMEBOOST_cell_45868:o TIMEBOOST_net_15175
insert_gate TIMEBOOST_cell_45869 in01s01
insert_net TIMEBOOST_net_15176
disconnect_pin i_pci_wbs_wbb3_2_wbb2_wbs_adr_o_reg_18__u0:d
connect_pin i_pci_wbs_wbb3_2_wbb2_wbs_adr_o_reg_18__u0:d TIMEBOOST_net_15176
connect_pin TIMEBOOST_cell_45869:a n_11869
connect_pin TIMEBOOST_cell_45869:o TIMEBOOST_net_15176
insert_gate TIMEBOOST_cell_45870 in01s01
insert_net TIMEBOOST_net_15177
disconnect_pin i_pci_wbs_wbb3_2_wbb2_wbs_adr_o_reg_18__u0:d
connect_pin i_pci_wbs_wbb3_2_wbb2_wbs_adr_o_reg_18__u0:d TIMEBOOST_net_15177
connect_pin TIMEBOOST_cell_45870:a TIMEBOOST_net_15176
connect_pin TIMEBOOST_cell_45870:o TIMEBOOST_net_15177
insert_gate TIMEBOOST_cell_45871 in01s01
insert_net TIMEBOOST_net_15178
disconnect_pin i_pci_wbs_wbb3_2_wbb2_wbs_adr_o_reg_30__u0:d
connect_pin i_pci_wbs_wbb3_2_wbb2_wbs_adr_o_reg_30__u0:d TIMEBOOST_net_15178
connect_pin TIMEBOOST_cell_45871:a n_11857
connect_pin TIMEBOOST_cell_45871:o TIMEBOOST_net_15178
insert_gate TIMEBOOST_cell_45872 in01s01
insert_net TIMEBOOST_net_15179
disconnect_pin i_pci_wbs_wbb3_2_wbb2_wbs_adr_o_reg_30__u0:d
connect_pin i_pci_wbs_wbb3_2_wbb2_wbs_adr_o_reg_30__u0:d TIMEBOOST_net_15179
connect_pin TIMEBOOST_cell_45872:a TIMEBOOST_net_15178
connect_pin TIMEBOOST_cell_45872:o TIMEBOOST_net_15179
insert_gate TIMEBOOST_cell_45873 in01s01
insert_net TIMEBOOST_net_15180
disconnect_pin i_pci_wbs_wbb3_2_wbb2_wbs_adr_o_reg_9__u0:d
connect_pin i_pci_wbs_wbb3_2_wbb2_wbs_adr_o_reg_9__u0:d TIMEBOOST_net_15180
connect_pin TIMEBOOST_cell_45873:a n_11849
connect_pin TIMEBOOST_cell_45873:o TIMEBOOST_net_15180
insert_gate TIMEBOOST_cell_45874 in01s01
insert_net TIMEBOOST_net_15181
disconnect_pin i_pci_wbs_wbb3_2_wbb2_wbs_adr_o_reg_9__u0:d
connect_pin i_pci_wbs_wbb3_2_wbb2_wbs_adr_o_reg_9__u0:d TIMEBOOST_net_15181
connect_pin TIMEBOOST_cell_45874:a TIMEBOOST_net_15180
connect_pin TIMEBOOST_cell_45874:o TIMEBOOST_net_15181
insert_gate TIMEBOOST_cell_45875 in01s01
insert_net TIMEBOOST_net_15182
disconnect_pin i_pci_wbs_wbb3_2_wbb2_wbs_dat_i_o_reg_29__u0:d
connect_pin i_pci_wbs_wbb3_2_wbb2_wbs_dat_i_o_reg_29__u0:d TIMEBOOST_net_15182
connect_pin TIMEBOOST_cell_45875:a n_7174
connect_pin TIMEBOOST_cell_45875:o TIMEBOOST_net_15182
insert_gate TIMEBOOST_cell_45876 in01s01
insert_net TIMEBOOST_net_15183
disconnect_pin i_pci_wbs_wbb3_2_wbb2_wbs_dat_i_o_reg_29__u0:d
connect_pin i_pci_wbs_wbb3_2_wbb2_wbs_dat_i_o_reg_29__u0:d TIMEBOOST_net_15183
connect_pin TIMEBOOST_cell_45876:a TIMEBOOST_net_15182
connect_pin TIMEBOOST_cell_45876:o TIMEBOOST_net_15183
insert_gate TIMEBOOST_cell_45877 in01s01
insert_net TIMEBOOST_net_15184
disconnect_pin output_backup_par_out_reg_u0:d
connect_pin output_backup_par_out_reg_u0:d TIMEBOOST_net_15184
connect_pin TIMEBOOST_cell_45877:a n_8576
connect_pin TIMEBOOST_cell_45877:o TIMEBOOST_net_15184
insert_gate TIMEBOOST_cell_45878 in01s01
insert_net TIMEBOOST_net_15185
disconnect_pin output_backup_par_out_reg_u0:d
connect_pin output_backup_par_out_reg_u0:d TIMEBOOST_net_15185
connect_pin TIMEBOOST_cell_45878:a TIMEBOOST_net_15184
connect_pin TIMEBOOST_cell_45878:o TIMEBOOST_net_15185
insert_gate TIMEBOOST_cell_45879 in01s01
insert_net TIMEBOOST_net_15186
disconnect_pin parity_checker_frame_and_irdy_en_prev_reg_u0:d
connect_pin parity_checker_frame_and_irdy_en_prev_reg_u0:d TIMEBOOST_net_15186
connect_pin TIMEBOOST_cell_45879:a n_727
connect_pin TIMEBOOST_cell_45879:o TIMEBOOST_net_15186
insert_gate TIMEBOOST_cell_45880 in01s01
insert_net TIMEBOOST_net_15187
disconnect_pin parity_checker_frame_and_irdy_en_prev_reg_u0:d
connect_pin parity_checker_frame_and_irdy_en_prev_reg_u0:d TIMEBOOST_net_15187
connect_pin TIMEBOOST_cell_45880:a TIMEBOOST_net_15186
connect_pin TIMEBOOST_cell_45880:o TIMEBOOST_net_15187
insert_gate TIMEBOOST_cell_45881 in01s01
insert_net TIMEBOOST_net_15188
disconnect_pin pci_io_mux_cbe_iob3_dat_out_reg_u0:d
connect_pin pci_io_mux_cbe_iob3_dat_out_reg_u0:d TIMEBOOST_net_15188
connect_pin TIMEBOOST_cell_45881:a n_14388
connect_pin TIMEBOOST_cell_45881:o TIMEBOOST_net_15188
insert_gate TIMEBOOST_cell_45882 in01s01
insert_net TIMEBOOST_net_15189
disconnect_pin pci_io_mux_cbe_iob3_dat_out_reg_u0:d
connect_pin pci_io_mux_cbe_iob3_dat_out_reg_u0:d TIMEBOOST_net_15189
connect_pin TIMEBOOST_cell_45882:a TIMEBOOST_net_15188
connect_pin TIMEBOOST_cell_45882:o TIMEBOOST_net_15189
insert_gate TIMEBOOST_cell_45883 in01s01
insert_net TIMEBOOST_net_15190
disconnect_pin pci_io_mux_par_iob_dat_out_reg_u0:d
connect_pin pci_io_mux_par_iob_dat_out_reg_u0:d TIMEBOOST_net_15190
connect_pin TIMEBOOST_cell_45883:a n_8576
connect_pin TIMEBOOST_cell_45883:o TIMEBOOST_net_15190
insert_gate TIMEBOOST_cell_45884 in01s01
insert_net TIMEBOOST_net_15191
disconnect_pin pci_io_mux_par_iob_dat_out_reg_u0:d
connect_pin pci_io_mux_par_iob_dat_out_reg_u0:d TIMEBOOST_net_15191
connect_pin TIMEBOOST_cell_45884:a TIMEBOOST_net_15190
connect_pin TIMEBOOST_cell_45884:o TIMEBOOST_net_15191
insert_gate TIMEBOOST_cell_45885 in01s01
insert_net TIMEBOOST_net_15192
disconnect_pin pci_target_unit_fifos_pcir_fifo_ctrl_i_synchronizer_reg_rgrey_addr_sync_data_out_reg_0__u0:d
connect_pin pci_target_unit_fifos_pcir_fifo_ctrl_i_synchronizer_reg_rgrey_addr_sync_data_out_reg_0__u0:d TIMEBOOST_net_15192
connect_pin TIMEBOOST_cell_45885:a pci_target_unit_fifos_pcir_fifo_ctrl_rgrey_addr_0_
connect_pin TIMEBOOST_cell_45885:o TIMEBOOST_net_15192
insert_gate TIMEBOOST_cell_45886 in01s01
insert_net TIMEBOOST_net_15193
disconnect_pin pci_target_unit_fifos_pcir_fifo_ctrl_i_synchronizer_reg_rgrey_addr_sync_data_out_reg_0__u0:d
connect_pin pci_target_unit_fifos_pcir_fifo_ctrl_i_synchronizer_reg_rgrey_addr_sync_data_out_reg_0__u0:d TIMEBOOST_net_15193
connect_pin TIMEBOOST_cell_45886:a TIMEBOOST_net_15192
connect_pin TIMEBOOST_cell_45886:o TIMEBOOST_net_15193
insert_gate TIMEBOOST_cell_45887 in01s01
insert_net TIMEBOOST_net_15194
disconnect_pin pci_target_unit_fifos_pcir_fifo_ctrl_i_synchronizer_reg_rgrey_addr_sync_data_out_reg_1__u0:d
connect_pin pci_target_unit_fifos_pcir_fifo_ctrl_i_synchronizer_reg_rgrey_addr_sync_data_out_reg_1__u0:d TIMEBOOST_net_15194
connect_pin TIMEBOOST_cell_45887:a pci_target_unit_fifos_pcir_fifo_ctrl_rgrey_addr_1_
connect_pin TIMEBOOST_cell_45887:o TIMEBOOST_net_15194
insert_gate TIMEBOOST_cell_45888 in01s01
insert_net TIMEBOOST_net_15195
disconnect_pin pci_target_unit_fifos_pcir_fifo_ctrl_i_synchronizer_reg_rgrey_addr_sync_data_out_reg_1__u0:d
connect_pin pci_target_unit_fifos_pcir_fifo_ctrl_i_synchronizer_reg_rgrey_addr_sync_data_out_reg_1__u0:d TIMEBOOST_net_15195
connect_pin TIMEBOOST_cell_45888:a TIMEBOOST_net_15194
connect_pin TIMEBOOST_cell_45888:o TIMEBOOST_net_15195
insert_gate TIMEBOOST_cell_45889 in01s01
insert_net TIMEBOOST_net_15196
disconnect_pin pci_target_unit_fifos_pcir_fifo_ctrl_i_synchronizer_reg_rgrey_addr_sync_data_out_reg_2__u0:d
connect_pin pci_target_unit_fifos_pcir_fifo_ctrl_i_synchronizer_reg_rgrey_addr_sync_data_out_reg_2__u0:d TIMEBOOST_net_15196
connect_pin TIMEBOOST_cell_45889:a pci_target_unit_fifos_pcir_fifo_ctrl_rgrey_addr_2_
connect_pin TIMEBOOST_cell_45889:o TIMEBOOST_net_15196
insert_gate TIMEBOOST_cell_45890 in01s01
insert_net TIMEBOOST_net_15197
disconnect_pin pci_target_unit_fifos_pcir_fifo_ctrl_i_synchronizer_reg_rgrey_addr_sync_data_out_reg_2__u0:d
connect_pin pci_target_unit_fifos_pcir_fifo_ctrl_i_synchronizer_reg_rgrey_addr_sync_data_out_reg_2__u0:d TIMEBOOST_net_15197
connect_pin TIMEBOOST_cell_45890:a TIMEBOOST_net_15196
connect_pin TIMEBOOST_cell_45890:o TIMEBOOST_net_15197
insert_gate TIMEBOOST_cell_45891 in01s01
insert_net TIMEBOOST_net_15198
disconnect_pin pci_target_unit_fifos_pcir_fifo_ctrl_raddr_plus_one_reg_0__u0:d
connect_pin pci_target_unit_fifos_pcir_fifo_ctrl_raddr_plus_one_reg_0__u0:d TIMEBOOST_net_15198
connect_pin TIMEBOOST_cell_45891:a n_9168
connect_pin TIMEBOOST_cell_45891:o TIMEBOOST_net_15198
insert_gate TIMEBOOST_cell_45892 in01s01
insert_net TIMEBOOST_net_15199
disconnect_pin pci_target_unit_fifos_pcir_fifo_ctrl_raddr_plus_one_reg_0__u0:d
connect_pin pci_target_unit_fifos_pcir_fifo_ctrl_raddr_plus_one_reg_0__u0:d TIMEBOOST_net_15199
connect_pin TIMEBOOST_cell_45892:a TIMEBOOST_net_15198
connect_pin TIMEBOOST_cell_45892:o TIMEBOOST_net_15199
insert_gate TIMEBOOST_cell_45893 in01s01
insert_net TIMEBOOST_net_15200
disconnect_pin pci_target_unit_fifos_pciw_fifo_ctrl_i_synchronizer_reg_wgrey_addr_sync_data_out_reg_0__u0:d
connect_pin pci_target_unit_fifos_pciw_fifo_ctrl_i_synchronizer_reg_wgrey_addr_sync_data_out_reg_0__u0:d TIMEBOOST_net_15200
connect_pin TIMEBOOST_cell_45893:a pci_target_unit_fifos_pciw_fifo_ctrl_wgrey_addr_0_
connect_pin TIMEBOOST_cell_45893:o TIMEBOOST_net_15200
insert_gate TIMEBOOST_cell_45894 in01s01
insert_net TIMEBOOST_net_15201
disconnect_pin pci_target_unit_fifos_pciw_fifo_ctrl_i_synchronizer_reg_wgrey_addr_sync_data_out_reg_0__u0:d
connect_pin pci_target_unit_fifos_pciw_fifo_ctrl_i_synchronizer_reg_wgrey_addr_sync_data_out_reg_0__u0:d TIMEBOOST_net_15201
connect_pin TIMEBOOST_cell_45894:a TIMEBOOST_net_15200
connect_pin TIMEBOOST_cell_45894:o TIMEBOOST_net_15201
insert_gate TIMEBOOST_cell_45895 in01s01
insert_net TIMEBOOST_net_15202
disconnect_pin pci_target_unit_fifos_pciw_fifo_ctrl_i_synchronizer_reg_wgrey_addr_sync_data_out_reg_1__u0:d
connect_pin pci_target_unit_fifos_pciw_fifo_ctrl_i_synchronizer_reg_wgrey_addr_sync_data_out_reg_1__u0:d TIMEBOOST_net_15202
connect_pin TIMEBOOST_cell_45895:a pci_target_unit_fifos_pciw_fifo_ctrl_wgrey_addr_1_
connect_pin TIMEBOOST_cell_45895:o TIMEBOOST_net_15202
insert_gate TIMEBOOST_cell_45896 in01s01
insert_net TIMEBOOST_net_15203
disconnect_pin pci_target_unit_fifos_pciw_fifo_ctrl_i_synchronizer_reg_wgrey_addr_sync_data_out_reg_1__u0:d
connect_pin pci_target_unit_fifos_pciw_fifo_ctrl_i_synchronizer_reg_wgrey_addr_sync_data_out_reg_1__u0:d TIMEBOOST_net_15203
connect_pin TIMEBOOST_cell_45896:a TIMEBOOST_net_15202
connect_pin TIMEBOOST_cell_45896:o TIMEBOOST_net_15203
insert_gate TIMEBOOST_cell_45897 in01s01
insert_net TIMEBOOST_net_15204
disconnect_pin pci_target_unit_fifos_pciw_fifo_ctrl_i_synchronizer_reg_wgrey_addr_sync_data_out_reg_2__u0:d
connect_pin pci_target_unit_fifos_pciw_fifo_ctrl_i_synchronizer_reg_wgrey_addr_sync_data_out_reg_2__u0:d TIMEBOOST_net_15204
connect_pin TIMEBOOST_cell_45897:a pci_target_unit_fifos_pciw_fifo_ctrl_wgrey_addr_2_
connect_pin TIMEBOOST_cell_45897:o TIMEBOOST_net_15204
insert_gate TIMEBOOST_cell_45898 in01s01
insert_net TIMEBOOST_net_15205
disconnect_pin pci_target_unit_fifos_pciw_fifo_ctrl_i_synchronizer_reg_wgrey_addr_sync_data_out_reg_2__u0:d
connect_pin pci_target_unit_fifos_pciw_fifo_ctrl_i_synchronizer_reg_wgrey_addr_sync_data_out_reg_2__u0:d TIMEBOOST_net_15205
connect_pin TIMEBOOST_cell_45898:a TIMEBOOST_net_15204
connect_pin TIMEBOOST_cell_45898:o TIMEBOOST_net_15205
insert_gate TIMEBOOST_cell_45899 in01s01
insert_net TIMEBOOST_net_15206
disconnect_pin pci_target_unit_wishbone_master_pcir_fifo_data_out_reg_0__u0:d
connect_pin pci_target_unit_wishbone_master_pcir_fifo_data_out_reg_0__u0:d TIMEBOOST_net_15206
connect_pin TIMEBOOST_cell_45899:a wbm_dat_i_0_
connect_pin TIMEBOOST_cell_45899:o TIMEBOOST_net_15206
insert_gate TIMEBOOST_cell_45900 in01s01
insert_net TIMEBOOST_net_15207
disconnect_pin pci_target_unit_wishbone_master_pcir_fifo_data_out_reg_0__u0:d
connect_pin pci_target_unit_wishbone_master_pcir_fifo_data_out_reg_0__u0:d TIMEBOOST_net_15207
connect_pin TIMEBOOST_cell_45900:a TIMEBOOST_net_15206
connect_pin TIMEBOOST_cell_45900:o TIMEBOOST_net_15207
insert_gate TIMEBOOST_cell_45901 in01s01
insert_net TIMEBOOST_net_15208
disconnect_pin pci_target_unit_wishbone_master_pcir_fifo_data_out_reg_10__u0:d
connect_pin pci_target_unit_wishbone_master_pcir_fifo_data_out_reg_10__u0:d TIMEBOOST_net_15208
connect_pin TIMEBOOST_cell_45901:a wbm_dat_i_10_
connect_pin TIMEBOOST_cell_45901:o TIMEBOOST_net_15208
insert_gate TIMEBOOST_cell_45902 in01s01
insert_net TIMEBOOST_net_15209
disconnect_pin pci_target_unit_wishbone_master_pcir_fifo_data_out_reg_10__u0:d
connect_pin pci_target_unit_wishbone_master_pcir_fifo_data_out_reg_10__u0:d TIMEBOOST_net_15209
connect_pin TIMEBOOST_cell_45902:a TIMEBOOST_net_15208
connect_pin TIMEBOOST_cell_45902:o TIMEBOOST_net_15209
insert_gate TIMEBOOST_cell_45903 in01s01
insert_net TIMEBOOST_net_15210
disconnect_pin pci_target_unit_wishbone_master_pcir_fifo_data_out_reg_11__u0:d
connect_pin pci_target_unit_wishbone_master_pcir_fifo_data_out_reg_11__u0:d TIMEBOOST_net_15210
connect_pin TIMEBOOST_cell_45903:a wbm_dat_i_11_
connect_pin TIMEBOOST_cell_45903:o TIMEBOOST_net_15210
insert_gate TIMEBOOST_cell_45904 in01s01
insert_net TIMEBOOST_net_15211
disconnect_pin pci_target_unit_wishbone_master_pcir_fifo_data_out_reg_11__u0:d
connect_pin pci_target_unit_wishbone_master_pcir_fifo_data_out_reg_11__u0:d TIMEBOOST_net_15211
connect_pin TIMEBOOST_cell_45904:a TIMEBOOST_net_15210
connect_pin TIMEBOOST_cell_45904:o TIMEBOOST_net_15211
insert_gate TIMEBOOST_cell_45905 in01s01
insert_net TIMEBOOST_net_15212
disconnect_pin pci_target_unit_wishbone_master_pcir_fifo_data_out_reg_12__u0:d
connect_pin pci_target_unit_wishbone_master_pcir_fifo_data_out_reg_12__u0:d TIMEBOOST_net_15212
connect_pin TIMEBOOST_cell_45905:a wbm_dat_i_12_
connect_pin TIMEBOOST_cell_45905:o TIMEBOOST_net_15212
insert_gate TIMEBOOST_cell_45906 in01s01
insert_net TIMEBOOST_net_15213
disconnect_pin pci_target_unit_wishbone_master_pcir_fifo_data_out_reg_12__u0:d
connect_pin pci_target_unit_wishbone_master_pcir_fifo_data_out_reg_12__u0:d TIMEBOOST_net_15213
connect_pin TIMEBOOST_cell_45906:a TIMEBOOST_net_15212
connect_pin TIMEBOOST_cell_45906:o TIMEBOOST_net_15213
insert_gate TIMEBOOST_cell_45907 in01s01
insert_net TIMEBOOST_net_15214
disconnect_pin pci_target_unit_wishbone_master_pcir_fifo_data_out_reg_13__u0:d
connect_pin pci_target_unit_wishbone_master_pcir_fifo_data_out_reg_13__u0:d TIMEBOOST_net_15214
connect_pin TIMEBOOST_cell_45907:a wbm_dat_i_13_
connect_pin TIMEBOOST_cell_45907:o TIMEBOOST_net_15214
insert_gate TIMEBOOST_cell_45908 in01s01
insert_net TIMEBOOST_net_15215
disconnect_pin pci_target_unit_wishbone_master_pcir_fifo_data_out_reg_13__u0:d
connect_pin pci_target_unit_wishbone_master_pcir_fifo_data_out_reg_13__u0:d TIMEBOOST_net_15215
connect_pin TIMEBOOST_cell_45908:a TIMEBOOST_net_15214
connect_pin TIMEBOOST_cell_45908:o TIMEBOOST_net_15215
insert_gate TIMEBOOST_cell_45909 in01s01
insert_net TIMEBOOST_net_15216
disconnect_pin pci_target_unit_wishbone_master_pcir_fifo_data_out_reg_14__u0:d
connect_pin pci_target_unit_wishbone_master_pcir_fifo_data_out_reg_14__u0:d TIMEBOOST_net_15216
connect_pin TIMEBOOST_cell_45909:a wbm_dat_i_14_
connect_pin TIMEBOOST_cell_45909:o TIMEBOOST_net_15216
insert_gate TIMEBOOST_cell_45910 in01s01
insert_net TIMEBOOST_net_15217
disconnect_pin pci_target_unit_wishbone_master_pcir_fifo_data_out_reg_14__u0:d
connect_pin pci_target_unit_wishbone_master_pcir_fifo_data_out_reg_14__u0:d TIMEBOOST_net_15217
connect_pin TIMEBOOST_cell_45910:a TIMEBOOST_net_15216
connect_pin TIMEBOOST_cell_45910:o TIMEBOOST_net_15217
insert_gate TIMEBOOST_cell_45911 in01s01
insert_net TIMEBOOST_net_15218
disconnect_pin pci_target_unit_wishbone_master_pcir_fifo_data_out_reg_15__u0:d
connect_pin pci_target_unit_wishbone_master_pcir_fifo_data_out_reg_15__u0:d TIMEBOOST_net_15218
connect_pin TIMEBOOST_cell_45911:a wbm_dat_i_15_
connect_pin TIMEBOOST_cell_45911:o TIMEBOOST_net_15218
insert_gate TIMEBOOST_cell_45912 in01s01
insert_net TIMEBOOST_net_15219
disconnect_pin pci_target_unit_wishbone_master_pcir_fifo_data_out_reg_15__u0:d
connect_pin pci_target_unit_wishbone_master_pcir_fifo_data_out_reg_15__u0:d TIMEBOOST_net_15219
connect_pin TIMEBOOST_cell_45912:a TIMEBOOST_net_15218
connect_pin TIMEBOOST_cell_45912:o TIMEBOOST_net_15219
insert_gate TIMEBOOST_cell_45913 in01s01
insert_net TIMEBOOST_net_15220
disconnect_pin pci_target_unit_wishbone_master_pcir_fifo_data_out_reg_16__u0:d
connect_pin pci_target_unit_wishbone_master_pcir_fifo_data_out_reg_16__u0:d TIMEBOOST_net_15220
connect_pin TIMEBOOST_cell_45913:a wbm_dat_i_16_
connect_pin TIMEBOOST_cell_45913:o TIMEBOOST_net_15220
insert_gate TIMEBOOST_cell_45914 in01s01
insert_net TIMEBOOST_net_15221
disconnect_pin pci_target_unit_wishbone_master_pcir_fifo_data_out_reg_16__u0:d
connect_pin pci_target_unit_wishbone_master_pcir_fifo_data_out_reg_16__u0:d TIMEBOOST_net_15221
connect_pin TIMEBOOST_cell_45914:a TIMEBOOST_net_15220
connect_pin TIMEBOOST_cell_45914:o TIMEBOOST_net_15221
insert_gate TIMEBOOST_cell_45915 in01s01
insert_net TIMEBOOST_net_15222
disconnect_pin pci_target_unit_wishbone_master_pcir_fifo_data_out_reg_17__u0:d
connect_pin pci_target_unit_wishbone_master_pcir_fifo_data_out_reg_17__u0:d TIMEBOOST_net_15222
connect_pin TIMEBOOST_cell_45915:a wbm_dat_i_17_
connect_pin TIMEBOOST_cell_45915:o TIMEBOOST_net_15222
insert_gate TIMEBOOST_cell_45916 in01s01
insert_net TIMEBOOST_net_15223
disconnect_pin pci_target_unit_wishbone_master_pcir_fifo_data_out_reg_17__u0:d
connect_pin pci_target_unit_wishbone_master_pcir_fifo_data_out_reg_17__u0:d TIMEBOOST_net_15223
connect_pin TIMEBOOST_cell_45916:a TIMEBOOST_net_15222
connect_pin TIMEBOOST_cell_45916:o TIMEBOOST_net_15223
insert_gate TIMEBOOST_cell_45917 in01s01
insert_net TIMEBOOST_net_15224
disconnect_pin pci_target_unit_wishbone_master_pcir_fifo_data_out_reg_18__u0:d
connect_pin pci_target_unit_wishbone_master_pcir_fifo_data_out_reg_18__u0:d TIMEBOOST_net_15224
connect_pin TIMEBOOST_cell_45917:a wbm_dat_i_18_
connect_pin TIMEBOOST_cell_45917:o TIMEBOOST_net_15224
insert_gate TIMEBOOST_cell_45918 in01s01
insert_net TIMEBOOST_net_15225
disconnect_pin pci_target_unit_wishbone_master_pcir_fifo_data_out_reg_18__u0:d
connect_pin pci_target_unit_wishbone_master_pcir_fifo_data_out_reg_18__u0:d TIMEBOOST_net_15225
connect_pin TIMEBOOST_cell_45918:a TIMEBOOST_net_15224
connect_pin TIMEBOOST_cell_45918:o TIMEBOOST_net_15225
insert_gate TIMEBOOST_cell_45919 in01s01
insert_net TIMEBOOST_net_15226
disconnect_pin pci_target_unit_wishbone_master_pcir_fifo_data_out_reg_19__u0:d
connect_pin pci_target_unit_wishbone_master_pcir_fifo_data_out_reg_19__u0:d TIMEBOOST_net_15226
connect_pin TIMEBOOST_cell_45919:a wbm_dat_i_19_
connect_pin TIMEBOOST_cell_45919:o TIMEBOOST_net_15226
insert_gate TIMEBOOST_cell_45920 in01s01
insert_net TIMEBOOST_net_15227
disconnect_pin pci_target_unit_wishbone_master_pcir_fifo_data_out_reg_19__u0:d
connect_pin pci_target_unit_wishbone_master_pcir_fifo_data_out_reg_19__u0:d TIMEBOOST_net_15227
connect_pin TIMEBOOST_cell_45920:a TIMEBOOST_net_15226
connect_pin TIMEBOOST_cell_45920:o TIMEBOOST_net_15227
insert_gate TIMEBOOST_cell_45921 in01s01
insert_net TIMEBOOST_net_15228
disconnect_pin pci_target_unit_wishbone_master_pcir_fifo_data_out_reg_1__u0:d
connect_pin pci_target_unit_wishbone_master_pcir_fifo_data_out_reg_1__u0:d TIMEBOOST_net_15228
connect_pin TIMEBOOST_cell_45921:a wbm_dat_i_1_
connect_pin TIMEBOOST_cell_45921:o TIMEBOOST_net_15228
insert_gate TIMEBOOST_cell_45922 in01s01
insert_net TIMEBOOST_net_15229
disconnect_pin pci_target_unit_wishbone_master_pcir_fifo_data_out_reg_1__u0:d
connect_pin pci_target_unit_wishbone_master_pcir_fifo_data_out_reg_1__u0:d TIMEBOOST_net_15229
connect_pin TIMEBOOST_cell_45922:a TIMEBOOST_net_15228
connect_pin TIMEBOOST_cell_45922:o TIMEBOOST_net_15229
insert_gate TIMEBOOST_cell_45923 in01s01
insert_net TIMEBOOST_net_15230
disconnect_pin pci_target_unit_wishbone_master_pcir_fifo_data_out_reg_20__u0:d
connect_pin pci_target_unit_wishbone_master_pcir_fifo_data_out_reg_20__u0:d TIMEBOOST_net_15230
connect_pin TIMEBOOST_cell_45923:a wbm_dat_i_20_
connect_pin TIMEBOOST_cell_45923:o TIMEBOOST_net_15230
insert_gate TIMEBOOST_cell_45924 in01s01
insert_net TIMEBOOST_net_15231
disconnect_pin pci_target_unit_wishbone_master_pcir_fifo_data_out_reg_20__u0:d
connect_pin pci_target_unit_wishbone_master_pcir_fifo_data_out_reg_20__u0:d TIMEBOOST_net_15231
connect_pin TIMEBOOST_cell_45924:a TIMEBOOST_net_15230
connect_pin TIMEBOOST_cell_45924:o TIMEBOOST_net_15231
insert_gate TIMEBOOST_cell_45925 in01s01
insert_net TIMEBOOST_net_15232
disconnect_pin pci_target_unit_wishbone_master_pcir_fifo_data_out_reg_21__u0:d
connect_pin pci_target_unit_wishbone_master_pcir_fifo_data_out_reg_21__u0:d TIMEBOOST_net_15232
connect_pin TIMEBOOST_cell_45925:a wbm_dat_i_21_
connect_pin TIMEBOOST_cell_45925:o TIMEBOOST_net_15232
insert_gate TIMEBOOST_cell_45926 in01s01
insert_net TIMEBOOST_net_15233
disconnect_pin pci_target_unit_wishbone_master_pcir_fifo_data_out_reg_21__u0:d
connect_pin pci_target_unit_wishbone_master_pcir_fifo_data_out_reg_21__u0:d TIMEBOOST_net_15233
connect_pin TIMEBOOST_cell_45926:a TIMEBOOST_net_15232
connect_pin TIMEBOOST_cell_45926:o TIMEBOOST_net_15233
insert_gate TIMEBOOST_cell_45927 in01s01
insert_net TIMEBOOST_net_15234
disconnect_pin pci_target_unit_wishbone_master_pcir_fifo_data_out_reg_22__u0:d
connect_pin pci_target_unit_wishbone_master_pcir_fifo_data_out_reg_22__u0:d TIMEBOOST_net_15234
connect_pin TIMEBOOST_cell_45927:a wbm_dat_i_22_
connect_pin TIMEBOOST_cell_45927:o TIMEBOOST_net_15234
insert_gate TIMEBOOST_cell_45928 in01s01
insert_net TIMEBOOST_net_15235
disconnect_pin pci_target_unit_wishbone_master_pcir_fifo_data_out_reg_22__u0:d
connect_pin pci_target_unit_wishbone_master_pcir_fifo_data_out_reg_22__u0:d TIMEBOOST_net_15235
connect_pin TIMEBOOST_cell_45928:a TIMEBOOST_net_15234
connect_pin TIMEBOOST_cell_45928:o TIMEBOOST_net_15235
insert_gate TIMEBOOST_cell_45929 in01s01
insert_net TIMEBOOST_net_15236
disconnect_pin pci_target_unit_wishbone_master_pcir_fifo_data_out_reg_23__u0:d
connect_pin pci_target_unit_wishbone_master_pcir_fifo_data_out_reg_23__u0:d TIMEBOOST_net_15236
connect_pin TIMEBOOST_cell_45929:a wbm_dat_i_23_
connect_pin TIMEBOOST_cell_45929:o TIMEBOOST_net_15236
insert_gate TIMEBOOST_cell_45930 in01s01
insert_net TIMEBOOST_net_15237
disconnect_pin pci_target_unit_wishbone_master_pcir_fifo_data_out_reg_23__u0:d
connect_pin pci_target_unit_wishbone_master_pcir_fifo_data_out_reg_23__u0:d TIMEBOOST_net_15237
connect_pin TIMEBOOST_cell_45930:a TIMEBOOST_net_15236
connect_pin TIMEBOOST_cell_45930:o TIMEBOOST_net_15237
insert_gate TIMEBOOST_cell_45931 in01s01
insert_net TIMEBOOST_net_15238
disconnect_pin pci_target_unit_wishbone_master_pcir_fifo_data_out_reg_24__u0:d
connect_pin pci_target_unit_wishbone_master_pcir_fifo_data_out_reg_24__u0:d TIMEBOOST_net_15238
connect_pin TIMEBOOST_cell_45931:a wbm_dat_i_24_
connect_pin TIMEBOOST_cell_45931:o TIMEBOOST_net_15238
insert_gate TIMEBOOST_cell_45932 in01s01
insert_net TIMEBOOST_net_15239
disconnect_pin pci_target_unit_wishbone_master_pcir_fifo_data_out_reg_24__u0:d
connect_pin pci_target_unit_wishbone_master_pcir_fifo_data_out_reg_24__u0:d TIMEBOOST_net_15239
connect_pin TIMEBOOST_cell_45932:a TIMEBOOST_net_15238
connect_pin TIMEBOOST_cell_45932:o TIMEBOOST_net_15239
insert_gate TIMEBOOST_cell_45933 in01s01
insert_net TIMEBOOST_net_15240
disconnect_pin pci_target_unit_wishbone_master_pcir_fifo_data_out_reg_25__u0:d
connect_pin pci_target_unit_wishbone_master_pcir_fifo_data_out_reg_25__u0:d TIMEBOOST_net_15240
connect_pin TIMEBOOST_cell_45933:a wbm_dat_i_25_
connect_pin TIMEBOOST_cell_45933:o TIMEBOOST_net_15240
insert_gate TIMEBOOST_cell_45934 in01s01
insert_net TIMEBOOST_net_15241
disconnect_pin pci_target_unit_wishbone_master_pcir_fifo_data_out_reg_25__u0:d
connect_pin pci_target_unit_wishbone_master_pcir_fifo_data_out_reg_25__u0:d TIMEBOOST_net_15241
connect_pin TIMEBOOST_cell_45934:a TIMEBOOST_net_15240
connect_pin TIMEBOOST_cell_45934:o TIMEBOOST_net_15241
insert_gate TIMEBOOST_cell_45935 in01s01
insert_net TIMEBOOST_net_15242
disconnect_pin pci_target_unit_wishbone_master_pcir_fifo_data_out_reg_26__u0:d
connect_pin pci_target_unit_wishbone_master_pcir_fifo_data_out_reg_26__u0:d TIMEBOOST_net_15242
connect_pin TIMEBOOST_cell_45935:a wbm_dat_i_26_
connect_pin TIMEBOOST_cell_45935:o TIMEBOOST_net_15242
insert_gate TIMEBOOST_cell_45936 in01s01
insert_net TIMEBOOST_net_15243
disconnect_pin pci_target_unit_wishbone_master_pcir_fifo_data_out_reg_26__u0:d
connect_pin pci_target_unit_wishbone_master_pcir_fifo_data_out_reg_26__u0:d TIMEBOOST_net_15243
connect_pin TIMEBOOST_cell_45936:a TIMEBOOST_net_15242
connect_pin TIMEBOOST_cell_45936:o TIMEBOOST_net_15243
insert_gate TIMEBOOST_cell_45937 in01s01
insert_net TIMEBOOST_net_15244
disconnect_pin pci_target_unit_wishbone_master_pcir_fifo_data_out_reg_27__u0:d
connect_pin pci_target_unit_wishbone_master_pcir_fifo_data_out_reg_27__u0:d TIMEBOOST_net_15244
connect_pin TIMEBOOST_cell_45937:a wbm_dat_i_27_
connect_pin TIMEBOOST_cell_45937:o TIMEBOOST_net_15244
insert_gate TIMEBOOST_cell_45938 in01s01
insert_net TIMEBOOST_net_15245
disconnect_pin pci_target_unit_wishbone_master_pcir_fifo_data_out_reg_27__u0:d
connect_pin pci_target_unit_wishbone_master_pcir_fifo_data_out_reg_27__u0:d TIMEBOOST_net_15245
connect_pin TIMEBOOST_cell_45938:a TIMEBOOST_net_15244
connect_pin TIMEBOOST_cell_45938:o TIMEBOOST_net_15245
insert_gate TIMEBOOST_cell_45939 in01s01
insert_net TIMEBOOST_net_15246
disconnect_pin pci_target_unit_wishbone_master_pcir_fifo_data_out_reg_28__u0:d
connect_pin pci_target_unit_wishbone_master_pcir_fifo_data_out_reg_28__u0:d TIMEBOOST_net_15246
connect_pin TIMEBOOST_cell_45939:a wbm_dat_i_28_
connect_pin TIMEBOOST_cell_45939:o TIMEBOOST_net_15246
insert_gate TIMEBOOST_cell_45940 in01s01
insert_net TIMEBOOST_net_15247
disconnect_pin pci_target_unit_wishbone_master_pcir_fifo_data_out_reg_28__u0:d
connect_pin pci_target_unit_wishbone_master_pcir_fifo_data_out_reg_28__u0:d TIMEBOOST_net_15247
connect_pin TIMEBOOST_cell_45940:a TIMEBOOST_net_15246
connect_pin TIMEBOOST_cell_45940:o TIMEBOOST_net_15247
insert_gate TIMEBOOST_cell_45941 in01s01
insert_net TIMEBOOST_net_15248
disconnect_pin pci_target_unit_wishbone_master_pcir_fifo_data_out_reg_29__u0:d
connect_pin pci_target_unit_wishbone_master_pcir_fifo_data_out_reg_29__u0:d TIMEBOOST_net_15248
connect_pin TIMEBOOST_cell_45941:a wbm_dat_i_29_
connect_pin TIMEBOOST_cell_45941:o TIMEBOOST_net_15248
insert_gate TIMEBOOST_cell_45942 in01s01
insert_net TIMEBOOST_net_15249
disconnect_pin pci_target_unit_wishbone_master_pcir_fifo_data_out_reg_29__u0:d
connect_pin pci_target_unit_wishbone_master_pcir_fifo_data_out_reg_29__u0:d TIMEBOOST_net_15249
connect_pin TIMEBOOST_cell_45942:a TIMEBOOST_net_15248
connect_pin TIMEBOOST_cell_45942:o TIMEBOOST_net_15249
insert_gate TIMEBOOST_cell_45943 in01s01
insert_net TIMEBOOST_net_15250
disconnect_pin pci_target_unit_wishbone_master_pcir_fifo_data_out_reg_2__u0:d
connect_pin pci_target_unit_wishbone_master_pcir_fifo_data_out_reg_2__u0:d TIMEBOOST_net_15250
connect_pin TIMEBOOST_cell_45943:a wbm_dat_i_2_
connect_pin TIMEBOOST_cell_45943:o TIMEBOOST_net_15250
insert_gate TIMEBOOST_cell_45944 in01s01
insert_net TIMEBOOST_net_15251
disconnect_pin pci_target_unit_wishbone_master_pcir_fifo_data_out_reg_2__u0:d
connect_pin pci_target_unit_wishbone_master_pcir_fifo_data_out_reg_2__u0:d TIMEBOOST_net_15251
connect_pin TIMEBOOST_cell_45944:a TIMEBOOST_net_15250
connect_pin TIMEBOOST_cell_45944:o TIMEBOOST_net_15251
insert_gate TIMEBOOST_cell_45945 in01s01
insert_net TIMEBOOST_net_15252
disconnect_pin pci_target_unit_wishbone_master_pcir_fifo_data_out_reg_30__u0:d
connect_pin pci_target_unit_wishbone_master_pcir_fifo_data_out_reg_30__u0:d TIMEBOOST_net_15252
connect_pin TIMEBOOST_cell_45945:a wbm_dat_i_30_
connect_pin TIMEBOOST_cell_45945:o TIMEBOOST_net_15252
insert_gate TIMEBOOST_cell_45946 in01s01
insert_net TIMEBOOST_net_15253
disconnect_pin pci_target_unit_wishbone_master_pcir_fifo_data_out_reg_30__u0:d
connect_pin pci_target_unit_wishbone_master_pcir_fifo_data_out_reg_30__u0:d TIMEBOOST_net_15253
connect_pin TIMEBOOST_cell_45946:a TIMEBOOST_net_15252
connect_pin TIMEBOOST_cell_45946:o TIMEBOOST_net_15253
insert_gate TIMEBOOST_cell_45947 in01s01
insert_net TIMEBOOST_net_15254
disconnect_pin pci_target_unit_wishbone_master_pcir_fifo_data_out_reg_31__u0:d
connect_pin pci_target_unit_wishbone_master_pcir_fifo_data_out_reg_31__u0:d TIMEBOOST_net_15254
connect_pin TIMEBOOST_cell_45947:a wbm_dat_i_31_
connect_pin TIMEBOOST_cell_45947:o TIMEBOOST_net_15254
insert_gate TIMEBOOST_cell_45948 in01s01
insert_net TIMEBOOST_net_15255
disconnect_pin pci_target_unit_wishbone_master_pcir_fifo_data_out_reg_31__u0:d
connect_pin pci_target_unit_wishbone_master_pcir_fifo_data_out_reg_31__u0:d TIMEBOOST_net_15255
connect_pin TIMEBOOST_cell_45948:a TIMEBOOST_net_15254
connect_pin TIMEBOOST_cell_45948:o TIMEBOOST_net_15255
insert_gate TIMEBOOST_cell_45949 in01s01
insert_net TIMEBOOST_net_15256
disconnect_pin pci_target_unit_wishbone_master_pcir_fifo_data_out_reg_3__u0:d
connect_pin pci_target_unit_wishbone_master_pcir_fifo_data_out_reg_3__u0:d TIMEBOOST_net_15256
connect_pin TIMEBOOST_cell_45949:a wbm_dat_i_3_
connect_pin TIMEBOOST_cell_45949:o TIMEBOOST_net_15256
insert_gate TIMEBOOST_cell_45950 in01s01
insert_net TIMEBOOST_net_15257
disconnect_pin pci_target_unit_wishbone_master_pcir_fifo_data_out_reg_3__u0:d
connect_pin pci_target_unit_wishbone_master_pcir_fifo_data_out_reg_3__u0:d TIMEBOOST_net_15257
connect_pin TIMEBOOST_cell_45950:a TIMEBOOST_net_15256
connect_pin TIMEBOOST_cell_45950:o TIMEBOOST_net_15257
insert_gate TIMEBOOST_cell_45951 in01s01
insert_net TIMEBOOST_net_15258
disconnect_pin pci_target_unit_wishbone_master_pcir_fifo_data_out_reg_4__u0:d
connect_pin pci_target_unit_wishbone_master_pcir_fifo_data_out_reg_4__u0:d TIMEBOOST_net_15258
connect_pin TIMEBOOST_cell_45951:a wbm_dat_i_4_
connect_pin TIMEBOOST_cell_45951:o TIMEBOOST_net_15258
insert_gate TIMEBOOST_cell_45952 in01s01
insert_net TIMEBOOST_net_15259
disconnect_pin pci_target_unit_wishbone_master_pcir_fifo_data_out_reg_4__u0:d
connect_pin pci_target_unit_wishbone_master_pcir_fifo_data_out_reg_4__u0:d TIMEBOOST_net_15259
connect_pin TIMEBOOST_cell_45952:a TIMEBOOST_net_15258
connect_pin TIMEBOOST_cell_45952:o TIMEBOOST_net_15259
insert_gate TIMEBOOST_cell_45953 in01s01
insert_net TIMEBOOST_net_15260
disconnect_pin pci_target_unit_wishbone_master_pcir_fifo_data_out_reg_5__u0:d
connect_pin pci_target_unit_wishbone_master_pcir_fifo_data_out_reg_5__u0:d TIMEBOOST_net_15260
connect_pin TIMEBOOST_cell_45953:a wbm_dat_i_5_
connect_pin TIMEBOOST_cell_45953:o TIMEBOOST_net_15260
insert_gate TIMEBOOST_cell_45954 in01s01
insert_net TIMEBOOST_net_15261
disconnect_pin pci_target_unit_wishbone_master_pcir_fifo_data_out_reg_5__u0:d
connect_pin pci_target_unit_wishbone_master_pcir_fifo_data_out_reg_5__u0:d TIMEBOOST_net_15261
connect_pin TIMEBOOST_cell_45954:a TIMEBOOST_net_15260
connect_pin TIMEBOOST_cell_45954:o TIMEBOOST_net_15261
insert_gate TIMEBOOST_cell_45955 in01s01
insert_net TIMEBOOST_net_15262
disconnect_pin pci_target_unit_wishbone_master_pcir_fifo_data_out_reg_6__u0:d
connect_pin pci_target_unit_wishbone_master_pcir_fifo_data_out_reg_6__u0:d TIMEBOOST_net_15262
connect_pin TIMEBOOST_cell_45955:a wbm_dat_i_6_
connect_pin TIMEBOOST_cell_45955:o TIMEBOOST_net_15262
insert_gate TIMEBOOST_cell_45956 in01s01
insert_net TIMEBOOST_net_15263
disconnect_pin pci_target_unit_wishbone_master_pcir_fifo_data_out_reg_6__u0:d
connect_pin pci_target_unit_wishbone_master_pcir_fifo_data_out_reg_6__u0:d TIMEBOOST_net_15263
connect_pin TIMEBOOST_cell_45956:a TIMEBOOST_net_15262
connect_pin TIMEBOOST_cell_45956:o TIMEBOOST_net_15263
insert_gate TIMEBOOST_cell_45957 in01s01
insert_net TIMEBOOST_net_15264
disconnect_pin pci_target_unit_wishbone_master_pcir_fifo_data_out_reg_7__u0:d
connect_pin pci_target_unit_wishbone_master_pcir_fifo_data_out_reg_7__u0:d TIMEBOOST_net_15264
connect_pin TIMEBOOST_cell_45957:a wbm_dat_i_7_
connect_pin TIMEBOOST_cell_45957:o TIMEBOOST_net_15264
insert_gate TIMEBOOST_cell_45958 in01s01
insert_net TIMEBOOST_net_15265
disconnect_pin pci_target_unit_wishbone_master_pcir_fifo_data_out_reg_7__u0:d
connect_pin pci_target_unit_wishbone_master_pcir_fifo_data_out_reg_7__u0:d TIMEBOOST_net_15265
connect_pin TIMEBOOST_cell_45958:a TIMEBOOST_net_15264
connect_pin TIMEBOOST_cell_45958:o TIMEBOOST_net_15265
insert_gate TIMEBOOST_cell_45959 in01s01
insert_net TIMEBOOST_net_15266
disconnect_pin pci_target_unit_wishbone_master_pcir_fifo_data_out_reg_8__u0:d
connect_pin pci_target_unit_wishbone_master_pcir_fifo_data_out_reg_8__u0:d TIMEBOOST_net_15266
connect_pin TIMEBOOST_cell_45959:a wbm_dat_i_8_
connect_pin TIMEBOOST_cell_45959:o TIMEBOOST_net_15266
insert_gate TIMEBOOST_cell_45960 in01s01
insert_net TIMEBOOST_net_15267
disconnect_pin pci_target_unit_wishbone_master_pcir_fifo_data_out_reg_8__u0:d
connect_pin pci_target_unit_wishbone_master_pcir_fifo_data_out_reg_8__u0:d TIMEBOOST_net_15267
connect_pin TIMEBOOST_cell_45960:a TIMEBOOST_net_15266
connect_pin TIMEBOOST_cell_45960:o TIMEBOOST_net_15267
insert_gate TIMEBOOST_cell_45961 in01s01
insert_net TIMEBOOST_net_15268
disconnect_pin pci_target_unit_wishbone_master_pcir_fifo_data_out_reg_9__u0:d
connect_pin pci_target_unit_wishbone_master_pcir_fifo_data_out_reg_9__u0:d TIMEBOOST_net_15268
connect_pin TIMEBOOST_cell_45961:a wbm_dat_i_9_
connect_pin TIMEBOOST_cell_45961:o TIMEBOOST_net_15268
insert_gate TIMEBOOST_cell_45962 in01s01
insert_net TIMEBOOST_net_15269
disconnect_pin pci_target_unit_wishbone_master_pcir_fifo_data_out_reg_9__u0:d
connect_pin pci_target_unit_wishbone_master_pcir_fifo_data_out_reg_9__u0:d TIMEBOOST_net_15269
connect_pin TIMEBOOST_cell_45962:a TIMEBOOST_net_15268
connect_pin TIMEBOOST_cell_45962:o TIMEBOOST_net_15269
[+] Writing Verilog File ...
[+] Writing Verilog File ... Done (runtime: 0.020638 seconds memory: +0 MB)
[+] Writing SPEF File
[+] Writing SPEF File Done (runtime: 0.000343 seconds memory: +0 MB)

Total duration: 643.677 seconds