  _______   _                      ____                          _   
 |__   __| (_)                    |  _ \                        | |  
    | |     _   _ __ ___     ___  | |_) |   ___     ___    ___  | |_ 
    | |    | | | '_ ` _ \   / _ \ |  _ <   / _ \   / _ \  / __| | __|
    | |    | | | | | | | | |  __/ | |_) | | (_) | | (_) | \__ \ | |_ 
    |_|    |_| |_| |_| |_|  \___| |____/   \___/   \___/  |___/  \__|
                                                                     
Teams members : Dimitrios Mangiras, Apostolos Stefanidis
Advisor    : Georgios Dimitrakopoulos
University    : Electrical and Computer Engineering of Democritus University of Thrace in Xanthi, Greece

tau file: des_perf_slow/des_perf_slow.tau2019
sdc file: des_perf_slow/des_perf_slow.sdc
output verilog file: des_perf_slow/results/des_perf_slow.out.v
output spef file: des_perf_slow/results/des_perf_slow.out.spef
output file: des_perf_slow/results/des_perf_slow.output
verilog file: des_perf_slow.v
spef file: des_perf_slow.spef
lib file 0: ../libs/contest.lib
Design name: des_perf_slow
Path name: des_perf_slow/

Parsing LIB file [des_perf_slow/../libs/contest.lib][+] 
[+]  Done (runtime: 0.069985 seconds memory: +22 MB)
Parsed lib 0
Parsing VERILOG file [des_perf_slow/des_perf_slow.v][+] 
[+]  Done (runtime: 0.440409 seconds memory: +44 MB)
Parsing SDC file [des_perf_slow/des_perf_slow.sdc][+] 
[+]  Done (runtime: 0.000545 seconds memory: +0 MB)
Parsed SDC file successfully
Parsing SPEF file [des_perf_slow/des_perf_slow.spef][+] 
[+]  Done (runtime: 7e-06 seconds memory: +0 MB)
Parsed SPEF file successfully
[+] Initializing Scenario service
[+] Initializing Scenario service Done (runtime: 0.004028 seconds memory: +6 MB)
[+] Initializing RoutingEstimator service
[+] Initializing RoutingEstimator service Done (runtime: 0.001615 seconds memory: +0 MB)
[+] Initializing Timer service
[+] Initializing Timer service Done (runtime: 0.030901 seconds memory: +71 MB)
[+] Initializing Scenario Vector service
[+] Initializing Scenario Vector service Done (runtime: 0.003992 seconds memory: +6 MB)
[+] Initializing Timer Vector service
[+] Initializing Timer Vector service Done (runtime: 0.03139 seconds memory: +71 MB)
[+] Initializing Model Vector service
[+] Initializing Model Vector service Done (runtime: 4e-06 seconds memory: +0 MB)
[+] Initializing Model service
[+] Initializing Model service Done (runtime: 2e-06 seconds memory: +0 MB)
[+] Building RCTree from SPEF file
[+] Building RCTree from SPEF file Done (runtime: 2e-06 seconds memory: +0 MB)
Started: Tue Mar 26 14:50:41 2024

BEGIN_ECO
insert_gate TIMEBOOST_cell_45446 in01s01
insert_net TIMEBOOST_net_15442
disconnect_pin key_b_r_reg_0__0__u0:d
connect_pin key_b_r_reg_0__0__u0:d TIMEBOOST_net_15442
connect_pin TIMEBOOST_cell_45446:a key2_0_
connect_pin TIMEBOOST_cell_45446:o TIMEBOOST_net_15442
insert_gate TIMEBOOST_cell_45447 in01s01
insert_net TIMEBOOST_net_15443
disconnect_pin key_b_r_reg_0__0__u0:d
connect_pin key_b_r_reg_0__0__u0:d TIMEBOOST_net_15443
connect_pin TIMEBOOST_cell_45447:a TIMEBOOST_net_15442
connect_pin TIMEBOOST_cell_45447:o TIMEBOOST_net_15443
insert_gate TIMEBOOST_cell_45448 in01s01
insert_net TIMEBOOST_net_15444
disconnect_pin key_b_r_reg_0__10__u0:d
connect_pin key_b_r_reg_0__10__u0:d TIMEBOOST_net_15444
connect_pin TIMEBOOST_cell_45448:a key2_10_
connect_pin TIMEBOOST_cell_45448:o TIMEBOOST_net_15444
insert_gate TIMEBOOST_cell_45449 in01s01
insert_net TIMEBOOST_net_15445
disconnect_pin key_b_r_reg_0__10__u0:d
connect_pin key_b_r_reg_0__10__u0:d TIMEBOOST_net_15445
connect_pin TIMEBOOST_cell_45449:a TIMEBOOST_net_15444
connect_pin TIMEBOOST_cell_45449:o TIMEBOOST_net_15445
insert_gate TIMEBOOST_cell_45450 in01s01
insert_net TIMEBOOST_net_15446
disconnect_pin key_b_r_reg_0__11__u0:d
connect_pin key_b_r_reg_0__11__u0:d TIMEBOOST_net_15446
connect_pin TIMEBOOST_cell_45450:a key2_11_
connect_pin TIMEBOOST_cell_45450:o TIMEBOOST_net_15446
insert_gate TIMEBOOST_cell_45451 in01s01
insert_net TIMEBOOST_net_15447
disconnect_pin key_b_r_reg_0__11__u0:d
connect_pin key_b_r_reg_0__11__u0:d TIMEBOOST_net_15447
connect_pin TIMEBOOST_cell_45451:a TIMEBOOST_net_15446
connect_pin TIMEBOOST_cell_45451:o TIMEBOOST_net_15447
insert_gate TIMEBOOST_cell_45452 in01s01
insert_net TIMEBOOST_net_15448
disconnect_pin key_b_r_reg_0__12__u0:d
connect_pin key_b_r_reg_0__12__u0:d TIMEBOOST_net_15448
connect_pin TIMEBOOST_cell_45452:a key2_12_
connect_pin TIMEBOOST_cell_45452:o TIMEBOOST_net_15448
insert_gate TIMEBOOST_cell_45453 in01s01
insert_net TIMEBOOST_net_15449
disconnect_pin key_b_r_reg_0__12__u0:d
connect_pin key_b_r_reg_0__12__u0:d TIMEBOOST_net_15449
connect_pin TIMEBOOST_cell_45453:a TIMEBOOST_net_15448
connect_pin TIMEBOOST_cell_45453:o TIMEBOOST_net_15449
insert_gate TIMEBOOST_cell_45454 in01s01
insert_net TIMEBOOST_net_15450
disconnect_pin key_b_r_reg_0__13__u0:d
connect_pin key_b_r_reg_0__13__u0:d TIMEBOOST_net_15450
connect_pin TIMEBOOST_cell_45454:a key2_13_
connect_pin TIMEBOOST_cell_45454:o TIMEBOOST_net_15450
insert_gate TIMEBOOST_cell_45455 in01s01
insert_net TIMEBOOST_net_15451
disconnect_pin key_b_r_reg_0__13__u0:d
connect_pin key_b_r_reg_0__13__u0:d TIMEBOOST_net_15451
connect_pin TIMEBOOST_cell_45455:a TIMEBOOST_net_15450
connect_pin TIMEBOOST_cell_45455:o TIMEBOOST_net_15451
insert_gate TIMEBOOST_cell_45456 in01s01
insert_net TIMEBOOST_net_15452
disconnect_pin key_b_r_reg_0__14__u0:d
connect_pin key_b_r_reg_0__14__u0:d TIMEBOOST_net_15452
connect_pin TIMEBOOST_cell_45456:a key2_14_
connect_pin TIMEBOOST_cell_45456:o TIMEBOOST_net_15452
insert_gate TIMEBOOST_cell_45457 in01s01
insert_net TIMEBOOST_net_15453
disconnect_pin key_b_r_reg_0__14__u0:d
connect_pin key_b_r_reg_0__14__u0:d TIMEBOOST_net_15453
connect_pin TIMEBOOST_cell_45457:a TIMEBOOST_net_15452
connect_pin TIMEBOOST_cell_45457:o TIMEBOOST_net_15453
insert_gate TIMEBOOST_cell_45458 in01s01
insert_net TIMEBOOST_net_15454
disconnect_pin key_b_r_reg_0__15__u0:d
connect_pin key_b_r_reg_0__15__u0:d TIMEBOOST_net_15454
connect_pin TIMEBOOST_cell_45458:a key2_15_
connect_pin TIMEBOOST_cell_45458:o TIMEBOOST_net_15454
insert_gate TIMEBOOST_cell_45459 in01s01
insert_net TIMEBOOST_net_15455
disconnect_pin key_b_r_reg_0__15__u0:d
connect_pin key_b_r_reg_0__15__u0:d TIMEBOOST_net_15455
connect_pin TIMEBOOST_cell_45459:a TIMEBOOST_net_15454
connect_pin TIMEBOOST_cell_45459:o TIMEBOOST_net_15455
insert_gate TIMEBOOST_cell_45460 in01s01
insert_net TIMEBOOST_net_15456
disconnect_pin key_b_r_reg_0__16__u0:d
connect_pin key_b_r_reg_0__16__u0:d TIMEBOOST_net_15456
connect_pin TIMEBOOST_cell_45460:a key2_16_
connect_pin TIMEBOOST_cell_45460:o TIMEBOOST_net_15456
insert_gate TIMEBOOST_cell_45461 in01s01
insert_net TIMEBOOST_net_15457
disconnect_pin key_b_r_reg_0__16__u0:d
connect_pin key_b_r_reg_0__16__u0:d TIMEBOOST_net_15457
connect_pin TIMEBOOST_cell_45461:a TIMEBOOST_net_15456
connect_pin TIMEBOOST_cell_45461:o TIMEBOOST_net_15457
insert_gate TIMEBOOST_cell_45462 in01s01
insert_net TIMEBOOST_net_15458
disconnect_pin key_b_r_reg_0__17__u0:d
connect_pin key_b_r_reg_0__17__u0:d TIMEBOOST_net_15458
connect_pin TIMEBOOST_cell_45462:a key2_17_
connect_pin TIMEBOOST_cell_45462:o TIMEBOOST_net_15458
insert_gate TIMEBOOST_cell_45463 in01s01
insert_net TIMEBOOST_net_15459
disconnect_pin key_b_r_reg_0__17__u0:d
connect_pin key_b_r_reg_0__17__u0:d TIMEBOOST_net_15459
connect_pin TIMEBOOST_cell_45463:a TIMEBOOST_net_15458
connect_pin TIMEBOOST_cell_45463:o TIMEBOOST_net_15459
insert_gate TIMEBOOST_cell_45464 in01s01
insert_net TIMEBOOST_net_15460
disconnect_pin key_b_r_reg_0__18__u0:d
connect_pin key_b_r_reg_0__18__u0:d TIMEBOOST_net_15460
connect_pin TIMEBOOST_cell_45464:a key2_18_
connect_pin TIMEBOOST_cell_45464:o TIMEBOOST_net_15460
insert_gate TIMEBOOST_cell_45465 in01s01
insert_net TIMEBOOST_net_15461
disconnect_pin key_b_r_reg_0__18__u0:d
connect_pin key_b_r_reg_0__18__u0:d TIMEBOOST_net_15461
connect_pin TIMEBOOST_cell_45465:a TIMEBOOST_net_15460
connect_pin TIMEBOOST_cell_45465:o TIMEBOOST_net_15461
insert_gate TIMEBOOST_cell_45466 in01s01
insert_net TIMEBOOST_net_15462
disconnect_pin key_b_r_reg_0__19__u0:d
connect_pin key_b_r_reg_0__19__u0:d TIMEBOOST_net_15462
connect_pin TIMEBOOST_cell_45466:a key2_19_
connect_pin TIMEBOOST_cell_45466:o TIMEBOOST_net_15462
insert_gate TIMEBOOST_cell_45467 in01s01
insert_net TIMEBOOST_net_15463
disconnect_pin key_b_r_reg_0__19__u0:d
connect_pin key_b_r_reg_0__19__u0:d TIMEBOOST_net_15463
connect_pin TIMEBOOST_cell_45467:a TIMEBOOST_net_15462
connect_pin TIMEBOOST_cell_45467:o TIMEBOOST_net_15463
insert_gate TIMEBOOST_cell_45468 in01s01
insert_net TIMEBOOST_net_15464
disconnect_pin key_b_r_reg_0__1__u0:d
connect_pin key_b_r_reg_0__1__u0:d TIMEBOOST_net_15464
connect_pin TIMEBOOST_cell_45468:a key2_1_
connect_pin TIMEBOOST_cell_45468:o TIMEBOOST_net_15464
insert_gate TIMEBOOST_cell_45469 in01s01
insert_net TIMEBOOST_net_15465
disconnect_pin key_b_r_reg_0__1__u0:d
connect_pin key_b_r_reg_0__1__u0:d TIMEBOOST_net_15465
connect_pin TIMEBOOST_cell_45469:a TIMEBOOST_net_15464
connect_pin TIMEBOOST_cell_45469:o TIMEBOOST_net_15465
insert_gate TIMEBOOST_cell_45470 in01s01
insert_net TIMEBOOST_net_15466
disconnect_pin key_b_r_reg_0__20__u0:d
connect_pin key_b_r_reg_0__20__u0:d TIMEBOOST_net_15466
connect_pin TIMEBOOST_cell_45470:a key2_20_
connect_pin TIMEBOOST_cell_45470:o TIMEBOOST_net_15466
insert_gate TIMEBOOST_cell_45471 in01s01
insert_net TIMEBOOST_net_15467
disconnect_pin key_b_r_reg_0__20__u0:d
connect_pin key_b_r_reg_0__20__u0:d TIMEBOOST_net_15467
connect_pin TIMEBOOST_cell_45471:a TIMEBOOST_net_15466
connect_pin TIMEBOOST_cell_45471:o TIMEBOOST_net_15467
insert_gate TIMEBOOST_cell_45472 in01s01
insert_net TIMEBOOST_net_15468
disconnect_pin key_b_r_reg_0__21__u0:d
connect_pin key_b_r_reg_0__21__u0:d TIMEBOOST_net_15468
connect_pin TIMEBOOST_cell_45472:a key2_21_
connect_pin TIMEBOOST_cell_45472:o TIMEBOOST_net_15468
insert_gate TIMEBOOST_cell_45473 in01s01
insert_net TIMEBOOST_net_15469
disconnect_pin key_b_r_reg_0__21__u0:d
connect_pin key_b_r_reg_0__21__u0:d TIMEBOOST_net_15469
connect_pin TIMEBOOST_cell_45473:a TIMEBOOST_net_15468
connect_pin TIMEBOOST_cell_45473:o TIMEBOOST_net_15469
insert_gate TIMEBOOST_cell_45474 in01s01
insert_net TIMEBOOST_net_15470
disconnect_pin key_b_r_reg_0__22__u0:d
connect_pin key_b_r_reg_0__22__u0:d TIMEBOOST_net_15470
connect_pin TIMEBOOST_cell_45474:a key2_22_
connect_pin TIMEBOOST_cell_45474:o TIMEBOOST_net_15470
insert_gate TIMEBOOST_cell_45475 in01s01
insert_net TIMEBOOST_net_15471
disconnect_pin key_b_r_reg_0__22__u0:d
connect_pin key_b_r_reg_0__22__u0:d TIMEBOOST_net_15471
connect_pin TIMEBOOST_cell_45475:a TIMEBOOST_net_15470
connect_pin TIMEBOOST_cell_45475:o TIMEBOOST_net_15471
insert_gate TIMEBOOST_cell_45476 in01s01
insert_net TIMEBOOST_net_15472
disconnect_pin key_b_r_reg_0__23__u0:d
connect_pin key_b_r_reg_0__23__u0:d TIMEBOOST_net_15472
connect_pin TIMEBOOST_cell_45476:a key2_23_
connect_pin TIMEBOOST_cell_45476:o TIMEBOOST_net_15472
insert_gate TIMEBOOST_cell_45477 in01s01
insert_net TIMEBOOST_net_15473
disconnect_pin key_b_r_reg_0__23__u0:d
connect_pin key_b_r_reg_0__23__u0:d TIMEBOOST_net_15473
connect_pin TIMEBOOST_cell_45477:a TIMEBOOST_net_15472
connect_pin TIMEBOOST_cell_45477:o TIMEBOOST_net_15473
insert_gate TIMEBOOST_cell_45478 in01s01
insert_net TIMEBOOST_net_15474
disconnect_pin key_b_r_reg_0__24__u0:d
connect_pin key_b_r_reg_0__24__u0:d TIMEBOOST_net_15474
connect_pin TIMEBOOST_cell_45478:a key2_24_
connect_pin TIMEBOOST_cell_45478:o TIMEBOOST_net_15474
insert_gate TIMEBOOST_cell_45479 in01s01
insert_net TIMEBOOST_net_15475
disconnect_pin key_b_r_reg_0__24__u0:d
connect_pin key_b_r_reg_0__24__u0:d TIMEBOOST_net_15475
connect_pin TIMEBOOST_cell_45479:a TIMEBOOST_net_15474
connect_pin TIMEBOOST_cell_45479:o TIMEBOOST_net_15475
insert_gate TIMEBOOST_cell_45480 in01s01
insert_net TIMEBOOST_net_15476
disconnect_pin key_b_r_reg_0__25__u0:d
connect_pin key_b_r_reg_0__25__u0:d TIMEBOOST_net_15476
connect_pin TIMEBOOST_cell_45480:a key2_25_
connect_pin TIMEBOOST_cell_45480:o TIMEBOOST_net_15476
insert_gate TIMEBOOST_cell_45481 in01s01
insert_net TIMEBOOST_net_15477
disconnect_pin key_b_r_reg_0__25__u0:d
connect_pin key_b_r_reg_0__25__u0:d TIMEBOOST_net_15477
connect_pin TIMEBOOST_cell_45481:a TIMEBOOST_net_15476
connect_pin TIMEBOOST_cell_45481:o TIMEBOOST_net_15477
insert_gate TIMEBOOST_cell_45482 in01s01
insert_net TIMEBOOST_net_15478
disconnect_pin key_b_r_reg_0__26__u0:d
connect_pin key_b_r_reg_0__26__u0:d TIMEBOOST_net_15478
connect_pin TIMEBOOST_cell_45482:a key2_26_
connect_pin TIMEBOOST_cell_45482:o TIMEBOOST_net_15478
insert_gate TIMEBOOST_cell_45483 in01s01
insert_net TIMEBOOST_net_15479
disconnect_pin key_b_r_reg_0__26__u0:d
connect_pin key_b_r_reg_0__26__u0:d TIMEBOOST_net_15479
connect_pin TIMEBOOST_cell_45483:a TIMEBOOST_net_15478
connect_pin TIMEBOOST_cell_45483:o TIMEBOOST_net_15479
insert_gate TIMEBOOST_cell_45484 in01s01
insert_net TIMEBOOST_net_15480
disconnect_pin key_b_r_reg_0__27__u0:d
connect_pin key_b_r_reg_0__27__u0:d TIMEBOOST_net_15480
connect_pin TIMEBOOST_cell_45484:a key2_27_
connect_pin TIMEBOOST_cell_45484:o TIMEBOOST_net_15480
insert_gate TIMEBOOST_cell_45485 in01s01
insert_net TIMEBOOST_net_15481
disconnect_pin key_b_r_reg_0__27__u0:d
connect_pin key_b_r_reg_0__27__u0:d TIMEBOOST_net_15481
connect_pin TIMEBOOST_cell_45485:a TIMEBOOST_net_15480
connect_pin TIMEBOOST_cell_45485:o TIMEBOOST_net_15481
insert_gate TIMEBOOST_cell_45486 in01s01
insert_net TIMEBOOST_net_15482
disconnect_pin key_b_r_reg_0__28__u0:d
connect_pin key_b_r_reg_0__28__u0:d TIMEBOOST_net_15482
connect_pin TIMEBOOST_cell_45486:a key2_28_
connect_pin TIMEBOOST_cell_45486:o TIMEBOOST_net_15482
insert_gate TIMEBOOST_cell_45487 in01s01
insert_net TIMEBOOST_net_15483
disconnect_pin key_b_r_reg_0__28__u0:d
connect_pin key_b_r_reg_0__28__u0:d TIMEBOOST_net_15483
connect_pin TIMEBOOST_cell_45487:a TIMEBOOST_net_15482
connect_pin TIMEBOOST_cell_45487:o TIMEBOOST_net_15483
insert_gate TIMEBOOST_cell_45488 in01s01
insert_net TIMEBOOST_net_15484
disconnect_pin key_b_r_reg_0__29__u0:d
connect_pin key_b_r_reg_0__29__u0:d TIMEBOOST_net_15484
connect_pin TIMEBOOST_cell_45488:a key2_29_
connect_pin TIMEBOOST_cell_45488:o TIMEBOOST_net_15484
insert_gate TIMEBOOST_cell_45489 in01s01
insert_net TIMEBOOST_net_15485
disconnect_pin key_b_r_reg_0__29__u0:d
connect_pin key_b_r_reg_0__29__u0:d TIMEBOOST_net_15485
connect_pin TIMEBOOST_cell_45489:a TIMEBOOST_net_15484
connect_pin TIMEBOOST_cell_45489:o TIMEBOOST_net_15485
insert_gate TIMEBOOST_cell_45490 in01s01
insert_net TIMEBOOST_net_15486
disconnect_pin key_b_r_reg_0__2__u0:d
connect_pin key_b_r_reg_0__2__u0:d TIMEBOOST_net_15486
connect_pin TIMEBOOST_cell_45490:a key2_2_
connect_pin TIMEBOOST_cell_45490:o TIMEBOOST_net_15486
insert_gate TIMEBOOST_cell_45491 in01s01
insert_net TIMEBOOST_net_15487
disconnect_pin key_b_r_reg_0__2__u0:d
connect_pin key_b_r_reg_0__2__u0:d TIMEBOOST_net_15487
connect_pin TIMEBOOST_cell_45491:a TIMEBOOST_net_15486
connect_pin TIMEBOOST_cell_45491:o TIMEBOOST_net_15487
insert_gate TIMEBOOST_cell_45492 in01s01
insert_net TIMEBOOST_net_15488
disconnect_pin key_b_r_reg_0__30__u0:d
connect_pin key_b_r_reg_0__30__u0:d TIMEBOOST_net_15488
connect_pin TIMEBOOST_cell_45492:a key2_30_
connect_pin TIMEBOOST_cell_45492:o TIMEBOOST_net_15488
insert_gate TIMEBOOST_cell_45493 in01s01
insert_net TIMEBOOST_net_15489
disconnect_pin key_b_r_reg_0__30__u0:d
connect_pin key_b_r_reg_0__30__u0:d TIMEBOOST_net_15489
connect_pin TIMEBOOST_cell_45493:a TIMEBOOST_net_15488
connect_pin TIMEBOOST_cell_45493:o TIMEBOOST_net_15489
insert_gate TIMEBOOST_cell_45494 in01s01
insert_net TIMEBOOST_net_15490
disconnect_pin key_b_r_reg_0__31__u0:d
connect_pin key_b_r_reg_0__31__u0:d TIMEBOOST_net_15490
connect_pin TIMEBOOST_cell_45494:a key2_31_
connect_pin TIMEBOOST_cell_45494:o TIMEBOOST_net_15490
insert_gate TIMEBOOST_cell_45495 in01s01
insert_net TIMEBOOST_net_15491
disconnect_pin key_b_r_reg_0__31__u0:d
connect_pin key_b_r_reg_0__31__u0:d TIMEBOOST_net_15491
connect_pin TIMEBOOST_cell_45495:a TIMEBOOST_net_15490
connect_pin TIMEBOOST_cell_45495:o TIMEBOOST_net_15491
insert_gate TIMEBOOST_cell_45496 in01s01
insert_net TIMEBOOST_net_15492
disconnect_pin key_b_r_reg_0__32__u0:d
connect_pin key_b_r_reg_0__32__u0:d TIMEBOOST_net_15492
connect_pin TIMEBOOST_cell_45496:a key2_32_
connect_pin TIMEBOOST_cell_45496:o TIMEBOOST_net_15492
insert_gate TIMEBOOST_cell_45497 in01s01
insert_net TIMEBOOST_net_15493
disconnect_pin key_b_r_reg_0__32__u0:d
connect_pin key_b_r_reg_0__32__u0:d TIMEBOOST_net_15493
connect_pin TIMEBOOST_cell_45497:a TIMEBOOST_net_15492
connect_pin TIMEBOOST_cell_45497:o TIMEBOOST_net_15493
insert_gate TIMEBOOST_cell_45498 in01s01
insert_net TIMEBOOST_net_15494
disconnect_pin key_b_r_reg_0__33__u0:d
connect_pin key_b_r_reg_0__33__u0:d TIMEBOOST_net_15494
connect_pin TIMEBOOST_cell_45498:a key2_33_
connect_pin TIMEBOOST_cell_45498:o TIMEBOOST_net_15494
insert_gate TIMEBOOST_cell_45499 in01s01
insert_net TIMEBOOST_net_15495
disconnect_pin key_b_r_reg_0__33__u0:d
connect_pin key_b_r_reg_0__33__u0:d TIMEBOOST_net_15495
connect_pin TIMEBOOST_cell_45499:a TIMEBOOST_net_15494
connect_pin TIMEBOOST_cell_45499:o TIMEBOOST_net_15495
insert_gate TIMEBOOST_cell_45500 in01s01
insert_net TIMEBOOST_net_15496
disconnect_pin key_b_r_reg_0__34__u0:d
connect_pin key_b_r_reg_0__34__u0:d TIMEBOOST_net_15496
connect_pin TIMEBOOST_cell_45500:a key2_34_
connect_pin TIMEBOOST_cell_45500:o TIMEBOOST_net_15496
insert_gate TIMEBOOST_cell_45501 in01s01
insert_net TIMEBOOST_net_15497
disconnect_pin key_b_r_reg_0__34__u0:d
connect_pin key_b_r_reg_0__34__u0:d TIMEBOOST_net_15497
connect_pin TIMEBOOST_cell_45501:a TIMEBOOST_net_15496
connect_pin TIMEBOOST_cell_45501:o TIMEBOOST_net_15497
insert_gate TIMEBOOST_cell_45502 in01s01
insert_net TIMEBOOST_net_15498
disconnect_pin key_b_r_reg_0__35__u0:d
connect_pin key_b_r_reg_0__35__u0:d TIMEBOOST_net_15498
connect_pin TIMEBOOST_cell_45502:a key2_35_
connect_pin TIMEBOOST_cell_45502:o TIMEBOOST_net_15498
insert_gate TIMEBOOST_cell_45503 in01s01
insert_net TIMEBOOST_net_15499
disconnect_pin key_b_r_reg_0__35__u0:d
connect_pin key_b_r_reg_0__35__u0:d TIMEBOOST_net_15499
connect_pin TIMEBOOST_cell_45503:a TIMEBOOST_net_15498
connect_pin TIMEBOOST_cell_45503:o TIMEBOOST_net_15499
insert_gate TIMEBOOST_cell_45504 in01s01
insert_net TIMEBOOST_net_15500
disconnect_pin key_b_r_reg_0__36__u0:d
connect_pin key_b_r_reg_0__36__u0:d TIMEBOOST_net_15500
connect_pin TIMEBOOST_cell_45504:a key2_36_
connect_pin TIMEBOOST_cell_45504:o TIMEBOOST_net_15500
insert_gate TIMEBOOST_cell_45505 in01s01
insert_net TIMEBOOST_net_15501
disconnect_pin key_b_r_reg_0__36__u0:d
connect_pin key_b_r_reg_0__36__u0:d TIMEBOOST_net_15501
connect_pin TIMEBOOST_cell_45505:a TIMEBOOST_net_15500
connect_pin TIMEBOOST_cell_45505:o TIMEBOOST_net_15501
insert_gate TIMEBOOST_cell_45506 in01s01
insert_net TIMEBOOST_net_15502
disconnect_pin key_b_r_reg_0__37__u0:d
connect_pin key_b_r_reg_0__37__u0:d TIMEBOOST_net_15502
connect_pin TIMEBOOST_cell_45506:a key2_37_
connect_pin TIMEBOOST_cell_45506:o TIMEBOOST_net_15502
insert_gate TIMEBOOST_cell_45507 in01s01
insert_net TIMEBOOST_net_15503
disconnect_pin key_b_r_reg_0__37__u0:d
connect_pin key_b_r_reg_0__37__u0:d TIMEBOOST_net_15503
connect_pin TIMEBOOST_cell_45507:a TIMEBOOST_net_15502
connect_pin TIMEBOOST_cell_45507:o TIMEBOOST_net_15503
insert_gate TIMEBOOST_cell_45508 in01s01
insert_net TIMEBOOST_net_15504
disconnect_pin key_b_r_reg_0__38__u0:d
connect_pin key_b_r_reg_0__38__u0:d TIMEBOOST_net_15504
connect_pin TIMEBOOST_cell_45508:a key2_38_
connect_pin TIMEBOOST_cell_45508:o TIMEBOOST_net_15504
insert_gate TIMEBOOST_cell_45509 in01s01
insert_net TIMEBOOST_net_15505
disconnect_pin key_b_r_reg_0__38__u0:d
connect_pin key_b_r_reg_0__38__u0:d TIMEBOOST_net_15505
connect_pin TIMEBOOST_cell_45509:a TIMEBOOST_net_15504
connect_pin TIMEBOOST_cell_45509:o TIMEBOOST_net_15505
insert_gate TIMEBOOST_cell_45510 in01s01
insert_net TIMEBOOST_net_15506
disconnect_pin key_b_r_reg_0__39__u0:d
connect_pin key_b_r_reg_0__39__u0:d TIMEBOOST_net_15506
connect_pin TIMEBOOST_cell_45510:a key2_39_
connect_pin TIMEBOOST_cell_45510:o TIMEBOOST_net_15506
insert_gate TIMEBOOST_cell_45511 in01s01
insert_net TIMEBOOST_net_15507
disconnect_pin key_b_r_reg_0__39__u0:d
connect_pin key_b_r_reg_0__39__u0:d TIMEBOOST_net_15507
connect_pin TIMEBOOST_cell_45511:a TIMEBOOST_net_15506
connect_pin TIMEBOOST_cell_45511:o TIMEBOOST_net_15507
insert_gate TIMEBOOST_cell_45512 in01s01
insert_net TIMEBOOST_net_15508
disconnect_pin key_b_r_reg_0__3__u0:d
connect_pin key_b_r_reg_0__3__u0:d TIMEBOOST_net_15508
connect_pin TIMEBOOST_cell_45512:a key2_3_
connect_pin TIMEBOOST_cell_45512:o TIMEBOOST_net_15508
insert_gate TIMEBOOST_cell_45513 in01s01
insert_net TIMEBOOST_net_15509
disconnect_pin key_b_r_reg_0__3__u0:d
connect_pin key_b_r_reg_0__3__u0:d TIMEBOOST_net_15509
connect_pin TIMEBOOST_cell_45513:a TIMEBOOST_net_15508
connect_pin TIMEBOOST_cell_45513:o TIMEBOOST_net_15509
insert_gate TIMEBOOST_cell_45514 in01s01
insert_net TIMEBOOST_net_15510
disconnect_pin key_b_r_reg_0__40__u0:d
connect_pin key_b_r_reg_0__40__u0:d TIMEBOOST_net_15510
connect_pin TIMEBOOST_cell_45514:a key2_40_
connect_pin TIMEBOOST_cell_45514:o TIMEBOOST_net_15510
insert_gate TIMEBOOST_cell_45515 in01s01
insert_net TIMEBOOST_net_15511
disconnect_pin key_b_r_reg_0__40__u0:d
connect_pin key_b_r_reg_0__40__u0:d TIMEBOOST_net_15511
connect_pin TIMEBOOST_cell_45515:a TIMEBOOST_net_15510
connect_pin TIMEBOOST_cell_45515:o TIMEBOOST_net_15511
insert_gate TIMEBOOST_cell_45516 in01s01
insert_net TIMEBOOST_net_15512
disconnect_pin key_b_r_reg_0__41__u0:d
connect_pin key_b_r_reg_0__41__u0:d TIMEBOOST_net_15512
connect_pin TIMEBOOST_cell_45516:a key2_41_
connect_pin TIMEBOOST_cell_45516:o TIMEBOOST_net_15512
insert_gate TIMEBOOST_cell_45517 in01s01
insert_net TIMEBOOST_net_15513
disconnect_pin key_b_r_reg_0__41__u0:d
connect_pin key_b_r_reg_0__41__u0:d TIMEBOOST_net_15513
connect_pin TIMEBOOST_cell_45517:a TIMEBOOST_net_15512
connect_pin TIMEBOOST_cell_45517:o TIMEBOOST_net_15513
insert_gate TIMEBOOST_cell_45518 in01s01
insert_net TIMEBOOST_net_15514
disconnect_pin key_b_r_reg_0__42__u0:d
connect_pin key_b_r_reg_0__42__u0:d TIMEBOOST_net_15514
connect_pin TIMEBOOST_cell_45518:a key2_42_
connect_pin TIMEBOOST_cell_45518:o TIMEBOOST_net_15514
insert_gate TIMEBOOST_cell_45519 in01s01
insert_net TIMEBOOST_net_15515
disconnect_pin key_b_r_reg_0__42__u0:d
connect_pin key_b_r_reg_0__42__u0:d TIMEBOOST_net_15515
connect_pin TIMEBOOST_cell_45519:a TIMEBOOST_net_15514
connect_pin TIMEBOOST_cell_45519:o TIMEBOOST_net_15515
insert_gate TIMEBOOST_cell_45520 in01s01
insert_net TIMEBOOST_net_15516
disconnect_pin key_b_r_reg_0__43__u0:d
connect_pin key_b_r_reg_0__43__u0:d TIMEBOOST_net_15516
connect_pin TIMEBOOST_cell_45520:a key2_43_
connect_pin TIMEBOOST_cell_45520:o TIMEBOOST_net_15516
insert_gate TIMEBOOST_cell_45521 in01s01
insert_net TIMEBOOST_net_15517
disconnect_pin key_b_r_reg_0__43__u0:d
connect_pin key_b_r_reg_0__43__u0:d TIMEBOOST_net_15517
connect_pin TIMEBOOST_cell_45521:a TIMEBOOST_net_15516
connect_pin TIMEBOOST_cell_45521:o TIMEBOOST_net_15517
insert_gate TIMEBOOST_cell_45522 in01s01
insert_net TIMEBOOST_net_15518
disconnect_pin key_b_r_reg_0__44__u0:d
connect_pin key_b_r_reg_0__44__u0:d TIMEBOOST_net_15518
connect_pin TIMEBOOST_cell_45522:a key2_44_
connect_pin TIMEBOOST_cell_45522:o TIMEBOOST_net_15518
insert_gate TIMEBOOST_cell_45523 in01s01
insert_net TIMEBOOST_net_15519
disconnect_pin key_b_r_reg_0__44__u0:d
connect_pin key_b_r_reg_0__44__u0:d TIMEBOOST_net_15519
connect_pin TIMEBOOST_cell_45523:a TIMEBOOST_net_15518
connect_pin TIMEBOOST_cell_45523:o TIMEBOOST_net_15519
insert_gate TIMEBOOST_cell_45524 in01s01
insert_net TIMEBOOST_net_15520
disconnect_pin key_b_r_reg_0__45__u0:d
connect_pin key_b_r_reg_0__45__u0:d TIMEBOOST_net_15520
connect_pin TIMEBOOST_cell_45524:a key2_45_
connect_pin TIMEBOOST_cell_45524:o TIMEBOOST_net_15520
insert_gate TIMEBOOST_cell_45525 in01s01
insert_net TIMEBOOST_net_15521
disconnect_pin key_b_r_reg_0__45__u0:d
connect_pin key_b_r_reg_0__45__u0:d TIMEBOOST_net_15521
connect_pin TIMEBOOST_cell_45525:a TIMEBOOST_net_15520
connect_pin TIMEBOOST_cell_45525:o TIMEBOOST_net_15521
insert_gate TIMEBOOST_cell_45526 in01s01
insert_net TIMEBOOST_net_15522
disconnect_pin key_b_r_reg_0__46__u0:d
connect_pin key_b_r_reg_0__46__u0:d TIMEBOOST_net_15522
connect_pin TIMEBOOST_cell_45526:a key2_46_
connect_pin TIMEBOOST_cell_45526:o TIMEBOOST_net_15522
insert_gate TIMEBOOST_cell_45527 in01s01
insert_net TIMEBOOST_net_15523
disconnect_pin key_b_r_reg_0__46__u0:d
connect_pin key_b_r_reg_0__46__u0:d TIMEBOOST_net_15523
connect_pin TIMEBOOST_cell_45527:a TIMEBOOST_net_15522
connect_pin TIMEBOOST_cell_45527:o TIMEBOOST_net_15523
insert_gate TIMEBOOST_cell_45528 in01s01
insert_net TIMEBOOST_net_15524
disconnect_pin key_b_r_reg_0__47__u0:d
connect_pin key_b_r_reg_0__47__u0:d TIMEBOOST_net_15524
connect_pin TIMEBOOST_cell_45528:a key2_47_
connect_pin TIMEBOOST_cell_45528:o TIMEBOOST_net_15524
insert_gate TIMEBOOST_cell_45529 in01s01
insert_net TIMEBOOST_net_15525
disconnect_pin key_b_r_reg_0__47__u0:d
connect_pin key_b_r_reg_0__47__u0:d TIMEBOOST_net_15525
connect_pin TIMEBOOST_cell_45529:a TIMEBOOST_net_15524
connect_pin TIMEBOOST_cell_45529:o TIMEBOOST_net_15525
insert_gate TIMEBOOST_cell_45530 in01s01
insert_net TIMEBOOST_net_15526
disconnect_pin key_b_r_reg_0__48__u0:d
connect_pin key_b_r_reg_0__48__u0:d TIMEBOOST_net_15526
connect_pin TIMEBOOST_cell_45530:a key2_48_
connect_pin TIMEBOOST_cell_45530:o TIMEBOOST_net_15526
insert_gate TIMEBOOST_cell_45531 in01s01
insert_net TIMEBOOST_net_15527
disconnect_pin key_b_r_reg_0__48__u0:d
connect_pin key_b_r_reg_0__48__u0:d TIMEBOOST_net_15527
connect_pin TIMEBOOST_cell_45531:a TIMEBOOST_net_15526
connect_pin TIMEBOOST_cell_45531:o TIMEBOOST_net_15527
insert_gate TIMEBOOST_cell_45532 in01s01
insert_net TIMEBOOST_net_15528
disconnect_pin key_b_r_reg_0__49__u0:d
connect_pin key_b_r_reg_0__49__u0:d TIMEBOOST_net_15528
connect_pin TIMEBOOST_cell_45532:a key2_49_
connect_pin TIMEBOOST_cell_45532:o TIMEBOOST_net_15528
insert_gate TIMEBOOST_cell_45533 in01s01
insert_net TIMEBOOST_net_15529
disconnect_pin key_b_r_reg_0__49__u0:d
connect_pin key_b_r_reg_0__49__u0:d TIMEBOOST_net_15529
connect_pin TIMEBOOST_cell_45533:a TIMEBOOST_net_15528
connect_pin TIMEBOOST_cell_45533:o TIMEBOOST_net_15529
insert_gate TIMEBOOST_cell_45534 in01s01
insert_net TIMEBOOST_net_15530
disconnect_pin key_b_r_reg_0__4__u0:d
connect_pin key_b_r_reg_0__4__u0:d TIMEBOOST_net_15530
connect_pin TIMEBOOST_cell_45534:a key2_4_
connect_pin TIMEBOOST_cell_45534:o TIMEBOOST_net_15530
insert_gate TIMEBOOST_cell_45535 in01s01
insert_net TIMEBOOST_net_15531
disconnect_pin key_b_r_reg_0__4__u0:d
connect_pin key_b_r_reg_0__4__u0:d TIMEBOOST_net_15531
connect_pin TIMEBOOST_cell_45535:a TIMEBOOST_net_15530
connect_pin TIMEBOOST_cell_45535:o TIMEBOOST_net_15531
insert_gate TIMEBOOST_cell_45536 in01s01
insert_net TIMEBOOST_net_15532
disconnect_pin key_b_r_reg_0__50__u0:d
connect_pin key_b_r_reg_0__50__u0:d TIMEBOOST_net_15532
connect_pin TIMEBOOST_cell_45536:a key2_50_
connect_pin TIMEBOOST_cell_45536:o TIMEBOOST_net_15532
insert_gate TIMEBOOST_cell_45537 in01s01
insert_net TIMEBOOST_net_15533
disconnect_pin key_b_r_reg_0__50__u0:d
connect_pin key_b_r_reg_0__50__u0:d TIMEBOOST_net_15533
connect_pin TIMEBOOST_cell_45537:a TIMEBOOST_net_15532
connect_pin TIMEBOOST_cell_45537:o TIMEBOOST_net_15533
insert_gate TIMEBOOST_cell_45538 in01s01
insert_net TIMEBOOST_net_15534
disconnect_pin key_b_r_reg_0__51__u0:d
connect_pin key_b_r_reg_0__51__u0:d TIMEBOOST_net_15534
connect_pin TIMEBOOST_cell_45538:a key2_51_
connect_pin TIMEBOOST_cell_45538:o TIMEBOOST_net_15534
insert_gate TIMEBOOST_cell_45539 in01s01
insert_net TIMEBOOST_net_15535
disconnect_pin key_b_r_reg_0__51__u0:d
connect_pin key_b_r_reg_0__51__u0:d TIMEBOOST_net_15535
connect_pin TIMEBOOST_cell_45539:a TIMEBOOST_net_15534
connect_pin TIMEBOOST_cell_45539:o TIMEBOOST_net_15535
insert_gate TIMEBOOST_cell_45540 in01s01
insert_net TIMEBOOST_net_15536
disconnect_pin key_b_r_reg_0__52__u0:d
connect_pin key_b_r_reg_0__52__u0:d TIMEBOOST_net_15536
connect_pin TIMEBOOST_cell_45540:a key2_52_
connect_pin TIMEBOOST_cell_45540:o TIMEBOOST_net_15536
insert_gate TIMEBOOST_cell_45541 in01s01
insert_net TIMEBOOST_net_15537
disconnect_pin key_b_r_reg_0__52__u0:d
connect_pin key_b_r_reg_0__52__u0:d TIMEBOOST_net_15537
connect_pin TIMEBOOST_cell_45541:a TIMEBOOST_net_15536
connect_pin TIMEBOOST_cell_45541:o TIMEBOOST_net_15537
insert_gate TIMEBOOST_cell_45542 in01s01
insert_net TIMEBOOST_net_15538
disconnect_pin key_b_r_reg_0__53__u0:d
connect_pin key_b_r_reg_0__53__u0:d TIMEBOOST_net_15538
connect_pin TIMEBOOST_cell_45542:a key2_53_
connect_pin TIMEBOOST_cell_45542:o TIMEBOOST_net_15538
insert_gate TIMEBOOST_cell_45543 in01s01
insert_net TIMEBOOST_net_15539
disconnect_pin key_b_r_reg_0__53__u0:d
connect_pin key_b_r_reg_0__53__u0:d TIMEBOOST_net_15539
connect_pin TIMEBOOST_cell_45543:a TIMEBOOST_net_15538
connect_pin TIMEBOOST_cell_45543:o TIMEBOOST_net_15539
insert_gate TIMEBOOST_cell_45544 in01s01
insert_net TIMEBOOST_net_15540
disconnect_pin key_b_r_reg_0__54__u0:d
connect_pin key_b_r_reg_0__54__u0:d TIMEBOOST_net_15540
connect_pin TIMEBOOST_cell_45544:a key2_54_
connect_pin TIMEBOOST_cell_45544:o TIMEBOOST_net_15540
insert_gate TIMEBOOST_cell_45545 in01s01
insert_net TIMEBOOST_net_15541
disconnect_pin key_b_r_reg_0__54__u0:d
connect_pin key_b_r_reg_0__54__u0:d TIMEBOOST_net_15541
connect_pin TIMEBOOST_cell_45545:a TIMEBOOST_net_15540
connect_pin TIMEBOOST_cell_45545:o TIMEBOOST_net_15541
insert_gate TIMEBOOST_cell_45546 in01s01
insert_net TIMEBOOST_net_15542
disconnect_pin key_b_r_reg_0__55__u0:d
connect_pin key_b_r_reg_0__55__u0:d TIMEBOOST_net_15542
connect_pin TIMEBOOST_cell_45546:a key2_55_
connect_pin TIMEBOOST_cell_45546:o TIMEBOOST_net_15542
insert_gate TIMEBOOST_cell_45547 in01s01
insert_net TIMEBOOST_net_15543
disconnect_pin key_b_r_reg_0__55__u0:d
connect_pin key_b_r_reg_0__55__u0:d TIMEBOOST_net_15543
connect_pin TIMEBOOST_cell_45547:a TIMEBOOST_net_15542
connect_pin TIMEBOOST_cell_45547:o TIMEBOOST_net_15543
insert_gate TIMEBOOST_cell_45548 in01s01
insert_net TIMEBOOST_net_15544
disconnect_pin key_b_r_reg_0__5__u0:d
connect_pin key_b_r_reg_0__5__u0:d TIMEBOOST_net_15544
connect_pin TIMEBOOST_cell_45548:a key2_5_
connect_pin TIMEBOOST_cell_45548:o TIMEBOOST_net_15544
insert_gate TIMEBOOST_cell_45549 in01s01
insert_net TIMEBOOST_net_15545
disconnect_pin key_b_r_reg_0__5__u0:d
connect_pin key_b_r_reg_0__5__u0:d TIMEBOOST_net_15545
connect_pin TIMEBOOST_cell_45549:a TIMEBOOST_net_15544
connect_pin TIMEBOOST_cell_45549:o TIMEBOOST_net_15545
insert_gate TIMEBOOST_cell_45550 in01s01
insert_net TIMEBOOST_net_15546
disconnect_pin key_b_r_reg_0__6__u0:d
connect_pin key_b_r_reg_0__6__u0:d TIMEBOOST_net_15546
connect_pin TIMEBOOST_cell_45550:a key2_6_
connect_pin TIMEBOOST_cell_45550:o TIMEBOOST_net_15546
insert_gate TIMEBOOST_cell_45551 in01s01
insert_net TIMEBOOST_net_15547
disconnect_pin key_b_r_reg_0__6__u0:d
connect_pin key_b_r_reg_0__6__u0:d TIMEBOOST_net_15547
connect_pin TIMEBOOST_cell_45551:a TIMEBOOST_net_15546
connect_pin TIMEBOOST_cell_45551:o TIMEBOOST_net_15547
insert_gate TIMEBOOST_cell_45552 in01s01
insert_net TIMEBOOST_net_15548
disconnect_pin key_b_r_reg_0__7__u0:d
connect_pin key_b_r_reg_0__7__u0:d TIMEBOOST_net_15548
connect_pin TIMEBOOST_cell_45552:a key2_7_
connect_pin TIMEBOOST_cell_45552:o TIMEBOOST_net_15548
insert_gate TIMEBOOST_cell_45553 in01s01
insert_net TIMEBOOST_net_15549
disconnect_pin key_b_r_reg_0__7__u0:d
connect_pin key_b_r_reg_0__7__u0:d TIMEBOOST_net_15549
connect_pin TIMEBOOST_cell_45553:a TIMEBOOST_net_15548
connect_pin TIMEBOOST_cell_45553:o TIMEBOOST_net_15549
insert_gate TIMEBOOST_cell_45554 in01s01
insert_net TIMEBOOST_net_15550
disconnect_pin key_b_r_reg_0__8__u0:d
connect_pin key_b_r_reg_0__8__u0:d TIMEBOOST_net_15550
connect_pin TIMEBOOST_cell_45554:a key2_8_
connect_pin TIMEBOOST_cell_45554:o TIMEBOOST_net_15550
insert_gate TIMEBOOST_cell_45555 in01s01
insert_net TIMEBOOST_net_15551
disconnect_pin key_b_r_reg_0__8__u0:d
connect_pin key_b_r_reg_0__8__u0:d TIMEBOOST_net_15551
connect_pin TIMEBOOST_cell_45555:a TIMEBOOST_net_15550
connect_pin TIMEBOOST_cell_45555:o TIMEBOOST_net_15551
insert_gate TIMEBOOST_cell_45556 in01s01
insert_net TIMEBOOST_net_15552
disconnect_pin key_b_r_reg_0__9__u0:d
connect_pin key_b_r_reg_0__9__u0:d TIMEBOOST_net_15552
connect_pin TIMEBOOST_cell_45556:a key2_9_
connect_pin TIMEBOOST_cell_45556:o TIMEBOOST_net_15552
insert_gate TIMEBOOST_cell_45557 in01s01
insert_net TIMEBOOST_net_15553
disconnect_pin key_b_r_reg_0__9__u0:d
connect_pin key_b_r_reg_0__9__u0:d TIMEBOOST_net_15553
connect_pin TIMEBOOST_cell_45557:a TIMEBOOST_net_15552
connect_pin TIMEBOOST_cell_45557:o TIMEBOOST_net_15553
insert_gate TIMEBOOST_cell_45558 in01s01
insert_net TIMEBOOST_net_15554
disconnect_pin u0_desIn_r_reg_0__u0:d
connect_pin u0_desIn_r_reg_0__u0:d TIMEBOOST_net_15554
connect_pin TIMEBOOST_cell_45558:a desIn_0_
connect_pin TIMEBOOST_cell_45558:o TIMEBOOST_net_15554
insert_gate TIMEBOOST_cell_45559 in01s01
insert_net TIMEBOOST_net_15555
disconnect_pin u0_desIn_r_reg_0__u0:d
connect_pin u0_desIn_r_reg_0__u0:d TIMEBOOST_net_15555
connect_pin TIMEBOOST_cell_45559:a TIMEBOOST_net_15554
connect_pin TIMEBOOST_cell_45559:o TIMEBOOST_net_15555
insert_gate TIMEBOOST_cell_45560 in01s01
insert_net TIMEBOOST_net_15556
disconnect_pin u0_desIn_r_reg_10__u0:d
connect_pin u0_desIn_r_reg_10__u0:d TIMEBOOST_net_15556
connect_pin TIMEBOOST_cell_45560:a desIn_10_
connect_pin TIMEBOOST_cell_45560:o TIMEBOOST_net_15556
insert_gate TIMEBOOST_cell_45561 in01s01
insert_net TIMEBOOST_net_15557
disconnect_pin u0_desIn_r_reg_10__u0:d
connect_pin u0_desIn_r_reg_10__u0:d TIMEBOOST_net_15557
connect_pin TIMEBOOST_cell_45561:a TIMEBOOST_net_15556
connect_pin TIMEBOOST_cell_45561:o TIMEBOOST_net_15557
insert_gate TIMEBOOST_cell_45562 in01s01
insert_net TIMEBOOST_net_15558
disconnect_pin u0_desIn_r_reg_11__u0:d
connect_pin u0_desIn_r_reg_11__u0:d TIMEBOOST_net_15558
connect_pin TIMEBOOST_cell_45562:a desIn_11_
connect_pin TIMEBOOST_cell_45562:o TIMEBOOST_net_15558
insert_gate TIMEBOOST_cell_45563 in01s01
insert_net TIMEBOOST_net_15559
disconnect_pin u0_desIn_r_reg_11__u0:d
connect_pin u0_desIn_r_reg_11__u0:d TIMEBOOST_net_15559
connect_pin TIMEBOOST_cell_45563:a TIMEBOOST_net_15558
connect_pin TIMEBOOST_cell_45563:o TIMEBOOST_net_15559
insert_gate TIMEBOOST_cell_45564 in01s01
insert_net TIMEBOOST_net_15560
disconnect_pin u0_desIn_r_reg_12__u0:d
connect_pin u0_desIn_r_reg_12__u0:d TIMEBOOST_net_15560
connect_pin TIMEBOOST_cell_45564:a desIn_12_
connect_pin TIMEBOOST_cell_45564:o TIMEBOOST_net_15560
insert_gate TIMEBOOST_cell_45565 in01s01
insert_net TIMEBOOST_net_15561
disconnect_pin u0_desIn_r_reg_12__u0:d
connect_pin u0_desIn_r_reg_12__u0:d TIMEBOOST_net_15561
connect_pin TIMEBOOST_cell_45565:a TIMEBOOST_net_15560
connect_pin TIMEBOOST_cell_45565:o TIMEBOOST_net_15561
insert_gate TIMEBOOST_cell_45566 in01s01
insert_net TIMEBOOST_net_15562
disconnect_pin u0_desIn_r_reg_13__u0:d
connect_pin u0_desIn_r_reg_13__u0:d TIMEBOOST_net_15562
connect_pin TIMEBOOST_cell_45566:a desIn_13_
connect_pin TIMEBOOST_cell_45566:o TIMEBOOST_net_15562
insert_gate TIMEBOOST_cell_45567 in01s01
insert_net TIMEBOOST_net_15563
disconnect_pin u0_desIn_r_reg_13__u0:d
connect_pin u0_desIn_r_reg_13__u0:d TIMEBOOST_net_15563
connect_pin TIMEBOOST_cell_45567:a TIMEBOOST_net_15562
connect_pin TIMEBOOST_cell_45567:o TIMEBOOST_net_15563
insert_gate TIMEBOOST_cell_45568 in01s01
insert_net TIMEBOOST_net_15564
disconnect_pin u0_desIn_r_reg_14__u0:d
connect_pin u0_desIn_r_reg_14__u0:d TIMEBOOST_net_15564
connect_pin TIMEBOOST_cell_45568:a desIn_14_
connect_pin TIMEBOOST_cell_45568:o TIMEBOOST_net_15564
insert_gate TIMEBOOST_cell_45569 in01s01
insert_net TIMEBOOST_net_15565
disconnect_pin u0_desIn_r_reg_14__u0:d
connect_pin u0_desIn_r_reg_14__u0:d TIMEBOOST_net_15565
connect_pin TIMEBOOST_cell_45569:a TIMEBOOST_net_15564
connect_pin TIMEBOOST_cell_45569:o TIMEBOOST_net_15565
insert_gate TIMEBOOST_cell_45570 in01s01
insert_net TIMEBOOST_net_15566
disconnect_pin u0_desIn_r_reg_15__u0:d
connect_pin u0_desIn_r_reg_15__u0:d TIMEBOOST_net_15566
connect_pin TIMEBOOST_cell_45570:a desIn_15_
connect_pin TIMEBOOST_cell_45570:o TIMEBOOST_net_15566
insert_gate TIMEBOOST_cell_45571 in01s01
insert_net TIMEBOOST_net_15567
disconnect_pin u0_desIn_r_reg_15__u0:d
connect_pin u0_desIn_r_reg_15__u0:d TIMEBOOST_net_15567
connect_pin TIMEBOOST_cell_45571:a TIMEBOOST_net_15566
connect_pin TIMEBOOST_cell_45571:o TIMEBOOST_net_15567
insert_gate TIMEBOOST_cell_45572 in01s01
insert_net TIMEBOOST_net_15568
disconnect_pin u0_desIn_r_reg_16__u0:d
connect_pin u0_desIn_r_reg_16__u0:d TIMEBOOST_net_15568
connect_pin TIMEBOOST_cell_45572:a desIn_16_
connect_pin TIMEBOOST_cell_45572:o TIMEBOOST_net_15568
insert_gate TIMEBOOST_cell_45573 in01s01
insert_net TIMEBOOST_net_15569
disconnect_pin u0_desIn_r_reg_16__u0:d
connect_pin u0_desIn_r_reg_16__u0:d TIMEBOOST_net_15569
connect_pin TIMEBOOST_cell_45573:a TIMEBOOST_net_15568
connect_pin TIMEBOOST_cell_45573:o TIMEBOOST_net_15569
insert_gate TIMEBOOST_cell_45574 in01s01
insert_net TIMEBOOST_net_15570
disconnect_pin u0_desIn_r_reg_17__u0:d
connect_pin u0_desIn_r_reg_17__u0:d TIMEBOOST_net_15570
connect_pin TIMEBOOST_cell_45574:a desIn_17_
connect_pin TIMEBOOST_cell_45574:o TIMEBOOST_net_15570
insert_gate TIMEBOOST_cell_45575 in01s01
insert_net TIMEBOOST_net_15571
disconnect_pin u0_desIn_r_reg_17__u0:d
connect_pin u0_desIn_r_reg_17__u0:d TIMEBOOST_net_15571
connect_pin TIMEBOOST_cell_45575:a TIMEBOOST_net_15570
connect_pin TIMEBOOST_cell_45575:o TIMEBOOST_net_15571
insert_gate TIMEBOOST_cell_45576 in01s01
insert_net TIMEBOOST_net_15572
disconnect_pin u0_desIn_r_reg_18__u0:d
connect_pin u0_desIn_r_reg_18__u0:d TIMEBOOST_net_15572
connect_pin TIMEBOOST_cell_45576:a desIn_18_
connect_pin TIMEBOOST_cell_45576:o TIMEBOOST_net_15572
insert_gate TIMEBOOST_cell_45577 in01s01
insert_net TIMEBOOST_net_15573
disconnect_pin u0_desIn_r_reg_18__u0:d
connect_pin u0_desIn_r_reg_18__u0:d TIMEBOOST_net_15573
connect_pin TIMEBOOST_cell_45577:a TIMEBOOST_net_15572
connect_pin TIMEBOOST_cell_45577:o TIMEBOOST_net_15573
insert_gate TIMEBOOST_cell_45578 in01s01
insert_net TIMEBOOST_net_15574
disconnect_pin u0_desIn_r_reg_19__u0:d
connect_pin u0_desIn_r_reg_19__u0:d TIMEBOOST_net_15574
connect_pin TIMEBOOST_cell_45578:a desIn_19_
connect_pin TIMEBOOST_cell_45578:o TIMEBOOST_net_15574
insert_gate TIMEBOOST_cell_45579 in01s01
insert_net TIMEBOOST_net_15575
disconnect_pin u0_desIn_r_reg_19__u0:d
connect_pin u0_desIn_r_reg_19__u0:d TIMEBOOST_net_15575
connect_pin TIMEBOOST_cell_45579:a TIMEBOOST_net_15574
connect_pin TIMEBOOST_cell_45579:o TIMEBOOST_net_15575
insert_gate TIMEBOOST_cell_45580 in01s01
insert_net TIMEBOOST_net_15576
disconnect_pin u0_desIn_r_reg_1__u0:d
connect_pin u0_desIn_r_reg_1__u0:d TIMEBOOST_net_15576
connect_pin TIMEBOOST_cell_45580:a desIn_1_
connect_pin TIMEBOOST_cell_45580:o TIMEBOOST_net_15576
insert_gate TIMEBOOST_cell_45581 in01s01
insert_net TIMEBOOST_net_15577
disconnect_pin u0_desIn_r_reg_1__u0:d
connect_pin u0_desIn_r_reg_1__u0:d TIMEBOOST_net_15577
connect_pin TIMEBOOST_cell_45581:a TIMEBOOST_net_15576
connect_pin TIMEBOOST_cell_45581:o TIMEBOOST_net_15577
insert_gate TIMEBOOST_cell_45582 in01s01
insert_net TIMEBOOST_net_15578
disconnect_pin u0_desIn_r_reg_20__u0:d
connect_pin u0_desIn_r_reg_20__u0:d TIMEBOOST_net_15578
connect_pin TIMEBOOST_cell_45582:a desIn_20_
connect_pin TIMEBOOST_cell_45582:o TIMEBOOST_net_15578
insert_gate TIMEBOOST_cell_45583 in01s01
insert_net TIMEBOOST_net_15579
disconnect_pin u0_desIn_r_reg_20__u0:d
connect_pin u0_desIn_r_reg_20__u0:d TIMEBOOST_net_15579
connect_pin TIMEBOOST_cell_45583:a TIMEBOOST_net_15578
connect_pin TIMEBOOST_cell_45583:o TIMEBOOST_net_15579
insert_gate TIMEBOOST_cell_45584 in01s01
insert_net TIMEBOOST_net_15580
disconnect_pin u0_desIn_r_reg_21__u0:d
connect_pin u0_desIn_r_reg_21__u0:d TIMEBOOST_net_15580
connect_pin TIMEBOOST_cell_45584:a desIn_21_
connect_pin TIMEBOOST_cell_45584:o TIMEBOOST_net_15580
insert_gate TIMEBOOST_cell_45585 in01s01
insert_net TIMEBOOST_net_15581
disconnect_pin u0_desIn_r_reg_21__u0:d
connect_pin u0_desIn_r_reg_21__u0:d TIMEBOOST_net_15581
connect_pin TIMEBOOST_cell_45585:a TIMEBOOST_net_15580
connect_pin TIMEBOOST_cell_45585:o TIMEBOOST_net_15581
insert_gate TIMEBOOST_cell_45586 in01s01
insert_net TIMEBOOST_net_15582
disconnect_pin u0_desIn_r_reg_22__u0:d
connect_pin u0_desIn_r_reg_22__u0:d TIMEBOOST_net_15582
connect_pin TIMEBOOST_cell_45586:a desIn_22_
connect_pin TIMEBOOST_cell_45586:o TIMEBOOST_net_15582
insert_gate TIMEBOOST_cell_45587 in01s01
insert_net TIMEBOOST_net_15583
disconnect_pin u0_desIn_r_reg_22__u0:d
connect_pin u0_desIn_r_reg_22__u0:d TIMEBOOST_net_15583
connect_pin TIMEBOOST_cell_45587:a TIMEBOOST_net_15582
connect_pin TIMEBOOST_cell_45587:o TIMEBOOST_net_15583
insert_gate TIMEBOOST_cell_45588 in01s01
insert_net TIMEBOOST_net_15584
disconnect_pin u0_desIn_r_reg_23__u0:d
connect_pin u0_desIn_r_reg_23__u0:d TIMEBOOST_net_15584
connect_pin TIMEBOOST_cell_45588:a desIn_23_
connect_pin TIMEBOOST_cell_45588:o TIMEBOOST_net_15584
insert_gate TIMEBOOST_cell_45589 in01s01
insert_net TIMEBOOST_net_15585
disconnect_pin u0_desIn_r_reg_23__u0:d
connect_pin u0_desIn_r_reg_23__u0:d TIMEBOOST_net_15585
connect_pin TIMEBOOST_cell_45589:a TIMEBOOST_net_15584
connect_pin TIMEBOOST_cell_45589:o TIMEBOOST_net_15585
insert_gate TIMEBOOST_cell_45590 in01s01
insert_net TIMEBOOST_net_15586
disconnect_pin u0_desIn_r_reg_24__u0:d
connect_pin u0_desIn_r_reg_24__u0:d TIMEBOOST_net_15586
connect_pin TIMEBOOST_cell_45590:a desIn_24_
connect_pin TIMEBOOST_cell_45590:o TIMEBOOST_net_15586
insert_gate TIMEBOOST_cell_45591 in01s01
insert_net TIMEBOOST_net_15587
disconnect_pin u0_desIn_r_reg_24__u0:d
connect_pin u0_desIn_r_reg_24__u0:d TIMEBOOST_net_15587
connect_pin TIMEBOOST_cell_45591:a TIMEBOOST_net_15586
connect_pin TIMEBOOST_cell_45591:o TIMEBOOST_net_15587
insert_gate TIMEBOOST_cell_45592 in01s01
insert_net TIMEBOOST_net_15588
disconnect_pin u0_desIn_r_reg_25__u0:d
connect_pin u0_desIn_r_reg_25__u0:d TIMEBOOST_net_15588
connect_pin TIMEBOOST_cell_45592:a desIn_25_
connect_pin TIMEBOOST_cell_45592:o TIMEBOOST_net_15588
insert_gate TIMEBOOST_cell_45593 in01s01
insert_net TIMEBOOST_net_15589
disconnect_pin u0_desIn_r_reg_25__u0:d
connect_pin u0_desIn_r_reg_25__u0:d TIMEBOOST_net_15589
connect_pin TIMEBOOST_cell_45593:a TIMEBOOST_net_15588
connect_pin TIMEBOOST_cell_45593:o TIMEBOOST_net_15589
insert_gate TIMEBOOST_cell_45594 in01s01
insert_net TIMEBOOST_net_15590
disconnect_pin u0_desIn_r_reg_26__u0:d
connect_pin u0_desIn_r_reg_26__u0:d TIMEBOOST_net_15590
connect_pin TIMEBOOST_cell_45594:a desIn_26_
connect_pin TIMEBOOST_cell_45594:o TIMEBOOST_net_15590
insert_gate TIMEBOOST_cell_45595 in01s01
insert_net TIMEBOOST_net_15591
disconnect_pin u0_desIn_r_reg_26__u0:d
connect_pin u0_desIn_r_reg_26__u0:d TIMEBOOST_net_15591
connect_pin TIMEBOOST_cell_45595:a TIMEBOOST_net_15590
connect_pin TIMEBOOST_cell_45595:o TIMEBOOST_net_15591
insert_gate TIMEBOOST_cell_45596 in01s01
insert_net TIMEBOOST_net_15592
disconnect_pin u0_desIn_r_reg_27__u0:d
connect_pin u0_desIn_r_reg_27__u0:d TIMEBOOST_net_15592
connect_pin TIMEBOOST_cell_45596:a desIn_27_
connect_pin TIMEBOOST_cell_45596:o TIMEBOOST_net_15592
insert_gate TIMEBOOST_cell_45597 in01s01
insert_net TIMEBOOST_net_15593
disconnect_pin u0_desIn_r_reg_27__u0:d
connect_pin u0_desIn_r_reg_27__u0:d TIMEBOOST_net_15593
connect_pin TIMEBOOST_cell_45597:a TIMEBOOST_net_15592
connect_pin TIMEBOOST_cell_45597:o TIMEBOOST_net_15593
insert_gate TIMEBOOST_cell_45598 in01s01
insert_net TIMEBOOST_net_15594
disconnect_pin u0_desIn_r_reg_28__u0:d
connect_pin u0_desIn_r_reg_28__u0:d TIMEBOOST_net_15594
connect_pin TIMEBOOST_cell_45598:a desIn_28_
connect_pin TIMEBOOST_cell_45598:o TIMEBOOST_net_15594
insert_gate TIMEBOOST_cell_45599 in01s01
insert_net TIMEBOOST_net_15595
disconnect_pin u0_desIn_r_reg_28__u0:d
connect_pin u0_desIn_r_reg_28__u0:d TIMEBOOST_net_15595
connect_pin TIMEBOOST_cell_45599:a TIMEBOOST_net_15594
connect_pin TIMEBOOST_cell_45599:o TIMEBOOST_net_15595
insert_gate TIMEBOOST_cell_45600 in01s01
insert_net TIMEBOOST_net_15596
disconnect_pin u0_desIn_r_reg_29__u0:d
connect_pin u0_desIn_r_reg_29__u0:d TIMEBOOST_net_15596
connect_pin TIMEBOOST_cell_45600:a desIn_29_
connect_pin TIMEBOOST_cell_45600:o TIMEBOOST_net_15596
insert_gate TIMEBOOST_cell_45601 in01s01
insert_net TIMEBOOST_net_15597
disconnect_pin u0_desIn_r_reg_29__u0:d
connect_pin u0_desIn_r_reg_29__u0:d TIMEBOOST_net_15597
connect_pin TIMEBOOST_cell_45601:a TIMEBOOST_net_15596
connect_pin TIMEBOOST_cell_45601:o TIMEBOOST_net_15597
insert_gate TIMEBOOST_cell_45602 in01s01
insert_net TIMEBOOST_net_15598
disconnect_pin u0_desIn_r_reg_2__u0:d
connect_pin u0_desIn_r_reg_2__u0:d TIMEBOOST_net_15598
connect_pin TIMEBOOST_cell_45602:a desIn_2_
connect_pin TIMEBOOST_cell_45602:o TIMEBOOST_net_15598
insert_gate TIMEBOOST_cell_45603 in01s01
insert_net TIMEBOOST_net_15599
disconnect_pin u0_desIn_r_reg_2__u0:d
connect_pin u0_desIn_r_reg_2__u0:d TIMEBOOST_net_15599
connect_pin TIMEBOOST_cell_45603:a TIMEBOOST_net_15598
connect_pin TIMEBOOST_cell_45603:o TIMEBOOST_net_15599
insert_gate TIMEBOOST_cell_45604 in01s01
insert_net TIMEBOOST_net_15600
disconnect_pin u0_desIn_r_reg_30__u0:d
connect_pin u0_desIn_r_reg_30__u0:d TIMEBOOST_net_15600
connect_pin TIMEBOOST_cell_45604:a desIn_30_
connect_pin TIMEBOOST_cell_45604:o TIMEBOOST_net_15600
insert_gate TIMEBOOST_cell_45605 in01s01
insert_net TIMEBOOST_net_15601
disconnect_pin u0_desIn_r_reg_30__u0:d
connect_pin u0_desIn_r_reg_30__u0:d TIMEBOOST_net_15601
connect_pin TIMEBOOST_cell_45605:a TIMEBOOST_net_15600
connect_pin TIMEBOOST_cell_45605:o TIMEBOOST_net_15601
insert_gate TIMEBOOST_cell_45606 in01s01
insert_net TIMEBOOST_net_15602
disconnect_pin u0_desIn_r_reg_31__u0:d
connect_pin u0_desIn_r_reg_31__u0:d TIMEBOOST_net_15602
connect_pin TIMEBOOST_cell_45606:a desIn_31_
connect_pin TIMEBOOST_cell_45606:o TIMEBOOST_net_15602
insert_gate TIMEBOOST_cell_45607 in01s01
insert_net TIMEBOOST_net_15603
disconnect_pin u0_desIn_r_reg_31__u0:d
connect_pin u0_desIn_r_reg_31__u0:d TIMEBOOST_net_15603
connect_pin TIMEBOOST_cell_45607:a TIMEBOOST_net_15602
connect_pin TIMEBOOST_cell_45607:o TIMEBOOST_net_15603
insert_gate TIMEBOOST_cell_45608 in01s01
insert_net TIMEBOOST_net_15604
disconnect_pin u0_desIn_r_reg_32__u0:d
connect_pin u0_desIn_r_reg_32__u0:d TIMEBOOST_net_15604
connect_pin TIMEBOOST_cell_45608:a desIn_32_
connect_pin TIMEBOOST_cell_45608:o TIMEBOOST_net_15604
insert_gate TIMEBOOST_cell_45609 in01s01
insert_net TIMEBOOST_net_15605
disconnect_pin u0_desIn_r_reg_32__u0:d
connect_pin u0_desIn_r_reg_32__u0:d TIMEBOOST_net_15605
connect_pin TIMEBOOST_cell_45609:a TIMEBOOST_net_15604
connect_pin TIMEBOOST_cell_45609:o TIMEBOOST_net_15605
insert_gate TIMEBOOST_cell_45610 in01s01
insert_net TIMEBOOST_net_15606
disconnect_pin u0_desIn_r_reg_33__u0:d
connect_pin u0_desIn_r_reg_33__u0:d TIMEBOOST_net_15606
connect_pin TIMEBOOST_cell_45610:a desIn_33_
connect_pin TIMEBOOST_cell_45610:o TIMEBOOST_net_15606
insert_gate TIMEBOOST_cell_45611 in01s01
insert_net TIMEBOOST_net_15607
disconnect_pin u0_desIn_r_reg_33__u0:d
connect_pin u0_desIn_r_reg_33__u0:d TIMEBOOST_net_15607
connect_pin TIMEBOOST_cell_45611:a TIMEBOOST_net_15606
connect_pin TIMEBOOST_cell_45611:o TIMEBOOST_net_15607
insert_gate TIMEBOOST_cell_45612 in01s01
insert_net TIMEBOOST_net_15608
disconnect_pin u0_desIn_r_reg_34__u0:d
connect_pin u0_desIn_r_reg_34__u0:d TIMEBOOST_net_15608
connect_pin TIMEBOOST_cell_45612:a desIn_34_
connect_pin TIMEBOOST_cell_45612:o TIMEBOOST_net_15608
insert_gate TIMEBOOST_cell_45613 in01s01
insert_net TIMEBOOST_net_15609
disconnect_pin u0_desIn_r_reg_34__u0:d
connect_pin u0_desIn_r_reg_34__u0:d TIMEBOOST_net_15609
connect_pin TIMEBOOST_cell_45613:a TIMEBOOST_net_15608
connect_pin TIMEBOOST_cell_45613:o TIMEBOOST_net_15609
insert_gate TIMEBOOST_cell_45614 in01s01
insert_net TIMEBOOST_net_15610
disconnect_pin u0_desIn_r_reg_35__u0:d
connect_pin u0_desIn_r_reg_35__u0:d TIMEBOOST_net_15610
connect_pin TIMEBOOST_cell_45614:a desIn_35_
connect_pin TIMEBOOST_cell_45614:o TIMEBOOST_net_15610
insert_gate TIMEBOOST_cell_45615 in01s01
insert_net TIMEBOOST_net_15611
disconnect_pin u0_desIn_r_reg_35__u0:d
connect_pin u0_desIn_r_reg_35__u0:d TIMEBOOST_net_15611
connect_pin TIMEBOOST_cell_45615:a TIMEBOOST_net_15610
connect_pin TIMEBOOST_cell_45615:o TIMEBOOST_net_15611
insert_gate TIMEBOOST_cell_45616 in01s01
insert_net TIMEBOOST_net_15612
disconnect_pin u0_desIn_r_reg_36__u0:d
connect_pin u0_desIn_r_reg_36__u0:d TIMEBOOST_net_15612
connect_pin TIMEBOOST_cell_45616:a desIn_36_
connect_pin TIMEBOOST_cell_45616:o TIMEBOOST_net_15612
insert_gate TIMEBOOST_cell_45617 in01s01
insert_net TIMEBOOST_net_15613
disconnect_pin u0_desIn_r_reg_36__u0:d
connect_pin u0_desIn_r_reg_36__u0:d TIMEBOOST_net_15613
connect_pin TIMEBOOST_cell_45617:a TIMEBOOST_net_15612
connect_pin TIMEBOOST_cell_45617:o TIMEBOOST_net_15613
insert_gate TIMEBOOST_cell_45618 in01s01
insert_net TIMEBOOST_net_15614
disconnect_pin u0_desIn_r_reg_37__u0:d
connect_pin u0_desIn_r_reg_37__u0:d TIMEBOOST_net_15614
connect_pin TIMEBOOST_cell_45618:a desIn_37_
connect_pin TIMEBOOST_cell_45618:o TIMEBOOST_net_15614
insert_gate TIMEBOOST_cell_45619 in01s01
insert_net TIMEBOOST_net_15615
disconnect_pin u0_desIn_r_reg_37__u0:d
connect_pin u0_desIn_r_reg_37__u0:d TIMEBOOST_net_15615
connect_pin TIMEBOOST_cell_45619:a TIMEBOOST_net_15614
connect_pin TIMEBOOST_cell_45619:o TIMEBOOST_net_15615
insert_gate TIMEBOOST_cell_45620 in01s01
insert_net TIMEBOOST_net_15616
disconnect_pin u0_desIn_r_reg_38__u0:d
connect_pin u0_desIn_r_reg_38__u0:d TIMEBOOST_net_15616
connect_pin TIMEBOOST_cell_45620:a desIn_38_
connect_pin TIMEBOOST_cell_45620:o TIMEBOOST_net_15616
insert_gate TIMEBOOST_cell_45621 in01s01
insert_net TIMEBOOST_net_15617
disconnect_pin u0_desIn_r_reg_38__u0:d
connect_pin u0_desIn_r_reg_38__u0:d TIMEBOOST_net_15617
connect_pin TIMEBOOST_cell_45621:a TIMEBOOST_net_15616
connect_pin TIMEBOOST_cell_45621:o TIMEBOOST_net_15617
insert_gate TIMEBOOST_cell_45622 in01s01
insert_net TIMEBOOST_net_15618
disconnect_pin u0_desIn_r_reg_39__u0:d
connect_pin u0_desIn_r_reg_39__u0:d TIMEBOOST_net_15618
connect_pin TIMEBOOST_cell_45622:a desIn_39_
connect_pin TIMEBOOST_cell_45622:o TIMEBOOST_net_15618
insert_gate TIMEBOOST_cell_45623 in01s01
insert_net TIMEBOOST_net_15619
disconnect_pin u0_desIn_r_reg_39__u0:d
connect_pin u0_desIn_r_reg_39__u0:d TIMEBOOST_net_15619
connect_pin TIMEBOOST_cell_45623:a TIMEBOOST_net_15618
connect_pin TIMEBOOST_cell_45623:o TIMEBOOST_net_15619
insert_gate TIMEBOOST_cell_45624 in01s01
insert_net TIMEBOOST_net_15620
disconnect_pin u0_desIn_r_reg_3__u0:d
connect_pin u0_desIn_r_reg_3__u0:d TIMEBOOST_net_15620
connect_pin TIMEBOOST_cell_45624:a desIn_3_
connect_pin TIMEBOOST_cell_45624:o TIMEBOOST_net_15620
insert_gate TIMEBOOST_cell_45625 in01s01
insert_net TIMEBOOST_net_15621
disconnect_pin u0_desIn_r_reg_3__u0:d
connect_pin u0_desIn_r_reg_3__u0:d TIMEBOOST_net_15621
connect_pin TIMEBOOST_cell_45625:a TIMEBOOST_net_15620
connect_pin TIMEBOOST_cell_45625:o TIMEBOOST_net_15621
insert_gate TIMEBOOST_cell_45626 in01s01
insert_net TIMEBOOST_net_15622
disconnect_pin u0_desIn_r_reg_40__u0:d
connect_pin u0_desIn_r_reg_40__u0:d TIMEBOOST_net_15622
connect_pin TIMEBOOST_cell_45626:a desIn_40_
connect_pin TIMEBOOST_cell_45626:o TIMEBOOST_net_15622
insert_gate TIMEBOOST_cell_45627 in01s01
insert_net TIMEBOOST_net_15623
disconnect_pin u0_desIn_r_reg_40__u0:d
connect_pin u0_desIn_r_reg_40__u0:d TIMEBOOST_net_15623
connect_pin TIMEBOOST_cell_45627:a TIMEBOOST_net_15622
connect_pin TIMEBOOST_cell_45627:o TIMEBOOST_net_15623
insert_gate TIMEBOOST_cell_45628 in01s01
insert_net TIMEBOOST_net_15624
disconnect_pin u0_desIn_r_reg_41__u0:d
connect_pin u0_desIn_r_reg_41__u0:d TIMEBOOST_net_15624
connect_pin TIMEBOOST_cell_45628:a desIn_41_
connect_pin TIMEBOOST_cell_45628:o TIMEBOOST_net_15624
insert_gate TIMEBOOST_cell_45629 in01s01
insert_net TIMEBOOST_net_15625
disconnect_pin u0_desIn_r_reg_41__u0:d
connect_pin u0_desIn_r_reg_41__u0:d TIMEBOOST_net_15625
connect_pin TIMEBOOST_cell_45629:a TIMEBOOST_net_15624
connect_pin TIMEBOOST_cell_45629:o TIMEBOOST_net_15625
insert_gate TIMEBOOST_cell_45630 in01s01
insert_net TIMEBOOST_net_15626
disconnect_pin u0_desIn_r_reg_42__u0:d
connect_pin u0_desIn_r_reg_42__u0:d TIMEBOOST_net_15626
connect_pin TIMEBOOST_cell_45630:a desIn_42_
connect_pin TIMEBOOST_cell_45630:o TIMEBOOST_net_15626
insert_gate TIMEBOOST_cell_45631 in01s01
insert_net TIMEBOOST_net_15627
disconnect_pin u0_desIn_r_reg_42__u0:d
connect_pin u0_desIn_r_reg_42__u0:d TIMEBOOST_net_15627
connect_pin TIMEBOOST_cell_45631:a TIMEBOOST_net_15626
connect_pin TIMEBOOST_cell_45631:o TIMEBOOST_net_15627
insert_gate TIMEBOOST_cell_45632 in01s01
insert_net TIMEBOOST_net_15628
disconnect_pin u0_desIn_r_reg_43__u0:d
connect_pin u0_desIn_r_reg_43__u0:d TIMEBOOST_net_15628
connect_pin TIMEBOOST_cell_45632:a desIn_43_
connect_pin TIMEBOOST_cell_45632:o TIMEBOOST_net_15628
insert_gate TIMEBOOST_cell_45633 in01s01
insert_net TIMEBOOST_net_15629
disconnect_pin u0_desIn_r_reg_43__u0:d
connect_pin u0_desIn_r_reg_43__u0:d TIMEBOOST_net_15629
connect_pin TIMEBOOST_cell_45633:a TIMEBOOST_net_15628
connect_pin TIMEBOOST_cell_45633:o TIMEBOOST_net_15629
insert_gate TIMEBOOST_cell_45634 in01s01
insert_net TIMEBOOST_net_15630
disconnect_pin u0_desIn_r_reg_44__u0:d
connect_pin u0_desIn_r_reg_44__u0:d TIMEBOOST_net_15630
connect_pin TIMEBOOST_cell_45634:a desIn_44_
connect_pin TIMEBOOST_cell_45634:o TIMEBOOST_net_15630
insert_gate TIMEBOOST_cell_45635 in01s01
insert_net TIMEBOOST_net_15631
disconnect_pin u0_desIn_r_reg_44__u0:d
connect_pin u0_desIn_r_reg_44__u0:d TIMEBOOST_net_15631
connect_pin TIMEBOOST_cell_45635:a TIMEBOOST_net_15630
connect_pin TIMEBOOST_cell_45635:o TIMEBOOST_net_15631
insert_gate TIMEBOOST_cell_45636 in01s01
insert_net TIMEBOOST_net_15632
disconnect_pin u0_desIn_r_reg_45__u0:d
connect_pin u0_desIn_r_reg_45__u0:d TIMEBOOST_net_15632
connect_pin TIMEBOOST_cell_45636:a desIn_45_
connect_pin TIMEBOOST_cell_45636:o TIMEBOOST_net_15632
insert_gate TIMEBOOST_cell_45637 in01s01
insert_net TIMEBOOST_net_15633
disconnect_pin u0_desIn_r_reg_45__u0:d
connect_pin u0_desIn_r_reg_45__u0:d TIMEBOOST_net_15633
connect_pin TIMEBOOST_cell_45637:a TIMEBOOST_net_15632
connect_pin TIMEBOOST_cell_45637:o TIMEBOOST_net_15633
insert_gate TIMEBOOST_cell_45638 in01s01
insert_net TIMEBOOST_net_15634
disconnect_pin u0_desIn_r_reg_46__u0:d
connect_pin u0_desIn_r_reg_46__u0:d TIMEBOOST_net_15634
connect_pin TIMEBOOST_cell_45638:a desIn_46_
connect_pin TIMEBOOST_cell_45638:o TIMEBOOST_net_15634
insert_gate TIMEBOOST_cell_45639 in01s01
insert_net TIMEBOOST_net_15635
disconnect_pin u0_desIn_r_reg_46__u0:d
connect_pin u0_desIn_r_reg_46__u0:d TIMEBOOST_net_15635
connect_pin TIMEBOOST_cell_45639:a TIMEBOOST_net_15634
connect_pin TIMEBOOST_cell_45639:o TIMEBOOST_net_15635
insert_gate TIMEBOOST_cell_45640 in01s01
insert_net TIMEBOOST_net_15636
disconnect_pin u0_desIn_r_reg_47__u0:d
connect_pin u0_desIn_r_reg_47__u0:d TIMEBOOST_net_15636
connect_pin TIMEBOOST_cell_45640:a desIn_47_
connect_pin TIMEBOOST_cell_45640:o TIMEBOOST_net_15636
insert_gate TIMEBOOST_cell_45641 in01s01
insert_net TIMEBOOST_net_15637
disconnect_pin u0_desIn_r_reg_47__u0:d
connect_pin u0_desIn_r_reg_47__u0:d TIMEBOOST_net_15637
connect_pin TIMEBOOST_cell_45641:a TIMEBOOST_net_15636
connect_pin TIMEBOOST_cell_45641:o TIMEBOOST_net_15637
insert_gate TIMEBOOST_cell_45642 in01s01
insert_net TIMEBOOST_net_15638
disconnect_pin u0_desIn_r_reg_48__u0:d
connect_pin u0_desIn_r_reg_48__u0:d TIMEBOOST_net_15638
connect_pin TIMEBOOST_cell_45642:a desIn_48_
connect_pin TIMEBOOST_cell_45642:o TIMEBOOST_net_15638
insert_gate TIMEBOOST_cell_45643 in01s01
insert_net TIMEBOOST_net_15639
disconnect_pin u0_desIn_r_reg_48__u0:d
connect_pin u0_desIn_r_reg_48__u0:d TIMEBOOST_net_15639
connect_pin TIMEBOOST_cell_45643:a TIMEBOOST_net_15638
connect_pin TIMEBOOST_cell_45643:o TIMEBOOST_net_15639
insert_gate TIMEBOOST_cell_45644 in01s01
insert_net TIMEBOOST_net_15640
disconnect_pin u0_desIn_r_reg_49__u0:d
connect_pin u0_desIn_r_reg_49__u0:d TIMEBOOST_net_15640
connect_pin TIMEBOOST_cell_45644:a desIn_49_
connect_pin TIMEBOOST_cell_45644:o TIMEBOOST_net_15640
insert_gate TIMEBOOST_cell_45645 in01s01
insert_net TIMEBOOST_net_15641
disconnect_pin u0_desIn_r_reg_49__u0:d
connect_pin u0_desIn_r_reg_49__u0:d TIMEBOOST_net_15641
connect_pin TIMEBOOST_cell_45645:a TIMEBOOST_net_15640
connect_pin TIMEBOOST_cell_45645:o TIMEBOOST_net_15641
insert_gate TIMEBOOST_cell_45646 in01s01
insert_net TIMEBOOST_net_15642
disconnect_pin u0_desIn_r_reg_4__u0:d
connect_pin u0_desIn_r_reg_4__u0:d TIMEBOOST_net_15642
connect_pin TIMEBOOST_cell_45646:a desIn_4_
connect_pin TIMEBOOST_cell_45646:o TIMEBOOST_net_15642
insert_gate TIMEBOOST_cell_45647 in01s01
insert_net TIMEBOOST_net_15643
disconnect_pin u0_desIn_r_reg_4__u0:d
connect_pin u0_desIn_r_reg_4__u0:d TIMEBOOST_net_15643
connect_pin TIMEBOOST_cell_45647:a TIMEBOOST_net_15642
connect_pin TIMEBOOST_cell_45647:o TIMEBOOST_net_15643
insert_gate TIMEBOOST_cell_45648 in01s01
insert_net TIMEBOOST_net_15644
disconnect_pin u0_desIn_r_reg_50__u0:d
connect_pin u0_desIn_r_reg_50__u0:d TIMEBOOST_net_15644
connect_pin TIMEBOOST_cell_45648:a desIn_50_
connect_pin TIMEBOOST_cell_45648:o TIMEBOOST_net_15644
insert_gate TIMEBOOST_cell_45649 in01s01
insert_net TIMEBOOST_net_15645
disconnect_pin u0_desIn_r_reg_50__u0:d
connect_pin u0_desIn_r_reg_50__u0:d TIMEBOOST_net_15645
connect_pin TIMEBOOST_cell_45649:a TIMEBOOST_net_15644
connect_pin TIMEBOOST_cell_45649:o TIMEBOOST_net_15645
insert_gate TIMEBOOST_cell_45650 in01s01
insert_net TIMEBOOST_net_15646
disconnect_pin u0_desIn_r_reg_51__u0:d
connect_pin u0_desIn_r_reg_51__u0:d TIMEBOOST_net_15646
connect_pin TIMEBOOST_cell_45650:a desIn_51_
connect_pin TIMEBOOST_cell_45650:o TIMEBOOST_net_15646
insert_gate TIMEBOOST_cell_45651 in01s01
insert_net TIMEBOOST_net_15647
disconnect_pin u0_desIn_r_reg_51__u0:d
connect_pin u0_desIn_r_reg_51__u0:d TIMEBOOST_net_15647
connect_pin TIMEBOOST_cell_45651:a TIMEBOOST_net_15646
connect_pin TIMEBOOST_cell_45651:o TIMEBOOST_net_15647
insert_gate TIMEBOOST_cell_45652 in01s01
insert_net TIMEBOOST_net_15648
disconnect_pin u0_desIn_r_reg_52__u0:d
connect_pin u0_desIn_r_reg_52__u0:d TIMEBOOST_net_15648
connect_pin TIMEBOOST_cell_45652:a desIn_52_
connect_pin TIMEBOOST_cell_45652:o TIMEBOOST_net_15648
insert_gate TIMEBOOST_cell_45653 in01s01
insert_net TIMEBOOST_net_15649
disconnect_pin u0_desIn_r_reg_52__u0:d
connect_pin u0_desIn_r_reg_52__u0:d TIMEBOOST_net_15649
connect_pin TIMEBOOST_cell_45653:a TIMEBOOST_net_15648
connect_pin TIMEBOOST_cell_45653:o TIMEBOOST_net_15649
insert_gate TIMEBOOST_cell_45654 in01s01
insert_net TIMEBOOST_net_15650
disconnect_pin u0_desIn_r_reg_53__u0:d
connect_pin u0_desIn_r_reg_53__u0:d TIMEBOOST_net_15650
connect_pin TIMEBOOST_cell_45654:a desIn_53_
connect_pin TIMEBOOST_cell_45654:o TIMEBOOST_net_15650
insert_gate TIMEBOOST_cell_45655 in01s01
insert_net TIMEBOOST_net_15651
disconnect_pin u0_desIn_r_reg_53__u0:d
connect_pin u0_desIn_r_reg_53__u0:d TIMEBOOST_net_15651
connect_pin TIMEBOOST_cell_45655:a TIMEBOOST_net_15650
connect_pin TIMEBOOST_cell_45655:o TIMEBOOST_net_15651
insert_gate TIMEBOOST_cell_45656 in01s01
insert_net TIMEBOOST_net_15652
disconnect_pin u0_desIn_r_reg_54__u0:d
connect_pin u0_desIn_r_reg_54__u0:d TIMEBOOST_net_15652
connect_pin TIMEBOOST_cell_45656:a desIn_54_
connect_pin TIMEBOOST_cell_45656:o TIMEBOOST_net_15652
insert_gate TIMEBOOST_cell_45657 in01s01
insert_net TIMEBOOST_net_15653
disconnect_pin u0_desIn_r_reg_54__u0:d
connect_pin u0_desIn_r_reg_54__u0:d TIMEBOOST_net_15653
connect_pin TIMEBOOST_cell_45657:a TIMEBOOST_net_15652
connect_pin TIMEBOOST_cell_45657:o TIMEBOOST_net_15653
insert_gate TIMEBOOST_cell_45658 in01s01
insert_net TIMEBOOST_net_15654
disconnect_pin u0_desIn_r_reg_55__u0:d
connect_pin u0_desIn_r_reg_55__u0:d TIMEBOOST_net_15654
connect_pin TIMEBOOST_cell_45658:a desIn_55_
connect_pin TIMEBOOST_cell_45658:o TIMEBOOST_net_15654
insert_gate TIMEBOOST_cell_45659 in01s01
insert_net TIMEBOOST_net_15655
disconnect_pin u0_desIn_r_reg_55__u0:d
connect_pin u0_desIn_r_reg_55__u0:d TIMEBOOST_net_15655
connect_pin TIMEBOOST_cell_45659:a TIMEBOOST_net_15654
connect_pin TIMEBOOST_cell_45659:o TIMEBOOST_net_15655
insert_gate TIMEBOOST_cell_45660 in01s01
insert_net TIMEBOOST_net_15656
disconnect_pin u0_desIn_r_reg_56__u0:d
connect_pin u0_desIn_r_reg_56__u0:d TIMEBOOST_net_15656
connect_pin TIMEBOOST_cell_45660:a desIn_56_
connect_pin TIMEBOOST_cell_45660:o TIMEBOOST_net_15656
insert_gate TIMEBOOST_cell_45661 in01s01
insert_net TIMEBOOST_net_15657
disconnect_pin u0_desIn_r_reg_56__u0:d
connect_pin u0_desIn_r_reg_56__u0:d TIMEBOOST_net_15657
connect_pin TIMEBOOST_cell_45661:a TIMEBOOST_net_15656
connect_pin TIMEBOOST_cell_45661:o TIMEBOOST_net_15657
insert_gate TIMEBOOST_cell_45662 in01s01
insert_net TIMEBOOST_net_15658
disconnect_pin u0_desIn_r_reg_57__u0:d
connect_pin u0_desIn_r_reg_57__u0:d TIMEBOOST_net_15658
connect_pin TIMEBOOST_cell_45662:a desIn_57_
connect_pin TIMEBOOST_cell_45662:o TIMEBOOST_net_15658
insert_gate TIMEBOOST_cell_45663 in01s01
insert_net TIMEBOOST_net_15659
disconnect_pin u0_desIn_r_reg_57__u0:d
connect_pin u0_desIn_r_reg_57__u0:d TIMEBOOST_net_15659
connect_pin TIMEBOOST_cell_45663:a TIMEBOOST_net_15658
connect_pin TIMEBOOST_cell_45663:o TIMEBOOST_net_15659
insert_gate TIMEBOOST_cell_45664 in01s01
insert_net TIMEBOOST_net_15660
disconnect_pin u0_desIn_r_reg_58__u0:d
connect_pin u0_desIn_r_reg_58__u0:d TIMEBOOST_net_15660
connect_pin TIMEBOOST_cell_45664:a desIn_58_
connect_pin TIMEBOOST_cell_45664:o TIMEBOOST_net_15660
insert_gate TIMEBOOST_cell_45665 in01s01
insert_net TIMEBOOST_net_15661
disconnect_pin u0_desIn_r_reg_58__u0:d
connect_pin u0_desIn_r_reg_58__u0:d TIMEBOOST_net_15661
connect_pin TIMEBOOST_cell_45665:a TIMEBOOST_net_15660
connect_pin TIMEBOOST_cell_45665:o TIMEBOOST_net_15661
insert_gate TIMEBOOST_cell_45666 in01s01
insert_net TIMEBOOST_net_15662
disconnect_pin u0_desIn_r_reg_59__u0:d
connect_pin u0_desIn_r_reg_59__u0:d TIMEBOOST_net_15662
connect_pin TIMEBOOST_cell_45666:a desIn_59_
connect_pin TIMEBOOST_cell_45666:o TIMEBOOST_net_15662
insert_gate TIMEBOOST_cell_45667 in01s01
insert_net TIMEBOOST_net_15663
disconnect_pin u0_desIn_r_reg_59__u0:d
connect_pin u0_desIn_r_reg_59__u0:d TIMEBOOST_net_15663
connect_pin TIMEBOOST_cell_45667:a TIMEBOOST_net_15662
connect_pin TIMEBOOST_cell_45667:o TIMEBOOST_net_15663
insert_gate TIMEBOOST_cell_45668 in01s01
insert_net TIMEBOOST_net_15664
disconnect_pin u0_desIn_r_reg_5__u0:d
connect_pin u0_desIn_r_reg_5__u0:d TIMEBOOST_net_15664
connect_pin TIMEBOOST_cell_45668:a desIn_5_
connect_pin TIMEBOOST_cell_45668:o TIMEBOOST_net_15664
insert_gate TIMEBOOST_cell_45669 in01s01
insert_net TIMEBOOST_net_15665
disconnect_pin u0_desIn_r_reg_5__u0:d
connect_pin u0_desIn_r_reg_5__u0:d TIMEBOOST_net_15665
connect_pin TIMEBOOST_cell_45669:a TIMEBOOST_net_15664
connect_pin TIMEBOOST_cell_45669:o TIMEBOOST_net_15665
insert_gate TIMEBOOST_cell_45670 in01s01
insert_net TIMEBOOST_net_15666
disconnect_pin u0_desIn_r_reg_60__u0:d
connect_pin u0_desIn_r_reg_60__u0:d TIMEBOOST_net_15666
connect_pin TIMEBOOST_cell_45670:a desIn_60_
connect_pin TIMEBOOST_cell_45670:o TIMEBOOST_net_15666
insert_gate TIMEBOOST_cell_45671 in01s01
insert_net TIMEBOOST_net_15667
disconnect_pin u0_desIn_r_reg_60__u0:d
connect_pin u0_desIn_r_reg_60__u0:d TIMEBOOST_net_15667
connect_pin TIMEBOOST_cell_45671:a TIMEBOOST_net_15666
connect_pin TIMEBOOST_cell_45671:o TIMEBOOST_net_15667
insert_gate TIMEBOOST_cell_45672 in01s01
insert_net TIMEBOOST_net_15668
disconnect_pin u0_desIn_r_reg_61__u0:d
connect_pin u0_desIn_r_reg_61__u0:d TIMEBOOST_net_15668
connect_pin TIMEBOOST_cell_45672:a desIn_61_
connect_pin TIMEBOOST_cell_45672:o TIMEBOOST_net_15668
insert_gate TIMEBOOST_cell_45673 in01s01
insert_net TIMEBOOST_net_15669
disconnect_pin u0_desIn_r_reg_61__u0:d
connect_pin u0_desIn_r_reg_61__u0:d TIMEBOOST_net_15669
connect_pin TIMEBOOST_cell_45673:a TIMEBOOST_net_15668
connect_pin TIMEBOOST_cell_45673:o TIMEBOOST_net_15669
insert_gate TIMEBOOST_cell_45674 in01s01
insert_net TIMEBOOST_net_15670
disconnect_pin u0_desIn_r_reg_62__u0:d
connect_pin u0_desIn_r_reg_62__u0:d TIMEBOOST_net_15670
connect_pin TIMEBOOST_cell_45674:a desIn_62_
connect_pin TIMEBOOST_cell_45674:o TIMEBOOST_net_15670
insert_gate TIMEBOOST_cell_45675 in01s01
insert_net TIMEBOOST_net_15671
disconnect_pin u0_desIn_r_reg_62__u0:d
connect_pin u0_desIn_r_reg_62__u0:d TIMEBOOST_net_15671
connect_pin TIMEBOOST_cell_45675:a TIMEBOOST_net_15670
connect_pin TIMEBOOST_cell_45675:o TIMEBOOST_net_15671
insert_gate TIMEBOOST_cell_45676 in01s01
insert_net TIMEBOOST_net_15672
disconnect_pin u0_desIn_r_reg_63__u0:d
connect_pin u0_desIn_r_reg_63__u0:d TIMEBOOST_net_15672
connect_pin TIMEBOOST_cell_45676:a desIn_63_
connect_pin TIMEBOOST_cell_45676:o TIMEBOOST_net_15672
insert_gate TIMEBOOST_cell_45677 in01s01
insert_net TIMEBOOST_net_15673
disconnect_pin u0_desIn_r_reg_63__u0:d
connect_pin u0_desIn_r_reg_63__u0:d TIMEBOOST_net_15673
connect_pin TIMEBOOST_cell_45677:a TIMEBOOST_net_15672
connect_pin TIMEBOOST_cell_45677:o TIMEBOOST_net_15673
insert_gate TIMEBOOST_cell_45678 in01s01
insert_net TIMEBOOST_net_15674
disconnect_pin u0_desIn_r_reg_6__u0:d
connect_pin u0_desIn_r_reg_6__u0:d TIMEBOOST_net_15674
connect_pin TIMEBOOST_cell_45678:a desIn_6_
connect_pin TIMEBOOST_cell_45678:o TIMEBOOST_net_15674
insert_gate TIMEBOOST_cell_45679 in01s01
insert_net TIMEBOOST_net_15675
disconnect_pin u0_desIn_r_reg_6__u0:d
connect_pin u0_desIn_r_reg_6__u0:d TIMEBOOST_net_15675
connect_pin TIMEBOOST_cell_45679:a TIMEBOOST_net_15674
connect_pin TIMEBOOST_cell_45679:o TIMEBOOST_net_15675
insert_gate TIMEBOOST_cell_45680 in01s01
insert_net TIMEBOOST_net_15676
disconnect_pin u0_desIn_r_reg_7__u0:d
connect_pin u0_desIn_r_reg_7__u0:d TIMEBOOST_net_15676
connect_pin TIMEBOOST_cell_45680:a desIn_7_
connect_pin TIMEBOOST_cell_45680:o TIMEBOOST_net_15676
insert_gate TIMEBOOST_cell_45681 in01s01
insert_net TIMEBOOST_net_15677
disconnect_pin u0_desIn_r_reg_7__u0:d
connect_pin u0_desIn_r_reg_7__u0:d TIMEBOOST_net_15677
connect_pin TIMEBOOST_cell_45681:a TIMEBOOST_net_15676
connect_pin TIMEBOOST_cell_45681:o TIMEBOOST_net_15677
insert_gate TIMEBOOST_cell_45682 in01s01
insert_net TIMEBOOST_net_15678
disconnect_pin u0_desIn_r_reg_8__u0:d
connect_pin u0_desIn_r_reg_8__u0:d TIMEBOOST_net_15678
connect_pin TIMEBOOST_cell_45682:a desIn_8_
connect_pin TIMEBOOST_cell_45682:o TIMEBOOST_net_15678
insert_gate TIMEBOOST_cell_45683 in01s01
insert_net TIMEBOOST_net_15679
disconnect_pin u0_desIn_r_reg_8__u0:d
connect_pin u0_desIn_r_reg_8__u0:d TIMEBOOST_net_15679
connect_pin TIMEBOOST_cell_45683:a TIMEBOOST_net_15678
connect_pin TIMEBOOST_cell_45683:o TIMEBOOST_net_15679
insert_gate TIMEBOOST_cell_45684 in01s01
insert_net TIMEBOOST_net_15680
disconnect_pin u0_desIn_r_reg_9__u0:d
connect_pin u0_desIn_r_reg_9__u0:d TIMEBOOST_net_15680
connect_pin TIMEBOOST_cell_45684:a desIn_9_
connect_pin TIMEBOOST_cell_45684:o TIMEBOOST_net_15680
insert_gate TIMEBOOST_cell_45685 in01s01
insert_net TIMEBOOST_net_15681
disconnect_pin u0_desIn_r_reg_9__u0:d
connect_pin u0_desIn_r_reg_9__u0:d TIMEBOOST_net_15681
connect_pin TIMEBOOST_cell_45685:a TIMEBOOST_net_15680
connect_pin TIMEBOOST_cell_45685:o TIMEBOOST_net_15681
insert_gate TIMEBOOST_cell_45686 in01s01
insert_net TIMEBOOST_net_15682
disconnect_pin u0_uk_K_r0_reg_1__u0:d
connect_pin u0_uk_K_r0_reg_1__u0:d TIMEBOOST_net_15682
connect_pin TIMEBOOST_cell_45686:a u0_key_r_1_
connect_pin TIMEBOOST_cell_45686:o TIMEBOOST_net_15682
insert_gate TIMEBOOST_cell_45687 in01s01
insert_net TIMEBOOST_net_15683
disconnect_pin u0_uk_K_r0_reg_1__u0:d
connect_pin u0_uk_K_r0_reg_1__u0:d TIMEBOOST_net_15683
connect_pin TIMEBOOST_cell_45687:a TIMEBOOST_net_15682
connect_pin TIMEBOOST_cell_45687:o TIMEBOOST_net_15683
insert_gate TIMEBOOST_cell_45688 in01s01
insert_net TIMEBOOST_net_15684
disconnect_pin u0_uk_K_r0_reg_53__u0:d
connect_pin u0_uk_K_r0_reg_53__u0:d TIMEBOOST_net_15684
connect_pin TIMEBOOST_cell_45688:a u0_key_r_53_
connect_pin TIMEBOOST_cell_45688:o TIMEBOOST_net_15684
insert_gate TIMEBOOST_cell_45689 in01s01
insert_net TIMEBOOST_net_15685
disconnect_pin u0_uk_K_r0_reg_53__u0:d
connect_pin u0_uk_K_r0_reg_53__u0:d TIMEBOOST_net_15685
connect_pin TIMEBOOST_cell_45689:a TIMEBOOST_net_15684
connect_pin TIMEBOOST_cell_45689:o TIMEBOOST_net_15685
insert_gate TIMEBOOST_cell_45690 in01s01
insert_net TIMEBOOST_net_15686
disconnect_pin u0_uk_K_r10_reg_13__u0:d
connect_pin u0_uk_K_r10_reg_13__u0:d TIMEBOOST_net_15686
connect_pin TIMEBOOST_cell_45690:a u0_uk_K_r_728
connect_pin TIMEBOOST_cell_45690:o TIMEBOOST_net_15686
insert_gate TIMEBOOST_cell_45691 in01s01
insert_net TIMEBOOST_net_15687
disconnect_pin u0_uk_K_r10_reg_13__u0:d
connect_pin u0_uk_K_r10_reg_13__u0:d TIMEBOOST_net_15687
connect_pin TIMEBOOST_cell_45691:a TIMEBOOST_net_15686
connect_pin TIMEBOOST_cell_45691:o TIMEBOOST_net_15687
insert_gate TIMEBOOST_cell_45692 in01s01
insert_net TIMEBOOST_net_15688
disconnect_pin u0_uk_K_r11_reg_30__u0:d
connect_pin u0_uk_K_r11_reg_30__u0:d TIMEBOOST_net_15688
connect_pin TIMEBOOST_cell_45692:a u0_uk_K_r_800
connect_pin TIMEBOOST_cell_45692:o TIMEBOOST_net_15688
insert_gate TIMEBOOST_cell_45693 in01s01
insert_net TIMEBOOST_net_15689
disconnect_pin u0_uk_K_r11_reg_30__u0:d
connect_pin u0_uk_K_r11_reg_30__u0:d TIMEBOOST_net_15689
connect_pin TIMEBOOST_cell_45693:a TIMEBOOST_net_15688
connect_pin TIMEBOOST_cell_45693:o TIMEBOOST_net_15689
insert_gate TIMEBOOST_cell_45694 in01s01
insert_net TIMEBOOST_net_15690
disconnect_pin u0_uk_K_r12_reg_39__u0:d
connect_pin u0_uk_K_r12_reg_39__u0:d TIMEBOOST_net_15690
connect_pin TIMEBOOST_cell_45694:a u0_uk_K_r_39
connect_pin TIMEBOOST_cell_45694:o TIMEBOOST_net_15690
insert_gate TIMEBOOST_cell_45695 in01s01
insert_net TIMEBOOST_net_15691
disconnect_pin u0_uk_K_r12_reg_39__u0:d
connect_pin u0_uk_K_r12_reg_39__u0:d TIMEBOOST_net_15691
connect_pin TIMEBOOST_cell_45695:a TIMEBOOST_net_15690
connect_pin TIMEBOOST_cell_45695:o TIMEBOOST_net_15691
insert_gate TIMEBOOST_cell_45696 in01s01
insert_net TIMEBOOST_net_15692
disconnect_pin u0_uk_K_r13_reg_1__u0:d
connect_pin u0_uk_K_r13_reg_1__u0:d TIMEBOOST_net_15692
connect_pin TIMEBOOST_cell_45696:a u0_uk_K_r_56
connect_pin TIMEBOOST_cell_45696:o TIMEBOOST_net_15692
insert_gate TIMEBOOST_cell_45697 in01s01
insert_net TIMEBOOST_net_15693
disconnect_pin u0_uk_K_r13_reg_1__u0:d
connect_pin u0_uk_K_r13_reg_1__u0:d TIMEBOOST_net_15693
connect_pin TIMEBOOST_cell_45697:a TIMEBOOST_net_15692
connect_pin TIMEBOOST_cell_45697:o TIMEBOOST_net_15693
insert_gate TIMEBOOST_cell_45698 in01s01
insert_net TIMEBOOST_net_15694
disconnect_pin u0_uk_K_r13_reg_53__u0:d
connect_pin u0_uk_K_r13_reg_53__u0:d TIMEBOOST_net_15694
connect_pin TIMEBOOST_cell_45698:a u0_uk_K_r_108
connect_pin TIMEBOOST_cell_45698:o TIMEBOOST_net_15694
insert_gate TIMEBOOST_cell_45699 in01s01
insert_net TIMEBOOST_net_15695
disconnect_pin u0_uk_K_r13_reg_53__u0:d
connect_pin u0_uk_K_r13_reg_53__u0:d TIMEBOOST_net_15695
connect_pin TIMEBOOST_cell_45699:a TIMEBOOST_net_15694
connect_pin TIMEBOOST_cell_45699:o TIMEBOOST_net_15695
insert_gate TIMEBOOST_cell_45700 in01s01
insert_net TIMEBOOST_net_15696
disconnect_pin u0_uk_K_r1_reg_39__u0:d
connect_pin u0_uk_K_r1_reg_39__u0:d TIMEBOOST_net_15696
connect_pin TIMEBOOST_cell_45700:a u0_uk_K_r_259
connect_pin TIMEBOOST_cell_45700:o TIMEBOOST_net_15696
insert_gate TIMEBOOST_cell_45701 in01s01
insert_net TIMEBOOST_net_15697
disconnect_pin u0_uk_K_r1_reg_39__u0:d
connect_pin u0_uk_K_r1_reg_39__u0:d TIMEBOOST_net_15697
connect_pin TIMEBOOST_cell_45701:a TIMEBOOST_net_15696
connect_pin TIMEBOOST_cell_45701:o TIMEBOOST_net_15697
insert_gate TIMEBOOST_cell_45702 in01s01
insert_net TIMEBOOST_net_15698
disconnect_pin u0_uk_K_r2_reg_30__u0:d
connect_pin u0_uk_K_r2_reg_30__u0:d TIMEBOOST_net_15698
connect_pin TIMEBOOST_cell_45702:a u0_uk_K_r_360
connect_pin TIMEBOOST_cell_45702:o TIMEBOOST_net_15698
insert_gate TIMEBOOST_cell_45703 in01s01
insert_net TIMEBOOST_net_15699
disconnect_pin u0_uk_K_r2_reg_30__u0:d
connect_pin u0_uk_K_r2_reg_30__u0:d TIMEBOOST_net_15699
connect_pin TIMEBOOST_cell_45703:a TIMEBOOST_net_15698
connect_pin TIMEBOOST_cell_45703:o TIMEBOOST_net_15699
insert_gate TIMEBOOST_cell_45704 in01s01
insert_net TIMEBOOST_net_15700
disconnect_pin u0_uk_K_r3_reg_13__u0:d
connect_pin u0_uk_K_r3_reg_13__u0:d TIMEBOOST_net_15700
connect_pin TIMEBOOST_cell_45704:a u0_uk_K_r_398
connect_pin TIMEBOOST_cell_45704:o TIMEBOOST_net_15700
insert_gate TIMEBOOST_cell_45705 in01s01
insert_net TIMEBOOST_net_15701
disconnect_pin u0_uk_K_r3_reg_13__u0:d
connect_pin u0_uk_K_r3_reg_13__u0:d TIMEBOOST_net_15701
connect_pin TIMEBOOST_cell_45705:a TIMEBOOST_net_15700
connect_pin TIMEBOOST_cell_45705:o TIMEBOOST_net_15701
insert_gate TIMEBOOST_cell_45706 in01s01
insert_net TIMEBOOST_net_15702
disconnect_pin u0_uk_K_r4_reg_24__u0:d
connect_pin u0_uk_K_r4_reg_24__u0:d TIMEBOOST_net_15702
connect_pin TIMEBOOST_cell_45706:a u0_uk_K_r_464
connect_pin TIMEBOOST_cell_45706:o TIMEBOOST_net_15702
insert_gate TIMEBOOST_cell_45707 in01s01
insert_net TIMEBOOST_net_15703
disconnect_pin u0_uk_K_r4_reg_24__u0:d
connect_pin u0_uk_K_r4_reg_24__u0:d TIMEBOOST_net_15703
connect_pin TIMEBOOST_cell_45707:a TIMEBOOST_net_15702
connect_pin TIMEBOOST_cell_45707:o TIMEBOOST_net_15703
insert_gate TIMEBOOST_cell_45708 in01s01
insert_net TIMEBOOST_net_15704
disconnect_pin u0_uk_K_r4_reg_2__u0:d
connect_pin u0_uk_K_r4_reg_2__u0:d TIMEBOOST_net_15704
connect_pin TIMEBOOST_cell_45708:a u0_uk_K_r_442
connect_pin TIMEBOOST_cell_45708:o TIMEBOOST_net_15704
insert_gate TIMEBOOST_cell_45709 in01s01
insert_net TIMEBOOST_net_15705
disconnect_pin u0_uk_K_r4_reg_2__u0:d
connect_pin u0_uk_K_r4_reg_2__u0:d TIMEBOOST_net_15705
connect_pin TIMEBOOST_cell_45709:a TIMEBOOST_net_15704
connect_pin TIMEBOOST_cell_45709:o TIMEBOOST_net_15705
insert_gate TIMEBOOST_cell_45710 in01s01
insert_net TIMEBOOST_net_15706
disconnect_pin u0_uk_K_r5_reg_45__u0:d
connect_pin u0_uk_K_r5_reg_45__u0:d TIMEBOOST_net_15706
connect_pin TIMEBOOST_cell_45710:a u0_uk_K_r_540
connect_pin TIMEBOOST_cell_45710:o TIMEBOOST_net_15706
insert_gate TIMEBOOST_cell_45711 in01s01
insert_net TIMEBOOST_net_15707
disconnect_pin u0_uk_K_r5_reg_45__u0:d
connect_pin u0_uk_K_r5_reg_45__u0:d TIMEBOOST_net_15707
connect_pin TIMEBOOST_cell_45711:a TIMEBOOST_net_15706
connect_pin TIMEBOOST_cell_45711:o TIMEBOOST_net_15707
insert_gate TIMEBOOST_cell_45712 in01s01
insert_net TIMEBOOST_net_15708
disconnect_pin u0_uk_K_r8_reg_45__u0:d
connect_pin u0_uk_K_r8_reg_45__u0:d TIMEBOOST_net_15708
connect_pin TIMEBOOST_cell_45712:a u0_uk_K_r_320
connect_pin TIMEBOOST_cell_45712:o TIMEBOOST_net_15708
insert_gate TIMEBOOST_cell_45713 in01s01
insert_net TIMEBOOST_net_15709
disconnect_pin u0_uk_K_r8_reg_45__u0:d
connect_pin u0_uk_K_r8_reg_45__u0:d TIMEBOOST_net_15709
connect_pin TIMEBOOST_cell_45713:a TIMEBOOST_net_15708
connect_pin TIMEBOOST_cell_45713:o TIMEBOOST_net_15709
insert_gate TIMEBOOST_cell_45714 in01s01
insert_net TIMEBOOST_net_15710
disconnect_pin u0_uk_K_r9_reg_24__u0:d
connect_pin u0_uk_K_r9_reg_24__u0:d TIMEBOOST_net_15710
connect_pin TIMEBOOST_cell_45714:a u0_uk_K_r_684
connect_pin TIMEBOOST_cell_45714:o TIMEBOOST_net_15710
insert_gate TIMEBOOST_cell_45715 in01s01
insert_net TIMEBOOST_net_15711
disconnect_pin u0_uk_K_r9_reg_24__u0:d
connect_pin u0_uk_K_r9_reg_24__u0:d TIMEBOOST_net_15711
connect_pin TIMEBOOST_cell_45715:a TIMEBOOST_net_15710
connect_pin TIMEBOOST_cell_45715:o TIMEBOOST_net_15711
insert_gate TIMEBOOST_cell_45716 in01s01
insert_net TIMEBOOST_net_15712
disconnect_pin u0_uk_K_r9_reg_2__u0:d
connect_pin u0_uk_K_r9_reg_2__u0:d TIMEBOOST_net_15712
connect_pin TIMEBOOST_cell_45716:a u0_uk_K_r_662
connect_pin TIMEBOOST_cell_45716:o TIMEBOOST_net_15712
insert_gate TIMEBOOST_cell_45717 in01s01
insert_net TIMEBOOST_net_15713
disconnect_pin u0_uk_K_r9_reg_2__u0:d
connect_pin u0_uk_K_r9_reg_2__u0:d TIMEBOOST_net_15713
connect_pin TIMEBOOST_cell_45717:a TIMEBOOST_net_15712
connect_pin TIMEBOOST_cell_45717:o TIMEBOOST_net_15713
insert_gate TIMEBOOST_cell_45718 in01s01
insert_net TIMEBOOST_net_15714
disconnect_pin u1_uk_K_r0_reg_1__u0:d
connect_pin u1_uk_K_r0_reg_1__u0:d TIMEBOOST_net_15714
connect_pin TIMEBOOST_cell_45718:a u1_key_r_1_
connect_pin TIMEBOOST_cell_45718:o TIMEBOOST_net_15714
insert_gate TIMEBOOST_cell_45719 in01s01
insert_net TIMEBOOST_net_15715
disconnect_pin u1_uk_K_r0_reg_1__u0:d
connect_pin u1_uk_K_r0_reg_1__u0:d TIMEBOOST_net_15715
connect_pin TIMEBOOST_cell_45719:a TIMEBOOST_net_15714
connect_pin TIMEBOOST_cell_45719:o TIMEBOOST_net_15715
insert_gate TIMEBOOST_cell_45720 in01s01
insert_net TIMEBOOST_net_15716
disconnect_pin u1_uk_K_r0_reg_53__u0:d
connect_pin u1_uk_K_r0_reg_53__u0:d TIMEBOOST_net_15716
connect_pin TIMEBOOST_cell_45720:a u1_key_r_53_
connect_pin TIMEBOOST_cell_45720:o TIMEBOOST_net_15716
insert_gate TIMEBOOST_cell_45721 in01s01
insert_net TIMEBOOST_net_15717
disconnect_pin u1_uk_K_r0_reg_53__u0:d
connect_pin u1_uk_K_r0_reg_53__u0:d TIMEBOOST_net_15717
connect_pin TIMEBOOST_cell_45721:a TIMEBOOST_net_15716
connect_pin TIMEBOOST_cell_45721:o TIMEBOOST_net_15717
insert_gate TIMEBOOST_cell_45722 in01s01
insert_net TIMEBOOST_net_15718
disconnect_pin u1_uk_K_r10_reg_13__u0:d
connect_pin u1_uk_K_r10_reg_13__u0:d TIMEBOOST_net_15718
connect_pin TIMEBOOST_cell_45722:a u1_uk_K_r_728
connect_pin TIMEBOOST_cell_45722:o TIMEBOOST_net_15718
insert_gate TIMEBOOST_cell_45723 in01s01
insert_net TIMEBOOST_net_15719
disconnect_pin u1_uk_K_r10_reg_13__u0:d
connect_pin u1_uk_K_r10_reg_13__u0:d TIMEBOOST_net_15719
connect_pin TIMEBOOST_cell_45723:a TIMEBOOST_net_15718
connect_pin TIMEBOOST_cell_45723:o TIMEBOOST_net_15719
insert_gate TIMEBOOST_cell_45724 in01s01
insert_net TIMEBOOST_net_15720
disconnect_pin u1_uk_K_r11_reg_30__u0:d
connect_pin u1_uk_K_r11_reg_30__u0:d TIMEBOOST_net_15720
connect_pin TIMEBOOST_cell_45724:a u1_uk_K_r_800
connect_pin TIMEBOOST_cell_45724:o TIMEBOOST_net_15720
insert_gate TIMEBOOST_cell_45725 in01s01
insert_net TIMEBOOST_net_15721
disconnect_pin u1_uk_K_r11_reg_30__u0:d
connect_pin u1_uk_K_r11_reg_30__u0:d TIMEBOOST_net_15721
connect_pin TIMEBOOST_cell_45725:a TIMEBOOST_net_15720
connect_pin TIMEBOOST_cell_45725:o TIMEBOOST_net_15721
insert_gate TIMEBOOST_cell_45726 in01s01
insert_net TIMEBOOST_net_15722
disconnect_pin u1_uk_K_r12_reg_39__u0:d
connect_pin u1_uk_K_r12_reg_39__u0:d TIMEBOOST_net_15722
connect_pin TIMEBOOST_cell_45726:a u1_uk_K_r_39
connect_pin TIMEBOOST_cell_45726:o TIMEBOOST_net_15722
insert_gate TIMEBOOST_cell_45727 in01s01
insert_net TIMEBOOST_net_15723
disconnect_pin u1_uk_K_r12_reg_39__u0:d
connect_pin u1_uk_K_r12_reg_39__u0:d TIMEBOOST_net_15723
connect_pin TIMEBOOST_cell_45727:a TIMEBOOST_net_15722
connect_pin TIMEBOOST_cell_45727:o TIMEBOOST_net_15723
insert_gate TIMEBOOST_cell_45728 in01s01
insert_net TIMEBOOST_net_15724
disconnect_pin u1_uk_K_r13_reg_1__u0:d
connect_pin u1_uk_K_r13_reg_1__u0:d TIMEBOOST_net_15724
connect_pin TIMEBOOST_cell_45728:a u1_uk_K_r_56
connect_pin TIMEBOOST_cell_45728:o TIMEBOOST_net_15724
insert_gate TIMEBOOST_cell_45729 in01s01
insert_net TIMEBOOST_net_15725
disconnect_pin u1_uk_K_r13_reg_1__u0:d
connect_pin u1_uk_K_r13_reg_1__u0:d TIMEBOOST_net_15725
connect_pin TIMEBOOST_cell_45729:a TIMEBOOST_net_15724
connect_pin TIMEBOOST_cell_45729:o TIMEBOOST_net_15725
insert_gate TIMEBOOST_cell_45730 in01s01
insert_net TIMEBOOST_net_15726
disconnect_pin u1_uk_K_r13_reg_53__u0:d
connect_pin u1_uk_K_r13_reg_53__u0:d TIMEBOOST_net_15726
connect_pin TIMEBOOST_cell_45730:a u1_uk_K_r_108
connect_pin TIMEBOOST_cell_45730:o TIMEBOOST_net_15726
insert_gate TIMEBOOST_cell_45731 in01s01
insert_net TIMEBOOST_net_15727
disconnect_pin u1_uk_K_r13_reg_53__u0:d
connect_pin u1_uk_K_r13_reg_53__u0:d TIMEBOOST_net_15727
connect_pin TIMEBOOST_cell_45731:a TIMEBOOST_net_15726
connect_pin TIMEBOOST_cell_45731:o TIMEBOOST_net_15727
insert_gate TIMEBOOST_cell_45732 in01s01
insert_net TIMEBOOST_net_15728
disconnect_pin u1_uk_K_r1_reg_39__u0:d
connect_pin u1_uk_K_r1_reg_39__u0:d TIMEBOOST_net_15728
connect_pin TIMEBOOST_cell_45732:a u1_uk_K_r_259
connect_pin TIMEBOOST_cell_45732:o TIMEBOOST_net_15728
insert_gate TIMEBOOST_cell_45733 in01s01
insert_net TIMEBOOST_net_15729
disconnect_pin u1_uk_K_r1_reg_39__u0:d
connect_pin u1_uk_K_r1_reg_39__u0:d TIMEBOOST_net_15729
connect_pin TIMEBOOST_cell_45733:a TIMEBOOST_net_15728
connect_pin TIMEBOOST_cell_45733:o TIMEBOOST_net_15729
insert_gate TIMEBOOST_cell_45734 in01s01
insert_net TIMEBOOST_net_15730
disconnect_pin u1_uk_K_r2_reg_30__u0:d
connect_pin u1_uk_K_r2_reg_30__u0:d TIMEBOOST_net_15730
connect_pin TIMEBOOST_cell_45734:a u1_uk_K_r_360
connect_pin TIMEBOOST_cell_45734:o TIMEBOOST_net_15730
insert_gate TIMEBOOST_cell_45735 in01s01
insert_net TIMEBOOST_net_15731
disconnect_pin u1_uk_K_r2_reg_30__u0:d
connect_pin u1_uk_K_r2_reg_30__u0:d TIMEBOOST_net_15731
connect_pin TIMEBOOST_cell_45735:a TIMEBOOST_net_15730
connect_pin TIMEBOOST_cell_45735:o TIMEBOOST_net_15731
insert_gate TIMEBOOST_cell_45736 in01s01
insert_net TIMEBOOST_net_15732
disconnect_pin u1_uk_K_r3_reg_13__u0:d
connect_pin u1_uk_K_r3_reg_13__u0:d TIMEBOOST_net_15732
connect_pin TIMEBOOST_cell_45736:a u1_uk_K_r_398
connect_pin TIMEBOOST_cell_45736:o TIMEBOOST_net_15732
insert_gate TIMEBOOST_cell_45737 in01s01
insert_net TIMEBOOST_net_15733
disconnect_pin u1_uk_K_r3_reg_13__u0:d
connect_pin u1_uk_K_r3_reg_13__u0:d TIMEBOOST_net_15733
connect_pin TIMEBOOST_cell_45737:a TIMEBOOST_net_15732
connect_pin TIMEBOOST_cell_45737:o TIMEBOOST_net_15733
insert_gate TIMEBOOST_cell_45738 in01s01
insert_net TIMEBOOST_net_15734
disconnect_pin u1_uk_K_r4_reg_24__u0:d
connect_pin u1_uk_K_r4_reg_24__u0:d TIMEBOOST_net_15734
connect_pin TIMEBOOST_cell_45738:a u1_uk_K_r_464
connect_pin TIMEBOOST_cell_45738:o TIMEBOOST_net_15734
insert_gate TIMEBOOST_cell_45739 in01s01
insert_net TIMEBOOST_net_15735
disconnect_pin u1_uk_K_r4_reg_24__u0:d
connect_pin u1_uk_K_r4_reg_24__u0:d TIMEBOOST_net_15735
connect_pin TIMEBOOST_cell_45739:a TIMEBOOST_net_15734
connect_pin TIMEBOOST_cell_45739:o TIMEBOOST_net_15735
insert_gate TIMEBOOST_cell_45740 in01s01
insert_net TIMEBOOST_net_15736
disconnect_pin u1_uk_K_r4_reg_2__u0:d
connect_pin u1_uk_K_r4_reg_2__u0:d TIMEBOOST_net_15736
connect_pin TIMEBOOST_cell_45740:a u1_uk_K_r_442
connect_pin TIMEBOOST_cell_45740:o TIMEBOOST_net_15736
insert_gate TIMEBOOST_cell_45741 in01s01
insert_net TIMEBOOST_net_15737
disconnect_pin u1_uk_K_r4_reg_2__u0:d
connect_pin u1_uk_K_r4_reg_2__u0:d TIMEBOOST_net_15737
connect_pin TIMEBOOST_cell_45741:a TIMEBOOST_net_15736
connect_pin TIMEBOOST_cell_45741:o TIMEBOOST_net_15737
insert_gate TIMEBOOST_cell_45742 in01s01
insert_net TIMEBOOST_net_15738
disconnect_pin u1_uk_K_r5_reg_45__u0:d
connect_pin u1_uk_K_r5_reg_45__u0:d TIMEBOOST_net_15738
connect_pin TIMEBOOST_cell_45742:a u1_uk_K_r_540
connect_pin TIMEBOOST_cell_45742:o TIMEBOOST_net_15738
insert_gate TIMEBOOST_cell_45743 in01s01
insert_net TIMEBOOST_net_15739
disconnect_pin u1_uk_K_r5_reg_45__u0:d
connect_pin u1_uk_K_r5_reg_45__u0:d TIMEBOOST_net_15739
connect_pin TIMEBOOST_cell_45743:a TIMEBOOST_net_15738
connect_pin TIMEBOOST_cell_45743:o TIMEBOOST_net_15739
insert_gate TIMEBOOST_cell_45744 in01s01
insert_net TIMEBOOST_net_15740
disconnect_pin u1_uk_K_r8_reg_45__u0:d
connect_pin u1_uk_K_r8_reg_45__u0:d TIMEBOOST_net_15740
connect_pin TIMEBOOST_cell_45744:a u1_uk_K_r_320
connect_pin TIMEBOOST_cell_45744:o TIMEBOOST_net_15740
insert_gate TIMEBOOST_cell_45745 in01s01
insert_net TIMEBOOST_net_15741
disconnect_pin u1_uk_K_r8_reg_45__u0:d
connect_pin u1_uk_K_r8_reg_45__u0:d TIMEBOOST_net_15741
connect_pin TIMEBOOST_cell_45745:a TIMEBOOST_net_15740
connect_pin TIMEBOOST_cell_45745:o TIMEBOOST_net_15741
insert_gate TIMEBOOST_cell_45746 in01s01
insert_net TIMEBOOST_net_15742
disconnect_pin u1_uk_K_r9_reg_24__u0:d
connect_pin u1_uk_K_r9_reg_24__u0:d TIMEBOOST_net_15742
connect_pin TIMEBOOST_cell_45746:a u1_uk_K_r_684
connect_pin TIMEBOOST_cell_45746:o TIMEBOOST_net_15742
insert_gate TIMEBOOST_cell_45747 in01s01
insert_net TIMEBOOST_net_15743
disconnect_pin u1_uk_K_r9_reg_24__u0:d
connect_pin u1_uk_K_r9_reg_24__u0:d TIMEBOOST_net_15743
connect_pin TIMEBOOST_cell_45747:a TIMEBOOST_net_15742
connect_pin TIMEBOOST_cell_45747:o TIMEBOOST_net_15743
insert_gate TIMEBOOST_cell_45748 in01s01
insert_net TIMEBOOST_net_15744
disconnect_pin u1_uk_K_r9_reg_2__u0:d
connect_pin u1_uk_K_r9_reg_2__u0:d TIMEBOOST_net_15744
connect_pin TIMEBOOST_cell_45748:a u1_uk_K_r_662
connect_pin TIMEBOOST_cell_45748:o TIMEBOOST_net_15744
insert_gate TIMEBOOST_cell_45749 in01s01
insert_net TIMEBOOST_net_15745
disconnect_pin u1_uk_K_r9_reg_2__u0:d
connect_pin u1_uk_K_r9_reg_2__u0:d TIMEBOOST_net_15745
connect_pin TIMEBOOST_cell_45749:a TIMEBOOST_net_15744
connect_pin TIMEBOOST_cell_45749:o TIMEBOOST_net_15745
insert_gate TIMEBOOST_cell_45750 in01s01
insert_net TIMEBOOST_net_15746
disconnect_pin u2_uk_K_r0_reg_1__u0:d
connect_pin u2_uk_K_r0_reg_1__u0:d TIMEBOOST_net_15746
connect_pin TIMEBOOST_cell_45750:a u2_key_r_1_
connect_pin TIMEBOOST_cell_45750:o TIMEBOOST_net_15746
insert_gate TIMEBOOST_cell_45751 in01s01
insert_net TIMEBOOST_net_15747
disconnect_pin u2_uk_K_r0_reg_1__u0:d
connect_pin u2_uk_K_r0_reg_1__u0:d TIMEBOOST_net_15747
connect_pin TIMEBOOST_cell_45751:a TIMEBOOST_net_15746
connect_pin TIMEBOOST_cell_45751:o TIMEBOOST_net_15747
insert_gate TIMEBOOST_cell_45752 in01s01
insert_net TIMEBOOST_net_15748
disconnect_pin u2_uk_K_r0_reg_53__u0:d
connect_pin u2_uk_K_r0_reg_53__u0:d TIMEBOOST_net_15748
connect_pin TIMEBOOST_cell_45752:a u2_key_r_53_
connect_pin TIMEBOOST_cell_45752:o TIMEBOOST_net_15748
insert_gate TIMEBOOST_cell_45753 in01s01
insert_net TIMEBOOST_net_15749
disconnect_pin u2_uk_K_r0_reg_53__u0:d
connect_pin u2_uk_K_r0_reg_53__u0:d TIMEBOOST_net_15749
connect_pin TIMEBOOST_cell_45753:a TIMEBOOST_net_15748
connect_pin TIMEBOOST_cell_45753:o TIMEBOOST_net_15749
insert_gate TIMEBOOST_cell_45754 in01s01
insert_net TIMEBOOST_net_15750
disconnect_pin u2_uk_K_r10_reg_13__u0:d
connect_pin u2_uk_K_r10_reg_13__u0:d TIMEBOOST_net_15750
connect_pin TIMEBOOST_cell_45754:a u2_uk_K_r_728
connect_pin TIMEBOOST_cell_45754:o TIMEBOOST_net_15750
insert_gate TIMEBOOST_cell_45755 in01s01
insert_net TIMEBOOST_net_15751
disconnect_pin u2_uk_K_r10_reg_13__u0:d
connect_pin u2_uk_K_r10_reg_13__u0:d TIMEBOOST_net_15751
connect_pin TIMEBOOST_cell_45755:a TIMEBOOST_net_15750
connect_pin TIMEBOOST_cell_45755:o TIMEBOOST_net_15751
insert_gate TIMEBOOST_cell_45756 in01s01
insert_net TIMEBOOST_net_15752
disconnect_pin u2_uk_K_r11_reg_30__u0:d
connect_pin u2_uk_K_r11_reg_30__u0:d TIMEBOOST_net_15752
connect_pin TIMEBOOST_cell_45756:a u2_uk_K_r_800
connect_pin TIMEBOOST_cell_45756:o TIMEBOOST_net_15752
insert_gate TIMEBOOST_cell_45757 in01s01
insert_net TIMEBOOST_net_15753
disconnect_pin u2_uk_K_r11_reg_30__u0:d
connect_pin u2_uk_K_r11_reg_30__u0:d TIMEBOOST_net_15753
connect_pin TIMEBOOST_cell_45757:a TIMEBOOST_net_15752
connect_pin TIMEBOOST_cell_45757:o TIMEBOOST_net_15753
insert_gate TIMEBOOST_cell_45758 in01s01
insert_net TIMEBOOST_net_15754
disconnect_pin u2_uk_K_r12_reg_39__u0:d
connect_pin u2_uk_K_r12_reg_39__u0:d TIMEBOOST_net_15754
connect_pin TIMEBOOST_cell_45758:a u2_uk_K_r_39
connect_pin TIMEBOOST_cell_45758:o TIMEBOOST_net_15754
insert_gate TIMEBOOST_cell_45759 in01s01
insert_net TIMEBOOST_net_15755
disconnect_pin u2_uk_K_r12_reg_39__u0:d
connect_pin u2_uk_K_r12_reg_39__u0:d TIMEBOOST_net_15755
connect_pin TIMEBOOST_cell_45759:a TIMEBOOST_net_15754
connect_pin TIMEBOOST_cell_45759:o TIMEBOOST_net_15755
insert_gate TIMEBOOST_cell_45760 in01s01
insert_net TIMEBOOST_net_15756
disconnect_pin u2_uk_K_r13_reg_1__u0:d
connect_pin u2_uk_K_r13_reg_1__u0:d TIMEBOOST_net_15756
connect_pin TIMEBOOST_cell_45760:a u2_uk_K_r_56
connect_pin TIMEBOOST_cell_45760:o TIMEBOOST_net_15756
insert_gate TIMEBOOST_cell_45761 in01s01
insert_net TIMEBOOST_net_15757
disconnect_pin u2_uk_K_r13_reg_1__u0:d
connect_pin u2_uk_K_r13_reg_1__u0:d TIMEBOOST_net_15757
connect_pin TIMEBOOST_cell_45761:a TIMEBOOST_net_15756
connect_pin TIMEBOOST_cell_45761:o TIMEBOOST_net_15757
insert_gate TIMEBOOST_cell_45762 in01s01
insert_net TIMEBOOST_net_15758
disconnect_pin u2_uk_K_r13_reg_53__u0:d
connect_pin u2_uk_K_r13_reg_53__u0:d TIMEBOOST_net_15758
connect_pin TIMEBOOST_cell_45762:a u2_uk_K_r_108
connect_pin TIMEBOOST_cell_45762:o TIMEBOOST_net_15758
insert_gate TIMEBOOST_cell_45763 in01s01
insert_net TIMEBOOST_net_15759
disconnect_pin u2_uk_K_r13_reg_53__u0:d
connect_pin u2_uk_K_r13_reg_53__u0:d TIMEBOOST_net_15759
connect_pin TIMEBOOST_cell_45763:a TIMEBOOST_net_15758
connect_pin TIMEBOOST_cell_45763:o TIMEBOOST_net_15759
insert_gate TIMEBOOST_cell_45764 in01s01
insert_net TIMEBOOST_net_15760
disconnect_pin u2_uk_K_r1_reg_39__u0:d
connect_pin u2_uk_K_r1_reg_39__u0:d TIMEBOOST_net_15760
connect_pin TIMEBOOST_cell_45764:a u2_uk_K_r_259
connect_pin TIMEBOOST_cell_45764:o TIMEBOOST_net_15760
insert_gate TIMEBOOST_cell_45765 in01s01
insert_net TIMEBOOST_net_15761
disconnect_pin u2_uk_K_r1_reg_39__u0:d
connect_pin u2_uk_K_r1_reg_39__u0:d TIMEBOOST_net_15761
connect_pin TIMEBOOST_cell_45765:a TIMEBOOST_net_15760
connect_pin TIMEBOOST_cell_45765:o TIMEBOOST_net_15761
insert_gate TIMEBOOST_cell_45766 in01s01
insert_net TIMEBOOST_net_15762
disconnect_pin u2_uk_K_r2_reg_30__u0:d
connect_pin u2_uk_K_r2_reg_30__u0:d TIMEBOOST_net_15762
connect_pin TIMEBOOST_cell_45766:a u2_uk_K_r_360
connect_pin TIMEBOOST_cell_45766:o TIMEBOOST_net_15762
insert_gate TIMEBOOST_cell_45767 in01s01
insert_net TIMEBOOST_net_15763
disconnect_pin u2_uk_K_r2_reg_30__u0:d
connect_pin u2_uk_K_r2_reg_30__u0:d TIMEBOOST_net_15763
connect_pin TIMEBOOST_cell_45767:a TIMEBOOST_net_15762
connect_pin TIMEBOOST_cell_45767:o TIMEBOOST_net_15763
insert_gate TIMEBOOST_cell_45768 in01s01
insert_net TIMEBOOST_net_15764
disconnect_pin u2_uk_K_r3_reg_13__u0:d
connect_pin u2_uk_K_r3_reg_13__u0:d TIMEBOOST_net_15764
connect_pin TIMEBOOST_cell_45768:a u2_uk_K_r_398
connect_pin TIMEBOOST_cell_45768:o TIMEBOOST_net_15764
insert_gate TIMEBOOST_cell_45769 in01s01
insert_net TIMEBOOST_net_15765
disconnect_pin u2_uk_K_r3_reg_13__u0:d
connect_pin u2_uk_K_r3_reg_13__u0:d TIMEBOOST_net_15765
connect_pin TIMEBOOST_cell_45769:a TIMEBOOST_net_15764
connect_pin TIMEBOOST_cell_45769:o TIMEBOOST_net_15765
insert_gate TIMEBOOST_cell_45770 in01s01
insert_net TIMEBOOST_net_15766
disconnect_pin u2_uk_K_r4_reg_24__u0:d
connect_pin u2_uk_K_r4_reg_24__u0:d TIMEBOOST_net_15766
connect_pin TIMEBOOST_cell_45770:a u2_uk_K_r_464
connect_pin TIMEBOOST_cell_45770:o TIMEBOOST_net_15766
insert_gate TIMEBOOST_cell_45771 in01s01
insert_net TIMEBOOST_net_15767
disconnect_pin u2_uk_K_r4_reg_24__u0:d
connect_pin u2_uk_K_r4_reg_24__u0:d TIMEBOOST_net_15767
connect_pin TIMEBOOST_cell_45771:a TIMEBOOST_net_15766
connect_pin TIMEBOOST_cell_45771:o TIMEBOOST_net_15767
insert_gate TIMEBOOST_cell_45772 in01s01
insert_net TIMEBOOST_net_15768
disconnect_pin u2_uk_K_r4_reg_2__u0:d
connect_pin u2_uk_K_r4_reg_2__u0:d TIMEBOOST_net_15768
connect_pin TIMEBOOST_cell_45772:a u2_uk_K_r_442
connect_pin TIMEBOOST_cell_45772:o TIMEBOOST_net_15768
insert_gate TIMEBOOST_cell_45773 in01s01
insert_net TIMEBOOST_net_15769
disconnect_pin u2_uk_K_r4_reg_2__u0:d
connect_pin u2_uk_K_r4_reg_2__u0:d TIMEBOOST_net_15769
connect_pin TIMEBOOST_cell_45773:a TIMEBOOST_net_15768
connect_pin TIMEBOOST_cell_45773:o TIMEBOOST_net_15769
insert_gate TIMEBOOST_cell_45774 in01s01
insert_net TIMEBOOST_net_15770
disconnect_pin u2_uk_K_r5_reg_45__u0:d
connect_pin u2_uk_K_r5_reg_45__u0:d TIMEBOOST_net_15770
connect_pin TIMEBOOST_cell_45774:a u2_uk_K_r_540
connect_pin TIMEBOOST_cell_45774:o TIMEBOOST_net_15770
insert_gate TIMEBOOST_cell_45775 in01s01
insert_net TIMEBOOST_net_15771
disconnect_pin u2_uk_K_r5_reg_45__u0:d
connect_pin u2_uk_K_r5_reg_45__u0:d TIMEBOOST_net_15771
connect_pin TIMEBOOST_cell_45775:a TIMEBOOST_net_15770
connect_pin TIMEBOOST_cell_45775:o TIMEBOOST_net_15771
insert_gate TIMEBOOST_cell_45776 in01s01
insert_net TIMEBOOST_net_15772
disconnect_pin u2_uk_K_r8_reg_45__u0:d
connect_pin u2_uk_K_r8_reg_45__u0:d TIMEBOOST_net_15772
connect_pin TIMEBOOST_cell_45776:a u2_uk_K_r_320
connect_pin TIMEBOOST_cell_45776:o TIMEBOOST_net_15772
insert_gate TIMEBOOST_cell_45777 in01s01
insert_net TIMEBOOST_net_15773
disconnect_pin u2_uk_K_r8_reg_45__u0:d
connect_pin u2_uk_K_r8_reg_45__u0:d TIMEBOOST_net_15773
connect_pin TIMEBOOST_cell_45777:a TIMEBOOST_net_15772
connect_pin TIMEBOOST_cell_45777:o TIMEBOOST_net_15773
insert_gate TIMEBOOST_cell_45778 in01s01
insert_net TIMEBOOST_net_15774
disconnect_pin u2_uk_K_r9_reg_24__u0:d
connect_pin u2_uk_K_r9_reg_24__u0:d TIMEBOOST_net_15774
connect_pin TIMEBOOST_cell_45778:a u2_uk_K_r_684
connect_pin TIMEBOOST_cell_45778:o TIMEBOOST_net_15774
insert_gate TIMEBOOST_cell_45779 in01s01
insert_net TIMEBOOST_net_15775
disconnect_pin u2_uk_K_r9_reg_24__u0:d
connect_pin u2_uk_K_r9_reg_24__u0:d TIMEBOOST_net_15775
connect_pin TIMEBOOST_cell_45779:a TIMEBOOST_net_15774
connect_pin TIMEBOOST_cell_45779:o TIMEBOOST_net_15775
insert_gate TIMEBOOST_cell_45780 in01s01
insert_net TIMEBOOST_net_15776
disconnect_pin u2_uk_K_r9_reg_2__u0:d
connect_pin u2_uk_K_r9_reg_2__u0:d TIMEBOOST_net_15776
connect_pin TIMEBOOST_cell_45780:a u2_uk_K_r_662
connect_pin TIMEBOOST_cell_45780:o TIMEBOOST_net_15776
insert_gate TIMEBOOST_cell_45781 in01s01
insert_net TIMEBOOST_net_15777
disconnect_pin u2_uk_K_r9_reg_2__u0:d
connect_pin u2_uk_K_r9_reg_2__u0:d TIMEBOOST_net_15777
connect_pin TIMEBOOST_cell_45781:a TIMEBOOST_net_15776
connect_pin TIMEBOOST_cell_45781:o TIMEBOOST_net_15777
[+] Writing Verilog File ...
[+] Writing Verilog File ... Done (runtime: 0.080519 seconds memory: +0 MB)
[+] Writing SPEF File
[+] Writing SPEF File Done (runtime: 0.001507 seconds memory: +0 MB)

Total duration: 778.033 seconds