  _______   _                      ____                          _   
 |__   __| (_)                    |  _ \                        | |  
    | |     _   _ __ ___     ___  | |_) |   ___     ___    ___  | |_ 
    | |    | | | '_ ` _ \   / _ \ |  _ <   / _ \   / _ \  / __| | __|
    | |    | | | | | | | | |  __/ | |_) | | (_) | | (_) | \__ \ | |_ 
    |_|    |_| |_| |_| |_|  \___| |____/   \___/   \___/  |___/  \__|
                                                                     
Teams members : Dimitrios Mangiras, Apostolos Stefanidis
Advisor    : Georgios Dimitrakopoulos
University    : Electrical and Computer Engineering of Democritus University of Thrace in Xanthi, Greece

tau file: fft_fast/fft_fast.tau2019
sdc file: fft_fast/fft_fast.sdc
output verilog file: fft_fast/results/fft_fast.out.v
output spef file: fft_fast/results/fft_fast.out.spef
output file: fft_fast/results/fft_fast.output
verilog file: fft_fast.v
spef file: fft_fast.spef
lib file 0: ../libs/contest.lib
Design name: fft_fast
Path name: fft_fast/

Parsing LIB file [fft_fast/../libs/contest.lib][+] 
[+]  Done (runtime: 0.071008 seconds memory: +22 MB)
Parsed lib 0
Parsing VERILOG file [fft_fast/fft_fast.v][+] 
[+]  Done (runtime: 0.129768 seconds memory: +10 MB)
Parsing SDC file [fft_fast/fft_fast.sdc][+] 
[+]  Done (runtime: 0.006423 seconds memory: +0 MB)
Parsed SDC file successfully
Parsing SPEF file [fft_fast/fft_fast.spef][+] 
[+]  Done (runtime: 1e-05 seconds memory: +0 MB)
Parsed SPEF file successfully
[+] Initializing Scenario service
[+] Initializing Scenario service Done (runtime: 0.016422 seconds memory: +7 MB)
[+] Initializing RoutingEstimator service
[+] Initializing RoutingEstimator service Done (runtime: 0.000468 seconds memory: +0 MB)
[+] Initializing Timer service
[+] Initializing Timer service Done (runtime: 0.009958 seconds memory: +24 MB)
[+] Initializing Scenario Vector service
[+] Initializing Scenario Vector service Done (runtime: 0.006923 seconds memory: +7 MB)
[+] Initializing Timer Vector service
[+] Initializing Timer Vector service Done (runtime: 0.010211 seconds memory: +23 MB)
[+] Initializing Model Vector service
[+] Initializing Model Vector service Done (runtime: 4e-06 seconds memory: +0 MB)
[+] Initializing Model service
[+] Initializing Model service Done (runtime: 2e-06 seconds memory: +0 MB)
[+] Building RCTree from SPEF file
[+] Building RCTree from SPEF file Done (runtime: 2e-06 seconds memory: +0 MB)
Started: Fri Mar 22 01:14:39 2024

BEGIN_ECO
insert_gate TIMEBOOST_cell_327 in01s02
insert_net TIMEBOOST_net_104
disconnect_pin g540330:d
connect_pin g540330:d TIMEBOOST_net_104
connect_pin TIMEBOOST_cell_327:a rst
connect_pin TIMEBOOST_cell_327:o TIMEBOOST_net_104
insert_gate TIMEBOOST_cell_328 in01s02
insert_net TIMEBOOST_net_105
disconnect_pin g540330:d
connect_pin g540330:d TIMEBOOST_net_105
connect_pin TIMEBOOST_cell_328:a TIMEBOOST_net_104
connect_pin TIMEBOOST_cell_328:o TIMEBOOST_net_105
insert_gate TIMEBOOST_cell_329 in01s02
insert_net TIMEBOOST_net_106
disconnect_pin g540699:d
connect_pin g540699:d TIMEBOOST_net_106
connect_pin TIMEBOOST_cell_329:a rst
connect_pin TIMEBOOST_cell_329:o TIMEBOOST_net_106
insert_gate TIMEBOOST_cell_330 in01s02
insert_net TIMEBOOST_net_107
disconnect_pin g540699:d
connect_pin g540699:d TIMEBOOST_net_107
connect_pin TIMEBOOST_cell_330:a TIMEBOOST_net_106
connect_pin TIMEBOOST_cell_330:o TIMEBOOST_net_107
insert_gate TIMEBOOST_cell_446 in01s02
insert_net TIMEBOOST_net_155
disconnect_pin g539677:c
connect_pin g539677:c TIMEBOOST_net_155
connect_pin TIMEBOOST_cell_446:a x_in_52_15
connect_pin TIMEBOOST_cell_446:o TIMEBOOST_net_155
insert_gate TIMEBOOST_cell_447 in01s02
insert_net TIMEBOOST_net_156
disconnect_pin g539677:c
connect_pin g539677:c TIMEBOOST_net_156
connect_pin TIMEBOOST_cell_447:a TIMEBOOST_net_155
connect_pin TIMEBOOST_cell_447:o TIMEBOOST_net_156
insert_gate TIMEBOOST_cell_448 in01s02
insert_net TIMEBOOST_net_157
disconnect_pin g539609:c
connect_pin g539609:c TIMEBOOST_net_157
connect_pin TIMEBOOST_cell_448:a x_in_52_14
connect_pin TIMEBOOST_cell_448:o TIMEBOOST_net_157
insert_gate TIMEBOOST_cell_449 in01s02
insert_net TIMEBOOST_net_158
disconnect_pin g539609:c
connect_pin g539609:c TIMEBOOST_net_158
connect_pin TIMEBOOST_cell_449:a TIMEBOOST_net_157
connect_pin TIMEBOOST_cell_449:o TIMEBOOST_net_158
insert_gate TIMEBOOST_cell_450 in01s02
insert_net TIMEBOOST_net_159
disconnect_pin g539915:c
connect_pin g539915:c TIMEBOOST_net_159
connect_pin TIMEBOOST_cell_450:a x_in_20_15
connect_pin TIMEBOOST_cell_450:o TIMEBOOST_net_159
insert_gate TIMEBOOST_cell_451 in01s02
insert_net TIMEBOOST_net_160
disconnect_pin g539915:c
connect_pin g539915:c TIMEBOOST_net_160
connect_pin TIMEBOOST_cell_451:a TIMEBOOST_net_159
connect_pin TIMEBOOST_cell_451:o TIMEBOOST_net_160
insert_gate TIMEBOOST_cell_452 in01s02
insert_net TIMEBOOST_net_161
disconnect_pin g539784:b
connect_pin g539784:b TIMEBOOST_net_161
connect_pin TIMEBOOST_cell_452:a x_in_36_14
connect_pin TIMEBOOST_cell_452:o TIMEBOOST_net_161
insert_gate TIMEBOOST_cell_453 in01s02
insert_net TIMEBOOST_net_162
disconnect_pin g539784:b
connect_pin g539784:b TIMEBOOST_net_162
connect_pin TIMEBOOST_cell_453:a TIMEBOOST_net_161
connect_pin TIMEBOOST_cell_453:o TIMEBOOST_net_162
insert_gate TIMEBOOST_cell_454 in01s02
insert_net TIMEBOOST_net_163
disconnect_pin g540235:c
connect_pin g540235:c TIMEBOOST_net_163
connect_pin TIMEBOOST_cell_454:a x_in_36_12
connect_pin TIMEBOOST_cell_454:o TIMEBOOST_net_163
insert_gate TIMEBOOST_cell_455 in01s02
insert_net TIMEBOOST_net_164
disconnect_pin g540235:c
connect_pin g540235:c TIMEBOOST_net_164
connect_pin TIMEBOOST_cell_455:a TIMEBOOST_net_163
connect_pin TIMEBOOST_cell_455:o TIMEBOOST_net_164
insert_gate TIMEBOOST_cell_662 in01s01
insert_net TIMEBOOST_net_250
disconnect_pin g542149:c
connect_pin g542149:c TIMEBOOST_net_250
connect_pin TIMEBOOST_cell_662:a x_in_49_14
connect_pin TIMEBOOST_cell_662:o TIMEBOOST_net_250
insert_gate TIMEBOOST_cell_663 in01s01
insert_net TIMEBOOST_net_251
disconnect_pin g542149:c
connect_pin g542149:c TIMEBOOST_net_251
connect_pin TIMEBOOST_cell_663:a TIMEBOOST_net_250
connect_pin TIMEBOOST_cell_663:o TIMEBOOST_net_251
insert_gate TIMEBOOST_cell_664 in01s01
insert_net TIMEBOOST_net_252
disconnect_pin TIMEBOOST_cell_661:c
connect_pin TIMEBOOST_cell_661:c TIMEBOOST_net_252
connect_pin TIMEBOOST_cell_664:a rst
connect_pin TIMEBOOST_cell_664:o TIMEBOOST_net_252
insert_gate TIMEBOOST_cell_665 in01s01
insert_net TIMEBOOST_net_253
disconnect_pin TIMEBOOST_cell_661:c
connect_pin TIMEBOOST_cell_661:c TIMEBOOST_net_253
connect_pin TIMEBOOST_cell_665:a TIMEBOOST_net_252
connect_pin TIMEBOOST_cell_665:o TIMEBOOST_net_253
insert_gate TIMEBOOST_cell_745 in01s01
insert_net TIMEBOOST_net_285
disconnect_pin x_out_17_reg_15_:d
connect_pin x_out_17_reg_15_:d TIMEBOOST_net_285
connect_pin TIMEBOOST_cell_745:a n_29654
connect_pin TIMEBOOST_cell_745:o TIMEBOOST_net_285
insert_gate TIMEBOOST_cell_746 in01s01
insert_net TIMEBOOST_net_286
disconnect_pin x_out_17_reg_15_:d
connect_pin x_out_17_reg_15_:d TIMEBOOST_net_286
connect_pin TIMEBOOST_cell_746:a TIMEBOOST_net_285
connect_pin TIMEBOOST_cell_746:o TIMEBOOST_net_286
insert_gate TIMEBOOST_cell_747 in01s01
insert_net TIMEBOOST_net_287
disconnect_pin x_out_21_reg_19_:d
connect_pin x_out_21_reg_19_:d TIMEBOOST_net_287
connect_pin TIMEBOOST_cell_747:a n_6491
connect_pin TIMEBOOST_cell_747:o TIMEBOOST_net_287
insert_gate TIMEBOOST_cell_748 in01s01
insert_net TIMEBOOST_net_288
disconnect_pin x_out_21_reg_19_:d
connect_pin x_out_21_reg_19_:d TIMEBOOST_net_288
connect_pin TIMEBOOST_cell_748:a TIMEBOOST_net_287
connect_pin TIMEBOOST_cell_748:o TIMEBOOST_net_288
insert_gate TIMEBOOST_cell_749 in01s01
insert_net TIMEBOOST_net_289
disconnect_pin x_out_24_reg_15_:d
connect_pin x_out_24_reg_15_:d TIMEBOOST_net_289
connect_pin TIMEBOOST_cell_749:a n_29651
connect_pin TIMEBOOST_cell_749:o TIMEBOOST_net_289
insert_gate TIMEBOOST_cell_750 in01s01
insert_net TIMEBOOST_net_290
disconnect_pin x_out_24_reg_15_:d
connect_pin x_out_24_reg_15_:d TIMEBOOST_net_290
connect_pin TIMEBOOST_cell_750:a TIMEBOOST_net_289
connect_pin TIMEBOOST_cell_750:o TIMEBOOST_net_290
insert_gate TIMEBOOST_cell_751 in01s01
insert_net TIMEBOOST_net_291
disconnect_pin x_out_24_reg_22_:d
connect_pin x_out_24_reg_22_:d TIMEBOOST_net_291
connect_pin TIMEBOOST_cell_751:a n_7301
connect_pin TIMEBOOST_cell_751:o TIMEBOOST_net_291
insert_gate TIMEBOOST_cell_752 in01s01
insert_net TIMEBOOST_net_292
disconnect_pin x_out_24_reg_22_:d
connect_pin x_out_24_reg_22_:d TIMEBOOST_net_292
connect_pin TIMEBOOST_cell_752:a TIMEBOOST_net_291
connect_pin TIMEBOOST_cell_752:o TIMEBOOST_net_292
insert_gate TIMEBOOST_cell_753 in01s01
insert_net TIMEBOOST_net_293
disconnect_pin x_out_24_reg_24_:d
connect_pin x_out_24_reg_24_:d TIMEBOOST_net_293
connect_pin TIMEBOOST_cell_753:a n_7305
connect_pin TIMEBOOST_cell_753:o TIMEBOOST_net_293
insert_gate TIMEBOOST_cell_754 in01s01
insert_net TIMEBOOST_net_294
disconnect_pin x_out_24_reg_24_:d
connect_pin x_out_24_reg_24_:d TIMEBOOST_net_294
connect_pin TIMEBOOST_cell_754:a TIMEBOOST_net_293
connect_pin TIMEBOOST_cell_754:o TIMEBOOST_net_294
insert_gate TIMEBOOST_cell_755 in01s01
insert_net TIMEBOOST_net_295
disconnect_pin x_out_24_reg_29_:d
connect_pin x_out_24_reg_29_:d TIMEBOOST_net_295
connect_pin TIMEBOOST_cell_755:a n_7286
connect_pin TIMEBOOST_cell_755:o TIMEBOOST_net_295
insert_gate TIMEBOOST_cell_756 in01s01
insert_net TIMEBOOST_net_296
disconnect_pin x_out_24_reg_29_:d
connect_pin x_out_24_reg_29_:d TIMEBOOST_net_296
connect_pin TIMEBOOST_cell_756:a TIMEBOOST_net_295
connect_pin TIMEBOOST_cell_756:o TIMEBOOST_net_296
insert_gate TIMEBOOST_cell_757 in01s01
insert_net TIMEBOOST_net_297
disconnect_pin x_out_25_reg_22_:d
connect_pin x_out_25_reg_22_:d TIMEBOOST_net_297
connect_pin TIMEBOOST_cell_757:a n_6501
connect_pin TIMEBOOST_cell_757:o TIMEBOOST_net_297
insert_gate TIMEBOOST_cell_758 in01s01
insert_net TIMEBOOST_net_298
disconnect_pin x_out_25_reg_22_:d
connect_pin x_out_25_reg_22_:d TIMEBOOST_net_298
connect_pin TIMEBOOST_cell_758:a TIMEBOOST_net_297
connect_pin TIMEBOOST_cell_758:o TIMEBOOST_net_298
insert_gate TIMEBOOST_cell_759 in01s01
insert_net TIMEBOOST_net_299
disconnect_pin x_out_25_reg_23_:d
connect_pin x_out_25_reg_23_:d TIMEBOOST_net_299
connect_pin TIMEBOOST_cell_759:a n_7326
connect_pin TIMEBOOST_cell_759:o TIMEBOOST_net_299
insert_gate TIMEBOOST_cell_760 in01s01
insert_net TIMEBOOST_net_300
disconnect_pin x_out_25_reg_23_:d
connect_pin x_out_25_reg_23_:d TIMEBOOST_net_300
connect_pin TIMEBOOST_cell_760:a TIMEBOOST_net_299
connect_pin TIMEBOOST_cell_760:o TIMEBOOST_net_300
insert_gate TIMEBOOST_cell_761 in01s01
insert_net TIMEBOOST_net_301
disconnect_pin x_out_25_reg_24_:d
connect_pin x_out_25_reg_24_:d TIMEBOOST_net_301
connect_pin TIMEBOOST_cell_761:a n_8134
connect_pin TIMEBOOST_cell_761:o TIMEBOOST_net_301
insert_gate TIMEBOOST_cell_762 in01s01
insert_net TIMEBOOST_net_302
disconnect_pin x_out_25_reg_24_:d
connect_pin x_out_25_reg_24_:d TIMEBOOST_net_302
connect_pin TIMEBOOST_cell_762:a TIMEBOOST_net_301
connect_pin TIMEBOOST_cell_762:o TIMEBOOST_net_302
insert_gate TIMEBOOST_cell_763 in01s01
insert_net TIMEBOOST_net_303
disconnect_pin x_out_26_reg_27_:d
connect_pin x_out_26_reg_27_:d TIMEBOOST_net_303
connect_pin TIMEBOOST_cell_763:a n_7297
connect_pin TIMEBOOST_cell_763:o TIMEBOOST_net_303
insert_gate TIMEBOOST_cell_764 in01s01
insert_net TIMEBOOST_net_304
disconnect_pin x_out_26_reg_27_:d
connect_pin x_out_26_reg_27_:d TIMEBOOST_net_304
connect_pin TIMEBOOST_cell_764:a TIMEBOOST_net_303
connect_pin TIMEBOOST_cell_764:o TIMEBOOST_net_304
insert_gate TIMEBOOST_cell_765 in01s01
insert_net TIMEBOOST_net_305
disconnect_pin x_out_27_reg_22_:d
connect_pin x_out_27_reg_22_:d TIMEBOOST_net_305
connect_pin TIMEBOOST_cell_765:a n_7280
connect_pin TIMEBOOST_cell_765:o TIMEBOOST_net_305
insert_gate TIMEBOOST_cell_766 in01s01
insert_net TIMEBOOST_net_306
disconnect_pin x_out_27_reg_22_:d
connect_pin x_out_27_reg_22_:d TIMEBOOST_net_306
connect_pin TIMEBOOST_cell_766:a TIMEBOOST_net_305
connect_pin TIMEBOOST_cell_766:o TIMEBOOST_net_306
insert_gate TIMEBOOST_cell_767 in01s01
insert_net TIMEBOOST_net_307
disconnect_pin x_out_28_reg_19_:d
connect_pin x_out_28_reg_19_:d TIMEBOOST_net_307
connect_pin TIMEBOOST_cell_767:a n_7314
connect_pin TIMEBOOST_cell_767:o TIMEBOOST_net_307
insert_gate TIMEBOOST_cell_768 in01s01
insert_net TIMEBOOST_net_308
disconnect_pin x_out_28_reg_19_:d
connect_pin x_out_28_reg_19_:d TIMEBOOST_net_308
connect_pin TIMEBOOST_cell_768:a TIMEBOOST_net_307
connect_pin TIMEBOOST_cell_768:o TIMEBOOST_net_308
insert_gate TIMEBOOST_cell_769 in01s01
insert_net TIMEBOOST_net_309
disconnect_pin x_out_28_reg_27_:d
connect_pin x_out_28_reg_27_:d TIMEBOOST_net_309
connect_pin TIMEBOOST_cell_769:a n_7335
connect_pin TIMEBOOST_cell_769:o TIMEBOOST_net_309
insert_gate TIMEBOOST_cell_770 in01s01
insert_net TIMEBOOST_net_310
disconnect_pin x_out_28_reg_27_:d
connect_pin x_out_28_reg_27_:d TIMEBOOST_net_310
connect_pin TIMEBOOST_cell_770:a TIMEBOOST_net_309
connect_pin TIMEBOOST_cell_770:o TIMEBOOST_net_310
insert_gate TIMEBOOST_cell_771 in01s01
insert_net TIMEBOOST_net_311
disconnect_pin x_out_29_reg_19_:d
connect_pin x_out_29_reg_19_:d TIMEBOOST_net_311
connect_pin TIMEBOOST_cell_771:a n_7234
connect_pin TIMEBOOST_cell_771:o TIMEBOOST_net_311
insert_gate TIMEBOOST_cell_772 in01s01
insert_net TIMEBOOST_net_312
disconnect_pin x_out_29_reg_19_:d
connect_pin x_out_29_reg_19_:d TIMEBOOST_net_312
connect_pin TIMEBOOST_cell_772:a TIMEBOOST_net_311
connect_pin TIMEBOOST_cell_772:o TIMEBOOST_net_312
insert_gate TIMEBOOST_cell_773 in01s01
insert_net TIMEBOOST_net_313
disconnect_pin x_out_30_reg_19_:d
connect_pin x_out_30_reg_19_:d TIMEBOOST_net_313
connect_pin TIMEBOOST_cell_773:a n_8202
connect_pin TIMEBOOST_cell_773:o TIMEBOOST_net_313
insert_gate TIMEBOOST_cell_774 in01s01
insert_net TIMEBOOST_net_314
disconnect_pin x_out_30_reg_19_:d
connect_pin x_out_30_reg_19_:d TIMEBOOST_net_314
connect_pin TIMEBOOST_cell_774:a TIMEBOOST_net_313
connect_pin TIMEBOOST_cell_774:o TIMEBOOST_net_314
insert_gate TIMEBOOST_cell_775 in01s01
insert_net TIMEBOOST_net_315
disconnect_pin x_out_31_reg_19_:d
connect_pin x_out_31_reg_19_:d TIMEBOOST_net_315
connect_pin TIMEBOOST_cell_775:a n_7322
connect_pin TIMEBOOST_cell_775:o TIMEBOOST_net_315
insert_gate TIMEBOOST_cell_776 in01s01
insert_net TIMEBOOST_net_316
disconnect_pin x_out_31_reg_19_:d
connect_pin x_out_31_reg_19_:d TIMEBOOST_net_316
connect_pin TIMEBOOST_cell_776:a TIMEBOOST_net_315
connect_pin TIMEBOOST_cell_776:o TIMEBOOST_net_316
insert_gate TIMEBOOST_cell_777 in01s01
insert_net TIMEBOOST_net_317
disconnect_pin x_out_36_reg_14_:d
connect_pin x_out_36_reg_14_:d TIMEBOOST_net_317
connect_pin TIMEBOOST_cell_777:a n_29109
connect_pin TIMEBOOST_cell_777:o TIMEBOOST_net_317
insert_gate TIMEBOOST_cell_778 in01s01
insert_net TIMEBOOST_net_318
disconnect_pin x_out_36_reg_14_:d
connect_pin x_out_36_reg_14_:d TIMEBOOST_net_318
connect_pin TIMEBOOST_cell_778:a TIMEBOOST_net_317
connect_pin TIMEBOOST_cell_778:o TIMEBOOST_net_318
insert_gate TIMEBOOST_cell_779 in01s01
insert_net TIMEBOOST_net_319
disconnect_pin x_out_38_reg_10_:d
connect_pin x_out_38_reg_10_:d TIMEBOOST_net_319
connect_pin TIMEBOOST_cell_779:a n_26843
connect_pin TIMEBOOST_cell_779:o TIMEBOOST_net_319
insert_gate TIMEBOOST_cell_780 in01s01
insert_net TIMEBOOST_net_320
disconnect_pin x_out_38_reg_10_:d
connect_pin x_out_38_reg_10_:d TIMEBOOST_net_320
connect_pin TIMEBOOST_cell_780:a TIMEBOOST_net_319
connect_pin TIMEBOOST_cell_780:o TIMEBOOST_net_320
insert_gate TIMEBOOST_cell_781 in01s01
insert_net TIMEBOOST_net_321
disconnect_pin x_out_38_reg_9_:d
connect_pin x_out_38_reg_9_:d TIMEBOOST_net_321
connect_pin TIMEBOOST_cell_781:a n_25933
connect_pin TIMEBOOST_cell_781:o TIMEBOOST_net_321
insert_gate TIMEBOOST_cell_782 in01s01
insert_net TIMEBOOST_net_322
disconnect_pin x_out_38_reg_9_:d
connect_pin x_out_38_reg_9_:d TIMEBOOST_net_322
connect_pin TIMEBOOST_cell_782:a TIMEBOOST_net_321
connect_pin TIMEBOOST_cell_782:o TIMEBOOST_net_322
insert_gate TIMEBOOST_cell_783 in01s01
insert_net TIMEBOOST_net_323
disconnect_pin x_out_39_reg_33_:d
connect_pin x_out_39_reg_33_:d TIMEBOOST_net_323
connect_pin TIMEBOOST_cell_783:a n_27687
connect_pin TIMEBOOST_cell_783:o TIMEBOOST_net_323
insert_gate TIMEBOOST_cell_784 in01s01
insert_net TIMEBOOST_net_324
disconnect_pin x_out_39_reg_33_:d
connect_pin x_out_39_reg_33_:d TIMEBOOST_net_324
connect_pin TIMEBOOST_cell_784:a TIMEBOOST_net_323
connect_pin TIMEBOOST_cell_784:o TIMEBOOST_net_324
insert_gate TIMEBOOST_cell_785 in01s01
insert_net TIMEBOOST_net_325
disconnect_pin x_out_40_reg_15_:d
connect_pin x_out_40_reg_15_:d TIMEBOOST_net_325
connect_pin TIMEBOOST_cell_785:a n_26924
connect_pin TIMEBOOST_cell_785:o TIMEBOOST_net_325
insert_gate TIMEBOOST_cell_786 in01s01
insert_net TIMEBOOST_net_326
disconnect_pin x_out_40_reg_15_:d
connect_pin x_out_40_reg_15_:d TIMEBOOST_net_326
connect_pin TIMEBOOST_cell_786:a TIMEBOOST_net_325
connect_pin TIMEBOOST_cell_786:o TIMEBOOST_net_326
insert_gate TIMEBOOST_cell_787 in01s01
insert_net TIMEBOOST_net_327
disconnect_pin x_out_42_reg_33_:d
connect_pin x_out_42_reg_33_:d TIMEBOOST_net_327
connect_pin TIMEBOOST_cell_787:a n_28019
connect_pin TIMEBOOST_cell_787:o TIMEBOOST_net_327
insert_gate TIMEBOOST_cell_788 in01s01
insert_net TIMEBOOST_net_328
disconnect_pin x_out_42_reg_33_:d
connect_pin x_out_42_reg_33_:d TIMEBOOST_net_328
connect_pin TIMEBOOST_cell_788:a TIMEBOOST_net_327
connect_pin TIMEBOOST_cell_788:o TIMEBOOST_net_328
insert_gate TIMEBOOST_cell_789 in01s01
insert_net TIMEBOOST_net_329
disconnect_pin x_out_43_reg_14_:d
connect_pin x_out_43_reg_14_:d TIMEBOOST_net_329
connect_pin TIMEBOOST_cell_789:a n_29497
connect_pin TIMEBOOST_cell_789:o TIMEBOOST_net_329
insert_gate TIMEBOOST_cell_790 in01s01
insert_net TIMEBOOST_net_330
disconnect_pin x_out_43_reg_14_:d
connect_pin x_out_43_reg_14_:d TIMEBOOST_net_330
connect_pin TIMEBOOST_cell_790:a TIMEBOOST_net_329
connect_pin TIMEBOOST_cell_790:o TIMEBOOST_net_330
insert_gate TIMEBOOST_cell_791 in01s01
insert_net TIMEBOOST_net_331
disconnect_pin x_out_43_reg_15_:d
connect_pin x_out_43_reg_15_:d TIMEBOOST_net_331
connect_pin TIMEBOOST_cell_791:a n_29685
connect_pin TIMEBOOST_cell_791:o TIMEBOOST_net_331
insert_gate TIMEBOOST_cell_792 in01s01
insert_net TIMEBOOST_net_332
disconnect_pin x_out_43_reg_15_:d
connect_pin x_out_43_reg_15_:d TIMEBOOST_net_332
connect_pin TIMEBOOST_cell_792:a TIMEBOOST_net_331
connect_pin TIMEBOOST_cell_792:o TIMEBOOST_net_332
insert_gate TIMEBOOST_cell_793 in01s01
insert_net TIMEBOOST_net_333
disconnect_pin x_out_56_reg_14_:d
connect_pin x_out_56_reg_14_:d TIMEBOOST_net_333
connect_pin TIMEBOOST_cell_793:a n_29649
connect_pin TIMEBOOST_cell_793:o TIMEBOOST_net_333
insert_gate TIMEBOOST_cell_794 in01s01
insert_net TIMEBOOST_net_334
disconnect_pin x_out_56_reg_14_:d
connect_pin x_out_56_reg_14_:d TIMEBOOST_net_334
connect_pin TIMEBOOST_cell_794:a TIMEBOOST_net_333
connect_pin TIMEBOOST_cell_794:o TIMEBOOST_net_334
insert_gate TIMEBOOST_cell_795 in01s01
insert_net TIMEBOOST_net_335
disconnect_pin x_out_8_reg_15_:d
connect_pin x_out_8_reg_15_:d TIMEBOOST_net_335
connect_pin TIMEBOOST_cell_795:a n_26850
connect_pin TIMEBOOST_cell_795:o TIMEBOOST_net_335
insert_gate TIMEBOOST_cell_796 in01s01
insert_net TIMEBOOST_net_336
disconnect_pin x_out_8_reg_15_:d
connect_pin x_out_8_reg_15_:d TIMEBOOST_net_336
connect_pin TIMEBOOST_cell_796:a TIMEBOOST_net_335
connect_pin TIMEBOOST_cell_796:o TIMEBOOST_net_336
insert_gate TIMEBOOST_cell_797 in01s01
insert_net TIMEBOOST_net_337
disconnect_pin x_out_9_reg_15_:d
connect_pin x_out_9_reg_15_:d TIMEBOOST_net_337
connect_pin TIMEBOOST_cell_797:a n_29631
connect_pin TIMEBOOST_cell_797:o TIMEBOOST_net_337
insert_gate TIMEBOOST_cell_798 in01s01
insert_net TIMEBOOST_net_338
disconnect_pin x_out_9_reg_15_:d
connect_pin x_out_9_reg_15_:d TIMEBOOST_net_338
connect_pin TIMEBOOST_cell_798:a TIMEBOOST_net_337
connect_pin TIMEBOOST_cell_798:o TIMEBOOST_net_338
[+] Writing Verilog File ...
[+] Writing Verilog File ... Done (runtime: 0.015939 seconds memory: +0 MB)
[+] Writing SPEF File
[+] Writing SPEF File Done (runtime: 0.000413 seconds memory: +0 MB)

Total duration: 60.327 seconds