  _______   _                      ____                          _   
 |__   __| (_)                    |  _ \                        | |  
    | |     _   _ __ ___     ___  | |_) |   ___     ___    ___  | |_ 
    | |    | | | '_ ` _ \   / _ \ |  _ <   / _ \   / _ \  / __| | __|
    | |    | | | | | | | | |  __/ | |_) | | (_) | | (_) | \__ \ | |_ 
    |_|    |_| |_| |_| |_|  \___| |____/   \___/   \___/  |___/  \__|
                                                                     
Teams members : Dimitrios Mangiras, Apostolos Stefanidis
Advisor    : Georgios Dimitrakopoulos
University    : Electrical and Computer Engineering of Democritus University of Thrace in Xanthi, Greece

tau file: des_perf_fast/des_perf_fast.tau2019
sdc file: des_perf_fast/des_perf_fast.sdc
output verilog file: des_perf_fast/results/des_perf_fast.out.v
output spef file: des_perf_fast/results/des_perf_fast.out.spef
output file: des_perf_fast/results/des_perf_fast.output
verilog file: des_perf_fast.v
spef file: des_perf_fast.spef
lib file 0: ../libs/contest.lib
Design name: des_perf_fast
Path name: des_perf_fast/

Parsing LIB file [des_perf_fast/../libs/contest.lib][+] 
[+]  Done (runtime: 0.069575 seconds memory: +22 MB)
Parsed lib 0
Parsing VERILOG file [des_perf_fast/des_perf_fast.v][+] 
[+]  Done (runtime: 0.442517 seconds memory: +44 MB)
Parsing SDC file [des_perf_fast/des_perf_fast.sdc][+] 
[+]  Done (runtime: 0.000537 seconds memory: +0 MB)
Parsed SDC file successfully
Parsing SPEF file [des_perf_fast/des_perf_fast.spef][+] 
[+]  Done (runtime: 6e-06 seconds memory: +0 MB)
Parsed SPEF file successfully
[+] Initializing Scenario service
[+] Initializing Scenario service Done (runtime: 0.003959 seconds memory: +6 MB)
[+] Initializing RoutingEstimator service
[+] Initializing RoutingEstimator service Done (runtime: 0.001547 seconds memory: +0 MB)
[+] Initializing Timer service
[+] Initializing Timer service Done (runtime: 0.030292 seconds memory: +71 MB)
[+] Initializing Scenario Vector service
[+] Initializing Scenario Vector service Done (runtime: 0.003945 seconds memory: +6 MB)
[+] Initializing Timer Vector service
[+] Initializing Timer Vector service Done (runtime: 0.030492 seconds memory: +71 MB)
[+] Initializing Model Vector service
[+] Initializing Model Vector service Done (runtime: 3e-06 seconds memory: +0 MB)
[+] Initializing Model service
[+] Initializing Model service Done (runtime: 1e-06 seconds memory: +0 MB)
[+] Building RCTree from SPEF file
[+] Building RCTree from SPEF file Done (runtime: 2e-06 seconds memory: +0 MB)
Started: Thu Mar 21 23:58:01 2024

BEGIN_ECO
insert_gate TIMEBOOST_cell_37248 in01s01
insert_net TIMEBOOST_net_13879
disconnect_pin key_b_r_reg_0__0__u0:d
connect_pin key_b_r_reg_0__0__u0:d TIMEBOOST_net_13879
connect_pin TIMEBOOST_cell_37248:a key2_0_
connect_pin TIMEBOOST_cell_37248:o TIMEBOOST_net_13879
insert_gate TIMEBOOST_cell_37249 in01s01
insert_net TIMEBOOST_net_13880
disconnect_pin key_b_r_reg_0__0__u0:d
connect_pin key_b_r_reg_0__0__u0:d TIMEBOOST_net_13880
connect_pin TIMEBOOST_cell_37249:a TIMEBOOST_net_13879
connect_pin TIMEBOOST_cell_37249:o TIMEBOOST_net_13880
insert_gate TIMEBOOST_cell_37250 in01s01
insert_net TIMEBOOST_net_13881
disconnect_pin key_b_r_reg_0__10__u0:d
connect_pin key_b_r_reg_0__10__u0:d TIMEBOOST_net_13881
connect_pin TIMEBOOST_cell_37250:a key2_10_
connect_pin TIMEBOOST_cell_37250:o TIMEBOOST_net_13881
insert_gate TIMEBOOST_cell_37251 in01s01
insert_net TIMEBOOST_net_13882
disconnect_pin key_b_r_reg_0__10__u0:d
connect_pin key_b_r_reg_0__10__u0:d TIMEBOOST_net_13882
connect_pin TIMEBOOST_cell_37251:a TIMEBOOST_net_13881
connect_pin TIMEBOOST_cell_37251:o TIMEBOOST_net_13882
insert_gate TIMEBOOST_cell_37252 in01s01
insert_net TIMEBOOST_net_13883
disconnect_pin key_b_r_reg_0__11__u0:d
connect_pin key_b_r_reg_0__11__u0:d TIMEBOOST_net_13883
connect_pin TIMEBOOST_cell_37252:a key2_11_
connect_pin TIMEBOOST_cell_37252:o TIMEBOOST_net_13883
insert_gate TIMEBOOST_cell_37253 in01s01
insert_net TIMEBOOST_net_13884
disconnect_pin key_b_r_reg_0__11__u0:d
connect_pin key_b_r_reg_0__11__u0:d TIMEBOOST_net_13884
connect_pin TIMEBOOST_cell_37253:a TIMEBOOST_net_13883
connect_pin TIMEBOOST_cell_37253:o TIMEBOOST_net_13884
insert_gate TIMEBOOST_cell_37254 in01s01
insert_net TIMEBOOST_net_13885
disconnect_pin key_b_r_reg_0__12__u0:d
connect_pin key_b_r_reg_0__12__u0:d TIMEBOOST_net_13885
connect_pin TIMEBOOST_cell_37254:a key2_12_
connect_pin TIMEBOOST_cell_37254:o TIMEBOOST_net_13885
insert_gate TIMEBOOST_cell_37255 in01s01
insert_net TIMEBOOST_net_13886
disconnect_pin key_b_r_reg_0__12__u0:d
connect_pin key_b_r_reg_0__12__u0:d TIMEBOOST_net_13886
connect_pin TIMEBOOST_cell_37255:a TIMEBOOST_net_13885
connect_pin TIMEBOOST_cell_37255:o TIMEBOOST_net_13886
insert_gate TIMEBOOST_cell_37256 in01s01
insert_net TIMEBOOST_net_13887
disconnect_pin key_b_r_reg_0__13__u0:d
connect_pin key_b_r_reg_0__13__u0:d TIMEBOOST_net_13887
connect_pin TIMEBOOST_cell_37256:a key2_13_
connect_pin TIMEBOOST_cell_37256:o TIMEBOOST_net_13887
insert_gate TIMEBOOST_cell_37257 in01s01
insert_net TIMEBOOST_net_13888
disconnect_pin key_b_r_reg_0__13__u0:d
connect_pin key_b_r_reg_0__13__u0:d TIMEBOOST_net_13888
connect_pin TIMEBOOST_cell_37257:a TIMEBOOST_net_13887
connect_pin TIMEBOOST_cell_37257:o TIMEBOOST_net_13888
insert_gate TIMEBOOST_cell_37258 in01s01
insert_net TIMEBOOST_net_13889
disconnect_pin key_b_r_reg_0__14__u0:d
connect_pin key_b_r_reg_0__14__u0:d TIMEBOOST_net_13889
connect_pin TIMEBOOST_cell_37258:a key2_14_
connect_pin TIMEBOOST_cell_37258:o TIMEBOOST_net_13889
insert_gate TIMEBOOST_cell_37259 in01s01
insert_net TIMEBOOST_net_13890
disconnect_pin key_b_r_reg_0__14__u0:d
connect_pin key_b_r_reg_0__14__u0:d TIMEBOOST_net_13890
connect_pin TIMEBOOST_cell_37259:a TIMEBOOST_net_13889
connect_pin TIMEBOOST_cell_37259:o TIMEBOOST_net_13890
insert_gate TIMEBOOST_cell_37260 in01s01
insert_net TIMEBOOST_net_13891
disconnect_pin key_b_r_reg_0__15__u0:d
connect_pin key_b_r_reg_0__15__u0:d TIMEBOOST_net_13891
connect_pin TIMEBOOST_cell_37260:a key2_15_
connect_pin TIMEBOOST_cell_37260:o TIMEBOOST_net_13891
insert_gate TIMEBOOST_cell_37261 in01s01
insert_net TIMEBOOST_net_13892
disconnect_pin key_b_r_reg_0__15__u0:d
connect_pin key_b_r_reg_0__15__u0:d TIMEBOOST_net_13892
connect_pin TIMEBOOST_cell_37261:a TIMEBOOST_net_13891
connect_pin TIMEBOOST_cell_37261:o TIMEBOOST_net_13892
insert_gate TIMEBOOST_cell_37262 in01s01
insert_net TIMEBOOST_net_13893
disconnect_pin key_b_r_reg_0__16__u0:d
connect_pin key_b_r_reg_0__16__u0:d TIMEBOOST_net_13893
connect_pin TIMEBOOST_cell_37262:a key2_16_
connect_pin TIMEBOOST_cell_37262:o TIMEBOOST_net_13893
insert_gate TIMEBOOST_cell_37263 in01s01
insert_net TIMEBOOST_net_13894
disconnect_pin key_b_r_reg_0__16__u0:d
connect_pin key_b_r_reg_0__16__u0:d TIMEBOOST_net_13894
connect_pin TIMEBOOST_cell_37263:a TIMEBOOST_net_13893
connect_pin TIMEBOOST_cell_37263:o TIMEBOOST_net_13894
insert_gate TIMEBOOST_cell_37264 in01s01
insert_net TIMEBOOST_net_13895
disconnect_pin key_b_r_reg_0__17__u0:d
connect_pin key_b_r_reg_0__17__u0:d TIMEBOOST_net_13895
connect_pin TIMEBOOST_cell_37264:a key2_17_
connect_pin TIMEBOOST_cell_37264:o TIMEBOOST_net_13895
insert_gate TIMEBOOST_cell_37265 in01s01
insert_net TIMEBOOST_net_13896
disconnect_pin key_b_r_reg_0__17__u0:d
connect_pin key_b_r_reg_0__17__u0:d TIMEBOOST_net_13896
connect_pin TIMEBOOST_cell_37265:a TIMEBOOST_net_13895
connect_pin TIMEBOOST_cell_37265:o TIMEBOOST_net_13896
insert_gate TIMEBOOST_cell_37266 in01s01
insert_net TIMEBOOST_net_13897
disconnect_pin key_b_r_reg_0__18__u0:d
connect_pin key_b_r_reg_0__18__u0:d TIMEBOOST_net_13897
connect_pin TIMEBOOST_cell_37266:a key2_18_
connect_pin TIMEBOOST_cell_37266:o TIMEBOOST_net_13897
insert_gate TIMEBOOST_cell_37267 in01s01
insert_net TIMEBOOST_net_13898
disconnect_pin key_b_r_reg_0__18__u0:d
connect_pin key_b_r_reg_0__18__u0:d TIMEBOOST_net_13898
connect_pin TIMEBOOST_cell_37267:a TIMEBOOST_net_13897
connect_pin TIMEBOOST_cell_37267:o TIMEBOOST_net_13898
insert_gate TIMEBOOST_cell_37268 in01s01
insert_net TIMEBOOST_net_13899
disconnect_pin key_b_r_reg_0__19__u0:d
connect_pin key_b_r_reg_0__19__u0:d TIMEBOOST_net_13899
connect_pin TIMEBOOST_cell_37268:a key2_19_
connect_pin TIMEBOOST_cell_37268:o TIMEBOOST_net_13899
insert_gate TIMEBOOST_cell_37269 in01s01
insert_net TIMEBOOST_net_13900
disconnect_pin key_b_r_reg_0__19__u0:d
connect_pin key_b_r_reg_0__19__u0:d TIMEBOOST_net_13900
connect_pin TIMEBOOST_cell_37269:a TIMEBOOST_net_13899
connect_pin TIMEBOOST_cell_37269:o TIMEBOOST_net_13900
insert_gate TIMEBOOST_cell_37270 in01s01
insert_net TIMEBOOST_net_13901
disconnect_pin key_b_r_reg_0__1__u0:d
connect_pin key_b_r_reg_0__1__u0:d TIMEBOOST_net_13901
connect_pin TIMEBOOST_cell_37270:a key2_1_
connect_pin TIMEBOOST_cell_37270:o TIMEBOOST_net_13901
insert_gate TIMEBOOST_cell_37271 in01s01
insert_net TIMEBOOST_net_13902
disconnect_pin key_b_r_reg_0__1__u0:d
connect_pin key_b_r_reg_0__1__u0:d TIMEBOOST_net_13902
connect_pin TIMEBOOST_cell_37271:a TIMEBOOST_net_13901
connect_pin TIMEBOOST_cell_37271:o TIMEBOOST_net_13902
insert_gate TIMEBOOST_cell_37272 in01s01
insert_net TIMEBOOST_net_13903
disconnect_pin key_b_r_reg_0__20__u0:d
connect_pin key_b_r_reg_0__20__u0:d TIMEBOOST_net_13903
connect_pin TIMEBOOST_cell_37272:a key2_20_
connect_pin TIMEBOOST_cell_37272:o TIMEBOOST_net_13903
insert_gate TIMEBOOST_cell_37273 in01s01
insert_net TIMEBOOST_net_13904
disconnect_pin key_b_r_reg_0__20__u0:d
connect_pin key_b_r_reg_0__20__u0:d TIMEBOOST_net_13904
connect_pin TIMEBOOST_cell_37273:a TIMEBOOST_net_13903
connect_pin TIMEBOOST_cell_37273:o TIMEBOOST_net_13904
insert_gate TIMEBOOST_cell_37274 in01s01
insert_net TIMEBOOST_net_13905
disconnect_pin key_b_r_reg_0__21__u0:d
connect_pin key_b_r_reg_0__21__u0:d TIMEBOOST_net_13905
connect_pin TIMEBOOST_cell_37274:a key2_21_
connect_pin TIMEBOOST_cell_37274:o TIMEBOOST_net_13905
insert_gate TIMEBOOST_cell_37275 in01s01
insert_net TIMEBOOST_net_13906
disconnect_pin key_b_r_reg_0__21__u0:d
connect_pin key_b_r_reg_0__21__u0:d TIMEBOOST_net_13906
connect_pin TIMEBOOST_cell_37275:a TIMEBOOST_net_13905
connect_pin TIMEBOOST_cell_37275:o TIMEBOOST_net_13906
insert_gate TIMEBOOST_cell_37276 in01s01
insert_net TIMEBOOST_net_13907
disconnect_pin key_b_r_reg_0__22__u0:d
connect_pin key_b_r_reg_0__22__u0:d TIMEBOOST_net_13907
connect_pin TIMEBOOST_cell_37276:a key2_22_
connect_pin TIMEBOOST_cell_37276:o TIMEBOOST_net_13907
insert_gate TIMEBOOST_cell_37277 in01s01
insert_net TIMEBOOST_net_13908
disconnect_pin key_b_r_reg_0__22__u0:d
connect_pin key_b_r_reg_0__22__u0:d TIMEBOOST_net_13908
connect_pin TIMEBOOST_cell_37277:a TIMEBOOST_net_13907
connect_pin TIMEBOOST_cell_37277:o TIMEBOOST_net_13908
insert_gate TIMEBOOST_cell_37278 in01s01
insert_net TIMEBOOST_net_13909
disconnect_pin key_b_r_reg_0__23__u0:d
connect_pin key_b_r_reg_0__23__u0:d TIMEBOOST_net_13909
connect_pin TIMEBOOST_cell_37278:a key2_23_
connect_pin TIMEBOOST_cell_37278:o TIMEBOOST_net_13909
insert_gate TIMEBOOST_cell_37279 in01s01
insert_net TIMEBOOST_net_13910
disconnect_pin key_b_r_reg_0__23__u0:d
connect_pin key_b_r_reg_0__23__u0:d TIMEBOOST_net_13910
connect_pin TIMEBOOST_cell_37279:a TIMEBOOST_net_13909
connect_pin TIMEBOOST_cell_37279:o TIMEBOOST_net_13910
insert_gate TIMEBOOST_cell_37280 in01s01
insert_net TIMEBOOST_net_13911
disconnect_pin key_b_r_reg_0__24__u0:d
connect_pin key_b_r_reg_0__24__u0:d TIMEBOOST_net_13911
connect_pin TIMEBOOST_cell_37280:a key2_24_
connect_pin TIMEBOOST_cell_37280:o TIMEBOOST_net_13911
insert_gate TIMEBOOST_cell_37281 in01s01
insert_net TIMEBOOST_net_13912
disconnect_pin key_b_r_reg_0__24__u0:d
connect_pin key_b_r_reg_0__24__u0:d TIMEBOOST_net_13912
connect_pin TIMEBOOST_cell_37281:a TIMEBOOST_net_13911
connect_pin TIMEBOOST_cell_37281:o TIMEBOOST_net_13912
insert_gate TIMEBOOST_cell_37282 in01s01
insert_net TIMEBOOST_net_13913
disconnect_pin key_b_r_reg_0__25__u0:d
connect_pin key_b_r_reg_0__25__u0:d TIMEBOOST_net_13913
connect_pin TIMEBOOST_cell_37282:a key2_25_
connect_pin TIMEBOOST_cell_37282:o TIMEBOOST_net_13913
insert_gate TIMEBOOST_cell_37283 in01s01
insert_net TIMEBOOST_net_13914
disconnect_pin key_b_r_reg_0__25__u0:d
connect_pin key_b_r_reg_0__25__u0:d TIMEBOOST_net_13914
connect_pin TIMEBOOST_cell_37283:a TIMEBOOST_net_13913
connect_pin TIMEBOOST_cell_37283:o TIMEBOOST_net_13914
insert_gate TIMEBOOST_cell_37284 in01s01
insert_net TIMEBOOST_net_13915
disconnect_pin key_b_r_reg_0__26__u0:d
connect_pin key_b_r_reg_0__26__u0:d TIMEBOOST_net_13915
connect_pin TIMEBOOST_cell_37284:a key2_26_
connect_pin TIMEBOOST_cell_37284:o TIMEBOOST_net_13915
insert_gate TIMEBOOST_cell_37285 in01s01
insert_net TIMEBOOST_net_13916
disconnect_pin key_b_r_reg_0__26__u0:d
connect_pin key_b_r_reg_0__26__u0:d TIMEBOOST_net_13916
connect_pin TIMEBOOST_cell_37285:a TIMEBOOST_net_13915
connect_pin TIMEBOOST_cell_37285:o TIMEBOOST_net_13916
insert_gate TIMEBOOST_cell_37286 in01s01
insert_net TIMEBOOST_net_13917
disconnect_pin key_b_r_reg_0__27__u0:d
connect_pin key_b_r_reg_0__27__u0:d TIMEBOOST_net_13917
connect_pin TIMEBOOST_cell_37286:a key2_27_
connect_pin TIMEBOOST_cell_37286:o TIMEBOOST_net_13917
insert_gate TIMEBOOST_cell_37287 in01s01
insert_net TIMEBOOST_net_13918
disconnect_pin key_b_r_reg_0__27__u0:d
connect_pin key_b_r_reg_0__27__u0:d TIMEBOOST_net_13918
connect_pin TIMEBOOST_cell_37287:a TIMEBOOST_net_13917
connect_pin TIMEBOOST_cell_37287:o TIMEBOOST_net_13918
insert_gate TIMEBOOST_cell_37288 in01s01
insert_net TIMEBOOST_net_13919
disconnect_pin key_b_r_reg_0__28__u0:d
connect_pin key_b_r_reg_0__28__u0:d TIMEBOOST_net_13919
connect_pin TIMEBOOST_cell_37288:a key2_28_
connect_pin TIMEBOOST_cell_37288:o TIMEBOOST_net_13919
insert_gate TIMEBOOST_cell_37289 in01s01
insert_net TIMEBOOST_net_13920
disconnect_pin key_b_r_reg_0__28__u0:d
connect_pin key_b_r_reg_0__28__u0:d TIMEBOOST_net_13920
connect_pin TIMEBOOST_cell_37289:a TIMEBOOST_net_13919
connect_pin TIMEBOOST_cell_37289:o TIMEBOOST_net_13920
insert_gate TIMEBOOST_cell_37290 in01s01
insert_net TIMEBOOST_net_13921
disconnect_pin key_b_r_reg_0__29__u0:d
connect_pin key_b_r_reg_0__29__u0:d TIMEBOOST_net_13921
connect_pin TIMEBOOST_cell_37290:a key2_29_
connect_pin TIMEBOOST_cell_37290:o TIMEBOOST_net_13921
insert_gate TIMEBOOST_cell_37291 in01s01
insert_net TIMEBOOST_net_13922
disconnect_pin key_b_r_reg_0__29__u0:d
connect_pin key_b_r_reg_0__29__u0:d TIMEBOOST_net_13922
connect_pin TIMEBOOST_cell_37291:a TIMEBOOST_net_13921
connect_pin TIMEBOOST_cell_37291:o TIMEBOOST_net_13922
insert_gate TIMEBOOST_cell_37292 in01s01
insert_net TIMEBOOST_net_13923
disconnect_pin key_b_r_reg_0__2__u0:d
connect_pin key_b_r_reg_0__2__u0:d TIMEBOOST_net_13923
connect_pin TIMEBOOST_cell_37292:a key2_2_
connect_pin TIMEBOOST_cell_37292:o TIMEBOOST_net_13923
insert_gate TIMEBOOST_cell_37293 in01s01
insert_net TIMEBOOST_net_13924
disconnect_pin key_b_r_reg_0__2__u0:d
connect_pin key_b_r_reg_0__2__u0:d TIMEBOOST_net_13924
connect_pin TIMEBOOST_cell_37293:a TIMEBOOST_net_13923
connect_pin TIMEBOOST_cell_37293:o TIMEBOOST_net_13924
insert_gate TIMEBOOST_cell_37294 in01s01
insert_net TIMEBOOST_net_13925
disconnect_pin key_b_r_reg_0__30__u0:d
connect_pin key_b_r_reg_0__30__u0:d TIMEBOOST_net_13925
connect_pin TIMEBOOST_cell_37294:a key2_30_
connect_pin TIMEBOOST_cell_37294:o TIMEBOOST_net_13925
insert_gate TIMEBOOST_cell_37295 in01s01
insert_net TIMEBOOST_net_13926
disconnect_pin key_b_r_reg_0__30__u0:d
connect_pin key_b_r_reg_0__30__u0:d TIMEBOOST_net_13926
connect_pin TIMEBOOST_cell_37295:a TIMEBOOST_net_13925
connect_pin TIMEBOOST_cell_37295:o TIMEBOOST_net_13926
insert_gate TIMEBOOST_cell_37296 in01s01
insert_net TIMEBOOST_net_13927
disconnect_pin key_b_r_reg_0__31__u0:d
connect_pin key_b_r_reg_0__31__u0:d TIMEBOOST_net_13927
connect_pin TIMEBOOST_cell_37296:a key2_31_
connect_pin TIMEBOOST_cell_37296:o TIMEBOOST_net_13927
insert_gate TIMEBOOST_cell_37297 in01s01
insert_net TIMEBOOST_net_13928
disconnect_pin key_b_r_reg_0__31__u0:d
connect_pin key_b_r_reg_0__31__u0:d TIMEBOOST_net_13928
connect_pin TIMEBOOST_cell_37297:a TIMEBOOST_net_13927
connect_pin TIMEBOOST_cell_37297:o TIMEBOOST_net_13928
insert_gate TIMEBOOST_cell_37298 in01s01
insert_net TIMEBOOST_net_13929
disconnect_pin key_b_r_reg_0__32__u0:d
connect_pin key_b_r_reg_0__32__u0:d TIMEBOOST_net_13929
connect_pin TIMEBOOST_cell_37298:a key2_32_
connect_pin TIMEBOOST_cell_37298:o TIMEBOOST_net_13929
insert_gate TIMEBOOST_cell_37299 in01s01
insert_net TIMEBOOST_net_13930
disconnect_pin key_b_r_reg_0__32__u0:d
connect_pin key_b_r_reg_0__32__u0:d TIMEBOOST_net_13930
connect_pin TIMEBOOST_cell_37299:a TIMEBOOST_net_13929
connect_pin TIMEBOOST_cell_37299:o TIMEBOOST_net_13930
insert_gate TIMEBOOST_cell_37300 in01s01
insert_net TIMEBOOST_net_13931
disconnect_pin key_b_r_reg_0__33__u0:d
connect_pin key_b_r_reg_0__33__u0:d TIMEBOOST_net_13931
connect_pin TIMEBOOST_cell_37300:a key2_33_
connect_pin TIMEBOOST_cell_37300:o TIMEBOOST_net_13931
insert_gate TIMEBOOST_cell_37301 in01s01
insert_net TIMEBOOST_net_13932
disconnect_pin key_b_r_reg_0__33__u0:d
connect_pin key_b_r_reg_0__33__u0:d TIMEBOOST_net_13932
connect_pin TIMEBOOST_cell_37301:a TIMEBOOST_net_13931
connect_pin TIMEBOOST_cell_37301:o TIMEBOOST_net_13932
insert_gate TIMEBOOST_cell_37302 in01s01
insert_net TIMEBOOST_net_13933
disconnect_pin key_b_r_reg_0__34__u0:d
connect_pin key_b_r_reg_0__34__u0:d TIMEBOOST_net_13933
connect_pin TIMEBOOST_cell_37302:a key2_34_
connect_pin TIMEBOOST_cell_37302:o TIMEBOOST_net_13933
insert_gate TIMEBOOST_cell_37303 in01s01
insert_net TIMEBOOST_net_13934
disconnect_pin key_b_r_reg_0__34__u0:d
connect_pin key_b_r_reg_0__34__u0:d TIMEBOOST_net_13934
connect_pin TIMEBOOST_cell_37303:a TIMEBOOST_net_13933
connect_pin TIMEBOOST_cell_37303:o TIMEBOOST_net_13934
insert_gate TIMEBOOST_cell_37304 in01s01
insert_net TIMEBOOST_net_13935
disconnect_pin key_b_r_reg_0__35__u0:d
connect_pin key_b_r_reg_0__35__u0:d TIMEBOOST_net_13935
connect_pin TIMEBOOST_cell_37304:a key2_35_
connect_pin TIMEBOOST_cell_37304:o TIMEBOOST_net_13935
insert_gate TIMEBOOST_cell_37305 in01s01
insert_net TIMEBOOST_net_13936
disconnect_pin key_b_r_reg_0__35__u0:d
connect_pin key_b_r_reg_0__35__u0:d TIMEBOOST_net_13936
connect_pin TIMEBOOST_cell_37305:a TIMEBOOST_net_13935
connect_pin TIMEBOOST_cell_37305:o TIMEBOOST_net_13936
insert_gate TIMEBOOST_cell_37306 in01s01
insert_net TIMEBOOST_net_13937
disconnect_pin key_b_r_reg_0__36__u0:d
connect_pin key_b_r_reg_0__36__u0:d TIMEBOOST_net_13937
connect_pin TIMEBOOST_cell_37306:a key2_36_
connect_pin TIMEBOOST_cell_37306:o TIMEBOOST_net_13937
insert_gate TIMEBOOST_cell_37307 in01s01
insert_net TIMEBOOST_net_13938
disconnect_pin key_b_r_reg_0__36__u0:d
connect_pin key_b_r_reg_0__36__u0:d TIMEBOOST_net_13938
connect_pin TIMEBOOST_cell_37307:a TIMEBOOST_net_13937
connect_pin TIMEBOOST_cell_37307:o TIMEBOOST_net_13938
insert_gate TIMEBOOST_cell_37308 in01s01
insert_net TIMEBOOST_net_13939
disconnect_pin key_b_r_reg_0__37__u0:d
connect_pin key_b_r_reg_0__37__u0:d TIMEBOOST_net_13939
connect_pin TIMEBOOST_cell_37308:a key2_37_
connect_pin TIMEBOOST_cell_37308:o TIMEBOOST_net_13939
insert_gate TIMEBOOST_cell_37309 in01s01
insert_net TIMEBOOST_net_13940
disconnect_pin key_b_r_reg_0__37__u0:d
connect_pin key_b_r_reg_0__37__u0:d TIMEBOOST_net_13940
connect_pin TIMEBOOST_cell_37309:a TIMEBOOST_net_13939
connect_pin TIMEBOOST_cell_37309:o TIMEBOOST_net_13940
insert_gate TIMEBOOST_cell_37310 in01s01
insert_net TIMEBOOST_net_13941
disconnect_pin key_b_r_reg_0__38__u0:d
connect_pin key_b_r_reg_0__38__u0:d TIMEBOOST_net_13941
connect_pin TIMEBOOST_cell_37310:a key2_38_
connect_pin TIMEBOOST_cell_37310:o TIMEBOOST_net_13941
insert_gate TIMEBOOST_cell_37311 in01s01
insert_net TIMEBOOST_net_13942
disconnect_pin key_b_r_reg_0__38__u0:d
connect_pin key_b_r_reg_0__38__u0:d TIMEBOOST_net_13942
connect_pin TIMEBOOST_cell_37311:a TIMEBOOST_net_13941
connect_pin TIMEBOOST_cell_37311:o TIMEBOOST_net_13942
insert_gate TIMEBOOST_cell_37312 in01s01
insert_net TIMEBOOST_net_13943
disconnect_pin key_b_r_reg_0__39__u0:d
connect_pin key_b_r_reg_0__39__u0:d TIMEBOOST_net_13943
connect_pin TIMEBOOST_cell_37312:a key2_39_
connect_pin TIMEBOOST_cell_37312:o TIMEBOOST_net_13943
insert_gate TIMEBOOST_cell_37313 in01s01
insert_net TIMEBOOST_net_13944
disconnect_pin key_b_r_reg_0__39__u0:d
connect_pin key_b_r_reg_0__39__u0:d TIMEBOOST_net_13944
connect_pin TIMEBOOST_cell_37313:a TIMEBOOST_net_13943
connect_pin TIMEBOOST_cell_37313:o TIMEBOOST_net_13944
insert_gate TIMEBOOST_cell_37314 in01s01
insert_net TIMEBOOST_net_13945
disconnect_pin key_b_r_reg_0__3__u0:d
connect_pin key_b_r_reg_0__3__u0:d TIMEBOOST_net_13945
connect_pin TIMEBOOST_cell_37314:a key2_3_
connect_pin TIMEBOOST_cell_37314:o TIMEBOOST_net_13945
insert_gate TIMEBOOST_cell_37315 in01s01
insert_net TIMEBOOST_net_13946
disconnect_pin key_b_r_reg_0__3__u0:d
connect_pin key_b_r_reg_0__3__u0:d TIMEBOOST_net_13946
connect_pin TIMEBOOST_cell_37315:a TIMEBOOST_net_13945
connect_pin TIMEBOOST_cell_37315:o TIMEBOOST_net_13946
insert_gate TIMEBOOST_cell_37316 in01s01
insert_net TIMEBOOST_net_13947
disconnect_pin key_b_r_reg_0__40__u0:d
connect_pin key_b_r_reg_0__40__u0:d TIMEBOOST_net_13947
connect_pin TIMEBOOST_cell_37316:a key2_40_
connect_pin TIMEBOOST_cell_37316:o TIMEBOOST_net_13947
insert_gate TIMEBOOST_cell_37317 in01s01
insert_net TIMEBOOST_net_13948
disconnect_pin key_b_r_reg_0__40__u0:d
connect_pin key_b_r_reg_0__40__u0:d TIMEBOOST_net_13948
connect_pin TIMEBOOST_cell_37317:a TIMEBOOST_net_13947
connect_pin TIMEBOOST_cell_37317:o TIMEBOOST_net_13948
insert_gate TIMEBOOST_cell_37318 in01s01
insert_net TIMEBOOST_net_13949
disconnect_pin key_b_r_reg_0__41__u0:d
connect_pin key_b_r_reg_0__41__u0:d TIMEBOOST_net_13949
connect_pin TIMEBOOST_cell_37318:a key2_41_
connect_pin TIMEBOOST_cell_37318:o TIMEBOOST_net_13949
insert_gate TIMEBOOST_cell_37319 in01s01
insert_net TIMEBOOST_net_13950
disconnect_pin key_b_r_reg_0__41__u0:d
connect_pin key_b_r_reg_0__41__u0:d TIMEBOOST_net_13950
connect_pin TIMEBOOST_cell_37319:a TIMEBOOST_net_13949
connect_pin TIMEBOOST_cell_37319:o TIMEBOOST_net_13950
insert_gate TIMEBOOST_cell_37320 in01s01
insert_net TIMEBOOST_net_13951
disconnect_pin key_b_r_reg_0__42__u0:d
connect_pin key_b_r_reg_0__42__u0:d TIMEBOOST_net_13951
connect_pin TIMEBOOST_cell_37320:a key2_42_
connect_pin TIMEBOOST_cell_37320:o TIMEBOOST_net_13951
insert_gate TIMEBOOST_cell_37321 in01s01
insert_net TIMEBOOST_net_13952
disconnect_pin key_b_r_reg_0__42__u0:d
connect_pin key_b_r_reg_0__42__u0:d TIMEBOOST_net_13952
connect_pin TIMEBOOST_cell_37321:a TIMEBOOST_net_13951
connect_pin TIMEBOOST_cell_37321:o TIMEBOOST_net_13952
insert_gate TIMEBOOST_cell_37322 in01s01
insert_net TIMEBOOST_net_13953
disconnect_pin key_b_r_reg_0__43__u0:d
connect_pin key_b_r_reg_0__43__u0:d TIMEBOOST_net_13953
connect_pin TIMEBOOST_cell_37322:a key2_43_
connect_pin TIMEBOOST_cell_37322:o TIMEBOOST_net_13953
insert_gate TIMEBOOST_cell_37323 in01s01
insert_net TIMEBOOST_net_13954
disconnect_pin key_b_r_reg_0__43__u0:d
connect_pin key_b_r_reg_0__43__u0:d TIMEBOOST_net_13954
connect_pin TIMEBOOST_cell_37323:a TIMEBOOST_net_13953
connect_pin TIMEBOOST_cell_37323:o TIMEBOOST_net_13954
insert_gate TIMEBOOST_cell_37324 in01s01
insert_net TIMEBOOST_net_13955
disconnect_pin key_b_r_reg_0__44__u0:d
connect_pin key_b_r_reg_0__44__u0:d TIMEBOOST_net_13955
connect_pin TIMEBOOST_cell_37324:a key2_44_
connect_pin TIMEBOOST_cell_37324:o TIMEBOOST_net_13955
insert_gate TIMEBOOST_cell_37325 in01s01
insert_net TIMEBOOST_net_13956
disconnect_pin key_b_r_reg_0__44__u0:d
connect_pin key_b_r_reg_0__44__u0:d TIMEBOOST_net_13956
connect_pin TIMEBOOST_cell_37325:a TIMEBOOST_net_13955
connect_pin TIMEBOOST_cell_37325:o TIMEBOOST_net_13956
insert_gate TIMEBOOST_cell_37326 in01s01
insert_net TIMEBOOST_net_13957
disconnect_pin key_b_r_reg_0__45__u0:d
connect_pin key_b_r_reg_0__45__u0:d TIMEBOOST_net_13957
connect_pin TIMEBOOST_cell_37326:a key2_45_
connect_pin TIMEBOOST_cell_37326:o TIMEBOOST_net_13957
insert_gate TIMEBOOST_cell_37327 in01s01
insert_net TIMEBOOST_net_13958
disconnect_pin key_b_r_reg_0__45__u0:d
connect_pin key_b_r_reg_0__45__u0:d TIMEBOOST_net_13958
connect_pin TIMEBOOST_cell_37327:a TIMEBOOST_net_13957
connect_pin TIMEBOOST_cell_37327:o TIMEBOOST_net_13958
insert_gate TIMEBOOST_cell_37328 in01s01
insert_net TIMEBOOST_net_13959
disconnect_pin key_b_r_reg_0__46__u0:d
connect_pin key_b_r_reg_0__46__u0:d TIMEBOOST_net_13959
connect_pin TIMEBOOST_cell_37328:a key2_46_
connect_pin TIMEBOOST_cell_37328:o TIMEBOOST_net_13959
insert_gate TIMEBOOST_cell_37329 in01s01
insert_net TIMEBOOST_net_13960
disconnect_pin key_b_r_reg_0__46__u0:d
connect_pin key_b_r_reg_0__46__u0:d TIMEBOOST_net_13960
connect_pin TIMEBOOST_cell_37329:a TIMEBOOST_net_13959
connect_pin TIMEBOOST_cell_37329:o TIMEBOOST_net_13960
insert_gate TIMEBOOST_cell_37330 in01s01
insert_net TIMEBOOST_net_13961
disconnect_pin key_b_r_reg_0__47__u0:d
connect_pin key_b_r_reg_0__47__u0:d TIMEBOOST_net_13961
connect_pin TIMEBOOST_cell_37330:a key2_47_
connect_pin TIMEBOOST_cell_37330:o TIMEBOOST_net_13961
insert_gate TIMEBOOST_cell_37331 in01s01
insert_net TIMEBOOST_net_13962
disconnect_pin key_b_r_reg_0__47__u0:d
connect_pin key_b_r_reg_0__47__u0:d TIMEBOOST_net_13962
connect_pin TIMEBOOST_cell_37331:a TIMEBOOST_net_13961
connect_pin TIMEBOOST_cell_37331:o TIMEBOOST_net_13962
insert_gate TIMEBOOST_cell_37332 in01s01
insert_net TIMEBOOST_net_13963
disconnect_pin key_b_r_reg_0__48__u0:d
connect_pin key_b_r_reg_0__48__u0:d TIMEBOOST_net_13963
connect_pin TIMEBOOST_cell_37332:a key2_48_
connect_pin TIMEBOOST_cell_37332:o TIMEBOOST_net_13963
insert_gate TIMEBOOST_cell_37333 in01s01
insert_net TIMEBOOST_net_13964
disconnect_pin key_b_r_reg_0__48__u0:d
connect_pin key_b_r_reg_0__48__u0:d TIMEBOOST_net_13964
connect_pin TIMEBOOST_cell_37333:a TIMEBOOST_net_13963
connect_pin TIMEBOOST_cell_37333:o TIMEBOOST_net_13964
insert_gate TIMEBOOST_cell_37334 in01s01
insert_net TIMEBOOST_net_13965
disconnect_pin key_b_r_reg_0__49__u0:d
connect_pin key_b_r_reg_0__49__u0:d TIMEBOOST_net_13965
connect_pin TIMEBOOST_cell_37334:a key2_49_
connect_pin TIMEBOOST_cell_37334:o TIMEBOOST_net_13965
insert_gate TIMEBOOST_cell_37335 in01s01
insert_net TIMEBOOST_net_13966
disconnect_pin key_b_r_reg_0__49__u0:d
connect_pin key_b_r_reg_0__49__u0:d TIMEBOOST_net_13966
connect_pin TIMEBOOST_cell_37335:a TIMEBOOST_net_13965
connect_pin TIMEBOOST_cell_37335:o TIMEBOOST_net_13966
insert_gate TIMEBOOST_cell_37336 in01s01
insert_net TIMEBOOST_net_13967
disconnect_pin key_b_r_reg_0__4__u0:d
connect_pin key_b_r_reg_0__4__u0:d TIMEBOOST_net_13967
connect_pin TIMEBOOST_cell_37336:a key2_4_
connect_pin TIMEBOOST_cell_37336:o TIMEBOOST_net_13967
insert_gate TIMEBOOST_cell_37337 in01s01
insert_net TIMEBOOST_net_13968
disconnect_pin key_b_r_reg_0__4__u0:d
connect_pin key_b_r_reg_0__4__u0:d TIMEBOOST_net_13968
connect_pin TIMEBOOST_cell_37337:a TIMEBOOST_net_13967
connect_pin TIMEBOOST_cell_37337:o TIMEBOOST_net_13968
insert_gate TIMEBOOST_cell_37338 in01s01
insert_net TIMEBOOST_net_13969
disconnect_pin key_b_r_reg_0__50__u0:d
connect_pin key_b_r_reg_0__50__u0:d TIMEBOOST_net_13969
connect_pin TIMEBOOST_cell_37338:a key2_50_
connect_pin TIMEBOOST_cell_37338:o TIMEBOOST_net_13969
insert_gate TIMEBOOST_cell_37339 in01s01
insert_net TIMEBOOST_net_13970
disconnect_pin key_b_r_reg_0__50__u0:d
connect_pin key_b_r_reg_0__50__u0:d TIMEBOOST_net_13970
connect_pin TIMEBOOST_cell_37339:a TIMEBOOST_net_13969
connect_pin TIMEBOOST_cell_37339:o TIMEBOOST_net_13970
insert_gate TIMEBOOST_cell_37340 in01s01
insert_net TIMEBOOST_net_13971
disconnect_pin key_b_r_reg_0__51__u0:d
connect_pin key_b_r_reg_0__51__u0:d TIMEBOOST_net_13971
connect_pin TIMEBOOST_cell_37340:a key2_51_
connect_pin TIMEBOOST_cell_37340:o TIMEBOOST_net_13971
insert_gate TIMEBOOST_cell_37341 in01s01
insert_net TIMEBOOST_net_13972
disconnect_pin key_b_r_reg_0__51__u0:d
connect_pin key_b_r_reg_0__51__u0:d TIMEBOOST_net_13972
connect_pin TIMEBOOST_cell_37341:a TIMEBOOST_net_13971
connect_pin TIMEBOOST_cell_37341:o TIMEBOOST_net_13972
insert_gate TIMEBOOST_cell_37342 in01s01
insert_net TIMEBOOST_net_13973
disconnect_pin key_b_r_reg_0__52__u0:d
connect_pin key_b_r_reg_0__52__u0:d TIMEBOOST_net_13973
connect_pin TIMEBOOST_cell_37342:a key2_52_
connect_pin TIMEBOOST_cell_37342:o TIMEBOOST_net_13973
insert_gate TIMEBOOST_cell_37343 in01s01
insert_net TIMEBOOST_net_13974
disconnect_pin key_b_r_reg_0__52__u0:d
connect_pin key_b_r_reg_0__52__u0:d TIMEBOOST_net_13974
connect_pin TIMEBOOST_cell_37343:a TIMEBOOST_net_13973
connect_pin TIMEBOOST_cell_37343:o TIMEBOOST_net_13974
insert_gate TIMEBOOST_cell_37344 in01s01
insert_net TIMEBOOST_net_13975
disconnect_pin key_b_r_reg_0__53__u0:d
connect_pin key_b_r_reg_0__53__u0:d TIMEBOOST_net_13975
connect_pin TIMEBOOST_cell_37344:a key2_53_
connect_pin TIMEBOOST_cell_37344:o TIMEBOOST_net_13975
insert_gate TIMEBOOST_cell_37345 in01s01
insert_net TIMEBOOST_net_13976
disconnect_pin key_b_r_reg_0__53__u0:d
connect_pin key_b_r_reg_0__53__u0:d TIMEBOOST_net_13976
connect_pin TIMEBOOST_cell_37345:a TIMEBOOST_net_13975
connect_pin TIMEBOOST_cell_37345:o TIMEBOOST_net_13976
insert_gate TIMEBOOST_cell_37346 in01s01
insert_net TIMEBOOST_net_13977
disconnect_pin key_b_r_reg_0__54__u0:d
connect_pin key_b_r_reg_0__54__u0:d TIMEBOOST_net_13977
connect_pin TIMEBOOST_cell_37346:a key2_54_
connect_pin TIMEBOOST_cell_37346:o TIMEBOOST_net_13977
insert_gate TIMEBOOST_cell_37347 in01s01
insert_net TIMEBOOST_net_13978
disconnect_pin key_b_r_reg_0__54__u0:d
connect_pin key_b_r_reg_0__54__u0:d TIMEBOOST_net_13978
connect_pin TIMEBOOST_cell_37347:a TIMEBOOST_net_13977
connect_pin TIMEBOOST_cell_37347:o TIMEBOOST_net_13978
insert_gate TIMEBOOST_cell_37348 in01s01
insert_net TIMEBOOST_net_13979
disconnect_pin key_b_r_reg_0__55__u0:d
connect_pin key_b_r_reg_0__55__u0:d TIMEBOOST_net_13979
connect_pin TIMEBOOST_cell_37348:a key2_55_
connect_pin TIMEBOOST_cell_37348:o TIMEBOOST_net_13979
insert_gate TIMEBOOST_cell_37349 in01s01
insert_net TIMEBOOST_net_13980
disconnect_pin key_b_r_reg_0__55__u0:d
connect_pin key_b_r_reg_0__55__u0:d TIMEBOOST_net_13980
connect_pin TIMEBOOST_cell_37349:a TIMEBOOST_net_13979
connect_pin TIMEBOOST_cell_37349:o TIMEBOOST_net_13980
insert_gate TIMEBOOST_cell_37350 in01s01
insert_net TIMEBOOST_net_13981
disconnect_pin key_b_r_reg_0__5__u0:d
connect_pin key_b_r_reg_0__5__u0:d TIMEBOOST_net_13981
connect_pin TIMEBOOST_cell_37350:a key2_5_
connect_pin TIMEBOOST_cell_37350:o TIMEBOOST_net_13981
insert_gate TIMEBOOST_cell_37351 in01s01
insert_net TIMEBOOST_net_13982
disconnect_pin key_b_r_reg_0__5__u0:d
connect_pin key_b_r_reg_0__5__u0:d TIMEBOOST_net_13982
connect_pin TIMEBOOST_cell_37351:a TIMEBOOST_net_13981
connect_pin TIMEBOOST_cell_37351:o TIMEBOOST_net_13982
insert_gate TIMEBOOST_cell_37352 in01s01
insert_net TIMEBOOST_net_13983
disconnect_pin key_b_r_reg_0__6__u0:d
connect_pin key_b_r_reg_0__6__u0:d TIMEBOOST_net_13983
connect_pin TIMEBOOST_cell_37352:a key2_6_
connect_pin TIMEBOOST_cell_37352:o TIMEBOOST_net_13983
insert_gate TIMEBOOST_cell_37353 in01s01
insert_net TIMEBOOST_net_13984
disconnect_pin key_b_r_reg_0__6__u0:d
connect_pin key_b_r_reg_0__6__u0:d TIMEBOOST_net_13984
connect_pin TIMEBOOST_cell_37353:a TIMEBOOST_net_13983
connect_pin TIMEBOOST_cell_37353:o TIMEBOOST_net_13984
insert_gate TIMEBOOST_cell_37354 in01s01
insert_net TIMEBOOST_net_13985
disconnect_pin key_b_r_reg_0__7__u0:d
connect_pin key_b_r_reg_0__7__u0:d TIMEBOOST_net_13985
connect_pin TIMEBOOST_cell_37354:a key2_7_
connect_pin TIMEBOOST_cell_37354:o TIMEBOOST_net_13985
insert_gate TIMEBOOST_cell_37355 in01s01
insert_net TIMEBOOST_net_13986
disconnect_pin key_b_r_reg_0__7__u0:d
connect_pin key_b_r_reg_0__7__u0:d TIMEBOOST_net_13986
connect_pin TIMEBOOST_cell_37355:a TIMEBOOST_net_13985
connect_pin TIMEBOOST_cell_37355:o TIMEBOOST_net_13986
insert_gate TIMEBOOST_cell_37356 in01s01
insert_net TIMEBOOST_net_13987
disconnect_pin key_b_r_reg_0__8__u0:d
connect_pin key_b_r_reg_0__8__u0:d TIMEBOOST_net_13987
connect_pin TIMEBOOST_cell_37356:a key2_8_
connect_pin TIMEBOOST_cell_37356:o TIMEBOOST_net_13987
insert_gate TIMEBOOST_cell_37357 in01s01
insert_net TIMEBOOST_net_13988
disconnect_pin key_b_r_reg_0__8__u0:d
connect_pin key_b_r_reg_0__8__u0:d TIMEBOOST_net_13988
connect_pin TIMEBOOST_cell_37357:a TIMEBOOST_net_13987
connect_pin TIMEBOOST_cell_37357:o TIMEBOOST_net_13988
insert_gate TIMEBOOST_cell_37358 in01s01
insert_net TIMEBOOST_net_13989
disconnect_pin key_b_r_reg_0__9__u0:d
connect_pin key_b_r_reg_0__9__u0:d TIMEBOOST_net_13989
connect_pin TIMEBOOST_cell_37358:a key2_9_
connect_pin TIMEBOOST_cell_37358:o TIMEBOOST_net_13989
insert_gate TIMEBOOST_cell_37359 in01s01
insert_net TIMEBOOST_net_13990
disconnect_pin key_b_r_reg_0__9__u0:d
connect_pin key_b_r_reg_0__9__u0:d TIMEBOOST_net_13990
connect_pin TIMEBOOST_cell_37359:a TIMEBOOST_net_13989
connect_pin TIMEBOOST_cell_37359:o TIMEBOOST_net_13990
insert_gate TIMEBOOST_cell_37360 in01s01
insert_net TIMEBOOST_net_13991
disconnect_pin key_c_r_reg_0__17__u0:d
connect_pin key_c_r_reg_0__17__u0:d TIMEBOOST_net_13991
connect_pin TIMEBOOST_cell_37360:a n_573
connect_pin TIMEBOOST_cell_37360:o TIMEBOOST_net_13991
insert_gate TIMEBOOST_cell_37361 in01s01
insert_net TIMEBOOST_net_13992
disconnect_pin key_c_r_reg_0__17__u0:d
connect_pin key_c_r_reg_0__17__u0:d TIMEBOOST_net_13992
connect_pin TIMEBOOST_cell_37361:a TIMEBOOST_net_13991
connect_pin TIMEBOOST_cell_37361:o TIMEBOOST_net_13992
insert_gate TIMEBOOST_cell_37362 in01s01
insert_net TIMEBOOST_net_13993
disconnect_pin key_c_r_reg_0__39__u0:d
connect_pin key_c_r_reg_0__39__u0:d TIMEBOOST_net_13993
connect_pin TIMEBOOST_cell_37362:a n_627
connect_pin TIMEBOOST_cell_37362:o TIMEBOOST_net_13993
insert_gate TIMEBOOST_cell_37363 in01s01
insert_net TIMEBOOST_net_13994
disconnect_pin key_c_r_reg_0__39__u0:d
connect_pin key_c_r_reg_0__39__u0:d TIMEBOOST_net_13994
connect_pin TIMEBOOST_cell_37363:a TIMEBOOST_net_13993
connect_pin TIMEBOOST_cell_37363:o TIMEBOOST_net_13994
insert_gate TIMEBOOST_cell_37364 in01s01
insert_net TIMEBOOST_net_13995
disconnect_pin u0_R14_reg_13__u0:d
connect_pin u0_R14_reg_13__u0:d TIMEBOOST_net_13995
connect_pin TIMEBOOST_cell_37364:a n_43688
connect_pin TIMEBOOST_cell_37364:o TIMEBOOST_net_13995
insert_gate TIMEBOOST_cell_37365 in01s01
insert_net TIMEBOOST_net_13996
disconnect_pin u0_R14_reg_13__u0:d
connect_pin u0_R14_reg_13__u0:d TIMEBOOST_net_13996
connect_pin TIMEBOOST_cell_37365:a TIMEBOOST_net_13995
connect_pin TIMEBOOST_cell_37365:o TIMEBOOST_net_13996
insert_gate TIMEBOOST_cell_37366 in01s01
insert_net TIMEBOOST_net_13997
disconnect_pin u0_desIn_r_reg_0__u0:d
connect_pin u0_desIn_r_reg_0__u0:d TIMEBOOST_net_13997
connect_pin TIMEBOOST_cell_37366:a desIn_0_
connect_pin TIMEBOOST_cell_37366:o TIMEBOOST_net_13997
insert_gate TIMEBOOST_cell_37367 in01s01
insert_net TIMEBOOST_net_13998
disconnect_pin u0_desIn_r_reg_0__u0:d
connect_pin u0_desIn_r_reg_0__u0:d TIMEBOOST_net_13998
connect_pin TIMEBOOST_cell_37367:a TIMEBOOST_net_13997
connect_pin TIMEBOOST_cell_37367:o TIMEBOOST_net_13998
insert_gate TIMEBOOST_cell_37368 in01s01
insert_net TIMEBOOST_net_13999
disconnect_pin u0_desIn_r_reg_10__u0:d
connect_pin u0_desIn_r_reg_10__u0:d TIMEBOOST_net_13999
connect_pin TIMEBOOST_cell_37368:a desIn_10_
connect_pin TIMEBOOST_cell_37368:o TIMEBOOST_net_13999
insert_gate TIMEBOOST_cell_37369 in01s01
insert_net TIMEBOOST_net_14000
disconnect_pin u0_desIn_r_reg_10__u0:d
connect_pin u0_desIn_r_reg_10__u0:d TIMEBOOST_net_14000
connect_pin TIMEBOOST_cell_37369:a TIMEBOOST_net_13999
connect_pin TIMEBOOST_cell_37369:o TIMEBOOST_net_14000
insert_gate TIMEBOOST_cell_37370 in01s01
insert_net TIMEBOOST_net_14001
disconnect_pin u0_desIn_r_reg_11__u0:d
connect_pin u0_desIn_r_reg_11__u0:d TIMEBOOST_net_14001
connect_pin TIMEBOOST_cell_37370:a desIn_11_
connect_pin TIMEBOOST_cell_37370:o TIMEBOOST_net_14001
insert_gate TIMEBOOST_cell_37371 in01s01
insert_net TIMEBOOST_net_14002
disconnect_pin u0_desIn_r_reg_11__u0:d
connect_pin u0_desIn_r_reg_11__u0:d TIMEBOOST_net_14002
connect_pin TIMEBOOST_cell_37371:a TIMEBOOST_net_14001
connect_pin TIMEBOOST_cell_37371:o TIMEBOOST_net_14002
insert_gate TIMEBOOST_cell_37372 in01s01
insert_net TIMEBOOST_net_14003
disconnect_pin u0_desIn_r_reg_12__u0:d
connect_pin u0_desIn_r_reg_12__u0:d TIMEBOOST_net_14003
connect_pin TIMEBOOST_cell_37372:a desIn_12_
connect_pin TIMEBOOST_cell_37372:o TIMEBOOST_net_14003
insert_gate TIMEBOOST_cell_37373 in01s01
insert_net TIMEBOOST_net_14004
disconnect_pin u0_desIn_r_reg_12__u0:d
connect_pin u0_desIn_r_reg_12__u0:d TIMEBOOST_net_14004
connect_pin TIMEBOOST_cell_37373:a TIMEBOOST_net_14003
connect_pin TIMEBOOST_cell_37373:o TIMEBOOST_net_14004
insert_gate TIMEBOOST_cell_37374 in01s01
insert_net TIMEBOOST_net_14005
disconnect_pin u0_desIn_r_reg_13__u0:d
connect_pin u0_desIn_r_reg_13__u0:d TIMEBOOST_net_14005
connect_pin TIMEBOOST_cell_37374:a desIn_13_
connect_pin TIMEBOOST_cell_37374:o TIMEBOOST_net_14005
insert_gate TIMEBOOST_cell_37375 in01s01
insert_net TIMEBOOST_net_14006
disconnect_pin u0_desIn_r_reg_13__u0:d
connect_pin u0_desIn_r_reg_13__u0:d TIMEBOOST_net_14006
connect_pin TIMEBOOST_cell_37375:a TIMEBOOST_net_14005
connect_pin TIMEBOOST_cell_37375:o TIMEBOOST_net_14006
insert_gate TIMEBOOST_cell_37376 in01s01
insert_net TIMEBOOST_net_14007
disconnect_pin u0_desIn_r_reg_14__u0:d
connect_pin u0_desIn_r_reg_14__u0:d TIMEBOOST_net_14007
connect_pin TIMEBOOST_cell_37376:a desIn_14_
connect_pin TIMEBOOST_cell_37376:o TIMEBOOST_net_14007
insert_gate TIMEBOOST_cell_37377 in01s01
insert_net TIMEBOOST_net_14008
disconnect_pin u0_desIn_r_reg_14__u0:d
connect_pin u0_desIn_r_reg_14__u0:d TIMEBOOST_net_14008
connect_pin TIMEBOOST_cell_37377:a TIMEBOOST_net_14007
connect_pin TIMEBOOST_cell_37377:o TIMEBOOST_net_14008
insert_gate TIMEBOOST_cell_37378 in01s01
insert_net TIMEBOOST_net_14009
disconnect_pin u0_desIn_r_reg_15__u0:d
connect_pin u0_desIn_r_reg_15__u0:d TIMEBOOST_net_14009
connect_pin TIMEBOOST_cell_37378:a desIn_15_
connect_pin TIMEBOOST_cell_37378:o TIMEBOOST_net_14009
insert_gate TIMEBOOST_cell_37379 in01s01
insert_net TIMEBOOST_net_14010
disconnect_pin u0_desIn_r_reg_15__u0:d
connect_pin u0_desIn_r_reg_15__u0:d TIMEBOOST_net_14010
connect_pin TIMEBOOST_cell_37379:a TIMEBOOST_net_14009
connect_pin TIMEBOOST_cell_37379:o TIMEBOOST_net_14010
insert_gate TIMEBOOST_cell_37380 in01s01
insert_net TIMEBOOST_net_14011
disconnect_pin u0_desIn_r_reg_16__u0:d
connect_pin u0_desIn_r_reg_16__u0:d TIMEBOOST_net_14011
connect_pin TIMEBOOST_cell_37380:a desIn_16_
connect_pin TIMEBOOST_cell_37380:o TIMEBOOST_net_14011
insert_gate TIMEBOOST_cell_37381 in01s01
insert_net TIMEBOOST_net_14012
disconnect_pin u0_desIn_r_reg_16__u0:d
connect_pin u0_desIn_r_reg_16__u0:d TIMEBOOST_net_14012
connect_pin TIMEBOOST_cell_37381:a TIMEBOOST_net_14011
connect_pin TIMEBOOST_cell_37381:o TIMEBOOST_net_14012
insert_gate TIMEBOOST_cell_37382 in01s01
insert_net TIMEBOOST_net_14013
disconnect_pin u0_desIn_r_reg_17__u0:d
connect_pin u0_desIn_r_reg_17__u0:d TIMEBOOST_net_14013
connect_pin TIMEBOOST_cell_37382:a desIn_17_
connect_pin TIMEBOOST_cell_37382:o TIMEBOOST_net_14013
insert_gate TIMEBOOST_cell_37383 in01s01
insert_net TIMEBOOST_net_14014
disconnect_pin u0_desIn_r_reg_17__u0:d
connect_pin u0_desIn_r_reg_17__u0:d TIMEBOOST_net_14014
connect_pin TIMEBOOST_cell_37383:a TIMEBOOST_net_14013
connect_pin TIMEBOOST_cell_37383:o TIMEBOOST_net_14014
insert_gate TIMEBOOST_cell_37384 in01s01
insert_net TIMEBOOST_net_14015
disconnect_pin u0_desIn_r_reg_18__u0:d
connect_pin u0_desIn_r_reg_18__u0:d TIMEBOOST_net_14015
connect_pin TIMEBOOST_cell_37384:a desIn_18_
connect_pin TIMEBOOST_cell_37384:o TIMEBOOST_net_14015
insert_gate TIMEBOOST_cell_37385 in01s01
insert_net TIMEBOOST_net_14016
disconnect_pin u0_desIn_r_reg_18__u0:d
connect_pin u0_desIn_r_reg_18__u0:d TIMEBOOST_net_14016
connect_pin TIMEBOOST_cell_37385:a TIMEBOOST_net_14015
connect_pin TIMEBOOST_cell_37385:o TIMEBOOST_net_14016
insert_gate TIMEBOOST_cell_37386 in01s01
insert_net TIMEBOOST_net_14017
disconnect_pin u0_desIn_r_reg_19__u0:d
connect_pin u0_desIn_r_reg_19__u0:d TIMEBOOST_net_14017
connect_pin TIMEBOOST_cell_37386:a desIn_19_
connect_pin TIMEBOOST_cell_37386:o TIMEBOOST_net_14017
insert_gate TIMEBOOST_cell_37387 in01s01
insert_net TIMEBOOST_net_14018
disconnect_pin u0_desIn_r_reg_19__u0:d
connect_pin u0_desIn_r_reg_19__u0:d TIMEBOOST_net_14018
connect_pin TIMEBOOST_cell_37387:a TIMEBOOST_net_14017
connect_pin TIMEBOOST_cell_37387:o TIMEBOOST_net_14018
insert_gate TIMEBOOST_cell_37388 in01s01
insert_net TIMEBOOST_net_14019
disconnect_pin u0_desIn_r_reg_1__u0:d
connect_pin u0_desIn_r_reg_1__u0:d TIMEBOOST_net_14019
connect_pin TIMEBOOST_cell_37388:a desIn_1_
connect_pin TIMEBOOST_cell_37388:o TIMEBOOST_net_14019
insert_gate TIMEBOOST_cell_37389 in01s01
insert_net TIMEBOOST_net_14020
disconnect_pin u0_desIn_r_reg_1__u0:d
connect_pin u0_desIn_r_reg_1__u0:d TIMEBOOST_net_14020
connect_pin TIMEBOOST_cell_37389:a TIMEBOOST_net_14019
connect_pin TIMEBOOST_cell_37389:o TIMEBOOST_net_14020
insert_gate TIMEBOOST_cell_37390 in01s01
insert_net TIMEBOOST_net_14021
disconnect_pin u0_desIn_r_reg_20__u0:d
connect_pin u0_desIn_r_reg_20__u0:d TIMEBOOST_net_14021
connect_pin TIMEBOOST_cell_37390:a desIn_20_
connect_pin TIMEBOOST_cell_37390:o TIMEBOOST_net_14021
insert_gate TIMEBOOST_cell_37391 in01s01
insert_net TIMEBOOST_net_14022
disconnect_pin u0_desIn_r_reg_20__u0:d
connect_pin u0_desIn_r_reg_20__u0:d TIMEBOOST_net_14022
connect_pin TIMEBOOST_cell_37391:a TIMEBOOST_net_14021
connect_pin TIMEBOOST_cell_37391:o TIMEBOOST_net_14022
insert_gate TIMEBOOST_cell_37392 in01s01
insert_net TIMEBOOST_net_14023
disconnect_pin u0_desIn_r_reg_21__u0:d
connect_pin u0_desIn_r_reg_21__u0:d TIMEBOOST_net_14023
connect_pin TIMEBOOST_cell_37392:a desIn_21_
connect_pin TIMEBOOST_cell_37392:o TIMEBOOST_net_14023
insert_gate TIMEBOOST_cell_37393 in01s01
insert_net TIMEBOOST_net_14024
disconnect_pin u0_desIn_r_reg_21__u0:d
connect_pin u0_desIn_r_reg_21__u0:d TIMEBOOST_net_14024
connect_pin TIMEBOOST_cell_37393:a TIMEBOOST_net_14023
connect_pin TIMEBOOST_cell_37393:o TIMEBOOST_net_14024
insert_gate TIMEBOOST_cell_37394 in01s01
insert_net TIMEBOOST_net_14025
disconnect_pin u0_desIn_r_reg_22__u0:d
connect_pin u0_desIn_r_reg_22__u0:d TIMEBOOST_net_14025
connect_pin TIMEBOOST_cell_37394:a desIn_22_
connect_pin TIMEBOOST_cell_37394:o TIMEBOOST_net_14025
insert_gate TIMEBOOST_cell_37395 in01s01
insert_net TIMEBOOST_net_14026
disconnect_pin u0_desIn_r_reg_22__u0:d
connect_pin u0_desIn_r_reg_22__u0:d TIMEBOOST_net_14026
connect_pin TIMEBOOST_cell_37395:a TIMEBOOST_net_14025
connect_pin TIMEBOOST_cell_37395:o TIMEBOOST_net_14026
insert_gate TIMEBOOST_cell_37396 in01s01
insert_net TIMEBOOST_net_14027
disconnect_pin u0_desIn_r_reg_23__u0:d
connect_pin u0_desIn_r_reg_23__u0:d TIMEBOOST_net_14027
connect_pin TIMEBOOST_cell_37396:a desIn_23_
connect_pin TIMEBOOST_cell_37396:o TIMEBOOST_net_14027
insert_gate TIMEBOOST_cell_37397 in01s01
insert_net TIMEBOOST_net_14028
disconnect_pin u0_desIn_r_reg_23__u0:d
connect_pin u0_desIn_r_reg_23__u0:d TIMEBOOST_net_14028
connect_pin TIMEBOOST_cell_37397:a TIMEBOOST_net_14027
connect_pin TIMEBOOST_cell_37397:o TIMEBOOST_net_14028
insert_gate TIMEBOOST_cell_37398 in01s01
insert_net TIMEBOOST_net_14029
disconnect_pin u0_desIn_r_reg_24__u0:d
connect_pin u0_desIn_r_reg_24__u0:d TIMEBOOST_net_14029
connect_pin TIMEBOOST_cell_37398:a desIn_24_
connect_pin TIMEBOOST_cell_37398:o TIMEBOOST_net_14029
insert_gate TIMEBOOST_cell_37399 in01s01
insert_net TIMEBOOST_net_14030
disconnect_pin u0_desIn_r_reg_24__u0:d
connect_pin u0_desIn_r_reg_24__u0:d TIMEBOOST_net_14030
connect_pin TIMEBOOST_cell_37399:a TIMEBOOST_net_14029
connect_pin TIMEBOOST_cell_37399:o TIMEBOOST_net_14030
insert_gate TIMEBOOST_cell_37400 in01s01
insert_net TIMEBOOST_net_14031
disconnect_pin u0_desIn_r_reg_25__u0:d
connect_pin u0_desIn_r_reg_25__u0:d TIMEBOOST_net_14031
connect_pin TIMEBOOST_cell_37400:a desIn_25_
connect_pin TIMEBOOST_cell_37400:o TIMEBOOST_net_14031
insert_gate TIMEBOOST_cell_37401 in01s01
insert_net TIMEBOOST_net_14032
disconnect_pin u0_desIn_r_reg_25__u0:d
connect_pin u0_desIn_r_reg_25__u0:d TIMEBOOST_net_14032
connect_pin TIMEBOOST_cell_37401:a TIMEBOOST_net_14031
connect_pin TIMEBOOST_cell_37401:o TIMEBOOST_net_14032
insert_gate TIMEBOOST_cell_37402 in01s01
insert_net TIMEBOOST_net_14033
disconnect_pin u0_desIn_r_reg_26__u0:d
connect_pin u0_desIn_r_reg_26__u0:d TIMEBOOST_net_14033
connect_pin TIMEBOOST_cell_37402:a desIn_26_
connect_pin TIMEBOOST_cell_37402:o TIMEBOOST_net_14033
insert_gate TIMEBOOST_cell_37403 in01s01
insert_net TIMEBOOST_net_14034
disconnect_pin u0_desIn_r_reg_26__u0:d
connect_pin u0_desIn_r_reg_26__u0:d TIMEBOOST_net_14034
connect_pin TIMEBOOST_cell_37403:a TIMEBOOST_net_14033
connect_pin TIMEBOOST_cell_37403:o TIMEBOOST_net_14034
insert_gate TIMEBOOST_cell_37404 in01s01
insert_net TIMEBOOST_net_14035
disconnect_pin u0_desIn_r_reg_27__u0:d
connect_pin u0_desIn_r_reg_27__u0:d TIMEBOOST_net_14035
connect_pin TIMEBOOST_cell_37404:a desIn_27_
connect_pin TIMEBOOST_cell_37404:o TIMEBOOST_net_14035
insert_gate TIMEBOOST_cell_37405 in01s01
insert_net TIMEBOOST_net_14036
disconnect_pin u0_desIn_r_reg_27__u0:d
connect_pin u0_desIn_r_reg_27__u0:d TIMEBOOST_net_14036
connect_pin TIMEBOOST_cell_37405:a TIMEBOOST_net_14035
connect_pin TIMEBOOST_cell_37405:o TIMEBOOST_net_14036
insert_gate TIMEBOOST_cell_37406 in01s01
insert_net TIMEBOOST_net_14037
disconnect_pin u0_desIn_r_reg_28__u0:d
connect_pin u0_desIn_r_reg_28__u0:d TIMEBOOST_net_14037
connect_pin TIMEBOOST_cell_37406:a desIn_28_
connect_pin TIMEBOOST_cell_37406:o TIMEBOOST_net_14037
insert_gate TIMEBOOST_cell_37407 in01s01
insert_net TIMEBOOST_net_14038
disconnect_pin u0_desIn_r_reg_28__u0:d
connect_pin u0_desIn_r_reg_28__u0:d TIMEBOOST_net_14038
connect_pin TIMEBOOST_cell_37407:a TIMEBOOST_net_14037
connect_pin TIMEBOOST_cell_37407:o TIMEBOOST_net_14038
insert_gate TIMEBOOST_cell_37408 in01s01
insert_net TIMEBOOST_net_14039
disconnect_pin u0_desIn_r_reg_29__u0:d
connect_pin u0_desIn_r_reg_29__u0:d TIMEBOOST_net_14039
connect_pin TIMEBOOST_cell_37408:a desIn_29_
connect_pin TIMEBOOST_cell_37408:o TIMEBOOST_net_14039
insert_gate TIMEBOOST_cell_37409 in01s01
insert_net TIMEBOOST_net_14040
disconnect_pin u0_desIn_r_reg_29__u0:d
connect_pin u0_desIn_r_reg_29__u0:d TIMEBOOST_net_14040
connect_pin TIMEBOOST_cell_37409:a TIMEBOOST_net_14039
connect_pin TIMEBOOST_cell_37409:o TIMEBOOST_net_14040
insert_gate TIMEBOOST_cell_37410 in01s01
insert_net TIMEBOOST_net_14041
disconnect_pin u0_desIn_r_reg_2__u0:d
connect_pin u0_desIn_r_reg_2__u0:d TIMEBOOST_net_14041
connect_pin TIMEBOOST_cell_37410:a desIn_2_
connect_pin TIMEBOOST_cell_37410:o TIMEBOOST_net_14041
insert_gate TIMEBOOST_cell_37411 in01s01
insert_net TIMEBOOST_net_14042
disconnect_pin u0_desIn_r_reg_2__u0:d
connect_pin u0_desIn_r_reg_2__u0:d TIMEBOOST_net_14042
connect_pin TIMEBOOST_cell_37411:a TIMEBOOST_net_14041
connect_pin TIMEBOOST_cell_37411:o TIMEBOOST_net_14042
insert_gate TIMEBOOST_cell_37412 in01s01
insert_net TIMEBOOST_net_14043
disconnect_pin u0_desIn_r_reg_30__u0:d
connect_pin u0_desIn_r_reg_30__u0:d TIMEBOOST_net_14043
connect_pin TIMEBOOST_cell_37412:a desIn_30_
connect_pin TIMEBOOST_cell_37412:o TIMEBOOST_net_14043
insert_gate TIMEBOOST_cell_37413 in01s01
insert_net TIMEBOOST_net_14044
disconnect_pin u0_desIn_r_reg_30__u0:d
connect_pin u0_desIn_r_reg_30__u0:d TIMEBOOST_net_14044
connect_pin TIMEBOOST_cell_37413:a TIMEBOOST_net_14043
connect_pin TIMEBOOST_cell_37413:o TIMEBOOST_net_14044
insert_gate TIMEBOOST_cell_37414 in01s01
insert_net TIMEBOOST_net_14045
disconnect_pin u0_desIn_r_reg_31__u0:d
connect_pin u0_desIn_r_reg_31__u0:d TIMEBOOST_net_14045
connect_pin TIMEBOOST_cell_37414:a desIn_31_
connect_pin TIMEBOOST_cell_37414:o TIMEBOOST_net_14045
insert_gate TIMEBOOST_cell_37415 in01s01
insert_net TIMEBOOST_net_14046
disconnect_pin u0_desIn_r_reg_31__u0:d
connect_pin u0_desIn_r_reg_31__u0:d TIMEBOOST_net_14046
connect_pin TIMEBOOST_cell_37415:a TIMEBOOST_net_14045
connect_pin TIMEBOOST_cell_37415:o TIMEBOOST_net_14046
insert_gate TIMEBOOST_cell_37416 in01s01
insert_net TIMEBOOST_net_14047
disconnect_pin u0_desIn_r_reg_32__u0:d
connect_pin u0_desIn_r_reg_32__u0:d TIMEBOOST_net_14047
connect_pin TIMEBOOST_cell_37416:a desIn_32_
connect_pin TIMEBOOST_cell_37416:o TIMEBOOST_net_14047
insert_gate TIMEBOOST_cell_37417 in01s01
insert_net TIMEBOOST_net_14048
disconnect_pin u0_desIn_r_reg_32__u0:d
connect_pin u0_desIn_r_reg_32__u0:d TIMEBOOST_net_14048
connect_pin TIMEBOOST_cell_37417:a TIMEBOOST_net_14047
connect_pin TIMEBOOST_cell_37417:o TIMEBOOST_net_14048
insert_gate TIMEBOOST_cell_37418 in01s01
insert_net TIMEBOOST_net_14049
disconnect_pin u0_desIn_r_reg_33__u0:d
connect_pin u0_desIn_r_reg_33__u0:d TIMEBOOST_net_14049
connect_pin TIMEBOOST_cell_37418:a desIn_33_
connect_pin TIMEBOOST_cell_37418:o TIMEBOOST_net_14049
insert_gate TIMEBOOST_cell_37419 in01s01
insert_net TIMEBOOST_net_14050
disconnect_pin u0_desIn_r_reg_33__u0:d
connect_pin u0_desIn_r_reg_33__u0:d TIMEBOOST_net_14050
connect_pin TIMEBOOST_cell_37419:a TIMEBOOST_net_14049
connect_pin TIMEBOOST_cell_37419:o TIMEBOOST_net_14050
insert_gate TIMEBOOST_cell_37420 in01s01
insert_net TIMEBOOST_net_14051
disconnect_pin u0_desIn_r_reg_34__u0:d
connect_pin u0_desIn_r_reg_34__u0:d TIMEBOOST_net_14051
connect_pin TIMEBOOST_cell_37420:a desIn_34_
connect_pin TIMEBOOST_cell_37420:o TIMEBOOST_net_14051
insert_gate TIMEBOOST_cell_37421 in01s01
insert_net TIMEBOOST_net_14052
disconnect_pin u0_desIn_r_reg_34__u0:d
connect_pin u0_desIn_r_reg_34__u0:d TIMEBOOST_net_14052
connect_pin TIMEBOOST_cell_37421:a TIMEBOOST_net_14051
connect_pin TIMEBOOST_cell_37421:o TIMEBOOST_net_14052
insert_gate TIMEBOOST_cell_37422 in01s01
insert_net TIMEBOOST_net_14053
disconnect_pin u0_desIn_r_reg_35__u0:d
connect_pin u0_desIn_r_reg_35__u0:d TIMEBOOST_net_14053
connect_pin TIMEBOOST_cell_37422:a desIn_35_
connect_pin TIMEBOOST_cell_37422:o TIMEBOOST_net_14053
insert_gate TIMEBOOST_cell_37423 in01s01
insert_net TIMEBOOST_net_14054
disconnect_pin u0_desIn_r_reg_35__u0:d
connect_pin u0_desIn_r_reg_35__u0:d TIMEBOOST_net_14054
connect_pin TIMEBOOST_cell_37423:a TIMEBOOST_net_14053
connect_pin TIMEBOOST_cell_37423:o TIMEBOOST_net_14054
insert_gate TIMEBOOST_cell_37424 in01s01
insert_net TIMEBOOST_net_14055
disconnect_pin u0_desIn_r_reg_36__u0:d
connect_pin u0_desIn_r_reg_36__u0:d TIMEBOOST_net_14055
connect_pin TIMEBOOST_cell_37424:a desIn_36_
connect_pin TIMEBOOST_cell_37424:o TIMEBOOST_net_14055
insert_gate TIMEBOOST_cell_37425 in01s01
insert_net TIMEBOOST_net_14056
disconnect_pin u0_desIn_r_reg_36__u0:d
connect_pin u0_desIn_r_reg_36__u0:d TIMEBOOST_net_14056
connect_pin TIMEBOOST_cell_37425:a TIMEBOOST_net_14055
connect_pin TIMEBOOST_cell_37425:o TIMEBOOST_net_14056
insert_gate TIMEBOOST_cell_37426 in01s01
insert_net TIMEBOOST_net_14057
disconnect_pin u0_desIn_r_reg_37__u0:d
connect_pin u0_desIn_r_reg_37__u0:d TIMEBOOST_net_14057
connect_pin TIMEBOOST_cell_37426:a desIn_37_
connect_pin TIMEBOOST_cell_37426:o TIMEBOOST_net_14057
insert_gate TIMEBOOST_cell_37427 in01s01
insert_net TIMEBOOST_net_14058
disconnect_pin u0_desIn_r_reg_37__u0:d
connect_pin u0_desIn_r_reg_37__u0:d TIMEBOOST_net_14058
connect_pin TIMEBOOST_cell_37427:a TIMEBOOST_net_14057
connect_pin TIMEBOOST_cell_37427:o TIMEBOOST_net_14058
insert_gate TIMEBOOST_cell_37428 in01s01
insert_net TIMEBOOST_net_14059
disconnect_pin u0_desIn_r_reg_38__u0:d
connect_pin u0_desIn_r_reg_38__u0:d TIMEBOOST_net_14059
connect_pin TIMEBOOST_cell_37428:a desIn_38_
connect_pin TIMEBOOST_cell_37428:o TIMEBOOST_net_14059
insert_gate TIMEBOOST_cell_37429 in01s01
insert_net TIMEBOOST_net_14060
disconnect_pin u0_desIn_r_reg_38__u0:d
connect_pin u0_desIn_r_reg_38__u0:d TIMEBOOST_net_14060
connect_pin TIMEBOOST_cell_37429:a TIMEBOOST_net_14059
connect_pin TIMEBOOST_cell_37429:o TIMEBOOST_net_14060
insert_gate TIMEBOOST_cell_37430 in01s01
insert_net TIMEBOOST_net_14061
disconnect_pin u0_desIn_r_reg_39__u0:d
connect_pin u0_desIn_r_reg_39__u0:d TIMEBOOST_net_14061
connect_pin TIMEBOOST_cell_37430:a desIn_39_
connect_pin TIMEBOOST_cell_37430:o TIMEBOOST_net_14061
insert_gate TIMEBOOST_cell_37431 in01s01
insert_net TIMEBOOST_net_14062
disconnect_pin u0_desIn_r_reg_39__u0:d
connect_pin u0_desIn_r_reg_39__u0:d TIMEBOOST_net_14062
connect_pin TIMEBOOST_cell_37431:a TIMEBOOST_net_14061
connect_pin TIMEBOOST_cell_37431:o TIMEBOOST_net_14062
insert_gate TIMEBOOST_cell_37432 in01s01
insert_net TIMEBOOST_net_14063
disconnect_pin u0_desIn_r_reg_3__u0:d
connect_pin u0_desIn_r_reg_3__u0:d TIMEBOOST_net_14063
connect_pin TIMEBOOST_cell_37432:a desIn_3_
connect_pin TIMEBOOST_cell_37432:o TIMEBOOST_net_14063
insert_gate TIMEBOOST_cell_37433 in01s01
insert_net TIMEBOOST_net_14064
disconnect_pin u0_desIn_r_reg_3__u0:d
connect_pin u0_desIn_r_reg_3__u0:d TIMEBOOST_net_14064
connect_pin TIMEBOOST_cell_37433:a TIMEBOOST_net_14063
connect_pin TIMEBOOST_cell_37433:o TIMEBOOST_net_14064
insert_gate TIMEBOOST_cell_37434 in01s01
insert_net TIMEBOOST_net_14065
disconnect_pin u0_desIn_r_reg_40__u0:d
connect_pin u0_desIn_r_reg_40__u0:d TIMEBOOST_net_14065
connect_pin TIMEBOOST_cell_37434:a desIn_40_
connect_pin TIMEBOOST_cell_37434:o TIMEBOOST_net_14065
insert_gate TIMEBOOST_cell_37435 in01s01
insert_net TIMEBOOST_net_14066
disconnect_pin u0_desIn_r_reg_40__u0:d
connect_pin u0_desIn_r_reg_40__u0:d TIMEBOOST_net_14066
connect_pin TIMEBOOST_cell_37435:a TIMEBOOST_net_14065
connect_pin TIMEBOOST_cell_37435:o TIMEBOOST_net_14066
insert_gate TIMEBOOST_cell_37436 in01s01
insert_net TIMEBOOST_net_14067
disconnect_pin u0_desIn_r_reg_41__u0:d
connect_pin u0_desIn_r_reg_41__u0:d TIMEBOOST_net_14067
connect_pin TIMEBOOST_cell_37436:a desIn_41_
connect_pin TIMEBOOST_cell_37436:o TIMEBOOST_net_14067
insert_gate TIMEBOOST_cell_37437 in01s01
insert_net TIMEBOOST_net_14068
disconnect_pin u0_desIn_r_reg_41__u0:d
connect_pin u0_desIn_r_reg_41__u0:d TIMEBOOST_net_14068
connect_pin TIMEBOOST_cell_37437:a TIMEBOOST_net_14067
connect_pin TIMEBOOST_cell_37437:o TIMEBOOST_net_14068
insert_gate TIMEBOOST_cell_37438 in01s01
insert_net TIMEBOOST_net_14069
disconnect_pin u0_desIn_r_reg_42__u0:d
connect_pin u0_desIn_r_reg_42__u0:d TIMEBOOST_net_14069
connect_pin TIMEBOOST_cell_37438:a desIn_42_
connect_pin TIMEBOOST_cell_37438:o TIMEBOOST_net_14069
insert_gate TIMEBOOST_cell_37439 in01s01
insert_net TIMEBOOST_net_14070
disconnect_pin u0_desIn_r_reg_42__u0:d
connect_pin u0_desIn_r_reg_42__u0:d TIMEBOOST_net_14070
connect_pin TIMEBOOST_cell_37439:a TIMEBOOST_net_14069
connect_pin TIMEBOOST_cell_37439:o TIMEBOOST_net_14070
insert_gate TIMEBOOST_cell_37440 in01s01
insert_net TIMEBOOST_net_14071
disconnect_pin u0_desIn_r_reg_43__u0:d
connect_pin u0_desIn_r_reg_43__u0:d TIMEBOOST_net_14071
connect_pin TIMEBOOST_cell_37440:a desIn_43_
connect_pin TIMEBOOST_cell_37440:o TIMEBOOST_net_14071
insert_gate TIMEBOOST_cell_37441 in01s01
insert_net TIMEBOOST_net_14072
disconnect_pin u0_desIn_r_reg_43__u0:d
connect_pin u0_desIn_r_reg_43__u0:d TIMEBOOST_net_14072
connect_pin TIMEBOOST_cell_37441:a TIMEBOOST_net_14071
connect_pin TIMEBOOST_cell_37441:o TIMEBOOST_net_14072
insert_gate TIMEBOOST_cell_37442 in01s01
insert_net TIMEBOOST_net_14073
disconnect_pin u0_desIn_r_reg_44__u0:d
connect_pin u0_desIn_r_reg_44__u0:d TIMEBOOST_net_14073
connect_pin TIMEBOOST_cell_37442:a desIn_44_
connect_pin TIMEBOOST_cell_37442:o TIMEBOOST_net_14073
insert_gate TIMEBOOST_cell_37443 in01s01
insert_net TIMEBOOST_net_14074
disconnect_pin u0_desIn_r_reg_44__u0:d
connect_pin u0_desIn_r_reg_44__u0:d TIMEBOOST_net_14074
connect_pin TIMEBOOST_cell_37443:a TIMEBOOST_net_14073
connect_pin TIMEBOOST_cell_37443:o TIMEBOOST_net_14074
insert_gate TIMEBOOST_cell_37444 in01s01
insert_net TIMEBOOST_net_14075
disconnect_pin u0_desIn_r_reg_45__u0:d
connect_pin u0_desIn_r_reg_45__u0:d TIMEBOOST_net_14075
connect_pin TIMEBOOST_cell_37444:a desIn_45_
connect_pin TIMEBOOST_cell_37444:o TIMEBOOST_net_14075
insert_gate TIMEBOOST_cell_37445 in01s01
insert_net TIMEBOOST_net_14076
disconnect_pin u0_desIn_r_reg_45__u0:d
connect_pin u0_desIn_r_reg_45__u0:d TIMEBOOST_net_14076
connect_pin TIMEBOOST_cell_37445:a TIMEBOOST_net_14075
connect_pin TIMEBOOST_cell_37445:o TIMEBOOST_net_14076
insert_gate TIMEBOOST_cell_37446 in01s01
insert_net TIMEBOOST_net_14077
disconnect_pin u0_desIn_r_reg_46__u0:d
connect_pin u0_desIn_r_reg_46__u0:d TIMEBOOST_net_14077
connect_pin TIMEBOOST_cell_37446:a desIn_46_
connect_pin TIMEBOOST_cell_37446:o TIMEBOOST_net_14077
insert_gate TIMEBOOST_cell_37447 in01s01
insert_net TIMEBOOST_net_14078
disconnect_pin u0_desIn_r_reg_46__u0:d
connect_pin u0_desIn_r_reg_46__u0:d TIMEBOOST_net_14078
connect_pin TIMEBOOST_cell_37447:a TIMEBOOST_net_14077
connect_pin TIMEBOOST_cell_37447:o TIMEBOOST_net_14078
insert_gate TIMEBOOST_cell_37448 in01s01
insert_net TIMEBOOST_net_14079
disconnect_pin u0_desIn_r_reg_47__u0:d
connect_pin u0_desIn_r_reg_47__u0:d TIMEBOOST_net_14079
connect_pin TIMEBOOST_cell_37448:a desIn_47_
connect_pin TIMEBOOST_cell_37448:o TIMEBOOST_net_14079
insert_gate TIMEBOOST_cell_37449 in01s01
insert_net TIMEBOOST_net_14080
disconnect_pin u0_desIn_r_reg_47__u0:d
connect_pin u0_desIn_r_reg_47__u0:d TIMEBOOST_net_14080
connect_pin TIMEBOOST_cell_37449:a TIMEBOOST_net_14079
connect_pin TIMEBOOST_cell_37449:o TIMEBOOST_net_14080
insert_gate TIMEBOOST_cell_37450 in01s01
insert_net TIMEBOOST_net_14081
disconnect_pin u0_desIn_r_reg_48__u0:d
connect_pin u0_desIn_r_reg_48__u0:d TIMEBOOST_net_14081
connect_pin TIMEBOOST_cell_37450:a desIn_48_
connect_pin TIMEBOOST_cell_37450:o TIMEBOOST_net_14081
insert_gate TIMEBOOST_cell_37451 in01s01
insert_net TIMEBOOST_net_14082
disconnect_pin u0_desIn_r_reg_48__u0:d
connect_pin u0_desIn_r_reg_48__u0:d TIMEBOOST_net_14082
connect_pin TIMEBOOST_cell_37451:a TIMEBOOST_net_14081
connect_pin TIMEBOOST_cell_37451:o TIMEBOOST_net_14082
insert_gate TIMEBOOST_cell_37452 in01s01
insert_net TIMEBOOST_net_14083
disconnect_pin u0_desIn_r_reg_49__u0:d
connect_pin u0_desIn_r_reg_49__u0:d TIMEBOOST_net_14083
connect_pin TIMEBOOST_cell_37452:a desIn_49_
connect_pin TIMEBOOST_cell_37452:o TIMEBOOST_net_14083
insert_gate TIMEBOOST_cell_37453 in01s01
insert_net TIMEBOOST_net_14084
disconnect_pin u0_desIn_r_reg_49__u0:d
connect_pin u0_desIn_r_reg_49__u0:d TIMEBOOST_net_14084
connect_pin TIMEBOOST_cell_37453:a TIMEBOOST_net_14083
connect_pin TIMEBOOST_cell_37453:o TIMEBOOST_net_14084
insert_gate TIMEBOOST_cell_37454 in01s01
insert_net TIMEBOOST_net_14085
disconnect_pin u0_desIn_r_reg_4__u0:d
connect_pin u0_desIn_r_reg_4__u0:d TIMEBOOST_net_14085
connect_pin TIMEBOOST_cell_37454:a desIn_4_
connect_pin TIMEBOOST_cell_37454:o TIMEBOOST_net_14085
insert_gate TIMEBOOST_cell_37455 in01s01
insert_net TIMEBOOST_net_14086
disconnect_pin u0_desIn_r_reg_4__u0:d
connect_pin u0_desIn_r_reg_4__u0:d TIMEBOOST_net_14086
connect_pin TIMEBOOST_cell_37455:a TIMEBOOST_net_14085
connect_pin TIMEBOOST_cell_37455:o TIMEBOOST_net_14086
insert_gate TIMEBOOST_cell_37456 in01s01
insert_net TIMEBOOST_net_14087
disconnect_pin u0_desIn_r_reg_50__u0:d
connect_pin u0_desIn_r_reg_50__u0:d TIMEBOOST_net_14087
connect_pin TIMEBOOST_cell_37456:a desIn_50_
connect_pin TIMEBOOST_cell_37456:o TIMEBOOST_net_14087
insert_gate TIMEBOOST_cell_37457 in01s01
insert_net TIMEBOOST_net_14088
disconnect_pin u0_desIn_r_reg_50__u0:d
connect_pin u0_desIn_r_reg_50__u0:d TIMEBOOST_net_14088
connect_pin TIMEBOOST_cell_37457:a TIMEBOOST_net_14087
connect_pin TIMEBOOST_cell_37457:o TIMEBOOST_net_14088
insert_gate TIMEBOOST_cell_37458 in01s01
insert_net TIMEBOOST_net_14089
disconnect_pin u0_desIn_r_reg_51__u0:d
connect_pin u0_desIn_r_reg_51__u0:d TIMEBOOST_net_14089
connect_pin TIMEBOOST_cell_37458:a desIn_51_
connect_pin TIMEBOOST_cell_37458:o TIMEBOOST_net_14089
insert_gate TIMEBOOST_cell_37459 in01s01
insert_net TIMEBOOST_net_14090
disconnect_pin u0_desIn_r_reg_51__u0:d
connect_pin u0_desIn_r_reg_51__u0:d TIMEBOOST_net_14090
connect_pin TIMEBOOST_cell_37459:a TIMEBOOST_net_14089
connect_pin TIMEBOOST_cell_37459:o TIMEBOOST_net_14090
insert_gate TIMEBOOST_cell_37460 in01s01
insert_net TIMEBOOST_net_14091
disconnect_pin u0_desIn_r_reg_52__u0:d
connect_pin u0_desIn_r_reg_52__u0:d TIMEBOOST_net_14091
connect_pin TIMEBOOST_cell_37460:a desIn_52_
connect_pin TIMEBOOST_cell_37460:o TIMEBOOST_net_14091
insert_gate TIMEBOOST_cell_37461 in01s01
insert_net TIMEBOOST_net_14092
disconnect_pin u0_desIn_r_reg_52__u0:d
connect_pin u0_desIn_r_reg_52__u0:d TIMEBOOST_net_14092
connect_pin TIMEBOOST_cell_37461:a TIMEBOOST_net_14091
connect_pin TIMEBOOST_cell_37461:o TIMEBOOST_net_14092
insert_gate TIMEBOOST_cell_37462 in01s01
insert_net TIMEBOOST_net_14093
disconnect_pin u0_desIn_r_reg_53__u0:d
connect_pin u0_desIn_r_reg_53__u0:d TIMEBOOST_net_14093
connect_pin TIMEBOOST_cell_37462:a desIn_53_
connect_pin TIMEBOOST_cell_37462:o TIMEBOOST_net_14093
insert_gate TIMEBOOST_cell_37463 in01s01
insert_net TIMEBOOST_net_14094
disconnect_pin u0_desIn_r_reg_53__u0:d
connect_pin u0_desIn_r_reg_53__u0:d TIMEBOOST_net_14094
connect_pin TIMEBOOST_cell_37463:a TIMEBOOST_net_14093
connect_pin TIMEBOOST_cell_37463:o TIMEBOOST_net_14094
insert_gate TIMEBOOST_cell_37464 in01s01
insert_net TIMEBOOST_net_14095
disconnect_pin u0_desIn_r_reg_54__u0:d
connect_pin u0_desIn_r_reg_54__u0:d TIMEBOOST_net_14095
connect_pin TIMEBOOST_cell_37464:a desIn_54_
connect_pin TIMEBOOST_cell_37464:o TIMEBOOST_net_14095
insert_gate TIMEBOOST_cell_37465 in01s01
insert_net TIMEBOOST_net_14096
disconnect_pin u0_desIn_r_reg_54__u0:d
connect_pin u0_desIn_r_reg_54__u0:d TIMEBOOST_net_14096
connect_pin TIMEBOOST_cell_37465:a TIMEBOOST_net_14095
connect_pin TIMEBOOST_cell_37465:o TIMEBOOST_net_14096
insert_gate TIMEBOOST_cell_37466 in01s01
insert_net TIMEBOOST_net_14097
disconnect_pin u0_desIn_r_reg_55__u0:d
connect_pin u0_desIn_r_reg_55__u0:d TIMEBOOST_net_14097
connect_pin TIMEBOOST_cell_37466:a desIn_55_
connect_pin TIMEBOOST_cell_37466:o TIMEBOOST_net_14097
insert_gate TIMEBOOST_cell_37467 in01s01
insert_net TIMEBOOST_net_14098
disconnect_pin u0_desIn_r_reg_55__u0:d
connect_pin u0_desIn_r_reg_55__u0:d TIMEBOOST_net_14098
connect_pin TIMEBOOST_cell_37467:a TIMEBOOST_net_14097
connect_pin TIMEBOOST_cell_37467:o TIMEBOOST_net_14098
insert_gate TIMEBOOST_cell_37468 in01s01
insert_net TIMEBOOST_net_14099
disconnect_pin u0_desIn_r_reg_56__u0:d
connect_pin u0_desIn_r_reg_56__u0:d TIMEBOOST_net_14099
connect_pin TIMEBOOST_cell_37468:a desIn_56_
connect_pin TIMEBOOST_cell_37468:o TIMEBOOST_net_14099
insert_gate TIMEBOOST_cell_37469 in01s01
insert_net TIMEBOOST_net_14100
disconnect_pin u0_desIn_r_reg_56__u0:d
connect_pin u0_desIn_r_reg_56__u0:d TIMEBOOST_net_14100
connect_pin TIMEBOOST_cell_37469:a TIMEBOOST_net_14099
connect_pin TIMEBOOST_cell_37469:o TIMEBOOST_net_14100
insert_gate TIMEBOOST_cell_37470 in01s01
insert_net TIMEBOOST_net_14101
disconnect_pin u0_desIn_r_reg_57__u0:d
connect_pin u0_desIn_r_reg_57__u0:d TIMEBOOST_net_14101
connect_pin TIMEBOOST_cell_37470:a desIn_57_
connect_pin TIMEBOOST_cell_37470:o TIMEBOOST_net_14101
insert_gate TIMEBOOST_cell_37471 in01s01
insert_net TIMEBOOST_net_14102
disconnect_pin u0_desIn_r_reg_57__u0:d
connect_pin u0_desIn_r_reg_57__u0:d TIMEBOOST_net_14102
connect_pin TIMEBOOST_cell_37471:a TIMEBOOST_net_14101
connect_pin TIMEBOOST_cell_37471:o TIMEBOOST_net_14102
insert_gate TIMEBOOST_cell_37472 in01s01
insert_net TIMEBOOST_net_14103
disconnect_pin u0_desIn_r_reg_58__u0:d
connect_pin u0_desIn_r_reg_58__u0:d TIMEBOOST_net_14103
connect_pin TIMEBOOST_cell_37472:a desIn_58_
connect_pin TIMEBOOST_cell_37472:o TIMEBOOST_net_14103
insert_gate TIMEBOOST_cell_37473 in01s01
insert_net TIMEBOOST_net_14104
disconnect_pin u0_desIn_r_reg_58__u0:d
connect_pin u0_desIn_r_reg_58__u0:d TIMEBOOST_net_14104
connect_pin TIMEBOOST_cell_37473:a TIMEBOOST_net_14103
connect_pin TIMEBOOST_cell_37473:o TIMEBOOST_net_14104
insert_gate TIMEBOOST_cell_37474 in01s01
insert_net TIMEBOOST_net_14105
disconnect_pin u0_desIn_r_reg_59__u0:d
connect_pin u0_desIn_r_reg_59__u0:d TIMEBOOST_net_14105
connect_pin TIMEBOOST_cell_37474:a desIn_59_
connect_pin TIMEBOOST_cell_37474:o TIMEBOOST_net_14105
insert_gate TIMEBOOST_cell_37475 in01s01
insert_net TIMEBOOST_net_14106
disconnect_pin u0_desIn_r_reg_59__u0:d
connect_pin u0_desIn_r_reg_59__u0:d TIMEBOOST_net_14106
connect_pin TIMEBOOST_cell_37475:a TIMEBOOST_net_14105
connect_pin TIMEBOOST_cell_37475:o TIMEBOOST_net_14106
insert_gate TIMEBOOST_cell_37476 in01s01
insert_net TIMEBOOST_net_14107
disconnect_pin u0_desIn_r_reg_5__u0:d
connect_pin u0_desIn_r_reg_5__u0:d TIMEBOOST_net_14107
connect_pin TIMEBOOST_cell_37476:a desIn_5_
connect_pin TIMEBOOST_cell_37476:o TIMEBOOST_net_14107
insert_gate TIMEBOOST_cell_37477 in01s01
insert_net TIMEBOOST_net_14108
disconnect_pin u0_desIn_r_reg_5__u0:d
connect_pin u0_desIn_r_reg_5__u0:d TIMEBOOST_net_14108
connect_pin TIMEBOOST_cell_37477:a TIMEBOOST_net_14107
connect_pin TIMEBOOST_cell_37477:o TIMEBOOST_net_14108
insert_gate TIMEBOOST_cell_37478 in01s01
insert_net TIMEBOOST_net_14109
disconnect_pin u0_desIn_r_reg_60__u0:d
connect_pin u0_desIn_r_reg_60__u0:d TIMEBOOST_net_14109
connect_pin TIMEBOOST_cell_37478:a desIn_60_
connect_pin TIMEBOOST_cell_37478:o TIMEBOOST_net_14109
insert_gate TIMEBOOST_cell_37479 in01s01
insert_net TIMEBOOST_net_14110
disconnect_pin u0_desIn_r_reg_60__u0:d
connect_pin u0_desIn_r_reg_60__u0:d TIMEBOOST_net_14110
connect_pin TIMEBOOST_cell_37479:a TIMEBOOST_net_14109
connect_pin TIMEBOOST_cell_37479:o TIMEBOOST_net_14110
insert_gate TIMEBOOST_cell_37480 in01s01
insert_net TIMEBOOST_net_14111
disconnect_pin u0_desIn_r_reg_61__u0:d
connect_pin u0_desIn_r_reg_61__u0:d TIMEBOOST_net_14111
connect_pin TIMEBOOST_cell_37480:a desIn_61_
connect_pin TIMEBOOST_cell_37480:o TIMEBOOST_net_14111
insert_gate TIMEBOOST_cell_37481 in01s01
insert_net TIMEBOOST_net_14112
disconnect_pin u0_desIn_r_reg_61__u0:d
connect_pin u0_desIn_r_reg_61__u0:d TIMEBOOST_net_14112
connect_pin TIMEBOOST_cell_37481:a TIMEBOOST_net_14111
connect_pin TIMEBOOST_cell_37481:o TIMEBOOST_net_14112
insert_gate TIMEBOOST_cell_37482 in01s01
insert_net TIMEBOOST_net_14113
disconnect_pin u0_desIn_r_reg_62__u0:d
connect_pin u0_desIn_r_reg_62__u0:d TIMEBOOST_net_14113
connect_pin TIMEBOOST_cell_37482:a desIn_62_
connect_pin TIMEBOOST_cell_37482:o TIMEBOOST_net_14113
insert_gate TIMEBOOST_cell_37483 in01s01
insert_net TIMEBOOST_net_14114
disconnect_pin u0_desIn_r_reg_62__u0:d
connect_pin u0_desIn_r_reg_62__u0:d TIMEBOOST_net_14114
connect_pin TIMEBOOST_cell_37483:a TIMEBOOST_net_14113
connect_pin TIMEBOOST_cell_37483:o TIMEBOOST_net_14114
insert_gate TIMEBOOST_cell_37484 in01s01
insert_net TIMEBOOST_net_14115
disconnect_pin u0_desIn_r_reg_63__u0:d
connect_pin u0_desIn_r_reg_63__u0:d TIMEBOOST_net_14115
connect_pin TIMEBOOST_cell_37484:a desIn_63_
connect_pin TIMEBOOST_cell_37484:o TIMEBOOST_net_14115
insert_gate TIMEBOOST_cell_37485 in01s01
insert_net TIMEBOOST_net_14116
disconnect_pin u0_desIn_r_reg_63__u0:d
connect_pin u0_desIn_r_reg_63__u0:d TIMEBOOST_net_14116
connect_pin TIMEBOOST_cell_37485:a TIMEBOOST_net_14115
connect_pin TIMEBOOST_cell_37485:o TIMEBOOST_net_14116
insert_gate TIMEBOOST_cell_37486 in01s01
insert_net TIMEBOOST_net_14117
disconnect_pin u0_desIn_r_reg_6__u0:d
connect_pin u0_desIn_r_reg_6__u0:d TIMEBOOST_net_14117
connect_pin TIMEBOOST_cell_37486:a desIn_6_
connect_pin TIMEBOOST_cell_37486:o TIMEBOOST_net_14117
insert_gate TIMEBOOST_cell_37487 in01s01
insert_net TIMEBOOST_net_14118
disconnect_pin u0_desIn_r_reg_6__u0:d
connect_pin u0_desIn_r_reg_6__u0:d TIMEBOOST_net_14118
connect_pin TIMEBOOST_cell_37487:a TIMEBOOST_net_14117
connect_pin TIMEBOOST_cell_37487:o TIMEBOOST_net_14118
insert_gate TIMEBOOST_cell_37488 in01s01
insert_net TIMEBOOST_net_14119
disconnect_pin u0_desIn_r_reg_7__u0:d
connect_pin u0_desIn_r_reg_7__u0:d TIMEBOOST_net_14119
connect_pin TIMEBOOST_cell_37488:a desIn_7_
connect_pin TIMEBOOST_cell_37488:o TIMEBOOST_net_14119
insert_gate TIMEBOOST_cell_37489 in01s01
insert_net TIMEBOOST_net_14120
disconnect_pin u0_desIn_r_reg_7__u0:d
connect_pin u0_desIn_r_reg_7__u0:d TIMEBOOST_net_14120
connect_pin TIMEBOOST_cell_37489:a TIMEBOOST_net_14119
connect_pin TIMEBOOST_cell_37489:o TIMEBOOST_net_14120
insert_gate TIMEBOOST_cell_37490 in01s01
insert_net TIMEBOOST_net_14121
disconnect_pin u0_desIn_r_reg_8__u0:d
connect_pin u0_desIn_r_reg_8__u0:d TIMEBOOST_net_14121
connect_pin TIMEBOOST_cell_37490:a desIn_8_
connect_pin TIMEBOOST_cell_37490:o TIMEBOOST_net_14121
insert_gate TIMEBOOST_cell_37491 in01s01
insert_net TIMEBOOST_net_14122
disconnect_pin u0_desIn_r_reg_8__u0:d
connect_pin u0_desIn_r_reg_8__u0:d TIMEBOOST_net_14122
connect_pin TIMEBOOST_cell_37491:a TIMEBOOST_net_14121
connect_pin TIMEBOOST_cell_37491:o TIMEBOOST_net_14122
insert_gate TIMEBOOST_cell_37492 in01s01
insert_net TIMEBOOST_net_14123
disconnect_pin u0_desIn_r_reg_9__u0:d
connect_pin u0_desIn_r_reg_9__u0:d TIMEBOOST_net_14123
connect_pin TIMEBOOST_cell_37492:a desIn_9_
connect_pin TIMEBOOST_cell_37492:o TIMEBOOST_net_14123
insert_gate TIMEBOOST_cell_37493 in01s01
insert_net TIMEBOOST_net_14124
disconnect_pin u0_desIn_r_reg_9__u0:d
connect_pin u0_desIn_r_reg_9__u0:d TIMEBOOST_net_14124
connect_pin TIMEBOOST_cell_37493:a TIMEBOOST_net_14123
connect_pin TIMEBOOST_cell_37493:o TIMEBOOST_net_14124
insert_gate TIMEBOOST_cell_37494 in01s01
insert_net TIMEBOOST_net_14125
disconnect_pin u0_key_r_reg_42__u0:d
connect_pin u0_key_r_reg_42__u0:d TIMEBOOST_net_14125
connect_pin TIMEBOOST_cell_37494:a n_603
connect_pin TIMEBOOST_cell_37494:o TIMEBOOST_net_14125
insert_gate TIMEBOOST_cell_37495 in01s01
insert_net TIMEBOOST_net_14126
disconnect_pin u0_key_r_reg_42__u0:d
connect_pin u0_key_r_reg_42__u0:d TIMEBOOST_net_14126
connect_pin TIMEBOOST_cell_37495:a TIMEBOOST_net_14125
connect_pin TIMEBOOST_cell_37495:o TIMEBOOST_net_14126
insert_gate TIMEBOOST_cell_37496 in01s01
insert_net TIMEBOOST_net_14127
disconnect_pin u1_R11_reg_2__u0:d
connect_pin u1_R11_reg_2__u0:d TIMEBOOST_net_14127
connect_pin TIMEBOOST_cell_37496:a n_69270
connect_pin TIMEBOOST_cell_37496:o TIMEBOOST_net_14127
insert_gate TIMEBOOST_cell_37497 in01s01
insert_net TIMEBOOST_net_14128
disconnect_pin u1_R11_reg_2__u0:d
connect_pin u1_R11_reg_2__u0:d TIMEBOOST_net_14128
connect_pin TIMEBOOST_cell_37497:a TIMEBOOST_net_14127
connect_pin TIMEBOOST_cell_37497:o TIMEBOOST_net_14128
insert_gate TIMEBOOST_cell_37498 in01s01
insert_net TIMEBOOST_net_14129
disconnect_pin u1_R14_reg_19__u0:d
connect_pin u1_R14_reg_19__u0:d TIMEBOOST_net_14129
connect_pin TIMEBOOST_cell_37498:a n_75192
connect_pin TIMEBOOST_cell_37498:o TIMEBOOST_net_14129
insert_gate TIMEBOOST_cell_37499 in01s01
insert_net TIMEBOOST_net_14130
disconnect_pin u1_R14_reg_19__u0:d
connect_pin u1_R14_reg_19__u0:d TIMEBOOST_net_14130
connect_pin TIMEBOOST_cell_37499:a TIMEBOOST_net_14129
connect_pin TIMEBOOST_cell_37499:o TIMEBOOST_net_14130
insert_gate TIMEBOOST_cell_37500 in01s01
insert_net TIMEBOOST_net_14131
disconnect_pin u1_R1_reg_29__u0:d
connect_pin u1_R1_reg_29__u0:d TIMEBOOST_net_14131
connect_pin TIMEBOOST_cell_37500:a n_49362
connect_pin TIMEBOOST_cell_37500:o TIMEBOOST_net_14131
insert_gate TIMEBOOST_cell_37501 in01s01
insert_net TIMEBOOST_net_14132
disconnect_pin u1_R1_reg_29__u0:d
connect_pin u1_R1_reg_29__u0:d TIMEBOOST_net_14132
connect_pin TIMEBOOST_cell_37501:a TIMEBOOST_net_14131
connect_pin TIMEBOOST_cell_37501:o TIMEBOOST_net_14132
insert_gate TIMEBOOST_cell_37502 in01s01
insert_net TIMEBOOST_net_14133
disconnect_pin u1_R1_reg_2__u0:d
connect_pin u1_R1_reg_2__u0:d TIMEBOOST_net_14133
connect_pin TIMEBOOST_cell_37502:a n_49325
connect_pin TIMEBOOST_cell_37502:o TIMEBOOST_net_14133
insert_gate TIMEBOOST_cell_37503 in01s01
insert_net TIMEBOOST_net_14134
disconnect_pin u1_R1_reg_2__u0:d
connect_pin u1_R1_reg_2__u0:d TIMEBOOST_net_14134
connect_pin TIMEBOOST_cell_37503:a TIMEBOOST_net_14133
connect_pin TIMEBOOST_cell_37503:o TIMEBOOST_net_14134
insert_gate TIMEBOOST_cell_37504 in01s01
insert_net TIMEBOOST_net_14135
disconnect_pin u1_R2_reg_22__u0:d
connect_pin u1_R2_reg_22__u0:d TIMEBOOST_net_14135
connect_pin TIMEBOOST_cell_37504:a n_51392
connect_pin TIMEBOOST_cell_37504:o TIMEBOOST_net_14135
insert_gate TIMEBOOST_cell_37505 in01s01
insert_net TIMEBOOST_net_14136
disconnect_pin u1_R2_reg_22__u0:d
connect_pin u1_R2_reg_22__u0:d TIMEBOOST_net_14136
connect_pin TIMEBOOST_cell_37505:a TIMEBOOST_net_14135
connect_pin TIMEBOOST_cell_37505:o TIMEBOOST_net_14136
insert_gate TIMEBOOST_cell_37506 in01s01
insert_net TIMEBOOST_net_14137
disconnect_pin u1_R4_reg_13__u0:d
connect_pin u1_R4_reg_13__u0:d TIMEBOOST_net_14137
connect_pin TIMEBOOST_cell_37506:a n_55318
connect_pin TIMEBOOST_cell_37506:o TIMEBOOST_net_14137
insert_gate TIMEBOOST_cell_37507 in01s01
insert_net TIMEBOOST_net_14138
disconnect_pin u1_R4_reg_13__u0:d
connect_pin u1_R4_reg_13__u0:d TIMEBOOST_net_14138
connect_pin TIMEBOOST_cell_37507:a TIMEBOOST_net_14137
connect_pin TIMEBOOST_cell_37507:o TIMEBOOST_net_14138
insert_gate TIMEBOOST_cell_37508 in01s01
insert_net TIMEBOOST_net_14139
disconnect_pin u1_R4_reg_23__u0:d
connect_pin u1_R4_reg_23__u0:d TIMEBOOST_net_14139
connect_pin TIMEBOOST_cell_37508:a n_55317
connect_pin TIMEBOOST_cell_37508:o TIMEBOOST_net_14139
insert_gate TIMEBOOST_cell_37509 in01s01
insert_net TIMEBOOST_net_14140
disconnect_pin u1_R4_reg_23__u0:d
connect_pin u1_R4_reg_23__u0:d TIMEBOOST_net_14140
connect_pin TIMEBOOST_cell_37509:a TIMEBOOST_net_14139
connect_pin TIMEBOOST_cell_37509:o TIMEBOOST_net_14140
insert_gate TIMEBOOST_cell_37510 in01s01
insert_net TIMEBOOST_net_14141
disconnect_pin u1_R6_reg_29__u0:d
connect_pin u1_R6_reg_29__u0:d TIMEBOOST_net_14141
connect_pin TIMEBOOST_cell_37510:a n_59352
connect_pin TIMEBOOST_cell_37510:o TIMEBOOST_net_14141
insert_gate TIMEBOOST_cell_37511 in01s01
insert_net TIMEBOOST_net_14142
disconnect_pin u1_R6_reg_29__u0:d
connect_pin u1_R6_reg_29__u0:d TIMEBOOST_net_14142
connect_pin TIMEBOOST_cell_37511:a TIMEBOOST_net_14141
connect_pin TIMEBOOST_cell_37511:o TIMEBOOST_net_14142
insert_gate TIMEBOOST_cell_37512 in01s01
insert_net TIMEBOOST_net_14143
disconnect_pin u2_R2_reg_30__u0:d
connect_pin u2_R2_reg_30__u0:d TIMEBOOST_net_14143
connect_pin TIMEBOOST_cell_37512:a n_82803
connect_pin TIMEBOOST_cell_37512:o TIMEBOOST_net_14143
insert_gate TIMEBOOST_cell_37513 in01s01
insert_net TIMEBOOST_net_14144
disconnect_pin u2_R2_reg_30__u0:d
connect_pin u2_R2_reg_30__u0:d TIMEBOOST_net_14144
connect_pin TIMEBOOST_cell_37513:a TIMEBOOST_net_14143
connect_pin TIMEBOOST_cell_37513:o TIMEBOOST_net_14144
insert_gate TIMEBOOST_cell_37514 in01s01
insert_net TIMEBOOST_net_14145
disconnect_pin u2_R4_reg_2__u0:d
connect_pin u2_R4_reg_2__u0:d TIMEBOOST_net_14145
connect_pin TIMEBOOST_cell_37514:a n_86857
connect_pin TIMEBOOST_cell_37514:o TIMEBOOST_net_14145
insert_gate TIMEBOOST_cell_37515 in01s01
insert_net TIMEBOOST_net_14146
disconnect_pin u2_R4_reg_2__u0:d
connect_pin u2_R4_reg_2__u0:d TIMEBOOST_net_14146
connect_pin TIMEBOOST_cell_37515:a TIMEBOOST_net_14145
connect_pin TIMEBOOST_cell_37515:o TIMEBOOST_net_14146
insert_gate TIMEBOOST_cell_37516 in01s01
insert_net TIMEBOOST_net_14147
disconnect_pin u2_R6_reg_13__u0:d
connect_pin u2_R6_reg_13__u0:d TIMEBOOST_net_14147
connect_pin TIMEBOOST_cell_37516:a n_90801
connect_pin TIMEBOOST_cell_37516:o TIMEBOOST_net_14147
insert_gate TIMEBOOST_cell_37517 in01s01
insert_net TIMEBOOST_net_14148
disconnect_pin u2_R6_reg_13__u0:d
connect_pin u2_R6_reg_13__u0:d TIMEBOOST_net_14148
connect_pin TIMEBOOST_cell_37517:a TIMEBOOST_net_14147
connect_pin TIMEBOOST_cell_37517:o TIMEBOOST_net_14148
insert_gate TIMEBOOST_cell_37518 in01s01
insert_net TIMEBOOST_net_14149
disconnect_pin u2_R7_reg_2__u0:d
connect_pin u2_R7_reg_2__u0:d TIMEBOOST_net_14149
connect_pin TIMEBOOST_cell_37518:a n_92870
connect_pin TIMEBOOST_cell_37518:o TIMEBOOST_net_14149
insert_gate TIMEBOOST_cell_37519 in01s01
insert_net TIMEBOOST_net_14150
disconnect_pin u2_R7_reg_2__u0:d
connect_pin u2_R7_reg_2__u0:d TIMEBOOST_net_14150
connect_pin TIMEBOOST_cell_37519:a TIMEBOOST_net_14149
connect_pin TIMEBOOST_cell_37519:o TIMEBOOST_net_14150
insert_gate TIMEBOOST_cell_37520 in01s01
insert_net TIMEBOOST_net_14151
disconnect_pin u2_R8_reg_30__u0:d
connect_pin u2_R8_reg_30__u0:d TIMEBOOST_net_14151
connect_pin TIMEBOOST_cell_37520:a n_94855
connect_pin TIMEBOOST_cell_37520:o TIMEBOOST_net_14151
insert_gate TIMEBOOST_cell_37521 in01s01
insert_net TIMEBOOST_net_14152
disconnect_pin u2_R8_reg_30__u0:d
connect_pin u2_R8_reg_30__u0:d TIMEBOOST_net_14152
connect_pin TIMEBOOST_cell_37521:a TIMEBOOST_net_14151
connect_pin TIMEBOOST_cell_37521:o TIMEBOOST_net_14152
[+] Writing Verilog File ...
[+] Writing Verilog File ... Done (runtime: 0.062934 seconds memory: +0 MB)
[+] Writing SPEF File
[+] Writing SPEF File Done (runtime: 0.001268 seconds memory: +0 MB)

Total duration: 108.188 seconds