  _______   _                      ____                          _   
 |__   __| (_)                    |  _ \                        | |  
    | |     _   _ __ ___     ___  | |_) |   ___     ___    ___  | |_ 
    | |    | | | '_ ` _ \   / _ \ |  _ <   / _ \   / _ \  / __| | __|
    | |    | | | | | | | | |  __/ | |_) | | (_) | | (_) | \__ \ | |_ 
    |_|    |_| |_| |_| |_|  \___| |____/   \___/   \___/  |___/  \__|
                                                                     
Teams members : Dimitrios Mangiras, Apostolos Stefanidis
Advisor    : Georgios Dimitrakopoulos
University    : Electrical and Computer Engineering of Democritus University of Thrace in Xanthi, Greece

tau file: systemcdes/systemcdes.tau2019
sdc file: systemcdes/design/systemcdes.r2r.sdc
output verilog file: systemcdes/results/systemcdes.out.v
output spef file: systemcdes/results/systemcdes.out.spef
output file: systemcdes/results/systemcdes.output
verilog file: design/systemcdes.v
spef file: design/systemcdes.spef
lib file 0: ../libs/NangateOpenCellLibrary_typical.lib
Design name: systemcdes
Path name: systemcdes/

Parsing LIB file [systemcdes/../libs/NangateOpenCellLibrary_typical.lib][+] 
[+]  Done (runtime: 0.388802 seconds memory: +39 MB)
Parsed lib 0
Parsing VERILOG file [systemcdes/design/systemcdes.v][+] 
[+]  Done (runtime: 0.023867 seconds memory: +0 MB)
Parsing SDC file [systemcdes/design/systemcdes.r2r.sdc][+] 
[+]  Done (runtime: 9.3e-05 seconds memory: +0 MB)
Parsed SDC file successfully
Parsing SPEF file [systemcdes/design/systemcdes.spef][+] 
[+]  Done (runtime: 0.057145 seconds memory: +0 MB)
Parsed SPEF file successfully
[+] Initializing Scenario service
[+] Initializing Scenario service Done (runtime: 0.00126 seconds memory: +0 MB)
[+] Initializing RoutingEstimator service
[+] Initializing RoutingEstimator service Done (runtime: 0.000216 seconds memory: +0 MB)
[+] Initializing Timer service
[+] Initializing Timer service Done (runtime: 0.002332 seconds memory: +0 MB)
[+] Initializing Scenario Vector service
[+] Initializing Scenario Vector service Done (runtime: 0.001264 seconds memory: +0 MB)
[+] Initializing Timer Vector service
[+] Initializing Timer Vector service Done (runtime: 0.001462 seconds memory: +0 MB)
[+] Initializing Model Vector service
[+] Initializing Model Vector service Done (runtime: 9e-06 seconds memory: +0 MB)
[+] Initializing Model service
[+] Initializing Model service Done (runtime: 5e-06 seconds memory: +0 MB)
[+] Building RCTree from SPEF file
[+] Building RCTree from SPEF file Done (runtime: 0.0479 seconds memory: +1 MB)
Started: Sat Mar 16 21:01:19 2024

BEGIN_ECO
